

================================================================
== Vivado HLS Report for 'madd'
================================================================
* Date:           Thu Feb 05 13:09:30 2015

* Version:        2014.4 (Build 1071461 on Tue Nov 18 16:42:57 PM 2014)
* Project:        madd
* Solution:       solution
* Product family: zynq
* Target device:  xc7z020clg484-1


================================================================
== Performance Estimates
================================================================
+ Timing (ns): 
    * Summary: 
    +---------+-------+----------+------------+
    |  Clock  | Target| Estimated| Uncertainty|
    +---------+-------+----------+------------+
    |default  |   8.50|      7.26|        1.06|
    +---------+-------+----------+------------+

+ Latency (clock cycles): 
    * Summary: 
    +------+------+------+------+---------+
    |   Latency   |   Interval  | Pipeline|
    |  min |  max |  min |  max |   Type  |
    +------+------+------+------+---------+
    |  1033|  1033|  1034|  1034|   none  |
    +------+------+------+------+---------+

    + Detail: 
        * Instance: 
        N/A

        * Loop: 
        +-----------------+------+------+----------+-----------+-----------+------+----------+
        |                 |   Latency   | Iteration|  Initiation Interval  | Trip |          |
        |    Loop Name    |  min |  max |  Latency |  achieved |   target  | Count| Pipelined|
        +-----------------+------+------+----------+-----------+-----------+------+----------+
        |- L_hls_label_0  |  1031|  1031|         9|          1|          1|  1024|    yes   |
        +-----------------+------+------+----------+-----------+-----------+------+----------+



================================================================
== Utilization Estimates
================================================================
* Summary: 
+-----------------+---------+-------+--------+-------+
|       Name      | BRAM_18K| DSP48E|   FF   |  LUT  |
+-----------------+---------+-------+--------+-------+
|Expression       |        -|      -|       0|     66|
|FIFO             |        -|      -|       -|      -|
|Instance         |        -|      2|     205|    390|
|Memory           |        -|      -|       -|      -|
|Multiplexer      |        -|      -|       -|     35|
|Register         |        -|      -|     158|     11|
+-----------------+---------+-------+--------+-------+
|Total            |        0|      2|     363|    502|
+-----------------+---------+-------+--------+-------+
|Available        |      280|    220|  106400|  53200|
+-----------------+---------+-------+--------+-------+
|Utilization (%)  |        0|   ~0  |   ~0   |   ~0  |
+-----------------+---------+-------+--------+-------+

+ Detail: 
    * Instance: 
    +--------------------------------------+-----------------------------------+---------+-------+-----+-----+
    |               Instance               |               Module              | BRAM_18K| DSP48E|  FF | LUT |
    +--------------------------------------+-----------------------------------+---------+-------+-----+-----+
    |madd_fadd_32ns_32ns_32_5_full_dsp_U0  |madd_fadd_32ns_32ns_32_5_full_dsp  |        0|      2|  205|  390|
    +--------------------------------------+-----------------------------------+---------+-------+-----+-----+
    |Total                                 |                                   |        0|      2|  205|  390|
    +--------------------------------------+-----------------------------------+---------+-------+-----+-----+

    * Memory: 
    N/A

    * FIFO: 
    N/A

    * Expression: 
    +-------------------------------+----------+-------+---+----+------------+------------+
    |         Variable Name         | Operation| DSP48E| FF| LUT| Bitwidth P0| Bitwidth P1|
    +-------------------------------+----------+-------+---+----+------------+------------+
    |i_s_fu_166_p2                  |     +    |      0|  0|   6|           6|           1|
    |indvar_flatten_next_fu_146_p2  |     +    |      0|  0|  11|          11|           1|
    |j_1_fu_202_p2                  |     +    |      0|  0|   6|           6|           1|
    |tmp_2_fu_196_p2                |     +    |      0|  0|  10|          10|          10|
    |i_mid2_fu_172_p3               |  Select  |      0|  0|   6|           1|           6|
    |j_mid2_fu_158_p3               |  Select  |      0|  0|   6|           1|           1|
    |exitcond4_fu_152_p2            |   icmp   |      0|  0|   7|           6|           7|
    |exitcond_flatten_fu_140_p2     |   icmp   |      0|  0|  14|          11|          12|
    +-------------------------------+----------+-------+---+----+------------+------------+
    |Total                          |          |      0|  0|  66|          52|          39|
    +-------------------------------+----------+-------+---+----+------------+------------+

    * Multiplexer: 
    +------------------------+----+-----------+-----+-----------+
    |          Name          | LUT| Input Size| Bits| Total Bits|
    +------------------------+----+-----------+-----+-----------+
    |C_WEN_A                 |   4|          2|    4|          8|
    |ap_NS_fsm               |   1|          4|    1|          4|
    |ap_reg_ppiten_pp0_it8   |   1|          2|    1|          2|
    |i_phi_fu_117_p4         |   6|          2|    6|         12|
    |i_reg_113               |   6|          2|    6|         12|
    |indvar_flatten_reg_102  |  11|          2|   11|         22|
    |j_reg_124               |   6|          2|    6|         12|
    +------------------------+----+-----------+-----+-----------+
    |Total                   |  35|         16|   35|         72|
    +------------------------+----+-----------+-----+-----------+

    * Register: 
    +--------------------------+----+----+-----+-----------+
    |           Name           | FF | LUT| Bits| Const Bits|
    +--------------------------+----+----+-----+-----------+
    |A_load_reg_252            |  32|   0|   32|          0|
    |B_load_reg_257            |  32|   0|   32|          0|
    |ap_CS_fsm                 |   3|   0|    3|          0|
    |ap_reg_ppiten_pp0_it0     |   1|   0|    1|          0|
    |ap_reg_ppiten_pp0_it1     |   1|   0|    1|          0|
    |ap_reg_ppiten_pp0_it2     |   1|   0|    1|          0|
    |ap_reg_ppiten_pp0_it3     |   1|   0|    1|          0|
    |ap_reg_ppiten_pp0_it4     |   1|   0|    1|          0|
    |ap_reg_ppiten_pp0_it5     |   1|   0|    1|          0|
    |ap_reg_ppiten_pp0_it6     |   1|   0|    1|          0|
    |ap_reg_ppiten_pp0_it7     |   1|   0|    1|          0|
    |ap_reg_ppiten_pp0_it8     |   1|   0|    1|          0|
    |exitcond_flatten_reg_213  |   1|   0|    1|          0|
    |i_mid2_reg_222            |   6|   0|    6|          0|
    |i_reg_113                 |   6|   0|    6|          0|
    |indvar_flatten_reg_102    |  11|   0|   11|          0|
    |j_reg_124                 |   6|   0|    6|          0|
    |tmp_2_reg_227             |  10|   0|   10|          0|
    |tmp_3_reg_237             |  10|   0|   64|         54|
    |tmp_4_reg_262             |  32|   0|   32|          0|
    |exitcond_flatten_reg_213  |   0|   1|    1|          0|
    |tmp_3_reg_237             |   0|  10|   64|         54|
    +--------------------------+----+----+-----+-----------+
    |Total                     | 158|  11|  277|        108|
    +--------------------------+----+----+-----+-----------+



================================================================
== Interface
================================================================
* Summary: 
+----------+-----+-----+------------+--------------+--------------+
| RTL Ports| Dir | Bits|  Protocol  | Source Object|    C Type    |
+----------+-----+-----+------------+--------------+--------------+
|ap_clk    |  in |    1| ap_ctrl_hs |     madd     | return value |
|ap_rst_n  |  in |    1| ap_ctrl_hs |     madd     | return value |
|ap_start  |  in |    1| ap_ctrl_hs |     madd     | return value |
|ap_done   | out |    1| ap_ctrl_hs |     madd     | return value |
|ap_idle   | out |    1| ap_ctrl_hs |     madd     | return value |
|ap_ready  | out |    1| ap_ctrl_hs |     madd     | return value |
|A_Addr_A  | out |   32|    bram    |       A      |     array    |
|A_EN_A    | out |    1|    bram    |       A      |     array    |
|A_WEN_A   | out |    4|    bram    |       A      |     array    |
|A_Din_A   | out |   32|    bram    |       A      |     array    |
|A_Dout_A  |  in |   32|    bram    |       A      |     array    |
|A_Clk_A   | out |    1|    bram    |       A      |     array    |
|A_Rst_A   | out |    1|    bram    |       A      |     array    |
|B_Addr_A  | out |   32|    bram    |       B      |     array    |
|B_EN_A    | out |    1|    bram    |       B      |     array    |
|B_WEN_A   | out |    4|    bram    |       B      |     array    |
|B_Din_A   | out |   32|    bram    |       B      |     array    |
|B_Dout_A  |  in |   32|    bram    |       B      |     array    |
|B_Clk_A   | out |    1|    bram    |       B      |     array    |
|B_Rst_A   | out |    1|    bram    |       B      |     array    |
|C_Addr_A  | out |   32|    bram    |       C      |     array    |
|C_EN_A    | out |    1|    bram    |       C      |     array    |
|C_WEN_A   | out |    4|    bram    |       C      |     array    |
|C_Din_A   | out |   32|    bram    |       C      |     array    |
|C_Dout_A  |  in |   32|    bram    |       C      |     array    |
|C_Clk_A   | out |    1|    bram    |       C      |     array    |
|C_Rst_A   | out |    1|    bram    |       C      |     array    |
+----------+-----+-----+------------+--------------+--------------+

============================================================
+ Verbose Summary: Synthesis Manager
============================================================
InlineROM: 1
ExposeGlobal: 0
============================================================
+ Verbose Summary: CDFG Model
============================================================
IsTopModel: 1
ResetActiveHigh: 1
IsCombinational: 2
IsDatapathOnly: 2
HasWiredReturn: 1
HasMFsm: 0
HasVarLatency: 1
IsPipeline: 0
IsRtlPipelined: 0
IsInstanceOverlapped: 0
IsDontTouch: 0
HasImplIP: 0
IsGatedGlobalClock: 0

+ Individual pipeline summary: 
  * Pipeline-0: initiation interval (II) = 1, depth = 9


============================================================
+ Verbose Summary: Schedule
============================================================
* Number of FSM states: 11
* Pipeline: 1
  Pipeline-0: II = 1, D = 9, States = { 2 3 4 5 6 7 8 9 10 }
* Dataflow Pipeline: 0

* FSM state transitions: 
1 --> 
	2  / true
2 --> 
	11  / (exitcond_flatten)
	3  / (!exitcond_flatten)
3 --> 
	4  / true
4 --> 
	5  / true
5 --> 
	6  / true
6 --> 
	7  / true
7 --> 
	8  / true
8 --> 
	9  / true
9 --> 
	10  / true
10 --> 
	2  / true
11 --> 
* FSM state operations: 

 <State 1>: 1.57ns
ST_1: stg_12 [1/1] 0.00ns
:0  call void (...)* @_ssdm_op_SpecBitsMap([1024 x float]* %A) nounwind, !map !0

ST_1: stg_13 [1/1] 0.00ns
:1  call void (...)* @_ssdm_op_SpecBitsMap([1024 x float]* %B) nounwind, !map !6

ST_1: stg_14 [1/1] 0.00ns
:2  call void (...)* @_ssdm_op_SpecBitsMap([1024 x float]* %C) nounwind, !map !10

ST_1: stg_15 [1/1] 0.00ns
:3  call void (...)* @_ssdm_op_SpecTopModule([5 x i8]* @str) nounwind

ST_1: stg_16 [1/1] 0.00ns
:4  call void (...)* @_ssdm_op_SpecLatency(i32 1, i32 65535, [1 x i8]* @p_str) nounwind

ST_1: stg_17 [1/1] 0.00ns
:5  call void (...)* @_ssdm_op_SpecInterface([1024 x float]* %A, [5 x i8]* @p_str1, i32 0, i32 0, i32 0, i32 0, [1 x i8]* @p_str, [1 x i8]* @p_str, [1 x i8]* @p_str) nounwind

ST_1: stg_18 [1/1] 0.00ns
:6  call void (...)* @_ssdm_op_SpecMemCore([1024 x float]* %A, [1 x i8]* @p_str, [7 x i8]* @p_str2, [1 x i8]* @p_str, i32 -1, [1 x i8]* @p_str, [1 x i8]* @p_str, [1 x i8]* @p_str) nounwind

ST_1: stg_19 [1/1] 0.00ns
:7  call void (...)* @_ssdm_op_SpecInterface([1024 x float]* %B, [5 x i8]* @p_str1, i32 0, i32 0, i32 0, i32 0, [1 x i8]* @p_str, [1 x i8]* @p_str, [1 x i8]* @p_str) nounwind

ST_1: stg_20 [1/1] 0.00ns
:8  call void (...)* @_ssdm_op_SpecMemCore([1024 x float]* %B, [1 x i8]* @p_str, [7 x i8]* @p_str2, [1 x i8]* @p_str, i32 -1, [1 x i8]* @p_str, [1 x i8]* @p_str, [1 x i8]* @p_str) nounwind

ST_1: stg_21 [1/1] 0.00ns
:9  call void (...)* @_ssdm_op_SpecInterface([1024 x float]* %C, [5 x i8]* @p_str1, i32 0, i32 0, i32 0, i32 0, [1 x i8]* @p_str, [1 x i8]* @p_str, [1 x i8]* @p_str) nounwind

ST_1: stg_22 [1/1] 0.00ns
:10  call void (...)* @_ssdm_op_SpecMemCore([1024 x float]* %C, [1 x i8]* @p_str, [7 x i8]* @p_str2, [1 x i8]* @p_str, i32 -1, [1 x i8]* @p_str, [1 x i8]* @p_str, [1 x i8]* @p_str) nounwind

ST_1: stg_23 [1/1] 1.57ns
:11  br label %.preheader


 <State 2>: 5.15ns
ST_2: indvar_flatten [1/1] 0.00ns
.preheader:0  %indvar_flatten = phi i11 [ 0, %0 ], [ %indvar_flatten_next, %.preheader.preheader ]

ST_2: i [1/1] 0.00ns
.preheader:1  %i = phi i6 [ 0, %0 ], [ %i_mid2, %.preheader.preheader ]

ST_2: j [1/1] 0.00ns
.preheader:2  %j = phi i6 [ 0, %0 ], [ %j_1, %.preheader.preheader ]

ST_2: exitcond_flatten [1/1] 2.11ns
.preheader:3  %exitcond_flatten = icmp eq i11 %indvar_flatten, -1024

ST_2: indvar_flatten_next [1/1] 1.84ns
.preheader:4  %indvar_flatten_next = add i11 %indvar_flatten, 1

ST_2: stg_29 [1/1] 0.00ns
.preheader:5  br i1 %exitcond_flatten, label %1, label %.preheader.preheader

ST_2: exitcond4 [1/1] 1.94ns
.preheader.preheader:2  %exitcond4 = icmp eq i6 %j, -32

ST_2: j_mid2 [1/1] 1.37ns
.preheader.preheader:3  %j_mid2 = select i1 %exitcond4, i6 0, i6 %j

ST_2: i_s [1/1] 1.72ns
.preheader.preheader:4  %i_s = add i6 %i, 1

ST_2: i_mid2 [1/1] 1.37ns
.preheader.preheader:5  %i_mid2 = select i1 %exitcond4, i6 %i_s, i6 %i

ST_2: tmp_5 [1/1] 0.00ns
.preheader.preheader:6  %tmp_5 = trunc i6 %i_mid2 to i5

ST_2: tmp [1/1] 0.00ns
.preheader.preheader:7  %tmp = call i10 @_ssdm_op_BitConcatenate.i10.i5.i5(i5 %tmp_5, i5 0)

ST_2: j_cast1 [1/1] 0.00ns
.preheader.preheader:8  %j_cast1 = zext i6 %j_mid2 to i10

ST_2: tmp_2 [1/1] 1.84ns
.preheader.preheader:12  %tmp_2 = add i10 %j_cast1, %tmp

ST_2: j_1 [1/1] 1.72ns
.preheader.preheader:22  %j_1 = add i6 %j_mid2, 1


 <State 3>: 2.39ns
ST_3: tmp_3 [1/1] 0.00ns
.preheader.preheader:13  %tmp_3 = zext i10 %tmp_2 to i64

ST_3: A_addr [1/1] 0.00ns
.preheader.preheader:14  %A_addr = getelementptr [1024 x float]* %A, i64 0, i64 %tmp_3

ST_3: A_load [2/2] 2.39ns
.preheader.preheader:15  %A_load = load float* %A_addr, align 4

ST_3: B_addr [1/1] 0.00ns
.preheader.preheader:16  %B_addr = getelementptr [1024 x float]* %B, i64 0, i64 %tmp_3

ST_3: B_load [2/2] 2.39ns
.preheader.preheader:17  %B_load = load float* %B_addr, align 4


 <State 4>: 2.39ns
ST_4: A_load [1/2] 2.39ns
.preheader.preheader:15  %A_load = load float* %A_addr, align 4

ST_4: B_load [1/2] 2.39ns
.preheader.preheader:17  %B_load = load float* %B_addr, align 4


 <State 5>: 7.26ns
ST_5: tmp_4 [5/5] 7.26ns
.preheader.preheader:18  %tmp_4 = fadd float %A_load, %B_load


 <State 6>: 7.26ns
ST_6: tmp_4 [4/5] 7.26ns
.preheader.preheader:18  %tmp_4 = fadd float %A_load, %B_load


 <State 7>: 7.26ns
ST_7: tmp_4 [3/5] 7.26ns
.preheader.preheader:18  %tmp_4 = fadd float %A_load, %B_load


 <State 8>: 7.26ns
ST_8: tmp_4 [2/5] 7.26ns
.preheader.preheader:18  %tmp_4 = fadd float %A_load, %B_load


 <State 9>: 7.26ns
ST_9: tmp_4 [1/5] 7.26ns
.preheader.preheader:18  %tmp_4 = fadd float %A_load, %B_load


 <State 10>: 2.39ns
ST_10: stg_51 [1/1] 0.00ns
.preheader.preheader:0  call void (...)* @_ssdm_op_SpecLoopName([14 x i8]* @str1)

ST_10: empty [1/1] 0.00ns
.preheader.preheader:1  %empty = call i32 (...)* @_ssdm_op_SpecLoopTripCount(i64 1024, i64 1024, i64 1024) nounwind

ST_10: stg_53 [1/1] 0.00ns
.preheader.preheader:9  call void (...)* @_ssdm_op_SpecLoopName([12 x i8]* @p_str3) nounwind

ST_10: tmp_1 [1/1] 0.00ns
.preheader.preheader:10  %tmp_1 = call i32 (...)* @_ssdm_op_SpecRegionBegin([12 x i8]* @p_str3) nounwind

ST_10: stg_55 [1/1] 0.00ns
.preheader.preheader:11  call void (...)* @_ssdm_op_SpecPipeline(i32 1, i32 1, i32 1, i32 0, [1 x i8]* @p_str) nounwind

ST_10: C_addr [1/1] 0.00ns
.preheader.preheader:19  %C_addr = getelementptr [1024 x float]* %C, i64 0, i64 %tmp_3

ST_10: stg_57 [1/1] 2.39ns
.preheader.preheader:20  store float %tmp_4, float* %C_addr, align 4

ST_10: empty_2 [1/1] 0.00ns
.preheader.preheader:21  %empty_2 = call i32 (...)* @_ssdm_op_SpecRegionEnd([12 x i8]* @p_str3, i32 %tmp_1) nounwind

ST_10: stg_59 [1/1] 0.00ns
.preheader.preheader:23  br label %.preheader


 <State 11>: 0.00ns
ST_11: stg_60 [1/1] 0.00ns
:0  ret void



============================================================
+ Verbose Summary: Binding
============================================================
STG Binding: 
---------------- STG Properties BEGIN ----------------
- Is combinational: 0
- Is one-state seq: 0
- Is datapath-only: 0
- Is clock enabled: 0
- Is pipelined: 0
- Is top level: 1
Port [ Return ] is wired: 1; IO mode=ap_ctrl_hs:ce=0
Port [ A]:  wired=1; compound=1; hidden=0; nouse=0; global=0; static=0; extern=0; dir=0; type=1; mode=0x79e1940; pingpong=0; private_global=0; MemPort=[1]; IO mode=bram:ce=0
Port [ B]:  wired=1; compound=1; hidden=0; nouse=0; global=0; static=0; extern=0; dir=0; type=1; mode=0x79e19d0; pingpong=0; private_global=0; MemPort=[1]; IO mode=bram:ce=0
Port [ C]:  wired=1; compound=1; hidden=0; nouse=0; global=0; static=0; extern=0; dir=1; type=1; mode=0x79e2510; pingpong=0; private_global=0; MemPort=[0]; IO mode=bram:ce=0
---------------- STG Properties END ------------------

---------------- Datapath Model BEGIN ----------------

<LifeTime>
<method=bitvector/>
stg_12              (specbitsmap      ) [ 000000000000]
stg_13              (specbitsmap      ) [ 000000000000]
stg_14              (specbitsmap      ) [ 000000000000]
stg_15              (spectopmodule    ) [ 000000000000]
stg_16              (speclatency      ) [ 000000000000]
stg_17              (specinterface    ) [ 000000000000]
stg_18              (specmemcore      ) [ 000000000000]
stg_19              (specinterface    ) [ 000000000000]
stg_20              (specmemcore      ) [ 000000000000]
stg_21              (specinterface    ) [ 000000000000]
stg_22              (specmemcore      ) [ 000000000000]
stg_23              (br               ) [ 011111111110]
indvar_flatten      (phi              ) [ 001000000000]
i                   (phi              ) [ 001000000000]
j                   (phi              ) [ 001000000000]
exitcond_flatten    (icmp             ) [ 001111111110]
indvar_flatten_next (add              ) [ 011111111110]
stg_29              (br               ) [ 000000000000]
exitcond4           (icmp             ) [ 000000000000]
j_mid2              (select           ) [ 000000000000]
i_s                 (add              ) [ 000000000000]
i_mid2              (select           ) [ 011111111110]
tmp_5               (trunc            ) [ 000000000000]
tmp                 (bitconcatenate   ) [ 000000000000]
j_cast1             (zext             ) [ 000000000000]
tmp_2               (add              ) [ 001100000000]
j_1                 (add              ) [ 011111111110]
tmp_3               (zext             ) [ 001011111110]
A_addr              (getelementptr    ) [ 001010000000]
B_addr              (getelementptr    ) [ 001010000000]
A_load              (load             ) [ 001001111100]
B_load              (load             ) [ 001001111100]
tmp_4               (fadd             ) [ 001000000010]
stg_51              (specloopname     ) [ 000000000000]
empty               (speclooptripcount) [ 000000000000]
stg_53              (specloopname     ) [ 000000000000]
tmp_1               (specregionbegin  ) [ 000000000000]
stg_55              (specpipeline     ) [ 000000000000]
C_addr              (getelementptr    ) [ 000000000000]
stg_57              (store            ) [ 000000000000]
empty_2             (specregionend    ) [ 000000000000]
stg_59              (br               ) [ 011111111110]
stg_60              (ret              ) [ 000000000000]
</LifeTime>

<model>

<comp_list>
<comp id="0" class="1000" name="A">
<pin_list>
<pin id="1" dir="1" index="0" bw="1" slack="0"/>
</pin_list>
<bind>
<StgValue><ssdm name="A"/><MemPortTyVec>1 </MemPortTyVec>
</StgValue>
</bind>
</comp>

<comp id="2" class="1000" name="B">
<pin_list>
<pin id="3" dir="1" index="0" bw="1" slack="0"/>
</pin_list>
<bind>
<StgValue><ssdm name="B"/><MemPortTyVec>1 </MemPortTyVec>
</StgValue>
</bind>
</comp>

<comp id="4" class="1000" name="C">
<pin_list>
<pin id="5" dir="1" index="0" bw="1" slack="0"/>
</pin_list>
<bind>
<StgValue><ssdm name="C"/><MemPortTyVec>0 </MemPortTyVec>
</StgValue>
</bind>
</comp>

<comp id="6" class="1001" name="const_6">
<pin_list>
<pin id="7" dir="1" index="0" bw="1" slack="2147483647"/>
</pin_list>
<bind>
<StgValue><ssdm name="_ssdm_op_SpecBitsMap"/></StgValue>
</bind>
</comp>

<comp id="8" class="1001" name="const_8">
<pin_list>
<pin id="9" dir="1" index="0" bw="1" slack="2147483647"/>
</pin_list>
<bind>
<StgValue><ssdm name="_ssdm_op_SpecTopModule"/></StgValue>
</bind>
</comp>

<comp id="10" class="1001" name="const_10">
<pin_list>
<pin id="11" dir="1" index="0" bw="1" slack="2147483647"/>
</pin_list>
<bind>
<StgValue><ssdm name="str"/></StgValue>
</bind>
</comp>

<comp id="12" class="1001" name="const_12">
<pin_list>
<pin id="13" dir="1" index="0" bw="1" slack="2147483647"/>
</pin_list>
<bind>
<StgValue><ssdm name="_ssdm_op_SpecLatency"/></StgValue>
</bind>
</comp>

<comp id="14" class="1001" name="const_14">
<pin_list>
<pin id="15" dir="1" index="0" bw="1" slack="2147483647"/>
</pin_list>
<bind>
<StgValue><ssdm name=""/></StgValue>
</bind>
</comp>

<comp id="16" class="1001" name="const_16">
<pin_list>
<pin id="17" dir="1" index="0" bw="1" slack="2147483647"/>
</pin_list>
<bind>
<StgValue><ssdm name=""/></StgValue>
</bind>
</comp>

<comp id="18" class="1001" name="const_18">
<pin_list>
<pin id="19" dir="1" index="0" bw="1" slack="2147483647"/>
</pin_list>
<bind>
<StgValue><ssdm name="p_str"/></StgValue>
</bind>
</comp>

<comp id="20" class="1001" name="const_20">
<pin_list>
<pin id="21" dir="1" index="0" bw="1" slack="2147483647"/>
</pin_list>
<bind>
<StgValue><ssdm name="_ssdm_op_SpecInterface"/></StgValue>
</bind>
</comp>

<comp id="22" class="1001" name="const_22">
<pin_list>
<pin id="23" dir="1" index="0" bw="1" slack="2147483647"/>
</pin_list>
<bind>
<StgValue><ssdm name="p_str1"/></StgValue>
</bind>
</comp>

<comp id="24" class="1001" name="const_24">
<pin_list>
<pin id="25" dir="1" index="0" bw="1" slack="2147483647"/>
</pin_list>
<bind>
<StgValue><ssdm name=""/></StgValue>
</bind>
</comp>

<comp id="26" class="1001" name="const_26">
<pin_list>
<pin id="27" dir="1" index="0" bw="1" slack="2147483647"/>
</pin_list>
<bind>
<StgValue><ssdm name="_ssdm_op_SpecMemCore"/></StgValue>
</bind>
</comp>

<comp id="28" class="1001" name="const_28">
<pin_list>
<pin id="29" dir="1" index="0" bw="1" slack="2147483647"/>
</pin_list>
<bind>
<StgValue><ssdm name="p_str2"/></StgValue>
</bind>
</comp>

<comp id="30" class="1001" name="const_30">
<pin_list>
<pin id="31" dir="1" index="0" bw="1" slack="2147483647"/>
</pin_list>
<bind>
<StgValue><ssdm name=""/></StgValue>
</bind>
</comp>

<comp id="32" class="1001" name="const_32">
<pin_list>
<pin id="33" dir="1" index="0" bw="1" slack="1"/>
</pin_list>
<bind>
<StgValue><ssdm name=""/></StgValue>
</bind>
</comp>

<comp id="34" class="1001" name="const_34">
<pin_list>
<pin id="35" dir="1" index="0" bw="1" slack="0"/>
</pin_list>
<bind>
<StgValue><ssdm name=""/></StgValue>
</bind>
</comp>

<comp id="36" class="1001" name="const_36">
<pin_list>
<pin id="37" dir="1" index="0" bw="1" slack="0"/>
</pin_list>
<bind>
<StgValue><ssdm name=""/></StgValue>
</bind>
</comp>

<comp id="38" class="1001" name="const_38">
<pin_list>
<pin id="39" dir="1" index="0" bw="1" slack="0"/>
</pin_list>
<bind>
<StgValue><ssdm name=""/></StgValue>
</bind>
</comp>

<comp id="40" class="1001" name="const_40">
<pin_list>
<pin id="41" dir="1" index="0" bw="1" slack="0"/>
</pin_list>
<bind>
<StgValue><ssdm name=""/></StgValue>
</bind>
</comp>

<comp id="42" class="1001" name="const_42">
<pin_list>
<pin id="43" dir="1" index="0" bw="1" slack="0"/>
</pin_list>
<bind>
<StgValue><ssdm name=""/></StgValue>
</bind>
</comp>

<comp id="44" class="1001" name="const_44">
<pin_list>
<pin id="45" dir="1" index="0" bw="1" slack="0"/>
</pin_list>
<bind>
<StgValue><ssdm name="_ssdm_op_BitConcatenate.i10.i5.i5"/></StgValue>
</bind>
</comp>

<comp id="46" class="1001" name="const_46">
<pin_list>
<pin id="47" dir="1" index="0" bw="1" slack="0"/>
</pin_list>
<bind>
<StgValue><ssdm name=""/></StgValue>
</bind>
</comp>

<comp id="48" class="1001" name="const_48">
<pin_list>
<pin id="49" dir="1" index="0" bw="1" slack="0"/>
</pin_list>
<bind>
<StgValue><ssdm name=""/></StgValue>
</bind>
</comp>

<comp id="50" class="1001" name="const_50">
<pin_list>
<pin id="51" dir="1" index="0" bw="1" slack="2147483647"/>
</pin_list>
<bind>
<StgValue><ssdm name="_ssdm_op_SpecLoopName"/></StgValue>
</bind>
</comp>

<comp id="52" class="1001" name="const_52">
<pin_list>
<pin id="53" dir="1" index="0" bw="1" slack="2147483647"/>
</pin_list>
<bind>
<StgValue><ssdm name="str1"/></StgValue>
</bind>
</comp>

<comp id="54" class="1001" name="const_54">
<pin_list>
<pin id="55" dir="1" index="0" bw="1" slack="2147483647"/>
</pin_list>
<bind>
<StgValue><ssdm name="_ssdm_op_SpecLoopTripCount"/></StgValue>
</bind>
</comp>

<comp id="56" class="1001" name="const_56">
<pin_list>
<pin id="57" dir="1" index="0" bw="1" slack="2147483647"/>
</pin_list>
<bind>
<StgValue><ssdm name=""/></StgValue>
</bind>
</comp>

<comp id="58" class="1001" name="const_58">
<pin_list>
<pin id="59" dir="1" index="0" bw="1" slack="2147483647"/>
</pin_list>
<bind>
<StgValue><ssdm name="p_str3"/></StgValue>
</bind>
</comp>

<comp id="60" class="1001" name="const_60">
<pin_list>
<pin id="61" dir="1" index="0" bw="1" slack="2147483647"/>
</pin_list>
<bind>
<StgValue><ssdm name="_ssdm_op_SpecRegionBegin"/></StgValue>
</bind>
</comp>

<comp id="62" class="1001" name="const_62">
<pin_list>
<pin id="63" dir="1" index="0" bw="1" slack="2147483647"/>
</pin_list>
<bind>
<StgValue><ssdm name="_ssdm_op_SpecPipeline"/></StgValue>
</bind>
</comp>

<comp id="64" class="1001" name="const_64">
<pin_list>
<pin id="65" dir="1" index="0" bw="1" slack="2147483647"/>
</pin_list>
<bind>
<StgValue><ssdm name="_ssdm_op_SpecRegionEnd"/></StgValue>
</bind>
</comp>

<comp id="66" class="1004" name="A_addr_gep_fu_66">
<pin_list>
<pin id="67" dir="0" index="0" bw="32" slack="0"/>
<pin id="68" dir="0" index="1" bw="1" slack="0"/>
<pin id="69" dir="0" index="2" bw="10" slack="0"/>
<pin id="70" dir="1" index="3" bw="10" slack="0"/>
</pin_list>
<bind>
<opcode="getelementptr(29) " fcode="getelementptr"/>
<opset="A_addr/3 "/>
</bind>
</comp>

<comp id="73" class="1004" name="grp_access_fu_73">
<pin_list>
<pin id="74" dir="0" index="0" bw="10" slack="0"/>
<pin id="75" dir="0" index="1" bw="32" slack="2147483647"/>
<pin id="76" dir="1" index="2" bw="32" slack="1"/>
</pin_list>
<bind>
<opcode="load(27) " fcode="load"/>
<opset="A_load/3 "/>
</bind>
</comp>

<comp id="78" class="1004" name="B_addr_gep_fu_78">
<pin_list>
<pin id="79" dir="0" index="0" bw="32" slack="0"/>
<pin id="80" dir="0" index="1" bw="1" slack="0"/>
<pin id="81" dir="0" index="2" bw="10" slack="0"/>
<pin id="82" dir="1" index="3" bw="10" slack="0"/>
</pin_list>
<bind>
<opcode="getelementptr(29) " fcode="getelementptr"/>
<opset="B_addr/3 "/>
</bind>
</comp>

<comp id="85" class="1004" name="grp_access_fu_85">
<pin_list>
<pin id="86" dir="0" index="0" bw="10" slack="0"/>
<pin id="87" dir="0" index="1" bw="32" slack="2147483647"/>
<pin id="88" dir="1" index="2" bw="32" slack="1"/>
</pin_list>
<bind>
<opcode="load(27) " fcode="load"/>
<opset="B_load/3 "/>
</bind>
</comp>

<comp id="90" class="1004" name="C_addr_gep_fu_90">
<pin_list>
<pin id="91" dir="0" index="0" bw="32" slack="0"/>
<pin id="92" dir="0" index="1" bw="1" slack="0"/>
<pin id="93" dir="0" index="2" bw="10" slack="7"/>
<pin id="94" dir="1" index="3" bw="10" slack="0"/>
</pin_list>
<bind>
<opcode="getelementptr(29) " fcode="getelementptr"/>
<opset="C_addr/10 "/>
</bind>
</comp>

<comp id="97" class="1004" name="stg_57_access_fu_97">
<pin_list>
<pin id="98" dir="0" index="0" bw="10" slack="0"/>
<pin id="99" dir="0" index="1" bw="32" slack="1"/>
<pin id="100" dir="1" index="2" bw="32" slack="2147483647"/>
</pin_list>
<bind>
<opcode="store(28) " fcode="store"/>
<opset="stg_57/10 "/>
</bind>
</comp>

<comp id="102" class="1005" name="indvar_flatten_reg_102">
<pin_list>
<pin id="103" dir="0" index="0" bw="11" slack="1"/>
<pin id="104" dir="1" index="1" bw="11" slack="1"/>
</pin_list>
<bind>
<opset="indvar_flatten (phireg) "/>
</bind>
</comp>

<comp id="106" class="1004" name="indvar_flatten_phi_fu_106">
<pin_list>
<pin id="107" dir="0" index="0" bw="1" slack="1"/>
<pin id="108" dir="0" index="1" bw="0" slack="2147483647"/>
<pin id="109" dir="0" index="2" bw="11" slack="0"/>
<pin id="110" dir="0" index="3" bw="0" slack="2147483647"/>
<pin id="111" dir="1" index="4" bw="11" slack="0"/>
</pin_list>
<bind>
<opcode="phi(47) " fcode="phi"/>
<opset="indvar_flatten/2 "/>
</bind>
</comp>

<comp id="113" class="1005" name="i_reg_113">
<pin_list>
<pin id="114" dir="0" index="0" bw="6" slack="1"/>
<pin id="115" dir="1" index="1" bw="6" slack="1"/>
</pin_list>
<bind>
<opset="i (phireg) "/>
</bind>
</comp>

<comp id="117" class="1004" name="i_phi_fu_117">
<pin_list>
<pin id="118" dir="0" index="0" bw="1" slack="1"/>
<pin id="119" dir="0" index="1" bw="0" slack="2147483647"/>
<pin id="120" dir="0" index="2" bw="6" slack="0"/>
<pin id="121" dir="0" index="3" bw="0" slack="2147483647"/>
<pin id="122" dir="1" index="4" bw="6" slack="0"/>
</pin_list>
<bind>
<opcode="phi(47) " fcode="phi"/>
<opset="i/2 "/>
</bind>
</comp>

<comp id="124" class="1005" name="j_reg_124">
<pin_list>
<pin id="125" dir="0" index="0" bw="6" slack="1"/>
<pin id="126" dir="1" index="1" bw="6" slack="1"/>
</pin_list>
<bind>
<opset="j (phireg) "/>
</bind>
</comp>

<comp id="128" class="1004" name="j_phi_fu_128">
<pin_list>
<pin id="129" dir="0" index="0" bw="1" slack="1"/>
<pin id="130" dir="0" index="1" bw="0" slack="2147483647"/>
<pin id="131" dir="0" index="2" bw="6" slack="0"/>
<pin id="132" dir="0" index="3" bw="0" slack="2147483647"/>
<pin id="133" dir="1" index="4" bw="6" slack="0"/>
</pin_list>
<bind>
<opcode="phi(47) " fcode="phi"/>
<opset="j/2 "/>
</bind>
</comp>

<comp id="136" class="1004" name="grp_fu_136">
<pin_list>
<pin id="137" dir="0" index="0" bw="32" slack="1"/>
<pin id="138" dir="0" index="1" bw="32" slack="1"/>
<pin id="139" dir="1" index="2" bw="32" slack="1"/>
</pin_list>
<bind>
<opcode="fadd(9) " fcode="fadd"/>
<opset="tmp_4/5 "/>
</bind>
</comp>

<comp id="140" class="1004" name="exitcond_flatten_fu_140">
<pin_list>
<pin id="141" dir="0" index="0" bw="11" slack="0"/>
<pin id="142" dir="0" index="1" bw="11" slack="0"/>
<pin id="143" dir="1" index="2" bw="1" slack="1"/>
</pin_list>
<bind>
<opcode="icmp(45) " fcode="icmp"/>
<opset="exitcond_flatten/2 "/>
</bind>
</comp>

<comp id="146" class="1004" name="indvar_flatten_next_fu_146">
<pin_list>
<pin id="147" dir="0" index="0" bw="11" slack="0"/>
<pin id="148" dir="0" index="1" bw="1" slack="0"/>
<pin id="149" dir="1" index="2" bw="11" slack="0"/>
</pin_list>
<bind>
<opcode="add(8) " fcode="add"/>
<opset="indvar_flatten_next/2 "/>
</bind>
</comp>

<comp id="152" class="1004" name="exitcond4_fu_152">
<pin_list>
<pin id="153" dir="0" index="0" bw="6" slack="0"/>
<pin id="154" dir="0" index="1" bw="6" slack="0"/>
<pin id="155" dir="1" index="2" bw="1" slack="0"/>
</pin_list>
<bind>
<opcode="icmp(45) " fcode="icmp"/>
<opset="exitcond4/2 "/>
</bind>
</comp>

<comp id="158" class="1004" name="j_mid2_fu_158">
<pin_list>
<pin id="159" dir="0" index="0" bw="1" slack="0"/>
<pin id="160" dir="0" index="1" bw="6" slack="0"/>
<pin id="161" dir="0" index="2" bw="6" slack="0"/>
<pin id="162" dir="1" index="3" bw="6" slack="0"/>
</pin_list>
<bind>
<opcode="select(49) " fcode="select"/>
<opset="j_mid2/2 "/>
</bind>
</comp>

<comp id="166" class="1004" name="i_s_fu_166">
<pin_list>
<pin id="167" dir="0" index="0" bw="6" slack="0"/>
<pin id="168" dir="0" index="1" bw="1" slack="0"/>
<pin id="169" dir="1" index="2" bw="6" slack="0"/>
</pin_list>
<bind>
<opcode="add(8) " fcode="add"/>
<opset="i_s/2 "/>
</bind>
</comp>

<comp id="172" class="1004" name="i_mid2_fu_172">
<pin_list>
<pin id="173" dir="0" index="0" bw="1" slack="0"/>
<pin id="174" dir="0" index="1" bw="6" slack="0"/>
<pin id="175" dir="0" index="2" bw="6" slack="0"/>
<pin id="176" dir="1" index="3" bw="6" slack="0"/>
</pin_list>
<bind>
<opcode="select(49) " fcode="select"/>
<opset="i_mid2/2 "/>
</bind>
</comp>

<comp id="180" class="1004" name="tmp_5_fu_180">
<pin_list>
<pin id="181" dir="0" index="0" bw="6" slack="0"/>
<pin id="182" dir="1" index="1" bw="5" slack="0"/>
</pin_list>
<bind>
<opcode="trunc(33) " fcode="trunc"/>
<opset="tmp_5/2 "/>
</bind>
</comp>

<comp id="184" class="1004" name="tmp_fu_184">
<pin_list>
<pin id="185" dir="0" index="0" bw="10" slack="0"/>
<pin id="186" dir="0" index="1" bw="5" slack="0"/>
<pin id="187" dir="0" index="2" bw="1" slack="0"/>
<pin id="188" dir="1" index="3" bw="10" slack="0"/>
</pin_list>
<bind>
<opcode="bitconcatenate(1004) " fcode="bitconcatenate"/>
<opset="tmp/2 "/>
</bind>
</comp>

<comp id="192" class="1004" name="j_cast1_fu_192">
<pin_list>
<pin id="193" dir="0" index="0" bw="6" slack="0"/>
<pin id="194" dir="1" index="1" bw="10" slack="0"/>
</pin_list>
<bind>
<opcode="zext(34) " fcode="zext"/>
<opset="j_cast1/2 "/>
</bind>
</comp>

<comp id="196" class="1004" name="tmp_2_fu_196">
<pin_list>
<pin id="197" dir="0" index="0" bw="6" slack="0"/>
<pin id="198" dir="0" index="1" bw="10" slack="0"/>
<pin id="199" dir="1" index="2" bw="10" slack="1"/>
</pin_list>
<bind>
<opcode="add(8) " fcode="add"/>
<opset="tmp_2/2 "/>
</bind>
</comp>

<comp id="202" class="1004" name="j_1_fu_202">
<pin_list>
<pin id="203" dir="0" index="0" bw="6" slack="0"/>
<pin id="204" dir="0" index="1" bw="1" slack="0"/>
<pin id="205" dir="1" index="2" bw="6" slack="0"/>
</pin_list>
<bind>
<opcode="add(8) " fcode="add"/>
<opset="j_1/2 "/>
</bind>
</comp>

<comp id="208" class="1004" name="tmp_3_fu_208">
<pin_list>
<pin id="209" dir="0" index="0" bw="10" slack="1"/>
<pin id="210" dir="1" index="1" bw="64" slack="0"/>
</pin_list>
<bind>
<opcode="zext(34) " fcode="zext"/>
<opset="tmp_3/3 "/>
</bind>
</comp>

<comp id="213" class="1005" name="exitcond_flatten_reg_213">
<pin_list>
<pin id="214" dir="0" index="0" bw="1" slack="1"/>
<pin id="215" dir="1" index="1" bw="1" slack="2147483647"/>
</pin_list>
<bind>
<opset="exitcond_flatten "/>
</bind>
</comp>

<comp id="217" class="1005" name="indvar_flatten_next_reg_217">
<pin_list>
<pin id="218" dir="0" index="0" bw="11" slack="0"/>
<pin id="219" dir="1" index="1" bw="11" slack="0"/>
</pin_list>
<bind>
<opset="indvar_flatten_next "/>
</bind>
</comp>

<comp id="222" class="1005" name="i_mid2_reg_222">
<pin_list>
<pin id="223" dir="0" index="0" bw="6" slack="0"/>
<pin id="224" dir="1" index="1" bw="6" slack="0"/>
</pin_list>
<bind>
<opset="i_mid2 "/>
</bind>
</comp>

<comp id="227" class="1005" name="tmp_2_reg_227">
<pin_list>
<pin id="228" dir="0" index="0" bw="10" slack="1"/>
<pin id="229" dir="1" index="1" bw="10" slack="1"/>
</pin_list>
<bind>
<opset="tmp_2 "/>
</bind>
</comp>

<comp id="232" class="1005" name="j_1_reg_232">
<pin_list>
<pin id="233" dir="0" index="0" bw="6" slack="0"/>
<pin id="234" dir="1" index="1" bw="6" slack="0"/>
</pin_list>
<bind>
<opset="j_1 "/>
</bind>
</comp>

<comp id="237" class="1005" name="tmp_3_reg_237">
<pin_list>
<pin id="238" dir="0" index="0" bw="64" slack="7"/>
<pin id="239" dir="1" index="1" bw="64" slack="7"/>
</pin_list>
<bind>
<opset="tmp_3 "/>
</bind>
</comp>

<comp id="242" class="1005" name="A_addr_reg_242">
<pin_list>
<pin id="243" dir="0" index="0" bw="10" slack="1"/>
<pin id="244" dir="1" index="1" bw="10" slack="1"/>
</pin_list>
<bind>
<opset="A_addr "/>
</bind>
</comp>

<comp id="247" class="1005" name="B_addr_reg_247">
<pin_list>
<pin id="248" dir="0" index="0" bw="10" slack="1"/>
<pin id="249" dir="1" index="1" bw="10" slack="1"/>
</pin_list>
<bind>
<opset="B_addr "/>
</bind>
</comp>

<comp id="252" class="1005" name="A_load_reg_252">
<pin_list>
<pin id="253" dir="0" index="0" bw="32" slack="1"/>
<pin id="254" dir="1" index="1" bw="32" slack="1"/>
</pin_list>
<bind>
<opset="A_load "/>
</bind>
</comp>

<comp id="257" class="1005" name="B_load_reg_257">
<pin_list>
<pin id="258" dir="0" index="0" bw="32" slack="1"/>
<pin id="259" dir="1" index="1" bw="32" slack="1"/>
</pin_list>
<bind>
<opset="B_load "/>
</bind>
</comp>

<comp id="262" class="1005" name="tmp_4_reg_262">
<pin_list>
<pin id="263" dir="0" index="0" bw="32" slack="1"/>
<pin id="264" dir="1" index="1" bw="32" slack="1"/>
</pin_list>
<bind>
<opset="tmp_4 "/>
</bind>
</comp>

</comp_list>

<net_list>
<net id="71"><net_src comp="0" pin="0"/><net_sink comp="66" pin=0"/></net>

<net id="72"><net_src comp="48" pin="0"/><net_sink comp="66" pin=1"/></net>

<net id="77"><net_src comp="66" pin="3"/><net_sink comp="73" pin=0"/></net>

<net id="83"><net_src comp="2" pin="0"/><net_sink comp="78" pin=0"/></net>

<net id="84"><net_src comp="48" pin="0"/><net_sink comp="78" pin=1"/></net>

<net id="89"><net_src comp="78" pin="3"/><net_sink comp="85" pin=0"/></net>

<net id="95"><net_src comp="4" pin="0"/><net_sink comp="90" pin=0"/></net>

<net id="96"><net_src comp="48" pin="0"/><net_sink comp="90" pin=1"/></net>

<net id="101"><net_src comp="90" pin="3"/><net_sink comp="97" pin=0"/></net>

<net id="105"><net_src comp="32" pin="0"/><net_sink comp="102" pin=0"/></net>

<net id="112"><net_src comp="102" pin="1"/><net_sink comp="106" pin=0"/></net>

<net id="116"><net_src comp="34" pin="0"/><net_sink comp="113" pin=0"/></net>

<net id="123"><net_src comp="113" pin="1"/><net_sink comp="117" pin=0"/></net>

<net id="127"><net_src comp="34" pin="0"/><net_sink comp="124" pin=0"/></net>

<net id="134"><net_src comp="124" pin="1"/><net_sink comp="128" pin=0"/></net>

<net id="144"><net_src comp="106" pin="4"/><net_sink comp="140" pin=0"/></net>

<net id="145"><net_src comp="36" pin="0"/><net_sink comp="140" pin=1"/></net>

<net id="150"><net_src comp="106" pin="4"/><net_sink comp="146" pin=0"/></net>

<net id="151"><net_src comp="38" pin="0"/><net_sink comp="146" pin=1"/></net>

<net id="156"><net_src comp="128" pin="4"/><net_sink comp="152" pin=0"/></net>

<net id="157"><net_src comp="40" pin="0"/><net_sink comp="152" pin=1"/></net>

<net id="163"><net_src comp="152" pin="2"/><net_sink comp="158" pin=0"/></net>

<net id="164"><net_src comp="34" pin="0"/><net_sink comp="158" pin=1"/></net>

<net id="165"><net_src comp="128" pin="4"/><net_sink comp="158" pin=2"/></net>

<net id="170"><net_src comp="117" pin="4"/><net_sink comp="166" pin=0"/></net>

<net id="171"><net_src comp="42" pin="0"/><net_sink comp="166" pin=1"/></net>

<net id="177"><net_src comp="152" pin="2"/><net_sink comp="172" pin=0"/></net>

<net id="178"><net_src comp="166" pin="2"/><net_sink comp="172" pin=1"/></net>

<net id="179"><net_src comp="117" pin="4"/><net_sink comp="172" pin=2"/></net>

<net id="183"><net_src comp="172" pin="3"/><net_sink comp="180" pin=0"/></net>

<net id="189"><net_src comp="44" pin="0"/><net_sink comp="184" pin=0"/></net>

<net id="190"><net_src comp="180" pin="1"/><net_sink comp="184" pin=1"/></net>

<net id="191"><net_src comp="46" pin="0"/><net_sink comp="184" pin=2"/></net>

<net id="195"><net_src comp="158" pin="3"/><net_sink comp="192" pin=0"/></net>

<net id="200"><net_src comp="192" pin="1"/><net_sink comp="196" pin=0"/></net>

<net id="201"><net_src comp="184" pin="3"/><net_sink comp="196" pin=1"/></net>

<net id="206"><net_src comp="158" pin="3"/><net_sink comp="202" pin=0"/></net>

<net id="207"><net_src comp="42" pin="0"/><net_sink comp="202" pin=1"/></net>

<net id="211"><net_src comp="208" pin="1"/><net_sink comp="66" pin=2"/></net>

<net id="212"><net_src comp="208" pin="1"/><net_sink comp="78" pin=2"/></net>

<net id="216"><net_src comp="140" pin="2"/><net_sink comp="213" pin=0"/></net>

<net id="220"><net_src comp="146" pin="2"/><net_sink comp="217" pin=0"/></net>

<net id="221"><net_src comp="217" pin="1"/><net_sink comp="106" pin=2"/></net>

<net id="225"><net_src comp="172" pin="3"/><net_sink comp="222" pin=0"/></net>

<net id="226"><net_src comp="222" pin="1"/><net_sink comp="117" pin=2"/></net>

<net id="230"><net_src comp="196" pin="2"/><net_sink comp="227" pin=0"/></net>

<net id="231"><net_src comp="227" pin="1"/><net_sink comp="208" pin=0"/></net>

<net id="235"><net_src comp="202" pin="2"/><net_sink comp="232" pin=0"/></net>

<net id="236"><net_src comp="232" pin="1"/><net_sink comp="128" pin=2"/></net>

<net id="240"><net_src comp="208" pin="1"/><net_sink comp="237" pin=0"/></net>

<net id="241"><net_src comp="237" pin="1"/><net_sink comp="90" pin=2"/></net>

<net id="245"><net_src comp="66" pin="3"/><net_sink comp="242" pin=0"/></net>

<net id="246"><net_src comp="242" pin="1"/><net_sink comp="73" pin=0"/></net>

<net id="250"><net_src comp="78" pin="3"/><net_sink comp="247" pin=0"/></net>

<net id="251"><net_src comp="247" pin="1"/><net_sink comp="85" pin=0"/></net>

<net id="255"><net_src comp="73" pin="2"/><net_sink comp="252" pin=0"/></net>

<net id="256"><net_src comp="252" pin="1"/><net_sink comp="136" pin=0"/></net>

<net id="260"><net_src comp="85" pin="2"/><net_sink comp="257" pin=0"/></net>

<net id="261"><net_src comp="257" pin="1"/><net_sink comp="136" pin=1"/></net>

<net id="265"><net_src comp="136" pin="2"/><net_sink comp="262" pin=0"/></net>

<net id="266"><net_src comp="262" pin="1"/><net_sink comp="97" pin=1"/></net>

</net_list>

</model> 
---------------- Datapath Model END ------------------

* FSMD analyzer results:
  - Output states:
  - Chain level:
	State 1
	State 2
		exitcond_flatten : 1
		indvar_flatten_next : 1
		stg_29 : 2
		exitcond4 : 1
		j_mid2 : 2
		i_s : 1
		i_mid2 : 2
		tmp_5 : 3
		tmp : 4
		j_cast1 : 3
		tmp_2 : 5
		j_1 : 3
	State 3
		A_addr : 1
		A_load : 2
		B_addr : 1
		B_load : 2
	State 4
	State 5
	State 6
	State 7
	State 8
	State 9
	State 10
		stg_57 : 1
		empty_2 : 1
	State 11


============================================================
+ Verbose Summary: Datapath Resource usage 
============================================================

* Functional unit list:
|----------|----------------------------|---------|---------|---------|
| Operation|       Functional Unit      |  DSP48E |    FF   |   LUT   |
|----------|----------------------------|---------|---------|---------|
|   fadd   |         grp_fu_136         |    2    |   205   |   390   |
|----------|----------------------------|---------|---------|---------|
|          | indvar_flatten_next_fu_146 |    0    |    0    |    11   |
|    add   |         i_s_fu_166         |    0    |    0    |    6    |
|          |        tmp_2_fu_196        |    0    |    0    |    10   |
|          |         j_1_fu_202         |    0    |    0    |    6    |
|----------|----------------------------|---------|---------|---------|
|   icmp   |   exitcond_flatten_fu_140  |    0    |    0    |    13   |
|          |      exitcond4_fu_152      |    0    |    0    |    6    |
|----------|----------------------------|---------|---------|---------|
|  select  |        j_mid2_fu_158       |    0    |    0    |    6    |
|          |        i_mid2_fu_172       |    0    |    0    |    6    |
|----------|----------------------------|---------|---------|---------|
|   trunc  |        tmp_5_fu_180        |    0    |    0    |    0    |
|----------|----------------------------|---------|---------|---------|
|bitconcatenate|         tmp_fu_184         |    0    |    0    |    0    |
|----------|----------------------------|---------|---------|---------|
|   zext   |       j_cast1_fu_192       |    0    |    0    |    0    |
|          |        tmp_3_fu_208        |    0    |    0    |    0    |
|----------|----------------------------|---------|---------|---------|
|   Total  |                            |    2    |   205   |   454   |
|----------|----------------------------|---------|---------|---------|

Memories:
N/A

* Register list:
+---------------------------+--------+
|                           |   FF   |
+---------------------------+--------+
|       A_addr_reg_242      |   10   |
|       A_load_reg_252      |   32   |
|       B_addr_reg_247      |   10   |
|       B_load_reg_257      |   32   |
|  exitcond_flatten_reg_213 |    1   |
|       i_mid2_reg_222      |    6   |
|         i_reg_113         |    6   |
|indvar_flatten_next_reg_217|   11   |
|   indvar_flatten_reg_102  |   11   |
|        j_1_reg_232        |    6   |
|         j_reg_124         |    6   |
|       tmp_2_reg_227       |   10   |
|       tmp_3_reg_237       |   64   |
|       tmp_4_reg_262       |   32   |
+---------------------------+--------+
|           Total           |   237  |
+---------------------------+--------+

* Multiplexer (MUX) list: 
|------------------|------|------|------|--------||---------||---------|
|       Comp       |  Pin | Size |  BW  | S x BW ||  Delay  ||   LUT   |
|------------------|------|------|------|--------||---------||---------|
| grp_access_fu_73 |  p0  |   2  |  10  |   20   ||    10   |
| grp_access_fu_85 |  p0  |   2  |  10  |   20   ||    10   |
|------------------|------|------|------|--------||---------||---------|
|       Total      |      |      |      |   40   ||  3.142  ||    20   |
|------------------|------|------|------|--------||---------||---------|



* Summary:
+-----------+--------+--------+--------+--------+
|           | DSP48E |  Delay |   FF   |   LUT  |
+-----------+--------+--------+--------+--------+
|  Function |    2   |    -   |   205  |   454  |
|   Memory  |    -   |    -   |    -   |    -   |
|Multiplexer|    -   |    3   |    -   |   20   |
|  Register |    -   |    -   |   237  |    -   |
+-----------+--------+--------+--------+--------+
|   Total   |    2   |    3   |   442  |   474  |
+-----------+--------+--------+--------+--------+
