15:34:06 **** Incremental Build of configuration SDRelease for project correlation_axis_ver2 ****
make all 
Building file: ../src/correlation_accel_v2.cpp
Invoking: SDS++ Linux Compiler
sds++ -Wall -O3 -I"../src" -c -fmessage-length=0 -MT"src/correlation_accel_v2.o" -sds-hw correlation_accel_v2 correlation_accel_v2.cpp -sds-end -MMD -MP -MF"src/correlation_accel_v2.d" -MT"src/correlation_accel_v2.d" -o "src/correlation_accel_v2.o" "../src/correlation_accel_v2.cpp" -sds-pf zed
INFO: [SDSoC 0-0] processing -sds-hw block for correlation_accel_v2
INFO: [SDSoC 0-0] Performing accelerator source linting
INFO: [SDSoC 0-0] Create data motion intermediate representation
INFO: [SDSoC 0-0] Performing pragma generation
INFO: [SDSoC 0-0] Moving function correlation_accel_v2 to Programmable Logic
@W [XFORM-124] Array 'out_correlation.data.V' (/home/trungnguyen/SDSoC/workspace/correlation_ver2_axis/correlation_axis_ver2/SDRelease/_sds/vhls/src/correlation_accel_v2.cpp:40) may have improper streaming access(es), possible reasons: (1) some entries are accessed more than once; (2) some entries are not used; (3) the entries are not accessed in sequential order.
@W [XFORM-124] Array 'out_correlation.keep.V' (/home/trungnguyen/SDSoC/workspace/correlation_ver2_axis/correlation_axis_ver2/SDRelease/_sds/vhls/src/correlation_accel_v2.cpp:40) may have improper streaming access(es), possible reasons: (1) some entries are accessed more than once; (2) some entries are not used; (3) the entries are not accessed in sequential order.
@W [XFORM-124] Array 'out_correlation.strb.V' (/home/trungnguyen/SDSoC/workspace/correlation_ver2_axis/correlation_axis_ver2/SDRelease/_sds/vhls/src/correlation_accel_v2.cpp:40) may have improper streaming access(es), possible reasons: (1) some entries are accessed more than once; (2) some entries are not used; (3) the entries are not accessed in sequential order.
@W [XFORM-124] Array 'out_correlation.user.V' (/home/trungnguyen/SDSoC/workspace/correlation_ver2_axis/correlation_axis_ver2/SDRelease/_sds/vhls/src/correlation_accel_v2.cpp:40) may have improper streaming access(es), possible reasons: (1) some entries are accessed more than once; (2) some entries are not used; (3) the entries are not accessed in sequential order.
@W [XFORM-124] Array 'out_correlation.last.V' (/home/trungnguyen/SDSoC/workspace/correlation_ver2_axis/correlation_axis_ver2/SDRelease/_sds/vhls/src/correlation_accel_v2.cpp:40) may have improper streaming access(es), possible reasons: (1) some entries are accessed more than once; (2) some entries are not used; (3) the entries are not accessed in sequential order.
@W [XFORM-124] Array 'out_correlation.id.V' (/home/trungnguyen/SDSoC/workspace/correlation_ver2_axis/correlation_axis_ver2/SDRelease/_sds/vhls/src/correlation_accel_v2.cpp:40) may have improper streaming access(es), possible reasons: (1) some entries are accessed more than once; (2) some entries are not used; (3) the entries are not accessed in sequential order.
@W [XFORM-124] Array 'out_correlation.dest.V' (/home/trungnguyen/SDSoC/workspace/correlation_ver2_axis/correlation_axis_ver2/SDRelease/_sds/vhls/src/correlation_accel_v2.cpp:40) may have improper streaming access(es), possible reasons: (1) some entries are accessed more than once; (2) some entries are not used; (3) the entries are not accessed in sequential order.
@W [XFORM-124] Array 'in_indices.data.V' (/home/trungnguyen/SDSoC/workspace/correlation_ver2_axis/correlation_axis_ver2/SDRelease/_sds/vhls/src/correlation_accel_v2.cpp:39) may have improper streaming access(es), possible reasons: (1) some entries are accessed more than once; (2) some entries are not used; (3) the entries are not accessed in sequential order.
@W [XFORM-124] Array 'in_indices.keep.V' (/home/trungnguyen/SDSoC/workspace/correlation_ver2_axis/correlation_axis_ver2/SDRelease/_sds/vhls/src/correlation_accel_v2.cpp:39) may have improper streaming access(es), possible reasons: (1) some entries are accessed more than once; (2) some entries are not used; (3) the entries are not accessed in sequential order.
@W [XFORM-124] Array 'in_indices.strb.V' (/home/trungnguyen/SDSoC/workspace/correlation_ver2_axis/correlation_axis_ver2/SDRelease/_sds/vhls/src/correlation_accel_v2.cpp:39) may have improper streaming access(es), possible reasons: (1) some entries are accessed more than once; (2) some entries are not used; (3) the entries are not accessed in sequential order.
@W [XFORM-124] Array 'in_indices.user.V' (/home/trungnguyen/SDSoC/workspace/correlation_ver2_axis/correlation_axis_ver2/SDRelease/_sds/vhls/src/correlation_accel_v2.cpp:39) may have improper streaming access(es), possible reasons: (1) some entries are accessed more than once; (2) some entries are not used; (3) the entries are not accessed in sequential order.
@W [XFORM-124] Array 'in_indices.last.V' (/home/trungnguyen/SDSoC/workspace/correlation_ver2_axis/correlation_axis_ver2/SDRelease/_sds/vhls/src/correlation_accel_v2.cpp:39) may have improper streaming access(es), possible reasons: (1) some entries are accessed more than once; (2) some entries are not used; (3) the entries are not accessed in sequential order.
@W [XFORM-124] Array 'in_indices.id.V' (/home/trungnguyen/SDSoC/workspace/correlation_ver2_axis/correlation_axis_ver2/SDRelease/_sds/vhls/src/correlation_accel_v2.cpp:39) may have improper streaming access(es), possible reasons: (1) some entries are accessed more than once; (2) some entries are not used; (3) the entries are not accessed in sequential order.
@W [XFORM-124] Array 'in_indices.dest.V' (/home/trungnguyen/SDSoC/workspace/correlation_ver2_axis/correlation_axis_ver2/SDRelease/_sds/vhls/src/correlation_accel_v2.cpp:39) may have improper streaming access(es), possible reasons: (1) some entries are accessed more than once; (2) some entries are not used; (3) the entries are not accessed in sequential order.
sds++ log file saved as /home/trungnguyen/SDSoC/workspace/correlation_ver2_axis/correlation_axis_ver2/SDRelease/_sds/reports/sds_correlation_accel_v2.log

Finished building: ../src/correlation_accel_v2.cpp
 
Building target: correlation_axis_ver2.elf
Invoking: SDS++ Linux Linker
sds++  -o "correlation_axis_ver2.elf"  ./src/correlation_accel_v2.o ./src/main.o    -sds-pf zed
INFO: [SDSoC 0-0] Removing implementation files from previous run
INFO: [SDSoC 0-0] Analyzing object files
... /home/trungnguyen/SDSoC/workspace/correlation_ver2_axis/correlation_axis_ver2/SDRelease/src/correlation_accel_v2.o
... /home/trungnguyen/SDSoC/workspace/correlation_ver2_axis/correlation_axis_ver2/SDRelease/src/main.o
INFO: [SDSoC 0-0] Generating data motion network
INFO: [SDSoC 0-0] Analyzing hardware accelerators...
INFO: [SDSoC 0-0] Analyzing callers to hardware accelerators...
INFO: [SDSoC 0-0] Scheduling data transfer graph for partition 0
INFO: [SDSoC 0-0] Creating data motion network hardware for partition 0
INFO: [SDSoC 0-0] Creating software stub functions for partition 0
ERROR: [SDSoC 0-0] Function correlation_accel_v2 is missing data base index for argument in_indices
ERROR: [SDSoC 0-0] Function correlation_accel_v2 is missing data base index for argument out_correlation
INFO: [SDSoC 0-0] Generating data motion network report for partition 0
INFO: [SDSoC 0-0] Rewriting caller code
INFO: [SDSoC 0-0] Rewrite /home/trungnguyen/SDSoC/workspace/correlation_ver2_axis/correlation_axis_ver2/src/main.cpp
INFO: [SDSoC 0-0] Create accelerator stub functions
INFO: [SDSoC 0-0] Creating block diagram (BD), address map, port information and device registration for partition 0 (this may take a few minutes)
system_linker started at Wed Nov 02 03:35:01 PM CET 2016
INFO: [SDSoC 0-0] Creating hardware project files
INFO: [SDSoC 0-0] Creating Vivado block design
INFO: [SDSoC 0-0] Creating block diagram (BD) and address map
INFO: [SDSoC 0-0] Copying address map
INFO: [SDSoC 0-0] Creating port and device registration data
/opt/Xilinx/SDSoC/2014.4/bin/cf2sw -i apsys_0.xml -r /home/trungnguyen/SDSoC/workspace/correlation_ver2_axis/correlation_axis_ver2/SDRelease/_sds/.cdb/xd_ip_db.xml -a address_map.xml -pollMode 0    -n
system_linker completed at Wed Nov 02 03:35:51 PM CET 2016
INFO: [SDSoC 0-0] Prepare hardware access API functions
INFO: [SDSoC 0-0] Compile hardware access API functions
INFO: [SDSoC 0-0] Compile accelerator stub functions
correlation_accel_v2.cpp: In function 'void correlation_accel_v2(int, int, float*, float*)':
correlation_accel_v2.cpp:107:2: warning: label 'RESET_REGISTERS_FIRST_INDEX' defined but not used [-Wunused-label]
  RESET_REGISTERS_FIRST_INDEX:
  ^
correlation_accel_v2.cpp:132:2: warning: label 'ACCUMULATION_LOOP_FIRST_INDEX' defined but not used [-Wunused-label]
  ACCUMULATION_LOOP_FIRST_INDEX:
  ^
correlation_accel_v2.cpp:231:3: warning: label 'ACCUMULATION_LOOP_FLOATING_INDEX' defined but not used [-Wunused-label]
   ACCUMULATION_LOOP_FLOATING_INDEX:
   ^
correlation_accel_v2.cpp:188:2: warning: label 'LAST_ACCUM_LOOP_FIRST_INDEX' defined but not used [-Wunused-label]
  LAST_ACCUM_LOOP_FIRST_INDEX:
  ^
correlation_accel_v2.cpp:292:3: warning: label 'LAST_ACCUM_LOOP' defined but not used [-Wunused-label]
   LAST_ACCUM_LOOP:
   ^
correlation_accel_v2.cpp:203:3: warning: label 'RESET_REGISTERS' defined but not used [-Wunused-label]
   RESET_REGISTERS:
   ^
correlation_accel_v2.cpp: In function 'void weight_rom_init(float*, int)':
correlation_accel_v2.cpp:407:2: warning: label 'INIT_WEIGHT_ROM' defined but not used [-Wunused-label]
  INIT_WEIGHT_ROM:
  ^
correlation_accel_v2.cpp:412:2: warning: label 'COMP_SUM_OF_WEIGHT' defined but not used [-Wunused-label]
  COMP_SUM_OF_WEIGHT:
  ^
INFO: [SDSoC 0-0] Compile rewritten caller functions
caller rewrite for /home/trungnguyen/SDSoC/workspace/correlation_ver2_axis/correlation_axis_ver2/SDRelease/src/main.o
/home/trungnguyen/SDSoC/workspace/correlation_ver2_axis/correlation_axis_ver2/SDRelease/_sds/swstubs/main.cpp: In function 'int main(int, char**)':
/home/trungnguyen/SDSoC/workspace/correlation_ver2_axis/correlation_axis_ver2/SDRelease/_sds/swstubs/main.cpp:372:10: warning: variable 'status' set but not used [-Wunused-but-set-variable]
     bool status;
          ^
/home/trungnguyen/SDSoC/workspace/correlation_ver2_axis/correlation_axis_ver2/SDRelease/_sds/swstubs/main.cpp: In function 'bool indices_init(uint32_t)':
/home/trungnguyen/SDSoC/workspace/correlation_ver2_axis/correlation_axis_ver2/SDRelease/_sds/swstubs/main.cpp:96:1: warning: control reaches end of non-void function [-Wreturn-type]
 }
 ^
/home/trungnguyen/SDSoC/workspace/correlation_ver2_axis/correlation_axis_ver2/src/correlation_accel_v2.hpp: At global scope:
/home/trungnguyen/SDSoC/workspace/correlation_ver2_axis/correlation_axis_ver2/src/correlation_accel_v2.hpp:64:13: warning: 'void weight_rom_init(float*, int)' declared 'static' but never defined [-Wunused-function]
 static void weight_rom_init(
             ^
INFO: [SDSoC 0-0] Link application ELF file
INFO: [SDSoC 0-0] Enable generation of hardware programming files
INFO: [SDSoC 0-0] Enable generation of boot files
INFO: [SDSoC 0-0] Calling system_linker for partition 0
system_linker started at Wed Nov 02 03:35:53 PM CET 2016
INFO: [SDSoC 0-0] Generating bitstream for platform zed.
      This may take some time to complete
... [15:36:07] Starting synth_design
... [15:36:17] Starting RTL Elaboration : Time (s): cpu = 00:00:08 ; elapsed = 00:00:09 . Memory (MB): peak = 1047.051 ; gain = 213.555 ; free physical = 11213 ; free virtual = 22060
... [15:41:17] Start Loading Part and Timing Information
... [15:41:17] Start Applying 'set_property' XDC Constraints
... [15:41:32] Start RTL Component Statistics 
... [15:41:32] Start RTL Hierarchical Component Statistics 
... [15:41:32] Start Part Resource Summary
... [15:41:32] Start Parallel Synthesis Optimization  : Time (s): cpu = 00:05:22 ; elapsed = 00:05:26 . Memory (MB): peak = 1968.441 ; gain = 1134.945 ; free physical = 10304 ; free virtual = 21212
... [15:41:32] Start Cross Boundary Optimization
... [15:41:37] Start Area Optimization
... [15:41:57] Start Timing Optimization
... [15:42:07] Start Applying XDC Timing Constraints
... [15:42:12] Start Technology Mapping
... [15:42:37] Start IO Insertion
... [15:42:37] Start Flattening Before IO Insertion
... [15:42:37] Start Final Netlist Cleanup
... [15:42:37] Start Renaming Generated Instances
... [15:42:37] Start Rebuilding User Hierarchy
... [15:42:42] Start Writing Synthesis Report
... [15:43:10] Starting DRC Task
... [15:43:15] Starting Logic Optimization Task
... [15:43:25] Starting Power Optimization Task
... [15:43:30] Starting PowerOpt Patch Enables Task
... [15:43:35] Starting Placer Task
... [15:44:20] Starting Routing Task
INFO: [SDSoC 0-0] Creating boot files
system_linker completed at Wed Nov 02 03:45:30 PM CET 2016
All user specified timing constraints are met.
sds++ log file saved as /home/trungnguyen/SDSoC/workspace/correlation_ver2_axis/correlation_axis_ver2/SDRelease/_sds/reports/sds.log

Finished building target: correlation_axis_ver2.elf
 
