================================================================
  Vivado(TM) HLS - High-Level Synthesis from C, C++ and SystemC
  Version 2014.4
  Build 1071461 on Tue Nov 18 16:42:57 PM 2014
  Copyright (C) 2014 Xilinx Inc. All rights reserved.
================================================================
@I [LIC-101] Checked out feature [HLS]
@I [HLS-10] Running '/opt/Xilinx/SDSoC/2014.4/Vivado_HLS/2014.4/bin/unwrapped/lnx64.o/vivado_hls'
            for user 'trungnguyen' on host 'verratnix.zmk.uni-kl.de' (Linux_x86_64 version 2.6.32-573.18.1.el6.x86_64) on Wed Jul 27 20:58:18 CEST 2016
            in directory '/home/trungnguyen/SDSoC/samples/mmult_optimized/_sds/vhls'
@I [HLS-10] Creating and opening project '/home/trungnguyen/SDSoC/samples/mmult_optimized/_sds/vhls/mmult_accel'.
@I [HLS-10] Adding design file '/home/trungnguyen/SDSoC/samples/mmult_optimized/_sds/vhls/src/mmult_accel.cpp' to the project
@I [HLS-10] Creating and opening solution '/home/trungnguyen/SDSoC/samples/mmult_optimized/_sds/vhls/mmult_accel/solution'.
@I [HLS-10] Cleaning up the solution database.
@I [HLS-10] Setting target device to ' xc7z020clg484-1 '
@I [SYN-201] Setting up clock 'default' with a period of 5.95ns.
@I [HLS-10] Analyzing design file '/home/trungnguyen/SDSoC/samples/mmult_optimized/_sds/vhls/src/mmult_accel.cpp' ... 
@I [HLS-10] Validating synthesis directives ...
@I [HLS-10] Starting code transformations ...
@I [XFORM-603] Inlining function 'mmult_kernel' into 'mmult_accel' (/home/trungnguyen/SDSoC/samples/mmult_optimized/_sds/vhls/src/mmult_accel.cpp:63).
@I [HLS-10] Checking synthesizability ...
@I [XFORM-502] Unrolling all sub-loops inside loop 'Loop-3.1' (/home/trungnguyen/SDSoC/samples/mmult_optimized/_sds/vhls/src/mmult_accel.cpp:17) in function 'mmult_accel' for pipelining.
@I [XFORM-501] Unrolling loop 'Loop-3.1.1' (/home/trungnguyen/SDSoC/samples/mmult_optimized/_sds/vhls/src/mmult_accel.cpp:20) in function 'mmult_accel' completely.
@I [XFORM-101] Partitioning array 'a_buf' (/home/trungnguyen/SDSoC/samples/mmult_optimized/_sds/vhls/src/mmult_accel.cpp:43) in dimension 2 with a block factor 16.
@I [XFORM-101] Partitioning array 'b_buf' (/home/trungnguyen/SDSoC/samples/mmult_optimized/_sds/vhls/src/mmult_accel.cpp:44) in dimension 1 with a block factor 16.
@I [XFORM-541] Flattening a loop nest 'Loop-1' (/home/trungnguyen/SDSoC/samples/mmult_optimized/_sds/vhls/src/mmult_accel.cpp:47:7) in function 'mmult_accel'.
@I [XFORM-541] Flattening a loop nest 'Loop-2' (/home/trungnguyen/SDSoC/samples/mmult_optimized/_sds/vhls/src/mmult_accel.cpp:55:7) in function 'mmult_accel'.
@I [XFORM-541] Flattening a loop nest 'Loop-3' (/home/trungnguyen/SDSoC/samples/mmult_optimized/_sds/vhls/src/mmult_accel.cpp:16:8) in function 'mmult_accel'.
@I [HLS-111] Elapsed time: 1.57 seconds; current memory usage: 53.6 MB.
@I [HLS-10] Starting hardware synthesis ...
@I [HLS-10] Synthesizing 'mmult_accel' ...
@I [HLS-10] ----------------------------------------------------------------
@I [HLS-10] -- Scheduling module 'mmult_accel' 
@I [HLS-10] ----------------------------------------------------------------
@I [SCHED-11] Starting scheduling ...
@I [SCHED-61] Pipelining loop 'Loop 1'.
@I [SCHED-61] Pipelining result: Target II: 1, Final II: 1, Depth: 2.
@I [SCHED-61] Pipelining loop 'Loop 2'.
@I [SCHED-61] Pipelining result: Target II: 1, Final II: 1, Depth: 2.
@I [SCHED-61] Pipelining loop 'Loop 3'.
@I [SCHED-61] Pipelining result: Target II: 1, Final II: 1, Depth: 297.
@W [SCHED-71] Latency directive discarded for region mmult_accel since it contains subloops.
@I [SCHED-11] Finished scheduling.
@I [HLS-111] Elapsed time: 0.33 seconds; current memory usage: 56 MB.
@I [HLS-10] ----------------------------------------------------------------
@I [HLS-10] -- Exploring micro-architecture for module 'mmult_accel' 
@I [HLS-10] ----------------------------------------------------------------
@I [BIND-100] Starting micro-architecture generation ...
@I [BIND-101] Performing variable lifetime analysis.
@I [BIND-101] Exploring resource sharing.
@I [BIND-101] Binding ...
@I [BIND-100] Finished micro-architecture generation.
@I [HLS-111] Elapsed time: 0.14 seconds; current memory usage: 59.2 MB.
@I [HLS-10] ----------------------------------------------------------------
@I [HLS-10] -- Generating RTL for module 'mmult_accel' 
@I [HLS-10] ----------------------------------------------------------------
@I [RTGEN-500] Setting interface mode on port 'mmult_accel/in_A' to 'ap_fifo'.
@I [RTGEN-500] Setting interface mode on port 'mmult_accel/in_B' to 'ap_fifo'.
@I [RTGEN-500] Setting interface mode on port 'mmult_accel/out_C' to 'ap_fifo'.
@I [RTGEN-500] Setting interface mode on function 'mmult_accel' to 'ap_ctrl_hs'.
@I [RTGEN-100] Generating core module 'mmult_accel_fadd_32ns_32ns_32_9_full_dsp': 32 instance(s).
@I [RTGEN-100] Generating core module 'mmult_accel_fmul_32ns_32ns_32_5_max_dsp': 32 instance(s).
@I [RTGEN-100] Finished creating RTL model for 'mmult_accel'.
@I [HLS-111] Elapsed time: 0.76 seconds; current memory usage: 66.5 MB.
@I [RTMG-278] Implementing memory 'mmult_accel_a_buf_0_ram' using block RAMs.
@I [HLS-10] Finished generating all RTL models.
@I [WSYSC-301] Generating RTL SystemC for 'mmult_accel'.
@I [WVHDL-304] Generating RTL VHDL for 'mmult_accel'.
@I [WVLOG-307] Generating RTL Verilog for 'mmult_accel'.
@I [IMPL-8] Exporting RTL as an IP in IP-XACT.

****** Vivado v2014.4 (64-bit)
  **** SW Build 1071353 on Tue Nov 18 16:48:31 MST 2014
  **** IP Build 1071914 on Wed Nov 19 05:30:59 MST 2014
    ** Copyright 1986-2014 Xilinx, Inc. All Rights Reserved.

source run_ippack.tcl -notrace
INFO: [IP_Flow 19-234] Refreshing IP repositories
INFO: [IP_Flow 19-1704] No user IP repositories specified
INFO: [IP_Flow 19-2313] Loaded Vivado IP repository '/opt/Xilinx/SDSoC/2014.4/Vivado/2014.4/data/ip'.
INFO: [IP_Flow 19-1686] Generating 'Synthesis' target for IP 'mmult_accel_ap_fmul_3_max_dsp_32'...
INFO: [IP_Flow 19-1686] Generating 'Simulation' target for IP 'mmult_accel_ap_fmul_3_max_dsp_32'...
INFO: [IP_Flow 19-1686] Generating 'Synthesis' target for IP 'mmult_accel_ap_fadd_7_full_dsp_32'...
INFO: [IP_Flow 19-1686] Generating 'Simulation' target for IP 'mmult_accel_ap_fadd_7_full_dsp_32'...
INFO: [IP_Flow 19-234] Refreshing IP repositories
INFO: [IP_Flow 19-1704] No user IP repositories specified
INFO: [IP_Flow 19-2313] Loaded Vivado IP repository '/opt/Xilinx/SDSoC/2014.4/Vivado/2014.4/data/ip'.
INFO: [Common 17-206] Exiting Vivado at Wed Jul 27 20:58:28 2016...
@I [HLS-112] Total elapsed time: 20.7 seconds; peak memory usage: 66.5 MB.
@I [LIC-101] Checked in feature [HLS]
