#-----------------------------------------------------------
# Vivado v2015.4 (64-bit)
# SW Build 1412921 on Wed Nov 18 09:43:45 MST 2015
# IP Build 1412968 on Wed Nov 18 10:19:19 MST 2015
# Start of session at: Sat Jan 02 06:34:53 2016
# Process ID: 52924
# Current directory: C:/xup/SDSoC/labs/lab1_prebuilt/SDRelease/_sds/vhls/madd/solution/impl/ip
# Command line: vivado.exe -notrace -mode batch -source run_ippack.tcl
# Log file: C:/xup/SDSoC/labs/lab1_prebuilt/SDRelease/_sds/vhls/madd/solution/impl/ip/vivado.log
# Journal file: C:/xup/SDSoC/labs/lab1_prebuilt/SDRelease/_sds/vhls/madd/solution/impl/ip\vivado.jou
#-----------------------------------------------------------
source run_ippack.tcl -notrace
INFO: [IP_Flow 19-234] Refreshing IP repositories
INFO: [IP_Flow 19-1704] No user IP repositories specified
INFO: [IP_Flow 19-2313] Loaded Vivado IP repository 'C:/Xilinx/SDSoC/2015.4/Vivado/2015.4/data/ip'.
INFO: [IP_Flow 19-1686] Generating 'Synthesis' target for IP 'madd_ap_fadd_7_full_dsp_32'...
INFO: [IP_Flow 19-1686] Generating 'Simulation' target for IP 'madd_ap_fadd_7_full_dsp_32'...
INFO: [IP_Flow 19-234] Refreshing IP repositories
INFO: [IP_Flow 19-1704] No user IP repositories specified
INFO: [IP_Flow 19-2313] Loaded Vivado IP repository 'C:/Xilinx/SDSoC/2015.4/Vivado/2015.4/data/ip'.
INFO: [Common 17-206] Exiting Vivado at Sat Jan 02 06:35:02 2016...
