21:13:34 **** Incremental Build of configuration SDRelease for project correlation_ver1_standard_alone ****
make all 
Building file: ../src/main.cpp
Invoking: SDS++ Compiler
sds++ -Wall -O3 -I"../src" -c -fmessage-length=0 -MT"src/main.o" -MMD -MP -MF"src/main.d" -MT"src/main.d" -o "src/main.o" "../src/main.cpp" -target-os standalone -sds-pf zed
INFO: [SDSoC 0-0] Create data motion intermediate representation
INFO: [SDSoC 0-0] Compiling /home/trungnguyen/SDSoC/workspace/correlation_ver1/correlation_ver1_standard_alone/src/main.cpp
/home/trungnguyen/SDSoC/workspace/correlation_ver1/correlation_ver1_standard_alone/src/correlation_accel_v1.hpp:78:32: warning: extra tokens at end of #endif directive [enabled by default]
 #endif /* CORRELATION_ACCL_H */_
                                ^
/home/trungnguyen/SDSoC/workspace/correlation_ver1/correlation_ver1_standard_alone/src/main.cpp: In function 'int main(int, char**)':
/home/trungnguyen/SDSoC/workspace/correlation_ver1/correlation_ver1_standard_alone/src/main.cpp:41:171: warning: use of 'll' length modifier with 'f' type character [-Wformat=]
 #define TIME_STAMP_ACCEL  { clock_end = sds_clock_counter(); printf("Time in second for hardware version: %llf \n", (float)(clock_end-clock_start)/(float)COUNT_PER_SECOND); clock_start = sds_clock_counter();  }
                                                                                                                                                                           ^
/home/trungnguyen/SDSoC/workspace/correlation_ver1/correlation_ver1_standard_alone/src/main.cpp:358:5: note: in expansion of macro 'TIME_STAMP_ACCEL'
     TIME_STAMP_ACCEL;
     ^
/home/trungnguyen/SDSoC/workspace/correlation_ver1/correlation_ver1_standard_alone/src/main.cpp:41:171: warning: use of 'll' length modifier with 'f' type character [-Wformat=]
 #define TIME_STAMP_ACCEL  { clock_end = sds_clock_counter(); printf("Time in second for hardware version: %llf \n", (float)(clock_end-clock_start)/(float)COUNT_PER_SECOND); clock_start = sds_clock_counter();  }
                                                                                                                                                                           ^
/home/trungnguyen/SDSoC/workspace/correlation_ver1/correlation_ver1_standard_alone/src/main.cpp:358:5: note: in expansion of macro 'TIME_STAMP_ACCEL'
     TIME_STAMP_ACCEL;
     ^
/home/trungnguyen/SDSoC/workspace/correlation_ver1/correlation_ver1_standard_alone/src/main.cpp:40:166: warning: use of 'll' length modifier with 'f' type character [-Wformat=]
 #define TIME_STAMP_SW  { clock_end = sds_clock_counter(); printf("Time in second for golden version: %llf \n", (float)(clock_end-clock_start)/(float)COUNT_PER_SECOND); }
                                                                                                                                                                      ^
/home/trungnguyen/SDSoC/workspace/correlation_ver1/correlation_ver1_standard_alone/src/main.cpp:366:5: note: in expansion of macro 'TIME_STAMP_SW'
     TIME_STAMP_SW;
     ^
/home/trungnguyen/SDSoC/workspace/correlation_ver1/correlation_ver1_standard_alone/src/main.cpp:40:166: warning: use of 'll' length modifier with 'f' type character [-Wformat=]
 #define TIME_STAMP_SW  { clock_end = sds_clock_counter(); printf("Time in second for golden version: %llf \n", (float)(clock_end-clock_start)/(float)COUNT_PER_SECOND); }
                                                                                                                                                                      ^
/home/trungnguyen/SDSoC/workspace/correlation_ver1/correlation_ver1_standard_alone/src/main.cpp:366:5: note: in expansion of macro 'TIME_STAMP_SW'
     TIME_STAMP_SW;
     ^
/home/trungnguyen/SDSoC/workspace/correlation_ver1/correlation_ver1_standard_alone/src/main.cpp:371:10: warning: variable 'status' set but not used [-Wunused-but-set-variable]
     bool status;
          ^
/home/trungnguyen/SDSoC/workspace/correlation_ver1/correlation_ver1_standard_alone/src/main.cpp: In function 'bool indices_init(uint32_t)':
/home/trungnguyen/SDSoC/workspace/correlation_ver1/correlation_ver1_standard_alone/src/main.cpp:95:1: warning: control reaches end of non-void function [-Wreturn-type]
 }
 ^
/home/trungnguyen/SDSoC/workspace/correlation_ver1/correlation_ver1_standard_alone/src/correlation_accel_v1.hpp: At global scope:
/home/trungnguyen/SDSoC/workspace/correlation_ver1/correlation_ver1_standard_alone/src/correlation_accel_v1.hpp:64:13: warning: 'void weight_rom_init(float*, int)' declared 'static' but never defined [-Wunused-function]
 static void weight_rom_init(
             ^
sds++ log file saved as /home/trungnguyen/SDSoC/workspace/correlation_ver1/correlation_ver1_standard_alone/SDRelease/_sds/reports/sds_main.log

Finished building: ../src/main.cpp
 
Building target: correlation_ver1_standard_alone.elf
Invoking: SDS++ Linker
sds++  -o "correlation_ver1_standard_alone.elf"  ./src/correlation_accel_v1.o ./src/main.o    -target-os standalone -sds-pf zed
INFO: [SDSoC 0-0] Analyzing object files
... /home/trungnguyen/SDSoC/workspace/correlation_ver1/correlation_ver1_standard_alone/SDRelease/src/correlation_accel_v1.o
... /home/trungnguyen/SDSoC/workspace/correlation_ver1/correlation_ver1_standard_alone/SDRelease/src/main.o
INFO: [SDSoC 0-0] Generating data motion network
INFO: [SDSoC 0-0] Analyzing hardware accelerators...
INFO: [SDSoC 0-0] Analyzing callers to hardware accelerators...
INFO: [SDSoC 0-0] Scheduling data transfer graph for partition 0
INFO: [SDSoC 0-0] Creating data motion network hardware for partition 0
INFO: [SDSoC 0-0] Creating software stub functions for partition 0
INFO: [SDSoC 0-0] Generating data motion network report for partition 0
INFO: [SDSoC 0-0] Rewriting caller code
INFO: [SDSoC 0-0] Rewrite /home/trungnguyen/SDSoC/workspace/correlation_ver1/correlation_ver1_standard_alone/src/main.cpp
INFO: [SDSoC 0-0] Create accelerator stub functions
INFO: [SDSoC 0-0] Creating block diagram (BD), address map, port information and device registration for partition 0 (this may take a few minutes)
system_linker started at Mon Oct 31 09:13:39 PM CET 2016
INFO: [SDSoC 0-0] Creating hardware project files
INFO: [SDSoC 0-0] Creating Vivado block design
INFO: [SDSoC 0-0] Creating block diagram (BD) and address map
INFO: [SDSoC 0-0] Copying address map
INFO: [SDSoC 0-0] Creating port and device registration data
/opt/Xilinx/SDSoC/2014.4/bin/cf2sw -i apsys_0.xml -r /home/trungnguyen/SDSoC/workspace/correlation_ver1/correlation_ver1_standard_alone/SDRelease/_sds/.cdb/xd_ip_db.xml -a address_map.xml -pollMode 0    -n
system_linker completed at Mon Oct 31 09:14:13 PM CET 2016
INFO: [SDSoC 0-0] Prepare hardware access API functions
INFO: [SDSoC 0-0] Compile hardware access API functions
INFO: [SDSoC 0-0] Compile accelerator stub functions
/home/trungnguyen/SDSoC/workspace/correlation_ver1/correlation_ver1_standard_alone/src/correlation_accel_v1.hpp:78:32: warning: extra tokens at end of #endif directive [enabled by default]
 #endif /* CORRELATION_ACCL_H */_
                                ^
correlation_accel_v1.cpp: In function 'int correlation_accel_v1(int, int, float*, float*)':
correlation_accel_v1.cpp:51:2: warning: label 'OUTER_LOOP' defined but not used [-Wunused-label]
  OUTER_LOOP:
  ^
correlation_accel_v1.cpp:97:6: warning: label 'ACCUMULATION_LOOP' defined but not used [-Wunused-label]
      ACCUMULATION_LOOP:
      ^
correlation_accel_v1.cpp:61:4: warning: label 'INNER_LOOP' defined but not used [-Wunused-label]
    INNER_LOOP:
    ^
correlation_accel_v1.cpp:130:6: warning: label 'LAST_ACCUM_LOOP' defined but not used [-Wunused-label]
      LAST_ACCUM_LOOP:
      ^
correlation_accel_v1.cpp:81:6: warning: label 'RESET_REGISTERS' defined but not used [-Wunused-label]
      RESET_REGISTERS:
      ^
correlation_accel_v1.cpp: In function 'void weight_rom_init(float*, int)':
correlation_accel_v1.cpp:235:2: warning: label 'INIT_WEIGHT_ROM' defined but not used [-Wunused-label]
  INIT_WEIGHT_ROM:
  ^
correlation_accel_v1.cpp:240:2: warning: label 'COMP_SUM_OF_WEIGHT' defined but not used [-Wunused-label]
  COMP_SUM_OF_WEIGHT:
  ^
INFO: [SDSoC 0-0] Compile rewritten caller functions
caller rewrite for /home/trungnguyen/SDSoC/workspace/correlation_ver1/correlation_ver1_standard_alone/SDRelease/src/main.o
/home/trungnguyen/SDSoC/workspace/correlation_ver1/correlation_ver1_standard_alone/src/correlation_accel_v1.hpp:78:32: warning: extra tokens at end of #endif directive [enabled by default]
 #endif /* CORRELATION_ACCL_H */_
                                ^
/home/trungnguyen/SDSoC/workspace/correlation_ver1/correlation_ver1_standard_alone/SDRelease/_sds/swstubs/main.cpp: In function 'int main(int, char**)':
/home/trungnguyen/SDSoC/workspace/correlation_ver1/correlation_ver1_standard_alone/SDRelease/_sds/swstubs/main.cpp:42:171: warning: use of 'll' length modifier with 'f' type character [-Wformat=]
 #define TIME_STAMP_ACCEL  { clock_end = sds_clock_counter(); printf("Time in second for hardware version: %llf \n", (float)(clock_end-clock_start)/(float)COUNT_PER_SECOND); clock_start = sds_clock_counter();  }
                                                                                                                                                                           ^
/home/trungnguyen/SDSoC/workspace/correlation_ver1/correlation_ver1_standard_alone/SDRelease/_sds/swstubs/main.cpp:359:5: note: in expansion of macro 'TIME_STAMP_ACCEL'
     TIME_STAMP_ACCEL;
     ^
/home/trungnguyen/SDSoC/workspace/correlation_ver1/correlation_ver1_standard_alone/SDRelease/_sds/swstubs/main.cpp:42:171: warning: use of 'll' length modifier with 'f' type character [-Wformat=]
 #define TIME_STAMP_ACCEL  { clock_end = sds_clock_counter(); printf("Time in second for hardware version: %llf \n", (float)(clock_end-clock_start)/(float)COUNT_PER_SECOND); clock_start = sds_clock_counter();  }
                                                                                                                                                                           ^
/home/trungnguyen/SDSoC/workspace/correlation_ver1/correlation_ver1_standard_alone/SDRelease/_sds/swstubs/main.cpp:359:5: note: in expansion of macro 'TIME_STAMP_ACCEL'
     TIME_STAMP_ACCEL;
     ^
/home/trungnguyen/SDSoC/workspace/correlation_ver1/correlation_ver1_standard_alone/SDRelease/_sds/swstubs/main.cpp:41:166: warning: use of 'll' length modifier with 'f' type character [-Wformat=]
 #define TIME_STAMP_SW  { clock_end = sds_clock_counter(); printf("Time in second for golden version: %llf \n", (float)(clock_end-clock_start)/(float)COUNT_PER_SECOND); }
                                                                                                                                                                      ^
/home/trungnguyen/SDSoC/workspace/correlation_ver1/correlation_ver1_standard_alone/SDRelease/_sds/swstubs/main.cpp:367:5: note: in expansion of macro 'TIME_STAMP_SW'
     TIME_STAMP_SW;
     ^
/home/trungnguyen/SDSoC/workspace/correlation_ver1/correlation_ver1_standard_alone/SDRelease/_sds/swstubs/main.cpp:41:166: warning: use of 'll' length modifier with 'f' type character [-Wformat=]
 #define TIME_STAMP_SW  { clock_end = sds_clock_counter(); printf("Time in second for golden version: %llf \n", (float)(clock_end-clock_start)/(float)COUNT_PER_SECOND); }
                                                                                                                                                                      ^
/home/trungnguyen/SDSoC/workspace/correlation_ver1/correlation_ver1_standard_alone/SDRelease/_sds/swstubs/main.cpp:367:5: note: in expansion of macro 'TIME_STAMP_SW'
     TIME_STAMP_SW;
     ^
/home/trungnguyen/SDSoC/workspace/correlation_ver1/correlation_ver1_standard_alone/SDRelease/_sds/swstubs/main.cpp:372:10: warning: variable 'status' set but not used [-Wunused-but-set-variable]
     bool status;
          ^
/home/trungnguyen/SDSoC/workspace/correlation_ver1/correlation_ver1_standard_alone/SDRelease/_sds/swstubs/main.cpp: In function 'bool indices_init(uint32_t)':
/home/trungnguyen/SDSoC/workspace/correlation_ver1/correlation_ver1_standard_alone/SDRelease/_sds/swstubs/main.cpp:96:1: warning: control reaches end of non-void function [-Wreturn-type]
 }
 ^
/home/trungnguyen/SDSoC/workspace/correlation_ver1/correlation_ver1_standard_alone/src/correlation_accel_v1.hpp: At global scope:
/home/trungnguyen/SDSoC/workspace/correlation_ver1/correlation_ver1_standard_alone/src/correlation_accel_v1.hpp:64:13: warning: 'void weight_rom_init(float*, int)' declared 'static' but never defined [-Wunused-function]
 static void weight_rom_init(
             ^
INFO: [SDSoC 0-0] Create board support package library
INFO: [SDSoC 0-0] Link application ELF file
INFO: [SDSoC 0-0] Enable generation of hardware programming files
INFO: [SDSoC 0-0] Enable generation of boot files
INFO: [SDSoC 0-0] Calling system_linker for partition 0
system_linker started at Mon Oct 31 09:14:21 PM CET 2016
INFO: [SDSoC 0-0] Generating bitstream for platform zed.
      This may take some time to complete
... [21:14:34] Starting synth_design
... [21:14:39] Starting RTL Elaboration : Time (s): cpu = 00:00:07 ; elapsed = 00:00:08 . Memory (MB): peak = 1024.172 ; gain = 190.680 ; free physical = 10034 ; free virtual = 22183
... [21:16:29] Start Loading Part and Timing Information
... [21:16:29] Start Applying 'set_property' XDC Constraints
... [21:16:39] Start RTL Component Statistics 
... [21:16:39] Start RTL Hierarchical Component Statistics 
... [21:16:39] Start Part Resource Summary
... [21:16:39] Start Parallel Synthesis Optimization  : Time (s): cpu = 00:02:05 ; elapsed = 00:02:04 . Memory (MB): peak = 1811.875 ; gain = 978.383 ; free physical = 9347 ; free virtual = 21503
... [21:16:39] Start Cross Boundary Optimization
... [21:16:44] Start Area Optimization
... [21:17:04] Start Timing Optimization
... [21:17:09] Start Applying XDC Timing Constraints
... [21:17:29] Start Technology Mapping
... [21:17:54] Start IO Insertion
... [21:17:54] Start Flattening Before IO Insertion
... [21:17:54] Start Final Netlist Cleanup
... [21:17:59] Start Renaming Generated Instances
... [21:17:59] Start Rebuilding User Hierarchy
... [21:18:04] Start Writing Synthesis Report
... [21:18:26] Starting DRC Task
... [21:18:31] Starting Logic Optimization Task
... [21:18:41] Starting Power Optimization Task
... [21:18:41] Starting PowerOpt Patch Enables Task
... [21:18:46] Starting Placer Task
... [21:19:16] Starting Routing Task
INFO: [SDSoC 0-0] Creating boot files
system_linker completed at Mon Oct 31 09:20:22 PM CET 2016
All user specified timing constraints are met.
sds++ log file saved as /home/trungnguyen/SDSoC/workspace/correlation_ver1/correlation_ver1_standard_alone/SDRelease/_sds/reports/sds.log

Finished building target: correlation_ver1_standard_alone.elf
 
21:36:30 **** Incremental Build of configuration SDRelease for project correlation_ver1_standard_alone ****
make all 
make: Nothing to be done for `all'.
