#-----------------------------------------------------------
# Vivado v2014.4 (64-bit)
# SW Build 1071353 on Tue Nov 18 16:48:31 MST 2014
# IP Build 1071914 on Wed Nov 19 05:30:59 MST 2014
# Start of session at: Mon Oct 31 19:50:16 2016
# Process ID: 32137
# Log file: /home/trungnguyen/SDSoC/workspace/correlation_ver1/correlation_ver1_linux/SDRelease/_sds/vhls/correlation_accel_v1/solution/impl/ip/vivado.log
# Journal file: /home/trungnguyen/SDSoC/workspace/correlation_ver1/correlation_ver1_linux/SDRelease/_sds/vhls/correlation_accel_v1/solution/impl/ip/vivado.jou
#-----------------------------------------------------------
source run_ippack.tcl -notrace
INFO: [IP_Flow 19-234] Refreshing IP repositories
INFO: [IP_Flow 19-1704] No user IP repositories specified
INFO: [IP_Flow 19-2313] Loaded Vivado IP repository '/opt/Xilinx/SDSoC/2014.4/Vivado/2014.4/data/ip'.
INFO: [IP_Flow 19-1686] Generating 'Synthesis' target for IP 'correlation_accel_v1_ap_fadd_3_full_dsp_32'...
INFO: [IP_Flow 19-1686] Generating 'Simulation' target for IP 'correlation_accel_v1_ap_fadd_3_full_dsp_32'...
INFO: [IP_Flow 19-1686] Generating 'Synthesis' target for IP 'correlation_accel_v1_ap_sitofp_4_no_dsp_32'...
INFO: [IP_Flow 19-1686] Generating 'Simulation' target for IP 'correlation_accel_v1_ap_sitofp_4_no_dsp_32'...
INFO: [IP_Flow 19-1686] Generating 'Synthesis' target for IP 'correlation_accel_v1_ap_faddfsub_3_full_dsp_32'...
INFO: [IP_Flow 19-1686] Generating 'Simulation' target for IP 'correlation_accel_v1_ap_faddfsub_3_full_dsp_32'...
INFO: [IP_Flow 19-1686] Generating 'Synthesis' target for IP 'correlation_accel_v1_ap_fdiv_14_no_dsp_32'...
INFO: [IP_Flow 19-1686] Generating 'Simulation' target for IP 'correlation_accel_v1_ap_fdiv_14_no_dsp_32'...
INFO: [IP_Flow 19-1686] Generating 'Synthesis' target for IP 'correlation_accel_v1_ap_flog_11_full_dsp_32'...
INFO: [IP_Flow 19-1686] Generating 'Simulation' target for IP 'correlation_accel_v1_ap_flog_11_full_dsp_32'...
INFO: [IP_Flow 19-1686] Generating 'Synthesis' target for IP 'correlation_accel_v1_ap_fsqrt_14_no_dsp_32'...
INFO: [IP_Flow 19-1686] Generating 'Simulation' target for IP 'correlation_accel_v1_ap_fsqrt_14_no_dsp_32'...
INFO: [IP_Flow 19-1686] Generating 'Synthesis' target for IP 'correlation_accel_v1_ap_fmul_2_max_dsp_32'...
INFO: [IP_Flow 19-1686] Generating 'Simulation' target for IP 'correlation_accel_v1_ap_fmul_2_max_dsp_32'...
INFO: [IP_Flow 19-234] Refreshing IP repositories
INFO: [IP_Flow 19-1704] No user IP repositories specified
INFO: [IP_Flow 19-2313] Loaded Vivado IP repository '/opt/Xilinx/SDSoC/2014.4/Vivado/2014.4/data/ip'.
INFO: [Common 17-206] Exiting Vivado at Mon Oct 31 19:50:23 2016...
