(c) Copyright 2012-2015 Xilinx, Inc. All Rights Reserved.
#-----------------------------------------------------------
# Tool version  : sds++ 2014.4 20150228
# Start time    : Mon Oct 31 07:50:38 PM CET 2016
# Command line  : sds++ -o correlation_ver1_linux.elf ./src/correlation_accel_v1.o ./src/main.o -sds-pf zed -dmclkid 2
# Log file      : /home/trungnguyen/SDSoC/workspace/correlation_ver1/correlation_ver1_linux/SDRelease/_sds/reports/sds.log
# Journal file  : /home/trungnguyen/SDSoC/workspace/correlation_ver1/correlation_ver1_linux/SDRelease/_sds/reports/sds.jou
# Report file   : /home/trungnguyen/SDSoC/workspace/correlation_ver1/correlation_ver1_linux/SDRelease/_sds/reports/sds.rpt
#-----------------------------------------------------------

Libraries: 
Library Paths {}
INFO: [SDSoC 0-0] Analyzing object files
arm-xilinx-linux-gnueabi-objcopy -O binary --set-section-flags .xddata=alloc --only-section=.xddata /home/trungnguyen/SDSoC/workspace/correlation_ver1/correlation_ver1_linux/SDRelease/src/correlation_accel_v1.o /home/trungnguyen/SDSoC/workspace/correlation_ver1/correlation_ver1_linux/SDRelease/_sds/.data/correlation_accel_v1.o.xml
arm-xilinx-linux-gnueabi-objcopy -O binary --set-section-flags .xdpp=alloc --only-section=.xdpp /home/trungnguyen/SDSoC/workspace/correlation_ver1/correlation_ver1_linux/SDRelease/src/correlation_accel_v1.o /home/trungnguyen/SDSoC/workspace/correlation_ver1/correlation_ver1_linux/SDRelease/_sds/.pp/correlation_accel_v1.ii
arm-xilinx-linux-gnueabi-objcopy -O binary --set-section-flags .xdfcnmap=alloc --only-section=.xdfcnmap /home/trungnguyen/SDSoC/workspace/correlation_ver1/correlation_ver1_linux/SDRelease/src/correlation_accel_v1.o /home/trungnguyen/SDSoC/workspace/correlation_ver1/correlation_ver1_linux/SDRelease/_sds/.cdb/correlation_accel_v1.fcnmap.xml
arm-xilinx-linux-gnueabi-objcopy -O binary --set-section-flags .xdhlscore=alloc --only-section=.xdhlscore /home/trungnguyen/SDSoC/workspace/correlation_ver1/correlation_ver1_linux/SDRelease/src/correlation_accel_v1.o /home/trungnguyen/SDSoC/workspace/correlation_ver1/correlation_ver1_linux/SDRelease/_sds/iprepo/repo/xilinx_com_hls_correlation_accel_v1_1_0/xilinx_com_hls_correlation_accel_v1_1_0.zip
unzip -u -o /home/trungnguyen/SDSoC/workspace/correlation_ver1/correlation_ver1_linux/SDRelease/_sds/iprepo/repo/xilinx_com_hls_correlation_accel_v1_1_0/xilinx_com_hls_correlation_accel_v1_1_0.zip -d /home/trungnguyen/SDSoC/workspace/correlation_ver1/correlation_ver1_linux/SDRelease/_sds/iprepo/repo/xilinx_com_hls_correlation_accel_v1_1_0
Archive:  /home/trungnguyen/SDSoC/workspace/correlation_ver1/correlation_ver1_linux/SDRelease/_sds/iprepo/repo/xilinx_com_hls_correlation_accel_v1_1_0/xilinx_com_hls_correlation_accel_v1_1_0.zip
  inflating: /home/trungnguyen/SDSoC/workspace/correlation_ver1/correlation_ver1_linux/SDRelease/_sds/iprepo/repo/xilinx_com_hls_correlation_accel_v1_1_0/component.xml  
  inflating: /home/trungnguyen/SDSoC/workspace/correlation_ver1/correlation_ver1_linux/SDRelease/_sds/iprepo/repo/xilinx_com_hls_correlation_accel_v1_1_0/hdl/ip/correlation_accel_v1_ap_flog_11_full_dsp_32.vhd  
  inflating: /home/trungnguyen/SDSoC/workspace/correlation_ver1/correlation_ver1_linux/SDRelease/_sds/iprepo/repo/xilinx_com_hls_correlation_accel_v1_1_0/hdl/ip/correlation_accel_v1_ap_sitofp_4_no_dsp_32.vhd  
  inflating: /home/trungnguyen/SDSoC/workspace/correlation_ver1/correlation_ver1_linux/SDRelease/_sds/iprepo/repo/xilinx_com_hls_correlation_accel_v1_1_0/hdl/ip/correlation_accel_v1_ap_fdiv_14_no_dsp_32.vhd  
  inflating: /home/trungnguyen/SDSoC/workspace/correlation_ver1/correlation_ver1_linux/SDRelease/_sds/iprepo/repo/xilinx_com_hls_correlation_accel_v1_1_0/hdl/ip/correlation_accel_v1_ap_fmul_2_max_dsp_32.vhd  
  inflating: /home/trungnguyen/SDSoC/workspace/correlation_ver1/correlation_ver1_linux/SDRelease/_sds/iprepo/repo/xilinx_com_hls_correlation_accel_v1_1_0/hdl/ip/correlation_accel_v1_ap_fsqrt_14_no_dsp_32.vhd  
  inflating: /home/trungnguyen/SDSoC/workspace/correlation_ver1/correlation_ver1_linux/SDRelease/_sds/iprepo/repo/xilinx_com_hls_correlation_accel_v1_1_0/hdl/ip/correlation_accel_v1_ap_faddfsub_3_full_dsp_32.vhd  
  inflating: /home/trungnguyen/SDSoC/workspace/correlation_ver1/correlation_ver1_linux/SDRelease/_sds/iprepo/repo/xilinx_com_hls_correlation_accel_v1_1_0/hdl/ip/correlation_accel_v1_ap_fadd_3_full_dsp_32.vhd  
  inflating: /home/trungnguyen/SDSoC/workspace/correlation_ver1/correlation_ver1_linux/SDRelease/_sds/iprepo/repo/xilinx_com_hls_correlation_accel_v1_1_0/constraints/correlation_accel_v1_ooc.xdc  
  inflating: /home/trungnguyen/SDSoC/workspace/correlation_ver1/correlation_ver1_linux/SDRelease/_sds/iprepo/repo/xilinx_com_hls_correlation_accel_v1_1_0/hdl/verilog/correlation_accel_v1_acc_returnA.v  
  inflating: /home/trungnguyen/SDSoC/workspace/correlation_ver1/correlation_ver1_linux/SDRelease/_sds/iprepo/repo/xilinx_com_hls_correlation_accel_v1_1_0/hdl/verilog/correlation_accel_v1_bramA.v  
  inflating: /home/trungnguyen/SDSoC/workspace/correlation_ver1/correlation_ver1_linux/SDRelease/_sds/iprepo/repo/xilinx_com_hls_correlation_accel_v1_1_0/hdl/verilog/correlation_accel_v1_weight_rom_ram.dat  
  inflating: /home/trungnguyen/SDSoC/workspace/correlation_ver1/correlation_ver1_linux/SDRelease/_sds/iprepo/repo/xilinx_com_hls_correlation_accel_v1_1_0/hdl/verilog/correlation_accel_v1_mul_32s_32s_32_6.v  
  inflating: /home/trungnguyen/SDSoC/workspace/correlation_ver1/correlation_ver1_linux/SDRelease/_sds/iprepo/repo/xilinx_com_hls_correlation_accel_v1_1_0/hdl/verilog/correlation_accel_v1_faddfsub_32ns_32ns_32_5_full_dsp.v  
  inflating: /home/trungnguyen/SDSoC/workspace/correlation_ver1/correlation_ver1_linux/SDRelease/_sds/iprepo/repo/xilinx_com_hls_correlation_accel_v1_1_0/hdl/verilog/correlation_accel_v1_fmul_32ns_32ns_32_4_max_dsp.v  
  inflating: /home/trungnguyen/SDSoC/workspace/correlation_ver1/correlation_ver1_linux/SDRelease/_sds/iprepo/repo/xilinx_com_hls_correlation_accel_v1_1_0/hdl/verilog/correlation_accel_v1_fdiv_32ns_32ns_32_16.v  
  inflating: /home/trungnguyen/SDSoC/workspace/correlation_ver1/correlation_ver1_linux/SDRelease/_sds/iprepo/repo/xilinx_com_hls_correlation_accel_v1_1_0/hdl/verilog/correlation_accel_v1_fadd_32ns_32ns_32_5_full_dsp.v  
  inflating: /home/trungnguyen/SDSoC/workspace/correlation_ver1/correlation_ver1_linux/SDRelease/_sds/iprepo/repo/xilinx_com_hls_correlation_accel_v1_1_0/hdl/verilog/correlation_accel_v1_weight_rom.v  
  inflating: /home/trungnguyen/SDSoC/workspace/correlation_ver1/correlation_ver1_linux/SDRelease/_sds/iprepo/repo/xilinx_com_hls_correlation_accel_v1_1_0/hdl/verilog/correlation_accel_v1.v  
  inflating: /home/trungnguyen/SDSoC/workspace/correlation_ver1/correlation_ver1_linux/SDRelease/_sds/iprepo/repo/xilinx_com_hls_correlation_accel_v1_1_0/hdl/verilog/correlation_accel_v1_fsqrt_32ns_32ns_32_16.v  
  inflating: /home/trungnguyen/SDSoC/workspace/correlation_ver1/correlation_ver1_linux/SDRelease/_sds/iprepo/repo/xilinx_com_hls_correlation_accel_v1_1_0/hdl/verilog/correlation_accel_v1_gmem32_m_axi.v  
  inflating: /home/trungnguyen/SDSoC/workspace/correlation_ver1/correlation_ver1_linux/SDRelease/_sds/iprepo/repo/xilinx_com_hls_correlation_accel_v1_1_0/hdl/verilog/correlation_accel_v1_bramA_ram.dat  
  inflating: /home/trungnguyen/SDSoC/workspace/correlation_ver1/correlation_ver1_linux/SDRelease/_sds/iprepo/repo/xilinx_com_hls_correlation_accel_v1_1_0/hdl/verilog/correlation_accel_v1_sitofp_32s_32_6.v  
  inflating: /home/trungnguyen/SDSoC/workspace/correlation_ver1/correlation_ver1_linux/SDRelease/_sds/iprepo/repo/xilinx_com_hls_correlation_accel_v1_1_0/hdl/verilog/correlation_accel_v1_urem_31ns_4ns_31_35.v  
  inflating: /home/trungnguyen/SDSoC/workspace/correlation_ver1/correlation_ver1_linux/SDRelease/_sds/iprepo/repo/xilinx_com_hls_correlation_accel_v1_1_0/hdl/verilog/correlation_accel_v1_flog_32ns_32ns_32_13_full_dsp.v  
  inflating: /home/trungnguyen/SDSoC/workspace/correlation_ver1/correlation_ver1_linux/SDRelease/_sds/iprepo/repo/xilinx_com_hls_correlation_accel_v1_1_0/hdl/vhdl/correlation_accel_v1_acc_returnA.vhd  
  inflating: /home/trungnguyen/SDSoC/workspace/correlation_ver1/correlation_ver1_linux/SDRelease/_sds/iprepo/repo/xilinx_com_hls_correlation_accel_v1_1_0/hdl/vhdl/correlation_accel_v1.vhd  
  inflating: /home/trungnguyen/SDSoC/workspace/correlation_ver1/correlation_ver1_linux/SDRelease/_sds/iprepo/repo/xilinx_com_hls_correlation_accel_v1_1_0/hdl/vhdl/correlation_accel_v1_urem_31ns_4ns_31_35.vhd  
  inflating: /home/trungnguyen/SDSoC/workspace/correlation_ver1/correlation_ver1_linux/SDRelease/_sds/iprepo/repo/xilinx_com_hls_correlation_accel_v1_1_0/hdl/vhdl/correlation_accel_v1_faddfsub_32ns_32ns_32_5_full_dsp.vhd  
  inflating: /home/trungnguyen/SDSoC/workspace/correlation_ver1/correlation_ver1_linux/SDRelease/_sds/iprepo/repo/xilinx_com_hls_correlation_accel_v1_1_0/hdl/vhdl/correlation_accel_v1_fmul_32ns_32ns_32_4_max_dsp.vhd  
  inflating: /home/trungnguyen/SDSoC/workspace/correlation_ver1/correlation_ver1_linux/SDRelease/_sds/iprepo/repo/xilinx_com_hls_correlation_accel_v1_1_0/hdl/vhdl/correlation_accel_v1_gmem32_m_axi.vhd  
  inflating: /home/trungnguyen/SDSoC/workspace/correlation_ver1/correlation_ver1_linux/SDRelease/_sds/iprepo/repo/xilinx_com_hls_correlation_accel_v1_1_0/hdl/vhdl/correlation_accel_v1_fdiv_32ns_32ns_32_16.vhd  
  inflating: /home/trungnguyen/SDSoC/workspace/correlation_ver1/correlation_ver1_linux/SDRelease/_sds/iprepo/repo/xilinx_com_hls_correlation_accel_v1_1_0/hdl/vhdl/correlation_accel_v1_flog_32ns_32ns_32_13_full_dsp.vhd  
  inflating: /home/trungnguyen/SDSoC/workspace/correlation_ver1/correlation_ver1_linux/SDRelease/_sds/iprepo/repo/xilinx_com_hls_correlation_accel_v1_1_0/hdl/vhdl/correlation_accel_v1_mul_32s_32s_32_6.vhd  
  inflating: /home/trungnguyen/SDSoC/workspace/correlation_ver1/correlation_ver1_linux/SDRelease/_sds/iprepo/repo/xilinx_com_hls_correlation_accel_v1_1_0/hdl/vhdl/correlation_accel_v1_sitofp_32s_32_6.vhd  
  inflating: /home/trungnguyen/SDSoC/workspace/correlation_ver1/correlation_ver1_linux/SDRelease/_sds/iprepo/repo/xilinx_com_hls_correlation_accel_v1_1_0/hdl/vhdl/correlation_accel_v1_weight_rom.vhd  
  inflating: /home/trungnguyen/SDSoC/workspace/correlation_ver1/correlation_ver1_linux/SDRelease/_sds/iprepo/repo/xilinx_com_hls_correlation_accel_v1_1_0/hdl/vhdl/correlation_accel_v1_bramA.vhd  
  inflating: /home/trungnguyen/SDSoC/workspace/correlation_ver1/correlation_ver1_linux/SDRelease/_sds/iprepo/repo/xilinx_com_hls_correlation_accel_v1_1_0/hdl/vhdl/correlation_accel_v1_fadd_32ns_32ns_32_5_full_dsp.vhd  
  inflating: /home/trungnguyen/SDSoC/workspace/correlation_ver1/correlation_ver1_linux/SDRelease/_sds/iprepo/repo/xilinx_com_hls_correlation_accel_v1_1_0/hdl/vhdl/correlation_accel_v1_fsqrt_32ns_32ns_32_16.vhd  
  inflating: /home/trungnguyen/SDSoC/workspace/correlation_ver1/correlation_ver1_linux/SDRelease/_sds/iprepo/repo/xilinx_com_hls_correlation_accel_v1_1_0/doc/ReleaseNotes.txt  
  inflating: /home/trungnguyen/SDSoC/workspace/correlation_ver1/correlation_ver1_linux/SDRelease/_sds/iprepo/repo/xilinx_com_hls_correlation_accel_v1_1_0/misc/logo.png  
  inflating: /home/trungnguyen/SDSoC/workspace/correlation_ver1/correlation_ver1_linux/SDRelease/_sds/iprepo/repo/xilinx_com_hls_correlation_accel_v1_1_0/xgui/correlation_accel_v1_v1_0.tcl  
arm-xilinx-linux-gnueabi-objcopy -O binary --set-section-flags .xdif=alloc --only-section=.xdif /home/trungnguyen/SDSoC/workspace/correlation_ver1/correlation_ver1_linux/SDRelease/src/correlation_accel_v1.o /home/trungnguyen/SDSoC/workspace/correlation_ver1/correlation_ver1_linux/SDRelease/_sds/.cdb/correlation_accel_v1_if.xml
arm-xilinx-linux-gnueabi-objcopy -O binary --set-section-flags .xddata=alloc --only-section=.xddata /home/trungnguyen/SDSoC/workspace/correlation_ver1/correlation_ver1_linux/SDRelease/src/main.o /home/trungnguyen/SDSoC/workspace/correlation_ver1/correlation_ver1_linux/SDRelease/_sds/.data/main.o.xml
build_xd_ip_db  -sdsoc  -sds-pf /opt/Xilinx/SDSoC/2014.4/platforms/zed/zed_hw.pfm  -clkid 2 -ip /home/trungnguyen/SDSoC/workspace/correlation_ver1/correlation_ver1_linux/SDRelease/_sds/iprepo/repo/xilinx_com_hls_correlation_accel_v1_1_0  -o /home/trungnguyen/SDSoC/workspace/correlation_ver1/correlation_ver1_linux/SDRelease/_sds/.cdb/xd_ip_db.xml  
INFO: Using user-defined path for XILINX_XD environment variable /opt/Xilinx/SDSoC/2014.4
processing accelerators: /home/trungnguyen/SDSoC/workspace/correlation_ver1/correlation_ver1_linux/SDRelease/_sds/iprepo/repo/xilinx_com_hls_correlation_accel_v1_1_0
ip_dir: /home/trungnguyen/SDSoC/workspace/correlation_ver1/correlation_ver1_linux/SDRelease/_sds/iprepo/repo/xilinx_com_hls_correlation_accel_v1_1_0
xsltproc --stringparam xpath "spirit:component/spirit:name/text()" /opt/Xilinx/SDSoC/2014.4/scripts/xdcc/xpathValueOf.xsl /home/trungnguyen/SDSoC/workspace/correlation_ver1/correlation_ver1_linux/SDRelease/_sds/iprepo/repo/xilinx_com_hls_correlation_accel_v1_1_0/component.xml
ip_name: correlation_accel_v1
INFO: [SDSoC 0-0] Generating data motion network
llvm-link -o /home/trungnguyen/SDSoC/workspace/correlation_ver1/correlation_ver1_linux/SDRelease/_sds/.llvm/sdi_all.o /home/trungnguyen/SDSoC/workspace/correlation_ver1/correlation_ver1_linux/SDRelease/_sds/.llvm/./src/correlation_accel_v1.s /home/trungnguyen/SDSoC/workspace/correlation_ver1/correlation_ver1_linux/SDRelease/_sds/.llvm/./src/main.s
XidanePass  --platform zed  --dmclkid 2  --repo /home/trungnguyen/SDSoC/workspace/correlation_ver1/correlation_ver1_linux/SDRelease/_sds/.cdb/xd_ip_db.xml  --dmdb /opt/Xilinx/SDSoC/2014.4/data/DM.db   -os linux 
INFO: [SDSoC 0-0] Analyzing hardware accelerators...
INFO: [SDSoC 0-0] Analyzing callers to hardware accelerators...
INFO: [SDSoC 0-0] Scheduling data transfer graph for partition 0
INFO: [SDSoC 0-0] Creating data motion network hardware for partition 0
INFO: [SDSoC 0-0] Creating software stub functions for partition 0
INFO: [SDSoC 0-0] Generating data motion network report for partition 0
INFO: [SDSoC 0-0] Rewriting caller code
INFO: [SDSoC 0-0] Rewrite /home/trungnguyen/SDSoC/workspace/correlation_ver1/correlation_ver1_linux/src/main.cpp
INFO: [SDSoC 0-0] Create accelerator stub functions
stub_gen  -func correlation_accel_v1  -stub /home/trungnguyen/SDSoC/workspace/correlation_ver1/correlation_ver1_linux/SDRelease/_sds/.llvm/correlation_accel_v1.cfrewrite  -o /home/trungnguyen/SDSoC/workspace/correlation_ver1/correlation_ver1_linux/SDRelease/_sds/swstubs/correlation_accel_v1.cpp  /home/trungnguyen/SDSoC/workspace/correlation_ver1/correlation_ver1_linux/src/correlation_accel_v1.cpp  --  -c  -target arm-xilinx-linux-gnueabi -mcpu=cortex-a9 -O0 -g -w   -I/opt/Xilinx/SDSoC/2014.4/SDK/2014.4/gnu/arm/lin/arm-xilinx-linux-gnueabi/include/c++/4.8.3  -I/opt/Xilinx/SDSoC/2014.4/SDK/2014.4/gnu/arm/lin/arm-xilinx-linux-gnueabi/include/c++/4.8.3/arm-xilinx-linux-gnueabi  -I/opt/Xilinx/SDSoC/2014.4/SDK/2014.4/gnu/arm/lin/arm-xilinx-linux-gnueabi/include/c++/4.8.3/backward   -I/opt/Xilinx/SDSoC/2014.4/SDK/2014.4/gnu/arm/lin/lib/gcc/arm-xilinx-linux-gnueabi/4.8.3/include  -I/opt/Xilinx/SDSoC/2014.4/SDK/2014.4/gnu/arm/lin/lib/gcc/arm-xilinx-linux-gnueabi/4.8.3/include-fixed  -I/opt/Xilinx/SDSoC/2014.4/SDK/2014.4/gnu/arm/lin/arm-xilinx-linux-gnueabi/include  -I/opt/Xilinx/SDSoC/2014.4/SDK/2014.4/gnu/arm/lin/arm-xilinx-linux-gnueabi/libc/usr/include  -I /opt/Xilinx/SDSoC/2014.4/Vivado_HLS/2014.4/include  -I /opt/Xilinx/SDSoC/2014.4/arm-xilinx-linux-gnueabi/include    -I/home/trungnguyen/SDSoC/workspace/correlation_ver1/correlation_ver1_linux/src -I/home/trungnguyen/SDSoC/workspace/correlation_ver1/correlation_ver1_linux/src -Wall -O3 -fmessage-length=0 -MMD -MP -D __SDSCC__
INFO: [SDSoC 0-0] Successfully performed stub generation on file: 
xsltproc  -o /home/trungnguyen/SDSoC/workspace/correlation_ver1/correlation_ver1_linux/SDRelease/_sds/p0/ipi/apsys_acc_info.xml  --stringparam P_XD_IP_REPOS /home/trungnguyen/SDSoC/workspace/correlation_ver1/correlation_ver1_linux/SDRelease/_sds/.cdb/xd_ip_db.xml  /opt/Xilinx/SDSoC/2014.4/scripts/xsd/genAdapterPackagedIpInfo.xsl 
         /home/trungnguyen/SDSoC/workspace/correlation_ver1/correlation_ver1_linux/SDRelease/_sds/.llvm/apsys_0.xml
INFO: [SDSoC 0-0] Creating block diagram (BD), address map, port information and device registration for partition 0 (this may take a few minutes)
system_linker -cf-input /home/trungnguyen/SDSoC/workspace/correlation_ver1/correlation_ver1_linux/SDRelease/_sds/.llvm/apsys_0.xml -cf-output-dir _sds/p0 -ip-db /home/trungnguyen/SDSoC/workspace/correlation_ver1/correlation_ver1_linux/SDRelease/_sds/.cdb/xd_ip_db.xml -ip-repo /home/trungnguyen/SDSoC/workspace/correlation_ver1/correlation_ver1_linux/SDRelease/_sds/iprepo/repo -sds-pf /opt/Xilinx/SDSoC/2014.4/platforms/zed:linux -software-only   -sdsoc
system_linker started at Mon Oct 31 07:50:40 PM CET 2016
INFO: [SDSoC 0-0] Creating hardware project files
INFO: [SDSoC 0-0] Creating Vivado block design
INFO: [SDSoC 0-0] Creating block diagram (BD) and address map
INFO: [SDSoC 0-0] Copying address map
INFO: [SDSoC 0-0] Creating port and device registration data
/opt/Xilinx/SDSoC/2014.4/bin/cf2sw -i apsys_0.xml -r /home/trungnguyen/SDSoC/workspace/correlation_ver1/correlation_ver1_linux/SDRelease/_sds/.cdb/xd_ip_db.xml -a address_map.xml -pollMode 0    -n
system_linker completed at Mon Oct 31 07:51:14 PM CET 2016
INFO: [SDSoC 0-0] Prepare hardware access API functions
INFO: [SDSoC 0-0] Compile hardware access API functions
INFO: [SDSoC 0-0] Compile accelerator stub functions
arm-xilinx-linux-gnueabi-gcc -I /opt/Xilinx/SDSoC/2014.4/arm-xilinx-linux-gnueabi/include  -I /opt/Xilinx/SDSoC/2014.4/Vivado_HLS/2014.4/include    -c  /home/trungnguyen/SDSoC/workspace/correlation_ver1/correlation_ver1_linux/SDRelease/_sds/swstubs/devreg.c
arm-xilinx-linux-gnueabi-gcc -I /opt/Xilinx/SDSoC/2014.4/arm-xilinx-linux-gnueabi/include  -I /opt/Xilinx/SDSoC/2014.4/Vivado_HLS/2014.4/include    -c  /home/trungnguyen/SDSoC/workspace/correlation_ver1/correlation_ver1_linux/SDRelease/_sds/swstubs/portinfo.c
arm-xilinx-linux-gnueabi-g++ -I /opt/Xilinx/SDSoC/2014.4/arm-xilinx-linux-gnueabi/include  -I /opt/Xilinx/SDSoC/2014.4/Vivado_HLS/2014.4/include    -c  /home/trungnguyen/SDSoC/workspace/correlation_ver1/correlation_ver1_linux/SDRelease/_sds/swstubs/cf_stub.c
arm-xilinx-linux-gnueabi-ar crs /home/trungnguyen/SDSoC/workspace/correlation_ver1/correlation_ver1_linux/SDRelease/_sds/swstubs/libxlnk_stub.a /home/trungnguyen/SDSoC/workspace/correlation_ver1/correlation_ver1_linux/SDRelease/_sds/swstubs/devreg.o /home/trungnguyen/SDSoC/workspace/correlation_ver1/correlation_ver1_linux/SDRelease/_sds/swstubs/portinfo.o /home/trungnguyen/SDSoC/workspace/correlation_ver1/correlation_ver1_linux/SDRelease/_sds/swstubs/cf_stub.o
arm-xilinx-linux-gnueabi-g++ -c correlation_accel_v1.cpp -I /opt/Xilinx/SDSoC/2014.4/arm-xilinx-linux-gnueabi/include  -I /opt/Xilinx/SDSoC/2014.4/Vivado_HLS/2014.4/include   -I/home/trungnguyen/SDSoC/workspace/correlation_ver1/correlation_ver1_linux/src -I/home/trungnguyen/SDSoC/workspace/correlation_ver1/correlation_ver1_linux/src -Wall -O3 -fmessage-length=0 -MMD -MP -D __SDSCC__  -o correlation_accel_v1.o
/home/trungnguyen/SDSoC/workspace/correlation_ver1/correlation_ver1_linux/src/correlation_accel_v1.hpp:78:32: warning: extra tokens at end of #endif directive [enabled by default]
 #endif /* CORRELATION_ACCL_H */_
                                ^
correlation_accel_v1.cpp: In function 'int correlation_accel_v1(int, int, float*, float*)':
correlation_accel_v1.cpp:97:6: warning: label 'ACCUMULATION_LOOP' defined but not used [-Wunused-label]
      ACCUMULATION_LOOP:
      ^
correlation_accel_v1.cpp:81:6: warning: label 'RESET_REGISTERS' defined but not used [-Wunused-label]
      RESET_REGISTERS:
      ^
correlation_accel_v1.cpp:61:4: warning: label 'INNER_LOOP' defined but not used [-Wunused-label]
    INNER_LOOP:
    ^
correlation_accel_v1.cpp:130:6: warning: label 'LAST_ACCUM_LOOP' defined but not used [-Wunused-label]
      LAST_ACCUM_LOOP:
      ^
correlation_accel_v1.cpp:51:2: warning: label 'OUTER_LOOP' defined but not used [-Wunused-label]
  OUTER_LOOP:
  ^
correlation_accel_v1.cpp: In function 'void weight_rom_init(float*, int)':
correlation_accel_v1.cpp:235:2: warning: label 'INIT_WEIGHT_ROM' defined but not used [-Wunused-label]
  INIT_WEIGHT_ROM:
  ^
correlation_accel_v1.cpp:240:2: warning: label 'COMP_SUM_OF_WEIGHT' defined but not used [-Wunused-label]
  COMP_SUM_OF_WEIGHT:
  ^
INFO: [SDSoC 0-0] Compile rewritten caller functions
arm-xilinx-linux-gnueabi-objcopy -O binary --set-section-flags .xdsdata=alloc --only-section=.xdsdata /home/trungnguyen/SDSoC/workspace/correlation_ver1/correlation_ver1_linux/SDRelease/src/main.o /home/trungnguyen/SDSoC/workspace/correlation_ver1/correlation_ver1_linux/SDRelease/_sds/.data/main.xml
arm-xilinx-linux-gnueabi-g++ -c /home/trungnguyen/SDSoC/workspace/correlation_ver1/correlation_ver1_linux/SDRelease/_sds/swstubs/main.cpp -I/home/trungnguyen/SDSoC/workspace/correlation_ver1/correlation_ver1_linux/src -I/home/trungnguyen/SDSoC/workspace/correlation_ver1/correlation_ver1_linux/src -Wall -O3 -fmessage-length=0 -MMD -MP -D __SDSCC__ -I /opt/Xilinx/SDSoC/2014.4/arm-xilinx-linux-gnueabi/include  -I /opt/Xilinx/SDSoC/2014.4/Vivado_HLS/2014.4/include   -o /home/trungnguyen/SDSoC/workspace/correlation_ver1/correlation_ver1_linux/SDRelease/_sds/swstubs/main.o
/home/trungnguyen/SDSoC/workspace/correlation_ver1/correlation_ver1_linux/src/correlation_accel_v1.hpp:78:32: warning: extra tokens at end of #endif directive [enabled by default]
 #endif /* CORRELATION_ACCL_H */_
                                ^
/home/trungnguyen/SDSoC/workspace/correlation_ver1/correlation_ver1_linux/SDRelease/_sds/swstubs/main.cpp: In function 'int main(int, char**)':
/home/trungnguyen/SDSoC/workspace/correlation_ver1/correlation_ver1_linux/SDRelease/_sds/swstubs/main.cpp:42:171: warning: use of 'll' length modifier with 'f' type character [-Wformat=]
 #define TIME_STAMP_ACCEL  { clock_end = sds_clock_counter(); printf("Time in second for hardware version: %llf \n", (float)(clock_end-clock_start)/(float)COUNT_PER_SECOND); clock_start = sds_clock_counter();  }
                                                                                                                                                                           ^
/home/trungnguyen/SDSoC/workspace/correlation_ver1/correlation_ver1_linux/SDRelease/_sds/swstubs/main.cpp:357:5: note: in expansion of macro 'TIME_STAMP_ACCEL'
     TIME_STAMP_ACCEL;
     ^
/home/trungnguyen/SDSoC/workspace/correlation_ver1/correlation_ver1_linux/SDRelease/_sds/swstubs/main.cpp:41:166: warning: use of 'll' length modifier with 'f' type character [-Wformat=]
 #define TIME_STAMP_SW  { clock_end = sds_clock_counter(); printf("Time in second for golden version: %llf \n", (float)(clock_end-clock_start)/(float)COUNT_PER_SECOND); }
                                                                                                                                                                      ^
/home/trungnguyen/SDSoC/workspace/correlation_ver1/correlation_ver1_linux/SDRelease/_sds/swstubs/main.cpp:365:5: note: in expansion of macro 'TIME_STAMP_SW'
     TIME_STAMP_SW;
     ^
/home/trungnguyen/SDSoC/workspace/correlation_ver1/correlation_ver1_linux/SDRelease/_sds/swstubs/main.cpp:370:10: warning: variable 'status' set but not used [-Wunused-but-set-variable]
     bool status;
          ^
/home/trungnguyen/SDSoC/workspace/correlation_ver1/correlation_ver1_linux/SDRelease/_sds/swstubs/main.cpp: In function 'bool indices_init(uint32_t)':
/home/trungnguyen/SDSoC/workspace/correlation_ver1/correlation_ver1_linux/SDRelease/_sds/swstubs/main.cpp:96:1: warning: control reaches end of non-void function [-Wreturn-type]
 }
 ^
/home/trungnguyen/SDSoC/workspace/correlation_ver1/correlation_ver1_linux/src/correlation_accel_v1.hpp: At global scope:
/home/trungnguyen/SDSoC/workspace/correlation_ver1/correlation_ver1_linux/src/correlation_accel_v1.hpp:64:13: warning: 'void weight_rom_init(float*, int)' declared 'static' but never defined [-Wunused-function]
 static void weight_rom_init(
             ^
arm-xilinx-linux-gnueabi-ar crs /home/trungnguyen/SDSoC/workspace/correlation_ver1/correlation_ver1_linux/SDRelease/_sds/swstubs/libcorrelation_ver1_linux.a /home/trungnguyen/SDSoC/workspace/correlation_ver1/correlation_ver1_linux/SDRelease/_sds/swstubs/devreg.o /home/trungnguyen/SDSoC/workspace/correlation_ver1/correlation_ver1_linux/SDRelease/_sds/swstubs/portinfo.o /home/trungnguyen/SDSoC/workspace/correlation_ver1/correlation_ver1_linux/SDRelease/_sds/swstubs/cf_stub.o /home/trungnguyen/SDSoC/workspace/correlation_ver1/correlation_ver1_linux/SDRelease/_sds/swstubs/correlation_accel_v1.o
INFO: [SDSoC 0-0] Link application ELF file
arm-xilinx-linux-gnueabi-g++   /home/trungnguyen/SDSoC/workspace/correlation_ver1/correlation_ver1_linux/SDRelease/src/correlation_accel_v1.o /home/trungnguyen/SDSoC/workspace/correlation_ver1/correlation_ver1_linux/SDRelease/_sds/swstubs/main.o /home/trungnguyen/SDSoC/workspace/correlation_ver1/correlation_ver1_linux/SDRelease/_sds/swstubs/correlation_accel_v1.o     -L /opt/Xilinx/SDSoC/2014.4/arm-xilinx-linux-gnueabi/lib -L/home/trungnguyen/SDSoC/workspace/correlation_ver1/correlation_ver1_linux/SDRelease/_sds/swstubs -Wl,--start-group  -Wl,--end-group -Wl,--start-group    -lpthread -lsds_lib -lxlnk_stub  -Wl,--end-group -o /home/trungnguyen/SDSoC/workspace/correlation_ver1/correlation_ver1_linux/SDRelease/_sds/swstubs/correlation_ver1_linux.elf
arm-xilinx-linux-gnueabi-objcopy -R .xddata -R .xdfcnmap -R .xdhlscore -R .xdcore -R .xdbdtcl -R .xdsdata -R .xdpp /home/trungnguyen/SDSoC/workspace/correlation_ver1/correlation_ver1_linux/SDRelease/_sds/swstubs/correlation_ver1_linux.elf
INFO: [SDSoC 0-0] Enable generation of hardware programming files
INFO: [SDSoC 0-0] Enable generation of boot files
INFO: [SDSoC 0-0] Calling system_linker for partition 0
system_linker -cf-input /home/trungnguyen/SDSoC/workspace/correlation_ver1/correlation_ver1_linux/SDRelease/_sds/.llvm/apsys_0.xml -cf-output-dir _sds/p0 -ip-db /home/trungnguyen/SDSoC/workspace/correlation_ver1/correlation_ver1_linux/SDRelease/_sds/.cdb/xd_ip_db.xml -ip-repo /home/trungnguyen/SDSoC/workspace/correlation_ver1/correlation_ver1_linux/SDRelease/_sds/iprepo/repo -sds-pf /opt/Xilinx/SDSoC/2014.4/platforms/zed:linux -bitstream -bit-name correlation_ver1_linux.elf.bit -boot-files   -mdev-no-swgen -mdev-no-xsd -sdsoc -sd-output-dir _sds/p0/sd_card -bit-binary -elf /home/trungnguyen/SDSoC/workspace/correlation_ver1/correlation_ver1_linux/SDRelease/_sds/swstubs/correlation_ver1_linux.elf
system_linker started at Mon Oct 31 07:51:16 PM CET 2016
INFO: [SDSoC 0-0] Generating bitstream for platform zed.
      This may take some time to complete
... [19:51:28] Starting synth_design
... [19:51:33] Starting RTL Elaboration : Time (s): cpu = 00:00:07 ; elapsed = 00:00:08 . Memory (MB): peak = 1023.168 ; gain = 189.684 ; free physical = 11039 ; free virtual = 22236
... [19:53:23] Start Loading Part and Timing Information
... [19:53:23] Start Applying 'set_property' XDC Constraints
... [19:53:28] Start RTL Component Statistics 
... [19:53:28] Start RTL Hierarchical Component Statistics 
... [19:53:28] Start Part Resource Summary
... [19:53:28] Start Parallel Synthesis Optimization  : Time (s): cpu = 00:02:05 ; elapsed = 00:02:04 . Memory (MB): peak = 1779.219 ; gain = 945.734 ; free physical = 10408 ; free virtual = 21612
... [19:53:28] Start Cross Boundary Optimization
... [19:53:38] Start Area Optimization
... [19:53:48] Start Timing Optimization
... [19:53:58] Start Applying XDC Timing Constraints
... [19:54:03] Start Technology Mapping
... [19:54:28] Start IO Insertion
... [19:54:28] Start Flattening Before IO Insertion
... [19:54:28] Start Final Netlist Cleanup
... [19:54:28] Start Renaming Generated Instances
... [19:54:33] Start Rebuilding User Hierarchy
... [19:54:33] Start Writing Synthesis Report
... [19:55:01] Starting DRC Task
... [19:55:06] Starting Logic Optimization Task
... [19:55:11] Starting Power Optimization Task
... [19:55:16] Starting PowerOpt Patch Enables Task
... [19:55:21] Starting Placer Task
... [19:55:51] Starting Routing Task
INFO: [SDSoC 0-0] Creating boot files
system_linker completed at Mon Oct 31 07:56:51 PM CET 2016
All user specified timing constraints are met.
sds++ log file saved as /home/trungnguyen/SDSoC/workspace/correlation_ver1/correlation_ver1_linux/SDRelease/_sds/reports/sds.log
sds++ completed at Mon Oct 31 07:56:51 PM CET 2016
