==============================================================
File generated by Vivado(TM) HLS - High-Level Synthesis from C, C++ and SystemC
Version: 2014.4
Copyright (C) 2014 Xilinx Inc. All rights reserved.

==============================================================

@I [LIC-101] Checked out feature [VIVADO_HLS]
@I [HLS-10] Setting target device to ' xc7z020clg484-1 '
@I [SYN-201] Setting up clock 'default' with a period of 8.5ns.
@I [HLS-10] Analyzing design file 'C:/labs/lab1_prebuilt/SDRelease/_sds/vhls/src/mmult.cpp' ... 
@I [HLS-10] Validating synthesis directives ...
@I [HLS-10] Starting code transformations ...
@I [XFORM-603] Inlining function 'mmult_kernel' into 'mmult' (C:/labs/lab1_prebuilt/SDRelease/_sds/vhls/src/mmult.cpp:64).
@I [HLS-10] Checking synthesizability ...
@I [XFORM-502] Unrolling all sub-loops inside loop 'Loop-3.1' (C:/labs/lab1_prebuilt/SDRelease/_sds/vhls/src/mmult.cpp:17) in function 'mmult' for pipelining.
@I [XFORM-501] Unrolling loop 'Loop-3.1.1' (C:/labs/lab1_prebuilt/SDRelease/_sds/vhls/src/mmult.cpp:20) in function 'mmult' completely.
@I [XFORM-101] Partitioning array 'a_buf' (C:/labs/lab1_prebuilt/SDRelease/_sds/vhls/src/mmult.cpp:44) in dimension 2 with a block factor 16.
@I [XFORM-101] Partitioning array 'b_buf' (C:/labs/lab1_prebuilt/SDRelease/_sds/vhls/src/mmult.cpp:45) in dimension 1 with a block factor 16.
@I [XFORM-541] Flattening a loop nest 'Loop-1' (C:/labs/lab1_prebuilt/SDRelease/_sds/vhls/src/mmult.cpp:48:7) in function 'mmult'.
@I [XFORM-541] Flattening a loop nest 'Loop-2' (C:/labs/lab1_prebuilt/SDRelease/_sds/vhls/src/mmult.cpp:56:7) in function 'mmult'.
@I [XFORM-541] Flattening a loop nest 'Loop-3' (C:/labs/lab1_prebuilt/SDRelease/_sds/vhls/src/mmult.cpp:16:8) in function 'mmult'.
@I [HLS-111] Elapsed time: 30.886 seconds; current memory usage: 77.4 MB.
@I [HLS-10] Starting hardware synthesis ...
@I [HLS-10] Synthesizing 'mmult' ...
@I [HLS-10] ----------------------------------------------------------------
@I [HLS-10] -- Scheduling module 'mmult' 
@I [HLS-10] ----------------------------------------------------------------
@I [SCHED-11] Starting scheduling ...
@I [SCHED-61] Pipelining loop 'Loop 1'.
@I [SCHED-61] Pipelining result: Target II: 1, Final II: 1, Depth: 2.
@I [SCHED-61] Pipelining loop 'Loop 2'.
@I [SCHED-61] Pipelining result: Target II: 1, Final II: 1, Depth: 2.
@I [SCHED-61] Pipelining loop 'Loop 3'.
@I [SCHED-61] Pipelining result: Target II: 1, Final II: 1, Depth: 167.
@W [SCHED-71] Latency directive discarded for region mmult since it contains subloops.
@I [SCHED-11] Finished scheduling.
@I [HLS-111] Elapsed time: 0.889 seconds; current memory usage: 82.3 MB.
@I [HLS-10] ----------------------------------------------------------------
@I [HLS-10] -- Exploring micro-architecture for module 'mmult' 
@I [HLS-10] ----------------------------------------------------------------
@I [BIND-100] Starting micro-architecture generation ...
@I [BIND-101] Performing variable lifetime analysis.
@I [BIND-101] Exploring resource sharing.
@I [BIND-101] Binding ...
@I [BIND-100] Finished micro-architecture generation.
@I [HLS-111] Elapsed time: 0.328 seconds; current memory usage: 82.8 MB.
@I [HLS-10] ----------------------------------------------------------------
@I [HLS-10] -- Generating RTL for module 'mmult' 
@I [HLS-10] ----------------------------------------------------------------
@I [RTGEN-500] Setting interface mode on port 'mmult/in_A' to 'ap_fifo'.
@I [RTGEN-500] Setting interface mode on port 'mmult/in_B' to 'ap_fifo'.
@I [RTGEN-500] Setting interface mode on port 'mmult/out_C' to 'ap_fifo'.
@I [RTGEN-500] Setting interface mode on function 'mmult' to 'ap_ctrl_hs'.
@I [RTGEN-100] Generating core module 'mmult_fadd_32ns_32ns_32_5_full_dsp': 32 instance(s).
@I [RTGEN-100] Generating core module 'mmult_fmul_32ns_32ns_32_4_max_dsp': 32 instance(s).
@I [RTGEN-100] Finished creating RTL model for 'mmult'.
@I [HLS-111] Elapsed time: 0.92 seconds; current memory usage: 88.1 MB.
@I [RTMG-278] Implementing memory 'mmult_a_buf_0_ram' using block RAMs.
@I [HLS-10] Finished generating all RTL models.
@I [WSYSC-301] Generating RTL SystemC for 'mmult'.
@I [WVHDL-304] Generating RTL VHDL for 'mmult'.
@I [WVLOG-307] Generating RTL Verilog for 'mmult'.
@I [IMPL-8] Exporting RTL as an IP in IP-XACT.
@I [HLS-112] Total elapsed time: 85.303 seconds; peak memory usage: 89.3 MB.
@I [LIC-101] Checked in feature [VIVADO_HLS]
