==============================================================
File generated by Vivado(TM) HLS - High-Level Synthesis from C, C++ and SystemC
Version: 2014.4
Copyright (C) 2014 Xilinx Inc. All rights reserved.

==============================================================

@I [HLS-10] Setting target device to ' xc7z020clg484-1 '
@I [SYN-201] Setting up clock 'default' with a period of 5.95ns.
@I [HLS-10] Analyzing design file '/home/trungnguyen/SDSoC/samples/mmult_hw/_sds/vhls/src/mmult_accel.cpp' ... 
@I [HLS-10] Validating synthesis directives ...
@I [HLS-10] Starting code transformations ...
@I [HLS-10] Checking synthesizability ...
@I [HLS-111] Elapsed time: 0.61 seconds; current memory usage: 49.8 MB.
@I [HLS-10] Starting hardware synthesis ...
@I [HLS-10] Synthesizing 'mmult_accel' ...
@I [HLS-10] ----------------------------------------------------------------
@I [HLS-10] -- Scheduling module 'mmult_accel' 
@I [HLS-10] ----------------------------------------------------------------
@I [SCHED-11] Starting scheduling ...
@W [SCHED-71] Latency directive discarded for region mmult_accel since it contains subloops.
@I [SCHED-11] Finished scheduling.
@I [HLS-111] Elapsed time: 0.03 seconds; current memory usage: 50.2 MB.
@I [HLS-10] ----------------------------------------------------------------
@I [HLS-10] -- Exploring micro-architecture for module 'mmult_accel' 
@I [HLS-10] ----------------------------------------------------------------
@I [BIND-100] Starting micro-architecture generation ...
@I [BIND-101] Performing variable lifetime analysis.
@I [BIND-101] Exploring resource sharing.
@I [BIND-101] Binding ...
@I [BIND-100] Finished micro-architecture generation.
@I [HLS-111] Elapsed time: 0.01 seconds; current memory usage: 50.5 MB.
@I [HLS-10] ----------------------------------------------------------------
@I [HLS-10] -- Generating RTL for module 'mmult_accel' 
@I [HLS-10] ----------------------------------------------------------------
@I [RTGEN-500] Setting interface mode on port 'mmult_accel/in_A' to 'bram'.
@I [RTGEN-500] Setting interface mode on port 'mmult_accel/in_B' to 'bram'.
@I [RTGEN-500] Setting interface mode on port 'mmult_accel/out_C' to 'bram'.
@I [RTGEN-500] Setting interface mode on function 'mmult_accel' to 'ap_ctrl_hs'.
@W [RTGEN-101] Setting dangling out port 'mmult_accel/in_A_WEN_A' to 0.
@W [RTGEN-101] Setting dangling out port 'mmult_accel/in_A_Din_A' to 0.
@W [RTGEN-101] Setting dangling out port 'mmult_accel/in_B_WEN_A' to 0.
@W [RTGEN-101] Setting dangling out port 'mmult_accel/in_B_Din_A' to 0.
@I [RTGEN-100] Generating core module 'mmult_accel_fadd_32ns_32ns_32_9_full_dsp': 1 instance(s).
@I [RTGEN-100] Generating core module 'mmult_accel_fmul_32ns_32ns_32_5_max_dsp': 1 instance(s).
@I [RTGEN-100] Finished creating RTL model for 'mmult_accel'.
@I [HLS-111] Elapsed time: 0.02 seconds; current memory usage: 50.9 MB.
@I [HLS-10] Finished generating all RTL models.
@I [WSYSC-301] Generating RTL SystemC for 'mmult_accel'.
@I [WVHDL-304] Generating RTL VHDL for 'mmult_accel'.
@I [WVLOG-307] Generating RTL Verilog for 'mmult_accel'.
@I [IMPL-8] Exporting RTL as an IP in IP-XACT.
@I [HLS-112] Total elapsed time: 17.32 seconds; peak memory usage: 50.9 MB.
@I [LIC-101] Checked in feature [HLS]
