

================================================================
== Vivado HLS Report for 'correlation_accel_v4_backEnd'
================================================================
* Date:           Thu Feb  9 13:42:54 2017

* Version:        2014.4 (Build 1071461 on Tue Nov 18 16:42:57 PM 2014)
* Project:        correlation_accel_v4
* Solution:       solution
* Product family: zynq
* Target device:  xc7z020clg484-1


================================================================
== Performance Estimates
================================================================
+ Timing (ns): 
    * Summary: 
    +---------+-------+----------+------------+
    |  Clock  | Target| Estimated| Uncertainty|
    +---------+-------+----------+------------+
    |default  |   8.50|      7.26|        1.06|
    +---------+-------+----------+------------+

+ Latency (clock cycles): 
    * Summary: 
    +-----+--------------+-----+--------------+---------+
    |       Latency      |      Interval      | Pipeline|
    | min |      max     | min |      max     |   Type  |
    +-----+--------------+-----+--------------+---------+
    |    7|  186831077209|    7|  186831077209|   none  |
    +-----+--------------+-----+--------------+---------+

    + Detail: 
        * Instance: 
        N/A

        * Loop: 
        +----------+-----+--------------+----------+-----------+-----------+----------------+----------+
        |          |       Latency      | Iteration|  Initiation Interval  |      Trip      |          |
        | Loop Name| min |      max     |  Latency |  achieved |   target  |      Count     | Pipelined|
        +----------+-----+--------------+----------+-----------+-----------+----------------+----------+
        |- Loop 1  |    0|  186831077202|        87|          -|          -| 0 ~ 2147483646 |    no    |
        +----------+-----+--------------+----------+-----------+-----------+----------------+----------+



================================================================
== Utilization Estimates
================================================================
* Summary: 
+-----------------+---------+-------+--------+-------+
|       Name      | BRAM_18K| DSP48E|   FF   |  LUT  |
+-----------------+---------+-------+--------+-------+
|Expression       |        -|      -|       -|      -|
|FIFO             |        -|      -|       -|      -|
|Instance         |        -|      -|       -|      -|
|Memory           |        -|      -|       -|      -|
|Multiplexer      |        -|      -|       -|      -|
|Register         |        -|      -|       -|      -|
+-----------------+---------+-------+--------+-------+
|Total            |        0|      0|       0|      0|
+-----------------+---------+-------+--------+-------+
|Available        |      280|    220|  106400|  53200|
+-----------------+---------+-------+--------+-------+
|Utilization (%)  |        0|      0|       0|      0|
+-----------------+---------+-------+--------+-------+

+ Detail: 
    * Instance: 
    N/A

    * Memory: 
    N/A

    * FIFO: 
    N/A

    * Expression: 
    N/A

    * Multiplexer: 
    N/A

    * Register: 
    N/A



================================================================
== Interface
================================================================
* Summary: 
N/A

============================================================
+ Verbose Summary: Synthesis Manager
============================================================
InlineROM: 1
ExposeGlobal: 0
============================================================
+ Verbose Summary: CDFG Model
============================================================
IsTopModel: 0
ResetActiveHigh: 1
IsCombinational: 2
IsDatapathOnly: 0
HasWiredReturn: 1
HasMFsm: 0
HasVarLatency: 1
IsPipeline: 0
IsRtlPipelined: 0
IsInstanceOverlapped: 0
IsDontTouch: 0
HasImplIP: 0
IsGatedGlobalClock: 0


============================================================
+ Verbose Summary: Schedule
============================================================
* Number of FSM states: 94
* Pipeline: 0
* Dataflow Pipeline: 0

* FSM state transitions: 
1 --> 
	2  / true
2 --> 
	3  / true
3 --> 
	4  / true
4 --> 
	5  / true
5 --> 
	6  / true
6 --> 
	7  / true
7 --> 
	8  / true
8 --> 
	9  / (tmp_45_i)
9 --> 
	10  / true
10 --> 
	11  / true
11 --> 
	12  / true
12 --> 
	13  / true
13 --> 
	14  / true
14 --> 
	15  / true
15 --> 
	16  / true
16 --> 
	17  / true
17 --> 
	18  / true
18 --> 
	19  / true
19 --> 
	20  / true
20 --> 
	21  / true
21 --> 
	22  / true
22 --> 
	23  / true
23 --> 
	24  / true
24 --> 
	25  / true
25 --> 
	26  / true
26 --> 
	27  / true
27 --> 
	28  / true
28 --> 
	29  / true
29 --> 
	30  / true
30 --> 
	31  / true
31 --> 
	32  / true
32 --> 
	33  / true
33 --> 
	34  / true
34 --> 
	35  / true
35 --> 
	36  / true
36 --> 
	37  / true
37 --> 
	38  / true
38 --> 
	39  / true
39 --> 
	40  / true
40 --> 
	41  / true
41 --> 
	42  / true
42 --> 
	43  / true
43 --> 
	44  / true
44 --> 
	45  / true
45 --> 
	46  / true
46 --> 
	47  / true
47 --> 
	48  / true
48 --> 
	49  / true
49 --> 
	50  / true
50 --> 
	51  / true
51 --> 
	52  / true
52 --> 
	53  / true
53 --> 
	54  / true
54 --> 
	55  / true
55 --> 
	56  / true
56 --> 
	57  / true
57 --> 
	58  / true
58 --> 
	59  / true
59 --> 
	60  / true
60 --> 
	61  / true
61 --> 
	62  / true
62 --> 
	63  / true
63 --> 
	64  / true
64 --> 
	65  / true
65 --> 
	66  / true
66 --> 
	67  / true
67 --> 
	68  / true
68 --> 
	69  / true
69 --> 
	70  / true
70 --> 
	71  / true
71 --> 
	72  / true
72 --> 
	73  / true
73 --> 
	74  / true
74 --> 
	75  / true
75 --> 
	76  / true
76 --> 
	77  / true
77 --> 
	78  / true
78 --> 
	79  / true
79 --> 
	80  / true
80 --> 
	81  / true
81 --> 
	82  / true
82 --> 
	83  / true
83 --> 
	84  / true
84 --> 
	85  / true
85 --> 
	86  / true
86 --> 
	87  / true
87 --> 
	88  / true
88 --> 
	89  / true
89 --> 
	90  / true
90 --> 
	91  / true
91 --> 
	92  / true
92 --> 
	93  / true
93 --> 
	94  / true
94 --> 
	8  / true
* FSM state operations: 

 <State 1>: 4.30ns
ST_1: NUMBER_OF_INDICES_read [1/1] 1.86ns
entry:3  %NUMBER_OF_INDICES_read = call i32 @_ssdm_op_Read.ap_fifo.i32P(i32* %NUMBER_OF_INDICES)

ST_1: NUMBER_OF_DAYS_read [1/1] 1.86ns
entry:4  %NUMBER_OF_DAYS_read = call i32 @_ssdm_op_Read.ap_fifo.i32P(i32* %NUMBER_OF_DAYS)

ST_1: tmp_i [1/1] 2.44ns
entry:21  %tmp_i = add nsw i32 %NUMBER_OF_DAYS_read, -1


 <State 2>: 6.41ns
ST_2: tmp_i_54 [6/6] 6.41ns
entry:22  %tmp_i_54 = sitofp i32 %tmp_i to float


 <State 3>: 6.41ns
ST_3: tmp_i_54 [5/6] 6.41ns
entry:22  %tmp_i_54 = sitofp i32 %tmp_i to float


 <State 4>: 6.41ns
ST_4: tmp_i_54 [4/6] 6.41ns
entry:22  %tmp_i_54 = sitofp i32 %tmp_i to float


 <State 5>: 6.41ns
ST_5: tmp_i_54 [3/6] 6.41ns
entry:22  %tmp_i_54 = sitofp i32 %tmp_i to float


 <State 6>: 6.41ns
ST_6: tmp_i_54 [2/6] 6.41ns
entry:22  %tmp_i_54 = sitofp i32 %tmp_i to float


 <State 7>: 6.41ns
ST_7: stg_103 [1/1] 0.00ns
entry:0  call void (...)* @_ssdm_op_SpecInterface(i1* %out_correlation_dest_V, i1* %out_correlation_id_V, i1* %out_correlation_last_V, i1* %out_correlation_user_V, i4* %out_correlation_strb_V, i4* %out_correlation_keep_V, i32* %out_correlation_data_V, [5 x i8]* @p_str1, i32 0, i32 0, i32 0, i32 0, [1 x i8]* @p_str, [1 x i8]* @p_str, [1 x i8]* @p_str)

ST_7: stg_104 [1/1] 0.00ns
entry:1  call void (...)* @_ssdm_op_SpecInterface(i32* %NUMBER_OF_INDICES, [8 x i8]* @str202, i32 0, i32 0, i32 0, i32 0, [8 x i8]* @str202, [8 x i8]* @str202, [8 x i8]* @str202)

ST_7: stg_105 [1/1] 0.00ns
entry:2  call void (...)* @_ssdm_op_SpecInterface(i32* %NUMBER_OF_DAYS, [8 x i8]* @str201, i32 0, i32 0, i32 0, i32 0, [8 x i8]* @str201, [8 x i8]* @str201, [8 x i8]* @str201)

ST_7: stg_106 [1/1] 0.00ns
entry:5  call void (...)* @_ssdm_op_SpecInterface(float* %sum_weight_returnA_in_c2_V, [8 x i8]* @str143, i32 0, i32 0, i32 0, i32 0, [1 x i8]* @str144, [1 x i8]* @str144, [8 x i8]* @str143)

ST_7: stg_107 [1/1] 0.00ns
entry:6  call void (...)* @_ssdm_op_SpecInterface(float* %sum_weight_returnSquareA_in_c2, [8 x i8]* @str139, i32 0, i32 0, i32 0, i32 0, [1 x i8]* @str140, [1 x i8]* @str140, [8 x i8]* @str139)

ST_7: stg_108 [1/1] 0.00ns
entry:7  call void (...)* @_ssdm_op_SpecInterface(float* %sum_returnA_in_c2_V, [8 x i8]* @str135, i32 0, i32 0, i32 0, i32 0, [1 x i8]* @str136, [1 x i8]* @str136, [8 x i8]* @str135)

ST_7: stg_109 [1/1] 0.00ns
entry:8  call void (...)* @_ssdm_op_SpecInterface(float* %sum_weight_returnA_returnB_in_2, [8 x i8]* @str131, i32 0, i32 0, i32 0, i32 0, [1 x i8]* @str132, [1 x i8]* @str132, [8 x i8]* @str131)

ST_7: stg_110 [1/1] 0.00ns
entry:9  call void (...)* @_ssdm_op_SpecInterface(float* %sum_weight_return_in_c2_V, [8 x i8]* @str127, i32 0, i32 0, i32 0, i32 0, [1 x i8]* @str128, [1 x i8]* @str128, [8 x i8]* @str127)

ST_7: stg_111 [1/1] 0.00ns
entry:10  call void (...)* @_ssdm_op_SpecInterface(float* %sum_weight_returnSquare_in_c2_s, [8 x i8]* @str123, i32 0, i32 0, i32 0, i32 0, [1 x i8]* @str124, [1 x i8]* @str124, [8 x i8]* @str123)

ST_7: stg_112 [1/1] 0.00ns
entry:11  call void (...)* @_ssdm_op_SpecInterface(float* %sum_return_in_c2_V, [8 x i8]* @str119, i32 0, i32 0, i32 0, i32 0, [1 x i8]* @str120, [1 x i8]* @str120, [8 x i8]* @str119)

ST_7: stg_113 [1/1] 0.00ns
entry:12  call void (...)* @_ssdm_op_SpecInterface(float* %sum_weight_in_c2_V, [8 x i8]* @str115, i32 0, i32 0, i32 0, i32 0, [1 x i8]* @str116, [1 x i8]* @str116, [8 x i8]* @str115)

ST_7: stg_114 [1/1] 0.00ns
entry:13  call void (...)* @_ssdm_op_SpecInterface(float* %sum_weight_returnA_in_c1_V, [8 x i8]* @str111, i32 0, i32 0, i32 0, i32 0, [1 x i8]* @str112, [1 x i8]* @str112, [8 x i8]* @str111)

ST_7: stg_115 [1/1] 0.00ns
entry:14  call void (...)* @_ssdm_op_SpecInterface(float* %sum_weight_returnSquareA_in_c1, [8 x i8]* @str107, i32 0, i32 0, i32 0, i32 0, [1 x i8]* @str108, [1 x i8]* @str108, [8 x i8]* @str107)

ST_7: stg_116 [1/1] 0.00ns
entry:15  call void (...)* @_ssdm_op_SpecInterface(float* %sum_returnA_in_c1_V, [8 x i8]* @str103, i32 0, i32 0, i32 0, i32 0, [1 x i8]* @str104, [1 x i8]* @str104, [8 x i8]* @str103)

ST_7: stg_117 [1/1] 0.00ns
entry:16  call void (...)* @_ssdm_op_SpecInterface(float* %sum_weight_returnA_returnB_in_s, [8 x i8]* @str99, i32 0, i32 0, i32 0, i32 0, [1 x i8]* @str100, [1 x i8]* @str100, [8 x i8]* @str99)

ST_7: stg_118 [1/1] 0.00ns
entry:17  call void (...)* @_ssdm_op_SpecInterface(float* %sum_weight_return_in_c1_V, [8 x i8]* @str95, i32 0, i32 0, i32 0, i32 0, [1 x i8]* @str96, [1 x i8]* @str96, [8 x i8]* @str95)

ST_7: stg_119 [1/1] 0.00ns
entry:18  call void (...)* @_ssdm_op_SpecInterface(float* %sum_weight_returnSquare_in_c1_s, [8 x i8]* @str91, i32 0, i32 0, i32 0, i32 0, [1 x i8]* @str92, [1 x i8]* @str92, [8 x i8]* @str91)

ST_7: stg_120 [1/1] 0.00ns
entry:19  call void (...)* @_ssdm_op_SpecInterface(float* %sum_return_in_c1_V, [8 x i8]* @str87, i32 0, i32 0, i32 0, i32 0, [1 x i8]* @str88, [1 x i8]* @str88, [8 x i8]* @str87)

ST_7: stg_121 [1/1] 0.00ns
entry:20  call void (...)* @_ssdm_op_SpecInterface(float* %sum_weight_in_c1_V, [8 x i8]* @str83, i32 0, i32 0, i32 0, i32 0, [1 x i8]* @str84, [1 x i8]* @str84, [8 x i8]* @str83)

ST_7: tmp_i_54 [1/6] 6.41ns
entry:22  %tmp_i_54 = sitofp i32 %tmp_i to float

ST_7: tmp_44_i [1/1] 2.44ns
entry:23  %tmp_44_i = add nsw i32 %NUMBER_OF_INDICES_read, -1

ST_7: stg_124 [1/1] 1.57ns
entry:24  br label %0


 <State 8>: 3.43ns
ST_8: column_index_i [1/1] 0.00ns
:0  %column_index_i = phi i31 [ 1, %entry ], [ %column_index, %4 ]

ST_8: column_index_cast_i [1/1] 0.00ns
:1  %column_index_cast_i = zext i31 %column_index_i to i32

ST_8: tmp_45_i [1/1] 2.52ns
:2  %tmp_45_i = icmp slt i32 %column_index_cast_i, %NUMBER_OF_INDICES_read

ST_8: empty [1/1] 0.00ns
:3  %empty = call i32 (...)* @_ssdm_op_SpecLoopTripCount(i64 0, i64 2147483646, i64 0)

ST_8: stg_129 [1/1] 0.00ns
:4  br i1 %tmp_45_i, label %1, label %backEnd.1.exit

ST_8: tmp [1/1] 0.00ns
:0  %tmp = trunc i31 %column_index_i to i1

ST_8: stg_131 [1/1] 0.00ns
:1  br i1 %tmp, label %2, label %3

ST_8: tmp_76 [1/1] 1.86ns
:0  %tmp_76 = call float @_ssdm_op_Read.ap_fifo.volatile.floatP(float* %sum_weight_in_c2_V)

ST_8: tmp_77 [1/1] 1.86ns
:1  %tmp_77 = call float @_ssdm_op_Read.ap_fifo.volatile.floatP(float* %sum_return_in_c2_V)

ST_8: tmp_78 [1/1] 1.86ns
:2  %tmp_78 = call float @_ssdm_op_Read.ap_fifo.volatile.floatP(float* %sum_weight_returnSquare_in_c2_s)

ST_8: tmp_79 [1/1] 1.86ns
:3  %tmp_79 = call float @_ssdm_op_Read.ap_fifo.volatile.floatP(float* %sum_weight_return_in_c2_V)

ST_8: tmp_80 [1/1] 1.86ns
:4  %tmp_80 = call float @_ssdm_op_Read.ap_fifo.volatile.floatP(float* %sum_weight_returnA_returnB_in_2)

ST_8: tmp_81 [1/1] 1.86ns
:5  %tmp_81 = call float @_ssdm_op_Read.ap_fifo.volatile.floatP(float* %sum_returnA_in_c2_V)

ST_8: tmp_82 [1/1] 1.86ns
:6  %tmp_82 = call float @_ssdm_op_Read.ap_fifo.volatile.floatP(float* %sum_weight_returnSquareA_in_c2)

ST_8: tmp_83 [1/1] 1.86ns
:7  %tmp_83 = call float @_ssdm_op_Read.ap_fifo.volatile.floatP(float* %sum_weight_returnA_in_c2_V)

ST_8: stg_140 [1/1] 1.57ns
:8  br label %4

ST_8: tmp_68 [1/1] 1.86ns
:0  %tmp_68 = call float @_ssdm_op_Read.ap_fifo.volatile.floatP(float* %sum_weight_in_c1_V)

ST_8: tmp_69 [1/1] 1.86ns
:1  %tmp_69 = call float @_ssdm_op_Read.ap_fifo.volatile.floatP(float* %sum_return_in_c1_V)

ST_8: tmp_70 [1/1] 1.86ns
:2  %tmp_70 = call float @_ssdm_op_Read.ap_fifo.volatile.floatP(float* %sum_weight_returnSquare_in_c1_s)

ST_8: tmp_71 [1/1] 1.86ns
:3  %tmp_71 = call float @_ssdm_op_Read.ap_fifo.volatile.floatP(float* %sum_weight_return_in_c1_V)

ST_8: tmp_72 [1/1] 1.86ns
:4  %tmp_72 = call float @_ssdm_op_Read.ap_fifo.volatile.floatP(float* %sum_weight_returnA_returnB_in_s)

ST_8: tmp_73 [1/1] 1.86ns
:5  %tmp_73 = call float @_ssdm_op_Read.ap_fifo.volatile.floatP(float* %sum_returnA_in_c1_V)

ST_8: tmp_74 [1/1] 1.86ns
:6  %tmp_74 = call float @_ssdm_op_Read.ap_fifo.volatile.floatP(float* %sum_weight_returnSquareA_in_c1)

ST_8: tmp_75 [1/1] 1.86ns
:7  %tmp_75 = call float @_ssdm_op_Read.ap_fifo.volatile.floatP(float* %sum_weight_returnA_in_c1_V)

ST_8: stg_149 [1/1] 1.57ns
:8  br label %4

ST_8: tmp_84_i [1/1] 2.52ns
:38  %tmp_84_i = icmp eq i32 %column_index_cast_i, %tmp_44_i

ST_8: column_index [1/1] 2.44ns
:42  %column_index = add i31 %column_index_i, 1

ST_8: stg_152 [1/1] 0.00ns
backEnd.1.exit:0  ret void


 <State 9>: 6.08ns
ST_9: sum_weight2_i [1/1] 0.00ns
:0  %sum_weight2_i = phi float [ %tmp_68, %2 ], [ %tmp_76, %3 ]

ST_9: sum_return2_i [1/1] 0.00ns
:1  %sum_return2_i = phi float [ %tmp_69, %2 ], [ %tmp_77, %3 ]

ST_9: sum_weight_returnSquare2_i [1/1] 0.00ns
:2  %sum_weight_returnSquare2_i = phi float [ %tmp_70, %2 ], [ %tmp_78, %3 ]

ST_9: sum_weight_return2_i [1/1] 0.00ns
:3  %sum_weight_return2_i = phi float [ %tmp_71, %2 ], [ %tmp_79, %3 ]

ST_9: sum_weight_returnA_returnB2_i [1/1] 0.00ns
:4  %sum_weight_returnA_returnB2_i = phi float [ %tmp_72, %2 ], [ %tmp_80, %3 ]

ST_9: sum_returnA2_i [1/1] 0.00ns
:5  %sum_returnA2_i = phi float [ %tmp_73, %2 ], [ %tmp_81, %3 ]

ST_9: sum_weight_returnSquareA2_i [1/1] 0.00ns
:6  %sum_weight_returnSquareA2_i = phi float [ %tmp_74, %2 ], [ %tmp_82, %3 ]

ST_9: sum_weight_returnA2_i [1/1] 0.00ns
:7  %sum_weight_returnA2_i = phi float [ %tmp_75, %2 ], [ %tmp_83, %3 ]

ST_9: meanReturnA [16/16] 6.08ns
:8  %meanReturnA = fdiv float %sum_returnA2_i, %tmp_i_54

ST_9: meanReturnB [16/16] 6.08ns
:9  %meanReturnB = fdiv float %sum_return2_i, %tmp_i_54


 <State 10>: 6.08ns
ST_10: meanReturnA [15/16] 6.08ns
:8  %meanReturnA = fdiv float %sum_returnA2_i, %tmp_i_54

ST_10: meanReturnB [15/16] 6.08ns
:9  %meanReturnB = fdiv float %sum_return2_i, %tmp_i_54


 <State 11>: 6.08ns
ST_11: meanReturnA [14/16] 6.08ns
:8  %meanReturnA = fdiv float %sum_returnA2_i, %tmp_i_54

ST_11: meanReturnB [14/16] 6.08ns
:9  %meanReturnB = fdiv float %sum_return2_i, %tmp_i_54


 <State 12>: 6.08ns
ST_12: meanReturnA [13/16] 6.08ns
:8  %meanReturnA = fdiv float %sum_returnA2_i, %tmp_i_54

ST_12: meanReturnB [13/16] 6.08ns
:9  %meanReturnB = fdiv float %sum_return2_i, %tmp_i_54


 <State 13>: 6.08ns
ST_13: meanReturnA [12/16] 6.08ns
:8  %meanReturnA = fdiv float %sum_returnA2_i, %tmp_i_54

ST_13: meanReturnB [12/16] 6.08ns
:9  %meanReturnB = fdiv float %sum_return2_i, %tmp_i_54


 <State 14>: 6.08ns
ST_14: meanReturnA [11/16] 6.08ns
:8  %meanReturnA = fdiv float %sum_returnA2_i, %tmp_i_54

ST_14: meanReturnB [11/16] 6.08ns
:9  %meanReturnB = fdiv float %sum_return2_i, %tmp_i_54


 <State 15>: 6.08ns
ST_15: meanReturnA [10/16] 6.08ns
:8  %meanReturnA = fdiv float %sum_returnA2_i, %tmp_i_54

ST_15: meanReturnB [10/16] 6.08ns
:9  %meanReturnB = fdiv float %sum_return2_i, %tmp_i_54


 <State 16>: 6.08ns
ST_16: meanReturnA [9/16] 6.08ns
:8  %meanReturnA = fdiv float %sum_returnA2_i, %tmp_i_54

ST_16: meanReturnB [9/16] 6.08ns
:9  %meanReturnB = fdiv float %sum_return2_i, %tmp_i_54


 <State 17>: 6.08ns
ST_17: meanReturnA [8/16] 6.08ns
:8  %meanReturnA = fdiv float %sum_returnA2_i, %tmp_i_54

ST_17: meanReturnB [8/16] 6.08ns
:9  %meanReturnB = fdiv float %sum_return2_i, %tmp_i_54


 <State 18>: 6.08ns
ST_18: meanReturnA [7/16] 6.08ns
:8  %meanReturnA = fdiv float %sum_returnA2_i, %tmp_i_54

ST_18: meanReturnB [7/16] 6.08ns
:9  %meanReturnB = fdiv float %sum_return2_i, %tmp_i_54


 <State 19>: 6.08ns
ST_19: meanReturnA [6/16] 6.08ns
:8  %meanReturnA = fdiv float %sum_returnA2_i, %tmp_i_54

ST_19: meanReturnB [6/16] 6.08ns
:9  %meanReturnB = fdiv float %sum_return2_i, %tmp_i_54


 <State 20>: 6.08ns
ST_20: meanReturnA [5/16] 6.08ns
:8  %meanReturnA = fdiv float %sum_returnA2_i, %tmp_i_54

ST_20: meanReturnB [5/16] 6.08ns
:9  %meanReturnB = fdiv float %sum_return2_i, %tmp_i_54


 <State 21>: 6.08ns
ST_21: meanReturnA [4/16] 6.08ns
:8  %meanReturnA = fdiv float %sum_returnA2_i, %tmp_i_54

ST_21: meanReturnB [4/16] 6.08ns
:9  %meanReturnB = fdiv float %sum_return2_i, %tmp_i_54


 <State 22>: 6.08ns
ST_22: meanReturnA [3/16] 6.08ns
:8  %meanReturnA = fdiv float %sum_returnA2_i, %tmp_i_54

ST_22: meanReturnB [3/16] 6.08ns
:9  %meanReturnB = fdiv float %sum_return2_i, %tmp_i_54


 <State 23>: 6.08ns
ST_23: meanReturnA [2/16] 6.08ns
:8  %meanReturnA = fdiv float %sum_returnA2_i, %tmp_i_54

ST_23: meanReturnB [2/16] 6.08ns
:9  %meanReturnB = fdiv float %sum_return2_i, %tmp_i_54


 <State 24>: 6.08ns
ST_24: meanReturnA [1/16] 6.08ns
:8  %meanReturnA = fdiv float %sum_returnA2_i, %tmp_i_54

ST_24: meanReturnB [1/16] 6.08ns
:9  %meanReturnB = fdiv float %sum_return2_i, %tmp_i_54


 <State 25>: 5.70ns
ST_25: tmp_58_i [4/4] 5.70ns
:10  %tmp_58_i = fmul float %meanReturnA, 2.000000e+00

ST_25: tmp_64_i [4/4] 5.70ns
:17  %tmp_64_i = fmul float %meanReturnB, 2.000000e+00

ST_25: tmp_70_i [4/4] 5.70ns
:24  %tmp_70_i = fmul float %meanReturnA, %sum_weight_return2_i


 <State 26>: 5.70ns
ST_26: tmp_58_i [3/4] 5.70ns
:10  %tmp_58_i = fmul float %meanReturnA, 2.000000e+00

ST_26: tmp_64_i [3/4] 5.70ns
:17  %tmp_64_i = fmul float %meanReturnB, 2.000000e+00

ST_26: tmp_70_i [3/4] 5.70ns
:24  %tmp_70_i = fmul float %meanReturnA, %sum_weight_return2_i


 <State 27>: 5.70ns
ST_27: tmp_58_i [2/4] 5.70ns
:10  %tmp_58_i = fmul float %meanReturnA, 2.000000e+00

ST_27: tmp_64_i [2/4] 5.70ns
:17  %tmp_64_i = fmul float %meanReturnB, 2.000000e+00

ST_27: tmp_70_i [2/4] 5.70ns
:24  %tmp_70_i = fmul float %meanReturnA, %sum_weight_return2_i


 <State 28>: 5.70ns
ST_28: tmp_58_i [1/4] 5.70ns
:10  %tmp_58_i = fmul float %meanReturnA, 2.000000e+00

ST_28: tmp_64_i [1/4] 5.70ns
:17  %tmp_64_i = fmul float %meanReturnB, 2.000000e+00

ST_28: tmp_70_i [1/4] 5.70ns
:24  %tmp_70_i = fmul float %meanReturnA, %sum_weight_return2_i


 <State 29>: 7.26ns
ST_29: tmp_59_i [4/4] 5.70ns
:11  %tmp_59_i = fmul float %tmp_58_i, %sum_weight_returnA2_i

ST_29: tmp_65_i [4/4] 5.70ns
:18  %tmp_65_i = fmul float %tmp_64_i, %sum_weight_return2_i

ST_29: tmp_71_i [5/5] 7.26ns
:25  %tmp_71_i = fsub float %sum_weight_returnA_returnB2_i, %tmp_70_i


 <State 30>: 7.26ns
ST_30: tmp_59_i [3/4] 5.70ns
:11  %tmp_59_i = fmul float %tmp_58_i, %sum_weight_returnA2_i

ST_30: tmp_65_i [3/4] 5.70ns
:18  %tmp_65_i = fmul float %tmp_64_i, %sum_weight_return2_i

ST_30: tmp_71_i [4/5] 7.26ns
:25  %tmp_71_i = fsub float %sum_weight_returnA_returnB2_i, %tmp_70_i

ST_30: tmp_72_i [4/4] 5.70ns
:26  %tmp_72_i = fmul float %meanReturnB, %sum_weight_returnA2_i


 <State 31>: 7.26ns
ST_31: tmp_59_i [2/4] 5.70ns
:11  %tmp_59_i = fmul float %tmp_58_i, %sum_weight_returnA2_i

ST_31: tmp_65_i [2/4] 5.70ns
:18  %tmp_65_i = fmul float %tmp_64_i, %sum_weight_return2_i

ST_31: tmp_71_i [3/5] 7.26ns
:25  %tmp_71_i = fsub float %sum_weight_returnA_returnB2_i, %tmp_70_i

ST_31: tmp_72_i [3/4] 5.70ns
:26  %tmp_72_i = fmul float %meanReturnB, %sum_weight_returnA2_i


 <State 32>: 7.26ns
ST_32: tmp_59_i [1/4] 5.70ns
:11  %tmp_59_i = fmul float %tmp_58_i, %sum_weight_returnA2_i

ST_32: tmp_65_i [1/4] 5.70ns
:18  %tmp_65_i = fmul float %tmp_64_i, %sum_weight_return2_i

ST_32: tmp_71_i [2/5] 7.26ns
:25  %tmp_71_i = fsub float %sum_weight_returnA_returnB2_i, %tmp_70_i

ST_32: tmp_72_i [2/4] 5.70ns
:26  %tmp_72_i = fmul float %meanReturnB, %sum_weight_returnA2_i


 <State 33>: 7.26ns
ST_33: tmp_60_i [5/5] 7.26ns
:12  %tmp_60_i = fsub float %sum_weight_returnSquareA2_i, %tmp_59_i

ST_33: tmp_66_i [5/5] 7.26ns
:19  %tmp_66_i = fsub float %sum_weight_returnSquare2_i, %tmp_65_i

ST_33: tmp_71_i [1/5] 7.26ns
:25  %tmp_71_i = fsub float %sum_weight_returnA_returnB2_i, %tmp_70_i

ST_33: tmp_72_i [1/4] 5.70ns
:26  %tmp_72_i = fmul float %meanReturnB, %sum_weight_returnA2_i


 <State 34>: 7.26ns
ST_34: tmp_60_i [4/5] 7.26ns
:12  %tmp_60_i = fsub float %sum_weight_returnSquareA2_i, %tmp_59_i

ST_34: tmp_66_i [4/5] 7.26ns
:19  %tmp_66_i = fsub float %sum_weight_returnSquare2_i, %tmp_65_i

ST_34: tmp_73_i [5/5] 7.26ns
:27  %tmp_73_i = fsub float %tmp_71_i, %tmp_72_i


 <State 35>: 7.26ns
ST_35: tmp_60_i [3/5] 7.26ns
:12  %tmp_60_i = fsub float %sum_weight_returnSquareA2_i, %tmp_59_i

ST_35: tmp_66_i [3/5] 7.26ns
:19  %tmp_66_i = fsub float %sum_weight_returnSquare2_i, %tmp_65_i

ST_35: tmp_73_i [4/5] 7.26ns
:27  %tmp_73_i = fsub float %tmp_71_i, %tmp_72_i


 <State 36>: 7.26ns
ST_36: tmp_60_i [2/5] 7.26ns
:12  %tmp_60_i = fsub float %sum_weight_returnSquareA2_i, %tmp_59_i

ST_36: tmp_66_i [2/5] 7.26ns
:19  %tmp_66_i = fsub float %sum_weight_returnSquare2_i, %tmp_65_i

ST_36: tmp_73_i [3/5] 7.26ns
:27  %tmp_73_i = fsub float %tmp_71_i, %tmp_72_i


 <State 37>: 7.26ns
ST_37: tmp_60_i [1/5] 7.26ns
:12  %tmp_60_i = fsub float %sum_weight_returnSquareA2_i, %tmp_59_i

ST_37: tmp_66_i [1/5] 7.26ns
:19  %tmp_66_i = fsub float %sum_weight_returnSquare2_i, %tmp_65_i

ST_37: tmp_73_i [2/5] 7.26ns
:27  %tmp_73_i = fsub float %tmp_71_i, %tmp_72_i


 <State 38>: 7.26ns
ST_38: tmp_61_i [16/16] 6.08ns
:13  %tmp_61_i = fdiv float %tmp_60_i, %sum_weight2_i

ST_38: tmp_67_i [16/16] 6.08ns
:20  %tmp_67_i = fdiv float %tmp_66_i, %sum_weight2_i

ST_38: tmp_73_i [1/5] 7.26ns
:27  %tmp_73_i = fsub float %tmp_71_i, %tmp_72_i


 <State 39>: 6.08ns
ST_39: tmp_61_i [15/16] 6.08ns
:13  %tmp_61_i = fdiv float %tmp_60_i, %sum_weight2_i

ST_39: tmp_67_i [15/16] 6.08ns
:20  %tmp_67_i = fdiv float %tmp_66_i, %sum_weight2_i

ST_39: tmp_74_i [16/16] 6.08ns
:28  %tmp_74_i = fdiv float %tmp_73_i, %sum_weight2_i


 <State 40>: 6.08ns
ST_40: tmp_61_i [14/16] 6.08ns
:13  %tmp_61_i = fdiv float %tmp_60_i, %sum_weight2_i

ST_40: tmp_67_i [14/16] 6.08ns
:20  %tmp_67_i = fdiv float %tmp_66_i, %sum_weight2_i

ST_40: tmp_74_i [15/16] 6.08ns
:28  %tmp_74_i = fdiv float %tmp_73_i, %sum_weight2_i


 <State 41>: 6.08ns
ST_41: tmp_61_i [13/16] 6.08ns
:13  %tmp_61_i = fdiv float %tmp_60_i, %sum_weight2_i

ST_41: tmp_67_i [13/16] 6.08ns
:20  %tmp_67_i = fdiv float %tmp_66_i, %sum_weight2_i

ST_41: tmp_74_i [14/16] 6.08ns
:28  %tmp_74_i = fdiv float %tmp_73_i, %sum_weight2_i


 <State 42>: 6.08ns
ST_42: tmp_61_i [12/16] 6.08ns
:13  %tmp_61_i = fdiv float %tmp_60_i, %sum_weight2_i

ST_42: tmp_67_i [12/16] 6.08ns
:20  %tmp_67_i = fdiv float %tmp_66_i, %sum_weight2_i

ST_42: tmp_74_i [13/16] 6.08ns
:28  %tmp_74_i = fdiv float %tmp_73_i, %sum_weight2_i


 <State 43>: 6.08ns
ST_43: tmp_61_i [11/16] 6.08ns
:13  %tmp_61_i = fdiv float %tmp_60_i, %sum_weight2_i

ST_43: tmp_67_i [11/16] 6.08ns
:20  %tmp_67_i = fdiv float %tmp_66_i, %sum_weight2_i

ST_43: tmp_74_i [12/16] 6.08ns
:28  %tmp_74_i = fdiv float %tmp_73_i, %sum_weight2_i


 <State 44>: 6.08ns
ST_44: tmp_61_i [10/16] 6.08ns
:13  %tmp_61_i = fdiv float %tmp_60_i, %sum_weight2_i

ST_44: tmp_67_i [10/16] 6.08ns
:20  %tmp_67_i = fdiv float %tmp_66_i, %sum_weight2_i

ST_44: tmp_74_i [11/16] 6.08ns
:28  %tmp_74_i = fdiv float %tmp_73_i, %sum_weight2_i


 <State 45>: 6.08ns
ST_45: tmp_61_i [9/16] 6.08ns
:13  %tmp_61_i = fdiv float %tmp_60_i, %sum_weight2_i

ST_45: tmp_67_i [9/16] 6.08ns
:20  %tmp_67_i = fdiv float %tmp_66_i, %sum_weight2_i

ST_45: tmp_74_i [10/16] 6.08ns
:28  %tmp_74_i = fdiv float %tmp_73_i, %sum_weight2_i


 <State 46>: 6.08ns
ST_46: tmp_61_i [8/16] 6.08ns
:13  %tmp_61_i = fdiv float %tmp_60_i, %sum_weight2_i

ST_46: tmp_67_i [8/16] 6.08ns
:20  %tmp_67_i = fdiv float %tmp_66_i, %sum_weight2_i

ST_46: tmp_74_i [9/16] 6.08ns
:28  %tmp_74_i = fdiv float %tmp_73_i, %sum_weight2_i


 <State 47>: 6.08ns
ST_47: tmp_61_i [7/16] 6.08ns
:13  %tmp_61_i = fdiv float %tmp_60_i, %sum_weight2_i

ST_47: tmp_67_i [7/16] 6.08ns
:20  %tmp_67_i = fdiv float %tmp_66_i, %sum_weight2_i

ST_47: tmp_74_i [8/16] 6.08ns
:28  %tmp_74_i = fdiv float %tmp_73_i, %sum_weight2_i


 <State 48>: 6.08ns
ST_48: tmp_61_i [6/16] 6.08ns
:13  %tmp_61_i = fdiv float %tmp_60_i, %sum_weight2_i

ST_48: tmp_67_i [6/16] 6.08ns
:20  %tmp_67_i = fdiv float %tmp_66_i, %sum_weight2_i

ST_48: tmp_74_i [7/16] 6.08ns
:28  %tmp_74_i = fdiv float %tmp_73_i, %sum_weight2_i


 <State 49>: 6.08ns
ST_49: tmp_61_i [5/16] 6.08ns
:13  %tmp_61_i = fdiv float %tmp_60_i, %sum_weight2_i

ST_49: tmp_67_i [5/16] 6.08ns
:20  %tmp_67_i = fdiv float %tmp_66_i, %sum_weight2_i

ST_49: tmp_74_i [6/16] 6.08ns
:28  %tmp_74_i = fdiv float %tmp_73_i, %sum_weight2_i


 <State 50>: 6.08ns
ST_50: tmp_61_i [4/16] 6.08ns
:13  %tmp_61_i = fdiv float %tmp_60_i, %sum_weight2_i

ST_50: tmp_62_i [4/4] 5.70ns
:14  %tmp_62_i = fmul float %meanReturnA, %meanReturnA

ST_50: tmp_67_i [4/16] 6.08ns
:20  %tmp_67_i = fdiv float %tmp_66_i, %sum_weight2_i

ST_50: tmp_68_i [4/4] 5.70ns
:21  %tmp_68_i = fmul float %meanReturnB, %meanReturnB

ST_50: tmp_74_i [5/16] 6.08ns
:28  %tmp_74_i = fdiv float %tmp_73_i, %sum_weight2_i

ST_50: tmp_80_i [4/4] 5.70ns
:29  %tmp_80_i = fmul float %meanReturnA, %meanReturnB


 <State 51>: 6.08ns
ST_51: tmp_61_i [3/16] 6.08ns
:13  %tmp_61_i = fdiv float %tmp_60_i, %sum_weight2_i

ST_51: tmp_62_i [3/4] 5.70ns
:14  %tmp_62_i = fmul float %meanReturnA, %meanReturnA

ST_51: tmp_67_i [3/16] 6.08ns
:20  %tmp_67_i = fdiv float %tmp_66_i, %sum_weight2_i

ST_51: tmp_68_i [3/4] 5.70ns
:21  %tmp_68_i = fmul float %meanReturnB, %meanReturnB

ST_51: tmp_74_i [4/16] 6.08ns
:28  %tmp_74_i = fdiv float %tmp_73_i, %sum_weight2_i

ST_51: tmp_80_i [3/4] 5.70ns
:29  %tmp_80_i = fmul float %meanReturnA, %meanReturnB


 <State 52>: 6.08ns
ST_52: tmp_61_i [2/16] 6.08ns
:13  %tmp_61_i = fdiv float %tmp_60_i, %sum_weight2_i

ST_52: tmp_62_i [2/4] 5.70ns
:14  %tmp_62_i = fmul float %meanReturnA, %meanReturnA

ST_52: tmp_67_i [2/16] 6.08ns
:20  %tmp_67_i = fdiv float %tmp_66_i, %sum_weight2_i

ST_52: tmp_68_i [2/4] 5.70ns
:21  %tmp_68_i = fmul float %meanReturnB, %meanReturnB

ST_52: tmp_74_i [3/16] 6.08ns
:28  %tmp_74_i = fdiv float %tmp_73_i, %sum_weight2_i

ST_52: tmp_80_i [2/4] 5.70ns
:29  %tmp_80_i = fmul float %meanReturnA, %meanReturnB


 <State 53>: 6.08ns
ST_53: tmp_61_i [1/16] 6.08ns
:13  %tmp_61_i = fdiv float %tmp_60_i, %sum_weight2_i

ST_53: tmp_62_i [1/4] 5.70ns
:14  %tmp_62_i = fmul float %meanReturnA, %meanReturnA

ST_53: tmp_67_i [1/16] 6.08ns
:20  %tmp_67_i = fdiv float %tmp_66_i, %sum_weight2_i

ST_53: tmp_68_i [1/4] 5.70ns
:21  %tmp_68_i = fmul float %meanReturnB, %meanReturnB

ST_53: tmp_74_i [2/16] 6.08ns
:28  %tmp_74_i = fdiv float %tmp_73_i, %sum_weight2_i

ST_53: tmp_80_i [1/4] 5.70ns
:29  %tmp_80_i = fmul float %meanReturnA, %meanReturnB


 <State 54>: 7.26ns
ST_54: tmp_63_i [5/5] 7.26ns
:15  %tmp_63_i = fadd float %tmp_61_i, %tmp_62_i

ST_54: tmp_69_i [5/5] 7.26ns
:22  %tmp_69_i = fadd float %tmp_67_i, %tmp_68_i

ST_54: tmp_74_i [1/16] 6.08ns
:28  %tmp_74_i = fdiv float %tmp_73_i, %sum_weight2_i


 <State 55>: 7.26ns
ST_55: tmp_63_i [4/5] 7.26ns
:15  %tmp_63_i = fadd float %tmp_61_i, %tmp_62_i

ST_55: tmp_69_i [4/5] 7.26ns
:22  %tmp_69_i = fadd float %tmp_67_i, %tmp_68_i

ST_55: covariance [5/5] 7.26ns
:30  %covariance = fadd float %tmp_74_i, %tmp_80_i


 <State 56>: 7.26ns
ST_56: tmp_63_i [3/5] 7.26ns
:15  %tmp_63_i = fadd float %tmp_61_i, %tmp_62_i

ST_56: tmp_69_i [3/5] 7.26ns
:22  %tmp_69_i = fadd float %tmp_67_i, %tmp_68_i

ST_56: covariance [4/5] 7.26ns
:30  %covariance = fadd float %tmp_74_i, %tmp_80_i


 <State 57>: 7.26ns
ST_57: tmp_63_i [2/5] 7.26ns
:15  %tmp_63_i = fadd float %tmp_61_i, %tmp_62_i

ST_57: tmp_69_i [2/5] 7.26ns
:22  %tmp_69_i = fadd float %tmp_67_i, %tmp_68_i

ST_57: covariance [3/5] 7.26ns
:30  %covariance = fadd float %tmp_74_i, %tmp_80_i


 <State 58>: 7.26ns
ST_58: tmp_63_i [1/5] 7.26ns
:15  %tmp_63_i = fadd float %tmp_61_i, %tmp_62_i

ST_58: tmp_69_i [1/5] 7.26ns
:22  %tmp_69_i = fadd float %tmp_67_i, %tmp_68_i

ST_58: covariance [2/5] 7.26ns
:30  %covariance = fadd float %tmp_74_i, %tmp_80_i


 <State 59>: 7.26ns
ST_59: volatilityA [16/16] 6.24ns
:16  %volatilityA = call float @llvm.sqrt.f32(float %tmp_63_i)

ST_59: volatilityB [16/16] 6.24ns
:23  %volatilityB = call float @llvm.sqrt.f32(float %tmp_69_i)

ST_59: covariance [1/5] 7.26ns
:30  %covariance = fadd float %tmp_74_i, %tmp_80_i


 <State 60>: 6.24ns
ST_60: volatilityA [15/16] 6.24ns
:16  %volatilityA = call float @llvm.sqrt.f32(float %tmp_63_i)

ST_60: volatilityB [15/16] 6.24ns
:23  %volatilityB = call float @llvm.sqrt.f32(float %tmp_69_i)


 <State 61>: 6.24ns
ST_61: volatilityA [14/16] 6.24ns
:16  %volatilityA = call float @llvm.sqrt.f32(float %tmp_63_i)

ST_61: volatilityB [14/16] 6.24ns
:23  %volatilityB = call float @llvm.sqrt.f32(float %tmp_69_i)


 <State 62>: 6.24ns
ST_62: volatilityA [13/16] 6.24ns
:16  %volatilityA = call float @llvm.sqrt.f32(float %tmp_63_i)

ST_62: volatilityB [13/16] 6.24ns
:23  %volatilityB = call float @llvm.sqrt.f32(float %tmp_69_i)


 <State 63>: 6.24ns
ST_63: volatilityA [12/16] 6.24ns
:16  %volatilityA = call float @llvm.sqrt.f32(float %tmp_63_i)

ST_63: volatilityB [12/16] 6.24ns
:23  %volatilityB = call float @llvm.sqrt.f32(float %tmp_69_i)


 <State 64>: 6.24ns
ST_64: volatilityA [11/16] 6.24ns
:16  %volatilityA = call float @llvm.sqrt.f32(float %tmp_63_i)

ST_64: volatilityB [11/16] 6.24ns
:23  %volatilityB = call float @llvm.sqrt.f32(float %tmp_69_i)


 <State 65>: 6.24ns
ST_65: volatilityA [10/16] 6.24ns
:16  %volatilityA = call float @llvm.sqrt.f32(float %tmp_63_i)

ST_65: volatilityB [10/16] 6.24ns
:23  %volatilityB = call float @llvm.sqrt.f32(float %tmp_69_i)


 <State 66>: 6.24ns
ST_66: volatilityA [9/16] 6.24ns
:16  %volatilityA = call float @llvm.sqrt.f32(float %tmp_63_i)

ST_66: volatilityB [9/16] 6.24ns
:23  %volatilityB = call float @llvm.sqrt.f32(float %tmp_69_i)


 <State 67>: 6.24ns
ST_67: volatilityA [8/16] 6.24ns
:16  %volatilityA = call float @llvm.sqrt.f32(float %tmp_63_i)

ST_67: volatilityB [8/16] 6.24ns
:23  %volatilityB = call float @llvm.sqrt.f32(float %tmp_69_i)


 <State 68>: 6.24ns
ST_68: volatilityA [7/16] 6.24ns
:16  %volatilityA = call float @llvm.sqrt.f32(float %tmp_63_i)

ST_68: volatilityB [7/16] 6.24ns
:23  %volatilityB = call float @llvm.sqrt.f32(float %tmp_69_i)


 <State 69>: 6.24ns
ST_69: volatilityA [6/16] 6.24ns
:16  %volatilityA = call float @llvm.sqrt.f32(float %tmp_63_i)

ST_69: volatilityB [6/16] 6.24ns
:23  %volatilityB = call float @llvm.sqrt.f32(float %tmp_69_i)


 <State 70>: 6.24ns
ST_70: volatilityA [5/16] 6.24ns
:16  %volatilityA = call float @llvm.sqrt.f32(float %tmp_63_i)

ST_70: volatilityB [5/16] 6.24ns
:23  %volatilityB = call float @llvm.sqrt.f32(float %tmp_69_i)


 <State 71>: 6.24ns
ST_71: volatilityA [4/16] 6.24ns
:16  %volatilityA = call float @llvm.sqrt.f32(float %tmp_63_i)

ST_71: volatilityB [4/16] 6.24ns
:23  %volatilityB = call float @llvm.sqrt.f32(float %tmp_69_i)


 <State 72>: 6.24ns
ST_72: volatilityA [3/16] 6.24ns
:16  %volatilityA = call float @llvm.sqrt.f32(float %tmp_63_i)

ST_72: volatilityB [3/16] 6.24ns
:23  %volatilityB = call float @llvm.sqrt.f32(float %tmp_69_i)


 <State 73>: 6.24ns
ST_73: volatilityA [2/16] 6.24ns
:16  %volatilityA = call float @llvm.sqrt.f32(float %tmp_63_i)

ST_73: volatilityB [2/16] 6.24ns
:23  %volatilityB = call float @llvm.sqrt.f32(float %tmp_69_i)


 <State 74>: 6.24ns
ST_74: volatilityA [1/16] 6.24ns
:16  %volatilityA = call float @llvm.sqrt.f32(float %tmp_63_i)

ST_74: volatilityB [1/16] 6.24ns
:23  %volatilityB = call float @llvm.sqrt.f32(float %tmp_69_i)


 <State 75>: 5.70ns
ST_75: tmp_81_i [4/4] 5.70ns
:31  %tmp_81_i = fmul float %volatilityA, %volatilityB


 <State 76>: 5.70ns
ST_76: tmp_81_i [3/4] 5.70ns
:31  %tmp_81_i = fmul float %volatilityA, %volatilityB


 <State 77>: 5.70ns
ST_77: tmp_81_i [2/4] 5.70ns
:31  %tmp_81_i = fmul float %volatilityA, %volatilityB


 <State 78>: 5.70ns
ST_78: tmp_81_i [1/4] 5.70ns
:31  %tmp_81_i = fmul float %volatilityA, %volatilityB


 <State 79>: 6.08ns
ST_79: corr_temp [16/16] 6.08ns
:32  %corr_temp = fdiv float %covariance, %tmp_81_i


 <State 80>: 6.08ns
ST_80: corr_temp [15/16] 6.08ns
:32  %corr_temp = fdiv float %covariance, %tmp_81_i


 <State 81>: 6.08ns
ST_81: corr_temp [14/16] 6.08ns
:32  %corr_temp = fdiv float %covariance, %tmp_81_i


 <State 82>: 6.08ns
ST_82: corr_temp [13/16] 6.08ns
:32  %corr_temp = fdiv float %covariance, %tmp_81_i


 <State 83>: 6.08ns
ST_83: corr_temp [12/16] 6.08ns
:32  %corr_temp = fdiv float %covariance, %tmp_81_i


 <State 84>: 6.08ns
ST_84: corr_temp [11/16] 6.08ns
:32  %corr_temp = fdiv float %covariance, %tmp_81_i


 <State 85>: 6.08ns
ST_85: corr_temp [10/16] 6.08ns
:32  %corr_temp = fdiv float %covariance, %tmp_81_i


 <State 86>: 6.08ns
ST_86: corr_temp [9/16] 6.08ns
:32  %corr_temp = fdiv float %covariance, %tmp_81_i


 <State 87>: 6.08ns
ST_87: corr_temp [8/16] 6.08ns
:32  %corr_temp = fdiv float %covariance, %tmp_81_i


 <State 88>: 6.08ns
ST_88: corr_temp [7/16] 6.08ns
:32  %corr_temp = fdiv float %covariance, %tmp_81_i


 <State 89>: 6.08ns
ST_89: corr_temp [6/16] 6.08ns
:32  %corr_temp = fdiv float %covariance, %tmp_81_i


 <State 90>: 6.08ns
ST_90: corr_temp [5/16] 6.08ns
:32  %corr_temp = fdiv float %covariance, %tmp_81_i


 <State 91>: 6.08ns
ST_91: corr_temp [4/16] 6.08ns
:32  %corr_temp = fdiv float %covariance, %tmp_81_i


 <State 92>: 6.08ns
ST_92: corr_temp [3/16] 6.08ns
:32  %corr_temp = fdiv float %covariance, %tmp_81_i


 <State 93>: 6.08ns
ST_93: corr_temp [2/16] 6.08ns
:32  %corr_temp = fdiv float %covariance, %tmp_81_i


 <State 94>: 6.08ns
ST_94: corr_temp [1/16] 6.08ns
:32  %corr_temp = fdiv float %covariance, %tmp_81_i

ST_94: val_assign [1/1] 0.00ns
:33  %val_assign = bitcast float %corr_temp to i32

ST_94: stg_365 [1/1] 0.00ns
:34  call void @_ssdm_op_Write.axis.volatile.i32P(i32* %out_correlation_data_V, i32 %val_assign)

ST_94: stg_366 [1/1] 0.00ns
:35  call void @_ssdm_op_Write.axis.volatile.i4P(i4* %out_correlation_keep_V, i4 -1)

ST_94: stg_367 [1/1] 0.00ns
:36  call void @_ssdm_op_Write.axis.volatile.i4P(i4* %out_correlation_strb_V, i4 1)

ST_94: stg_368 [1/1] 0.00ns
:37  call void @_ssdm_op_Write.axis.volatile.i1P(i1* %out_correlation_user_V, i1 false)

ST_94: stg_369 [1/1] 0.00ns
:39  call void @_ssdm_op_Write.axis.volatile.i1P(i1* %out_correlation_last_V, i1 %tmp_84_i)

ST_94: stg_370 [1/1] 0.00ns
:40  call void @_ssdm_op_Write.axis.volatile.i1P(i1* %out_correlation_id_V, i1 false)

ST_94: stg_371 [1/1] 0.00ns
:41  call void @_ssdm_op_Write.axis.volatile.i1P(i1* %out_correlation_dest_V, i1 false)

ST_94: stg_372 [1/1] 0.00ns
:43  br label %0



============================================================
+ Verbose Summary: Binding
============================================================
N/A
* FSMD analyzer results:
  - Output states:
  - Chain level:
	State 1
	State 2
	State 3
	State 4
	State 5
	State 6
	State 7
	State 8
	State 9
	State 10
	State 11
	State 12
	State 13
	State 14
	State 15
	State 16
	State 17
	State 18
	State 19
	State 20
	State 21
	State 22
	State 23
	State 24
	State 25
	State 26
	State 27
	State 28
	State 29
	State 30
	State 31
	State 32
	State 33
	State 34
	State 35
	State 36
	State 37
	State 38
	State 39
	State 40
	State 41
	State 42
	State 43
	State 44
	State 45
	State 46
	State 47
	State 48
	State 49
	State 50
	State 51
	State 52
	State 53
	State 54
	State 55
	State 56
	State 57
	State 58
	State 59
	State 60
	State 61
	State 62
	State 63
	State 64
	State 65
	State 66
	State 67
	State 68
	State 69
	State 70
	State 71
	State 72
	State 73
	State 74
	State 75
	State 76
	State 77
	State 78
	State 79
	State 80
	State 81
	State 82
	State 83
	State 84
	State 85
	State 86
	State 87
	State 88
	State 89
	State 90
	State 91
	State 92
	State 93
	State 94


============================================================
+ Verbose Summary: Datapath Resource usage 
============================================================
N/A
