==============================================================
File generated by Vivado(TM) HLS - High-Level Synthesis from C, C++ and SystemC
Version: 2014.4
Copyright (C) 2014 Xilinx Inc. All rights reserved.

==============================================================

@I [LIC-101] Checked out feature [VIVADO_HLS]
@I [HLS-10] Setting target device to ' xc7z020clg484-1 '
@I [SYN-201] Setting up clock 'default' with a period of 8.5ns.
@I [HLS-10] Analyzing design file 'C:/labs/lab1_prebuilt/SDRelease/_sds/vhls/src/madd.cpp' ... 
@I [HLS-10] Validating synthesis directives ...
@I [HLS-10] Starting code transformations ...
@I [HLS-10] Checking synthesizability ...
@I [XFORM-541] Flattening a loop nest 'Loop-1' (C:/labs/lab1_prebuilt/SDRelease/_sds/vhls/src/madd.cpp:18:8) in function 'madd'.
@I [HLS-111] Elapsed time: 32.028 seconds; current memory usage: 73.8 MB.
@I [HLS-10] Starting hardware synthesis ...
@I [HLS-10] Synthesizing 'madd' ...
@I [HLS-10] ----------------------------------------------------------------
@I [HLS-10] -- Scheduling module 'madd' 
@I [HLS-10] ----------------------------------------------------------------
@I [SCHED-11] Starting scheduling ...
@I [SCHED-61] Pipelining loop 'L_hls_label_0'.
@I [SCHED-61] Pipelining result: Target II: 1, Final II: 1, Depth: 9.
@W [SCHED-71] Latency directive discarded for region madd since it contains subloops.
@I [SCHED-11] Finished scheduling.
@I [HLS-111] Elapsed time: 0.07 seconds; current memory usage: 74.9 MB.
@I [HLS-10] ----------------------------------------------------------------
@I [HLS-10] -- Exploring micro-architecture for module 'madd' 
@I [HLS-10] ----------------------------------------------------------------
@I [BIND-100] Starting micro-architecture generation ...
@I [BIND-101] Performing variable lifetime analysis.
@I [BIND-101] Exploring resource sharing.
@I [BIND-101] Binding ...
@I [BIND-100] Finished micro-architecture generation.
@I [HLS-111] Elapsed time: 0.03 seconds; current memory usage: 75 MB.
@I [HLS-10] ----------------------------------------------------------------
@I [HLS-10] -- Generating RTL for module 'madd' 
@I [HLS-10] ----------------------------------------------------------------
@I [RTGEN-500] Setting interface mode on port 'madd/A' to 'bram'.
@I [RTGEN-500] Setting interface mode on port 'madd/B' to 'bram'.
@I [RTGEN-500] Setting interface mode on port 'madd/C' to 'bram'.
@I [RTGEN-500] Setting interface mode on function 'madd' to 'ap_ctrl_hs'.
@W [RTGEN-101] Setting dangling out port 'madd/A_WEN_A' to 0.
@W [RTGEN-101] Setting dangling out port 'madd/A_Din_A' to 0.
@W [RTGEN-101] Setting dangling out port 'madd/B_WEN_A' to 0.
@W [RTGEN-101] Setting dangling out port 'madd/B_Din_A' to 0.
@I [RTGEN-100] Generating core module 'madd_fadd_32ns_32ns_32_5_full_dsp': 1 instance(s).
@I [RTGEN-100] Finished creating RTL model for 'madd'.
@I [HLS-111] Elapsed time: 0.05 seconds; current memory usage: 74.9 MB.
@I [HLS-10] Finished generating all RTL models.
@I [WSYSC-301] Generating RTL SystemC for 'madd'.
@I [WVHDL-304] Generating RTL VHDL for 'madd'.
@I [WVLOG-307] Generating RTL Verilog for 'madd'.
@I [IMPL-8] Exporting RTL as an IP in IP-XACT.
@I [HLS-112] Total elapsed time: 88.895 seconds; peak memory usage: 75.2 MB.
@I [LIC-101] Checked in feature [VIVADO_HLS]
