(c) Copyright 2012-2015 Xilinx, Inc. All Rights Reserved.
#-----------------------------------------------------------
# Tool version  : sds++ 2014.4 20150228
# Start time    : Wed Nov 02 03:34:59 PM CET 2016
# Command line  : sds++ -o correlation_axis_ver2.elf ./src/correlation_accel_v2.o ./src/main.o -sds-pf zed
# Log file      : /home/trungnguyen/SDSoC/workspace/correlation_ver2_axis/correlation_axis_ver2/SDRelease/_sds/reports/sds.log
# Journal file  : /home/trungnguyen/SDSoC/workspace/correlation_ver2_axis/correlation_axis_ver2/SDRelease/_sds/reports/sds.jou
# Report file   : /home/trungnguyen/SDSoC/workspace/correlation_ver2_axis/correlation_axis_ver2/SDRelease/_sds/reports/sds.rpt
#-----------------------------------------------------------

INFO: [SDSoC 0-0] Removing implementation files from previous run
Libraries: 
Library Paths {}
INFO: [SDSoC 0-0] Analyzing object files
arm-xilinx-linux-gnueabi-objcopy -O binary --set-section-flags .xddata=alloc --only-section=.xddata /home/trungnguyen/SDSoC/workspace/correlation_ver2_axis/correlation_axis_ver2/SDRelease/src/correlation_accel_v2.o /home/trungnguyen/SDSoC/workspace/correlation_ver2_axis/correlation_axis_ver2/SDRelease/_sds/.data/correlation_accel_v2.o.xml
arm-xilinx-linux-gnueabi-objcopy -O binary --set-section-flags .xdpp=alloc --only-section=.xdpp /home/trungnguyen/SDSoC/workspace/correlation_ver2_axis/correlation_axis_ver2/SDRelease/src/correlation_accel_v2.o /home/trungnguyen/SDSoC/workspace/correlation_ver2_axis/correlation_axis_ver2/SDRelease/_sds/.pp/correlation_accel_v2.ii
arm-xilinx-linux-gnueabi-objcopy -O binary --set-section-flags .xdfcnmap=alloc --only-section=.xdfcnmap /home/trungnguyen/SDSoC/workspace/correlation_ver2_axis/correlation_axis_ver2/SDRelease/src/correlation_accel_v2.o /home/trungnguyen/SDSoC/workspace/correlation_ver2_axis/correlation_axis_ver2/SDRelease/_sds/.cdb/correlation_accel_v2.fcnmap.xml
arm-xilinx-linux-gnueabi-objcopy -O binary --set-section-flags .xdhlscore=alloc --only-section=.xdhlscore /home/trungnguyen/SDSoC/workspace/correlation_ver2_axis/correlation_axis_ver2/SDRelease/src/correlation_accel_v2.o /home/trungnguyen/SDSoC/workspace/correlation_ver2_axis/correlation_axis_ver2/SDRelease/_sds/iprepo/repo/xilinx_com_hls_correlation_accel_v2_1_0/xilinx_com_hls_correlation_accel_v2_1_0.zip
unzip -u -o /home/trungnguyen/SDSoC/workspace/correlation_ver2_axis/correlation_axis_ver2/SDRelease/_sds/iprepo/repo/xilinx_com_hls_correlation_accel_v2_1_0/xilinx_com_hls_correlation_accel_v2_1_0.zip -d /home/trungnguyen/SDSoC/workspace/correlation_ver2_axis/correlation_axis_ver2/SDRelease/_sds/iprepo/repo/xilinx_com_hls_correlation_accel_v2_1_0
Archive:  /home/trungnguyen/SDSoC/workspace/correlation_ver2_axis/correlation_axis_ver2/SDRelease/_sds/iprepo/repo/xilinx_com_hls_correlation_accel_v2_1_0/xilinx_com_hls_correlation_accel_v2_1_0.zip
  inflating: /home/trungnguyen/SDSoC/workspace/correlation_ver2_axis/correlation_axis_ver2/SDRelease/_sds/iprepo/repo/xilinx_com_hls_correlation_accel_v2_1_0/component.xml  
  inflating: /home/trungnguyen/SDSoC/workspace/correlation_ver2_axis/correlation_axis_ver2/SDRelease/_sds/iprepo/repo/xilinx_com_hls_correlation_accel_v2_1_0/hdl/ip/correlation_accel_v2_ap_flog_16_full_dsp_32.vhd  
  inflating: /home/trungnguyen/SDSoC/workspace/correlation_ver2_axis/correlation_axis_ver2/SDRelease/_sds/iprepo/repo/xilinx_com_hls_correlation_accel_v2_1_0/hdl/ip/correlation_accel_v2_ap_sitofp_6_no_dsp_32.vhd  
  inflating: /home/trungnguyen/SDSoC/workspace/correlation_ver2_axis/correlation_axis_ver2/SDRelease/_sds/iprepo/repo/xilinx_com_hls_correlation_accel_v2_1_0/hdl/ip/correlation_accel_v2_ap_faddfsub_7_full_dsp_32.vhd  
  inflating: /home/trungnguyen/SDSoC/workspace/correlation_ver2_axis/correlation_axis_ver2/SDRelease/_sds/iprepo/repo/xilinx_com_hls_correlation_accel_v2_1_0/hdl/ip/correlation_accel_v2_ap_fmul_3_max_dsp_32.vhd  
  inflating: /home/trungnguyen/SDSoC/workspace/correlation_ver2_axis/correlation_axis_ver2/SDRelease/_sds/iprepo/repo/xilinx_com_hls_correlation_accel_v2_1_0/hdl/ip/correlation_accel_v2_ap_fdiv_28_no_dsp_32.vhd  
  inflating: /home/trungnguyen/SDSoC/workspace/correlation_ver2_axis/correlation_axis_ver2/SDRelease/_sds/iprepo/repo/xilinx_com_hls_correlation_accel_v2_1_0/hdl/ip/correlation_accel_v2_ap_fsqrt_26_no_dsp_32.vhd  
  inflating: /home/trungnguyen/SDSoC/workspace/correlation_ver2_axis/correlation_axis_ver2/SDRelease/_sds/iprepo/repo/xilinx_com_hls_correlation_accel_v2_1_0/hdl/ip/correlation_accel_v2_ap_fadd_7_full_dsp_32.vhd  
  inflating: /home/trungnguyen/SDSoC/workspace/correlation_ver2_axis/correlation_axis_ver2/SDRelease/_sds/iprepo/repo/xilinx_com_hls_correlation_accel_v2_1_0/constraints/correlation_accel_v2_ooc.xdc  
  inflating: /home/trungnguyen/SDSoC/workspace/correlation_ver2_axis/correlation_axis_ver2/SDRelease/_sds/iprepo/repo/xilinx_com_hls_correlation_accel_v2_1_0/hdl/verilog/correlation_accel_v2_weight_rom_ram.dat  
  inflating: /home/trungnguyen/SDSoC/workspace/correlation_ver2_axis/correlation_axis_ver2/SDRelease/_sds/iprepo/repo/xilinx_com_hls_correlation_accel_v2_1_0/hdl/verilog/correlation_accel_v2_acc_return.v  
  inflating: /home/trungnguyen/SDSoC/workspace/correlation_ver2_axis/correlation_axis_ver2/SDRelease/_sds/iprepo/repo/xilinx_com_hls_correlation_accel_v2_1_0/hdl/verilog/correlation_accel_v2_sitofp_32ns_32_8.v  
  inflating: /home/trungnguyen/SDSoC/workspace/correlation_ver2_axis/correlation_axis_ver2/SDRelease/_sds/iprepo/repo/xilinx_com_hls_correlation_accel_v2_1_0/hdl/verilog/correlation_accel_v2_faddfsub_32ns_32ns_32_9_full_dsp.v  
  inflating: /home/trungnguyen/SDSoC/workspace/correlation_ver2_axis/correlation_axis_ver2/SDRelease/_sds/iprepo/repo/xilinx_com_hls_correlation_accel_v2_1_0/hdl/verilog/correlation_accel_v2_weight_rom.v  
  inflating: /home/trungnguyen/SDSoC/workspace/correlation_ver2_axis/correlation_axis_ver2/SDRelease/_sds/iprepo/repo/xilinx_com_hls_correlation_accel_v2_1_0/hdl/verilog/correlation_accel_v2_urem_32ns_4ns_32_36.v  
  inflating: /home/trungnguyen/SDSoC/workspace/correlation_ver2_axis/correlation_axis_ver2/SDRelease/_sds/iprepo/repo/xilinx_com_hls_correlation_accel_v2_1_0/hdl/verilog/correlation_accel_v2_fadd_32ns_32ns_32_9_full_dsp.v  
  inflating: /home/trungnguyen/SDSoC/workspace/correlation_ver2_axis/correlation_axis_ver2/SDRelease/_sds/iprepo/repo/xilinx_com_hls_correlation_accel_v2_1_0/hdl/verilog/correlation_accel_v2_fdiv_32ns_32ns_32_30.v  
  inflating: /home/trungnguyen/SDSoC/workspace/correlation_ver2_axis/correlation_axis_ver2/SDRelease/_sds/iprepo/repo/xilinx_com_hls_correlation_accel_v2_1_0/hdl/verilog/correlation_accel_v2_fmul_32ns_32ns_32_5_max_dsp.v  
  inflating: /home/trungnguyen/SDSoC/workspace/correlation_ver2_axis/correlation_axis_ver2/SDRelease/_sds/iprepo/repo/xilinx_com_hls_correlation_accel_v2_1_0/hdl/verilog/correlation_accel_v2.v  
  inflating: /home/trungnguyen/SDSoC/workspace/correlation_ver2_axis/correlation_axis_ver2/SDRelease/_sds/iprepo/repo/xilinx_com_hls_correlation_accel_v2_1_0/hdl/verilog/correlation_accel_v2_lnReturnA_ram.dat  
  inflating: /home/trungnguyen/SDSoC/workspace/correlation_ver2_axis/correlation_axis_ver2/SDRelease/_sds/iprepo/repo/xilinx_com_hls_correlation_accel_v2_1_0/hdl/verilog/correlation_accel_v2_fsqrt_32ns_32ns_32_28.v  
  inflating: /home/trungnguyen/SDSoC/workspace/correlation_ver2_axis/correlation_axis_ver2/SDRelease/_sds/iprepo/repo/xilinx_com_hls_correlation_accel_v2_1_0/hdl/verilog/correlation_accel_v2_flog_32ns_32ns_32_18_full_dsp.v  
  inflating: /home/trungnguyen/SDSoC/workspace/correlation_ver2_axis/correlation_axis_ver2/SDRelease/_sds/iprepo/repo/xilinx_com_hls_correlation_accel_v2_1_0/hdl/verilog/correlation_accel_v2_lnReturnA.v  
  inflating: /home/trungnguyen/SDSoC/workspace/correlation_ver2_axis/correlation_axis_ver2/SDRelease/_sds/iprepo/repo/xilinx_com_hls_correlation_accel_v2_1_0/hdl/vhdl/correlation_accel_v2_urem_32ns_4ns_32_36.vhd  
  inflating: /home/trungnguyen/SDSoC/workspace/correlation_ver2_axis/correlation_axis_ver2/SDRelease/_sds/iprepo/repo/xilinx_com_hls_correlation_accel_v2_1_0/hdl/vhdl/correlation_accel_v2_weight_rom.vhd  
  inflating: /home/trungnguyen/SDSoC/workspace/correlation_ver2_axis/correlation_axis_ver2/SDRelease/_sds/iprepo/repo/xilinx_com_hls_correlation_accel_v2_1_0/hdl/vhdl/correlation_accel_v2_fdiv_32ns_32ns_32_30.vhd  
  inflating: /home/trungnguyen/SDSoC/workspace/correlation_ver2_axis/correlation_axis_ver2/SDRelease/_sds/iprepo/repo/xilinx_com_hls_correlation_accel_v2_1_0/hdl/vhdl/correlation_accel_v2_fadd_32ns_32ns_32_9_full_dsp.vhd  
  inflating: /home/trungnguyen/SDSoC/workspace/correlation_ver2_axis/correlation_axis_ver2/SDRelease/_sds/iprepo/repo/xilinx_com_hls_correlation_accel_v2_1_0/hdl/vhdl/correlation_accel_v2_sitofp_32ns_32_8.vhd  
  inflating: /home/trungnguyen/SDSoC/workspace/correlation_ver2_axis/correlation_axis_ver2/SDRelease/_sds/iprepo/repo/xilinx_com_hls_correlation_accel_v2_1_0/hdl/vhdl/correlation_accel_v2_lnReturnA.vhd  
  inflating: /home/trungnguyen/SDSoC/workspace/correlation_ver2_axis/correlation_axis_ver2/SDRelease/_sds/iprepo/repo/xilinx_com_hls_correlation_accel_v2_1_0/hdl/vhdl/correlation_accel_v2_fmul_32ns_32ns_32_5_max_dsp.vhd  
  inflating: /home/trungnguyen/SDSoC/workspace/correlation_ver2_axis/correlation_axis_ver2/SDRelease/_sds/iprepo/repo/xilinx_com_hls_correlation_accel_v2_1_0/hdl/vhdl/correlation_accel_v2.vhd  
  inflating: /home/trungnguyen/SDSoC/workspace/correlation_ver2_axis/correlation_axis_ver2/SDRelease/_sds/iprepo/repo/xilinx_com_hls_correlation_accel_v2_1_0/hdl/vhdl/correlation_accel_v2_flog_32ns_32ns_32_18_full_dsp.vhd  
  inflating: /home/trungnguyen/SDSoC/workspace/correlation_ver2_axis/correlation_axis_ver2/SDRelease/_sds/iprepo/repo/xilinx_com_hls_correlation_accel_v2_1_0/hdl/vhdl/correlation_accel_v2_acc_return.vhd  
  inflating: /home/trungnguyen/SDSoC/workspace/correlation_ver2_axis/correlation_axis_ver2/SDRelease/_sds/iprepo/repo/xilinx_com_hls_correlation_accel_v2_1_0/hdl/vhdl/correlation_accel_v2_fsqrt_32ns_32ns_32_28.vhd  
  inflating: /home/trungnguyen/SDSoC/workspace/correlation_ver2_axis/correlation_axis_ver2/SDRelease/_sds/iprepo/repo/xilinx_com_hls_correlation_accel_v2_1_0/hdl/vhdl/correlation_accel_v2_faddfsub_32ns_32ns_32_9_full_dsp.vhd  
  inflating: /home/trungnguyen/SDSoC/workspace/correlation_ver2_axis/correlation_axis_ver2/SDRelease/_sds/iprepo/repo/xilinx_com_hls_correlation_accel_v2_1_0/doc/ReleaseNotes.txt  
  inflating: /home/trungnguyen/SDSoC/workspace/correlation_ver2_axis/correlation_axis_ver2/SDRelease/_sds/iprepo/repo/xilinx_com_hls_correlation_accel_v2_1_0/misc/logo.png  
  inflating: /home/trungnguyen/SDSoC/workspace/correlation_ver2_axis/correlation_axis_ver2/SDRelease/_sds/iprepo/repo/xilinx_com_hls_correlation_accel_v2_1_0/bd/bd.tcl  
  inflating: /home/trungnguyen/SDSoC/workspace/correlation_ver2_axis/correlation_axis_ver2/SDRelease/_sds/iprepo/repo/xilinx_com_hls_correlation_accel_v2_1_0/xgui/correlation_accel_v2_v1_0.tcl  
arm-xilinx-linux-gnueabi-objcopy -O binary --set-section-flags .xdif=alloc --only-section=.xdif /home/trungnguyen/SDSoC/workspace/correlation_ver2_axis/correlation_axis_ver2/SDRelease/src/correlation_accel_v2.o /home/trungnguyen/SDSoC/workspace/correlation_ver2_axis/correlation_axis_ver2/SDRelease/_sds/.cdb/correlation_accel_v2_if.xml
arm-xilinx-linux-gnueabi-objcopy -O binary --set-section-flags .xddata=alloc --only-section=.xddata /home/trungnguyen/SDSoC/workspace/correlation_ver2_axis/correlation_axis_ver2/SDRelease/src/main.o /home/trungnguyen/SDSoC/workspace/correlation_ver2_axis/correlation_axis_ver2/SDRelease/_sds/.data/main.o.xml
build_xd_ip_db  -sdsoc  -sds-pf /opt/Xilinx/SDSoC/2014.4/platforms/zed/zed_hw.pfm  -clkid 1 -ip /home/trungnguyen/SDSoC/workspace/correlation_ver2_axis/correlation_axis_ver2/SDRelease/_sds/iprepo/repo/xilinx_com_hls_correlation_accel_v2_1_0  -o /home/trungnguyen/SDSoC/workspace/correlation_ver2_axis/correlation_axis_ver2/SDRelease/_sds/.cdb/xd_ip_db.xml  
INFO: Using user-defined path for XILINX_XD environment variable /opt/Xilinx/SDSoC/2014.4
processing accelerators: /home/trungnguyen/SDSoC/workspace/correlation_ver2_axis/correlation_axis_ver2/SDRelease/_sds/iprepo/repo/xilinx_com_hls_correlation_accel_v2_1_0
ip_dir: /home/trungnguyen/SDSoC/workspace/correlation_ver2_axis/correlation_axis_ver2/SDRelease/_sds/iprepo/repo/xilinx_com_hls_correlation_accel_v2_1_0
xsltproc --stringparam xpath "spirit:component/spirit:name/text()" /opt/Xilinx/SDSoC/2014.4/scripts/xdcc/xpathValueOf.xsl /home/trungnguyen/SDSoC/workspace/correlation_ver2_axis/correlation_axis_ver2/SDRelease/_sds/iprepo/repo/xilinx_com_hls_correlation_accel_v2_1_0/component.xml
ip_name: correlation_accel_v2
INFO: [SDSoC 0-0] Generating data motion network
llvm-link -o /home/trungnguyen/SDSoC/workspace/correlation_ver2_axis/correlation_axis_ver2/SDRelease/_sds/.llvm/sdi_all.o /home/trungnguyen/SDSoC/workspace/correlation_ver2_axis/correlation_axis_ver2/SDRelease/_sds/.llvm/./src/correlation_accel_v2.s /home/trungnguyen/SDSoC/workspace/correlation_ver2_axis/correlation_axis_ver2/SDRelease/_sds/.llvm/./src/main.s
XidanePass  --platform zed  --dmclkid 1  --repo /home/trungnguyen/SDSoC/workspace/correlation_ver2_axis/correlation_axis_ver2/SDRelease/_sds/.cdb/xd_ip_db.xml  --dmdb /opt/Xilinx/SDSoC/2014.4/data/DM.db   -os linux 
INFO: [SDSoC 0-0] Analyzing hardware accelerators...
INFO: [SDSoC 0-0] Analyzing callers to hardware accelerators...
INFO: [SDSoC 0-0] Scheduling data transfer graph for partition 0
INFO: [SDSoC 0-0] Creating data motion network hardware for partition 0
INFO: [SDSoC 0-0] Creating software stub functions for partition 0
ERROR: [SDSoC 0-0] Function correlation_accel_v2 is missing data base index for argument in_indices
ERROR: [SDSoC 0-0] Function correlation_accel_v2 is missing data base index for argument out_correlation
INFO: [SDSoC 0-0] Generating data motion network report for partition 0
INFO: [SDSoC 0-0] Rewriting caller code
INFO: [SDSoC 0-0] Rewrite /home/trungnguyen/SDSoC/workspace/correlation_ver2_axis/correlation_axis_ver2/src/main.cpp
INFO: [SDSoC 0-0] Create accelerator stub functions
stub_gen  -func correlation_accel_v2  -stub /home/trungnguyen/SDSoC/workspace/correlation_ver2_axis/correlation_axis_ver2/SDRelease/_sds/.llvm/correlation_accel_v2.cfrewrite  -o /home/trungnguyen/SDSoC/workspace/correlation_ver2_axis/correlation_axis_ver2/SDRelease/_sds/swstubs/correlation_accel_v2.cpp  /home/trungnguyen/SDSoC/workspace/correlation_ver2_axis/correlation_axis_ver2/src/correlation_accel_v2.cpp  --  -c  -target arm-xilinx-linux-gnueabi -mcpu=cortex-a9 -O0 -g -w   -I/opt/Xilinx/SDSoC/2014.4/SDK/2014.4/gnu/arm/lin/arm-xilinx-linux-gnueabi/include/c++/4.8.3  -I/opt/Xilinx/SDSoC/2014.4/SDK/2014.4/gnu/arm/lin/arm-xilinx-linux-gnueabi/include/c++/4.8.3/arm-xilinx-linux-gnueabi  -I/opt/Xilinx/SDSoC/2014.4/SDK/2014.4/gnu/arm/lin/arm-xilinx-linux-gnueabi/include/c++/4.8.3/backward   -I/opt/Xilinx/SDSoC/2014.4/SDK/2014.4/gnu/arm/lin/lib/gcc/arm-xilinx-linux-gnueabi/4.8.3/include  -I/opt/Xilinx/SDSoC/2014.4/SDK/2014.4/gnu/arm/lin/lib/gcc/arm-xilinx-linux-gnueabi/4.8.3/include-fixed  -I/opt/Xilinx/SDSoC/2014.4/SDK/2014.4/gnu/arm/lin/arm-xilinx-linux-gnueabi/include  -I/opt/Xilinx/SDSoC/2014.4/SDK/2014.4/gnu/arm/lin/arm-xilinx-linux-gnueabi/libc/usr/include  -I /opt/Xilinx/SDSoC/2014.4/Vivado_HLS/2014.4/include  -I /opt/Xilinx/SDSoC/2014.4/arm-xilinx-linux-gnueabi/include    -I/home/trungnguyen/SDSoC/workspace/correlation_ver2_axis/correlation_axis_ver2/src -I/home/trungnguyen/SDSoC/workspace/correlation_ver2_axis/correlation_axis_ver2/src -Wall -O3 -fmessage-length=0 -MMD -MP -D __SDSCC__
INFO: [SDSoC 0-0] Successfully performed stub generation on file: 
xsltproc  -o /home/trungnguyen/SDSoC/workspace/correlation_ver2_axis/correlation_axis_ver2/SDRelease/_sds/p0/ipi/apsys_acc_info.xml  --stringparam P_XD_IP_REPOS /home/trungnguyen/SDSoC/workspace/correlation_ver2_axis/correlation_axis_ver2/SDRelease/_sds/.cdb/xd_ip_db.xml  /opt/Xilinx/SDSoC/2014.4/scripts/xsd/genAdapterPackagedIpInfo.xsl 
         /home/trungnguyen/SDSoC/workspace/correlation_ver2_axis/correlation_axis_ver2/SDRelease/_sds/.llvm/apsys_0.xml
INFO: [SDSoC 0-0] Creating block diagram (BD), address map, port information and device registration for partition 0 (this may take a few minutes)
system_linker -cf-input /home/trungnguyen/SDSoC/workspace/correlation_ver2_axis/correlation_axis_ver2/SDRelease/_sds/.llvm/apsys_0.xml -cf-output-dir _sds/p0 -ip-db /home/trungnguyen/SDSoC/workspace/correlation_ver2_axis/correlation_axis_ver2/SDRelease/_sds/.cdb/xd_ip_db.xml -ip-repo /home/trungnguyen/SDSoC/workspace/correlation_ver2_axis/correlation_axis_ver2/SDRelease/_sds/iprepo/repo -sds-pf /opt/Xilinx/SDSoC/2014.4/platforms/zed:linux -software-only   -sdsoc
system_linker started at Wed Nov 02 03:35:01 PM CET 2016
INFO: [SDSoC 0-0] Creating hardware project files
INFO: [SDSoC 0-0] Creating Vivado block design
INFO: [SDSoC 0-0] Creating block diagram (BD) and address map
INFO: [SDSoC 0-0] Copying address map
INFO: [SDSoC 0-0] Creating port and device registration data
/opt/Xilinx/SDSoC/2014.4/bin/cf2sw -i apsys_0.xml -r /home/trungnguyen/SDSoC/workspace/correlation_ver2_axis/correlation_axis_ver2/SDRelease/_sds/.cdb/xd_ip_db.xml -a address_map.xml -pollMode 0    -n
system_linker completed at Wed Nov 02 03:35:51 PM CET 2016
INFO: [SDSoC 0-0] Prepare hardware access API functions
INFO: [SDSoC 0-0] Compile hardware access API functions
INFO: [SDSoC 0-0] Compile accelerator stub functions
arm-xilinx-linux-gnueabi-gcc -I /opt/Xilinx/SDSoC/2014.4/arm-xilinx-linux-gnueabi/include  -I /opt/Xilinx/SDSoC/2014.4/Vivado_HLS/2014.4/include    -c  /home/trungnguyen/SDSoC/workspace/correlation_ver2_axis/correlation_axis_ver2/SDRelease/_sds/swstubs/devreg.c
arm-xilinx-linux-gnueabi-gcc -I /opt/Xilinx/SDSoC/2014.4/arm-xilinx-linux-gnueabi/include  -I /opt/Xilinx/SDSoC/2014.4/Vivado_HLS/2014.4/include    -c  /home/trungnguyen/SDSoC/workspace/correlation_ver2_axis/correlation_axis_ver2/SDRelease/_sds/swstubs/portinfo.c
arm-xilinx-linux-gnueabi-g++ -I /opt/Xilinx/SDSoC/2014.4/arm-xilinx-linux-gnueabi/include  -I /opt/Xilinx/SDSoC/2014.4/Vivado_HLS/2014.4/include    -c  /home/trungnguyen/SDSoC/workspace/correlation_ver2_axis/correlation_axis_ver2/SDRelease/_sds/swstubs/cf_stub.c
arm-xilinx-linux-gnueabi-ar crs /home/trungnguyen/SDSoC/workspace/correlation_ver2_axis/correlation_axis_ver2/SDRelease/_sds/swstubs/libxlnk_stub.a /home/trungnguyen/SDSoC/workspace/correlation_ver2_axis/correlation_axis_ver2/SDRelease/_sds/swstubs/devreg.o /home/trungnguyen/SDSoC/workspace/correlation_ver2_axis/correlation_axis_ver2/SDRelease/_sds/swstubs/portinfo.o /home/trungnguyen/SDSoC/workspace/correlation_ver2_axis/correlation_axis_ver2/SDRelease/_sds/swstubs/cf_stub.o
arm-xilinx-linux-gnueabi-g++ -c correlation_accel_v2.cpp -I /opt/Xilinx/SDSoC/2014.4/arm-xilinx-linux-gnueabi/include  -I /opt/Xilinx/SDSoC/2014.4/Vivado_HLS/2014.4/include   -I/home/trungnguyen/SDSoC/workspace/correlation_ver2_axis/correlation_axis_ver2/src -I/home/trungnguyen/SDSoC/workspace/correlation_ver2_axis/correlation_axis_ver2/src -Wall -O3 -fmessage-length=0 -MMD -MP -D __SDSCC__  -o correlation_accel_v2.o
correlation_accel_v2.cpp: In function 'void correlation_accel_v2(int, int, float*, float*)':
correlation_accel_v2.cpp:107:2: warning: label 'RESET_REGISTERS_FIRST_INDEX' defined but not used [-Wunused-label]
  RESET_REGISTERS_FIRST_INDEX:
  ^
correlation_accel_v2.cpp:132:2: warning: label 'ACCUMULATION_LOOP_FIRST_INDEX' defined but not used [-Wunused-label]
  ACCUMULATION_LOOP_FIRST_INDEX:
  ^
correlation_accel_v2.cpp:231:3: warning: label 'ACCUMULATION_LOOP_FLOATING_INDEX' defined but not used [-Wunused-label]
   ACCUMULATION_LOOP_FLOATING_INDEX:
   ^
correlation_accel_v2.cpp:188:2: warning: label 'LAST_ACCUM_LOOP_FIRST_INDEX' defined but not used [-Wunused-label]
  LAST_ACCUM_LOOP_FIRST_INDEX:
  ^
correlation_accel_v2.cpp:292:3: warning: label 'LAST_ACCUM_LOOP' defined but not used [-Wunused-label]
   LAST_ACCUM_LOOP:
   ^
correlation_accel_v2.cpp:203:3: warning: label 'RESET_REGISTERS' defined but not used [-Wunused-label]
   RESET_REGISTERS:
   ^
correlation_accel_v2.cpp: In function 'void weight_rom_init(float*, int)':
correlation_accel_v2.cpp:407:2: warning: label 'INIT_WEIGHT_ROM' defined but not used [-Wunused-label]
  INIT_WEIGHT_ROM:
  ^
correlation_accel_v2.cpp:412:2: warning: label 'COMP_SUM_OF_WEIGHT' defined but not used [-Wunused-label]
  COMP_SUM_OF_WEIGHT:
  ^
INFO: [SDSoC 0-0] Compile rewritten caller functions
arm-xilinx-linux-gnueabi-objcopy -O binary --set-section-flags .xdsdata=alloc --only-section=.xdsdata /home/trungnguyen/SDSoC/workspace/correlation_ver2_axis/correlation_axis_ver2/SDRelease/src/main.o /home/trungnguyen/SDSoC/workspace/correlation_ver2_axis/correlation_axis_ver2/SDRelease/_sds/.data/main.xml
arm-xilinx-linux-gnueabi-g++ -c /home/trungnguyen/SDSoC/workspace/correlation_ver2_axis/correlation_axis_ver2/SDRelease/_sds/swstubs/main.cpp -I/home/trungnguyen/SDSoC/workspace/correlation_ver2_axis/correlation_axis_ver2/src -I/home/trungnguyen/SDSoC/workspace/correlation_ver2_axis/correlation_axis_ver2/src -Wall -O3 -fmessage-length=0 -MMD -MP -D __SDSCC__ -I /opt/Xilinx/SDSoC/2014.4/arm-xilinx-linux-gnueabi/include  -I /opt/Xilinx/SDSoC/2014.4/Vivado_HLS/2014.4/include   -o /home/trungnguyen/SDSoC/workspace/correlation_ver2_axis/correlation_axis_ver2/SDRelease/_sds/swstubs/main.o
/home/trungnguyen/SDSoC/workspace/correlation_ver2_axis/correlation_axis_ver2/SDRelease/_sds/swstubs/main.cpp: In function 'int main(int, char**)':
/home/trungnguyen/SDSoC/workspace/correlation_ver2_axis/correlation_axis_ver2/SDRelease/_sds/swstubs/main.cpp:372:10: warning: variable 'status' set but not used [-Wunused-but-set-variable]
     bool status;
          ^
/home/trungnguyen/SDSoC/workspace/correlation_ver2_axis/correlation_axis_ver2/SDRelease/_sds/swstubs/main.cpp: In function 'bool indices_init(uint32_t)':
/home/trungnguyen/SDSoC/workspace/correlation_ver2_axis/correlation_axis_ver2/SDRelease/_sds/swstubs/main.cpp:96:1: warning: control reaches end of non-void function [-Wreturn-type]
 }
 ^
/home/trungnguyen/SDSoC/workspace/correlation_ver2_axis/correlation_axis_ver2/src/correlation_accel_v2.hpp: At global scope:
/home/trungnguyen/SDSoC/workspace/correlation_ver2_axis/correlation_axis_ver2/src/correlation_accel_v2.hpp:64:13: warning: 'void weight_rom_init(float*, int)' declared 'static' but never defined [-Wunused-function]
 static void weight_rom_init(
             ^
arm-xilinx-linux-gnueabi-ar crs /home/trungnguyen/SDSoC/workspace/correlation_ver2_axis/correlation_axis_ver2/SDRelease/_sds/swstubs/libcorrelation_axis_ver2.a /home/trungnguyen/SDSoC/workspace/correlation_ver2_axis/correlation_axis_ver2/SDRelease/_sds/swstubs/devreg.o /home/trungnguyen/SDSoC/workspace/correlation_ver2_axis/correlation_axis_ver2/SDRelease/_sds/swstubs/portinfo.o /home/trungnguyen/SDSoC/workspace/correlation_ver2_axis/correlation_axis_ver2/SDRelease/_sds/swstubs/cf_stub.o /home/trungnguyen/SDSoC/workspace/correlation_ver2_axis/correlation_axis_ver2/SDRelease/_sds/swstubs/correlation_accel_v2.o
INFO: [SDSoC 0-0] Link application ELF file
arm-xilinx-linux-gnueabi-g++   /home/trungnguyen/SDSoC/workspace/correlation_ver2_axis/correlation_axis_ver2/SDRelease/src/correlation_accel_v2.o /home/trungnguyen/SDSoC/workspace/correlation_ver2_axis/correlation_axis_ver2/SDRelease/_sds/swstubs/main.o /home/trungnguyen/SDSoC/workspace/correlation_ver2_axis/correlation_axis_ver2/SDRelease/_sds/swstubs/correlation_accel_v2.o     -L /opt/Xilinx/SDSoC/2014.4/arm-xilinx-linux-gnueabi/lib -L/home/trungnguyen/SDSoC/workspace/correlation_ver2_axis/correlation_axis_ver2/SDRelease/_sds/swstubs -Wl,--start-group  -Wl,--end-group -Wl,--start-group    -lpthread -lsds_lib -lxlnk_stub  -Wl,--end-group -o /home/trungnguyen/SDSoC/workspace/correlation_ver2_axis/correlation_axis_ver2/SDRelease/_sds/swstubs/correlation_axis_ver2.elf
arm-xilinx-linux-gnueabi-objcopy -R .xddata -R .xdfcnmap -R .xdhlscore -R .xdcore -R .xdbdtcl -R .xdsdata -R .xdpp /home/trungnguyen/SDSoC/workspace/correlation_ver2_axis/correlation_axis_ver2/SDRelease/_sds/swstubs/correlation_axis_ver2.elf
INFO: [SDSoC 0-0] Enable generation of hardware programming files
INFO: [SDSoC 0-0] Enable generation of boot files
INFO: [SDSoC 0-0] Calling system_linker for partition 0
system_linker -cf-input /home/trungnguyen/SDSoC/workspace/correlation_ver2_axis/correlation_axis_ver2/SDRelease/_sds/.llvm/apsys_0.xml -cf-output-dir _sds/p0 -ip-db /home/trungnguyen/SDSoC/workspace/correlation_ver2_axis/correlation_axis_ver2/SDRelease/_sds/.cdb/xd_ip_db.xml -ip-repo /home/trungnguyen/SDSoC/workspace/correlation_ver2_axis/correlation_axis_ver2/SDRelease/_sds/iprepo/repo -sds-pf /opt/Xilinx/SDSoC/2014.4/platforms/zed:linux -bitstream -bit-name correlation_axis_ver2.elf.bit -boot-files   -mdev-no-swgen -mdev-no-xsd -sdsoc -sd-output-dir _sds/p0/sd_card -bit-binary -elf /home/trungnguyen/SDSoC/workspace/correlation_ver2_axis/correlation_axis_ver2/SDRelease/_sds/swstubs/correlation_axis_ver2.elf
system_linker started at Wed Nov 02 03:35:53 PM CET 2016
INFO: [SDSoC 0-0] Generating bitstream for platform zed.
      This may take some time to complete
... [15:36:07] Starting synth_design
... [15:36:17] Starting RTL Elaboration : Time (s): cpu = 00:00:08 ; elapsed = 00:00:09 . Memory (MB): peak = 1047.051 ; gain = 213.555 ; free physical = 11213 ; free virtual = 22060
... [15:41:17] Start Loading Part and Timing Information
... [15:41:17] Start Applying 'set_property' XDC Constraints
... [15:41:32] Start RTL Component Statistics 
... [15:41:32] Start RTL Hierarchical Component Statistics 
... [15:41:32] Start Part Resource Summary
... [15:41:32] Start Parallel Synthesis Optimization  : Time (s): cpu = 00:05:22 ; elapsed = 00:05:26 . Memory (MB): peak = 1968.441 ; gain = 1134.945 ; free physical = 10304 ; free virtual = 21212
... [15:41:32] Start Cross Boundary Optimization
... [15:41:37] Start Area Optimization
... [15:41:57] Start Timing Optimization
... [15:42:07] Start Applying XDC Timing Constraints
... [15:42:12] Start Technology Mapping
... [15:42:37] Start IO Insertion
... [15:42:37] Start Flattening Before IO Insertion
... [15:42:37] Start Final Netlist Cleanup
... [15:42:37] Start Renaming Generated Instances
... [15:42:37] Start Rebuilding User Hierarchy
... [15:42:42] Start Writing Synthesis Report
... [15:43:10] Starting DRC Task
... [15:43:15] Starting Logic Optimization Task
... [15:43:25] Starting Power Optimization Task
... [15:43:30] Starting PowerOpt Patch Enables Task
... [15:43:35] Starting Placer Task
... [15:44:20] Starting Routing Task
INFO: [SDSoC 0-0] Creating boot files
system_linker completed at Wed Nov 02 03:45:30 PM CET 2016
All user specified timing constraints are met.
sds++ log file saved as /home/trungnguyen/SDSoC/workspace/correlation_ver2_axis/correlation_axis_ver2/SDRelease/_sds/reports/sds.log
sds++ completed at Wed Nov 02 03:45:30 PM CET 2016
