#-----------------------------------------------------------
# Vivado v2014.4 (64-bit)
# SW Build 1071353 on Tue Nov 18 16:48:31 MST 2014
# IP Build 1071914 on Wed Nov 19 05:30:59 MST 2014
# Start of session at: Thu Jul 28 21:11:49 2016
# Process ID: 816
# Log file: /home/trungnguyen/SDSoC/samples/mmult_cascade/_sds/p0/ipi/vivado.log
# Journal file: /home/trungnguyen/SDSoC/samples/mmult_cascade/_sds/p0/ipi/vivado.jou
#-----------------------------------------------------------
start_gui
open_project zed.xpr
Scanning sources...
Finished scanning sources
INFO: [IP_Flow 19-234] Refreshing IP repositories
INFO: [IP_Flow 19-1700] Loaded user IP repository '/home/trungnguyen/SDSoC/samples/mmult_cascade/_sds/iprepo/repo'.
INFO: [IP_Flow 19-1700] Loaded user IP repository '/opt/Xilinx/SDSoC/2014.4/data/ip/xilinx'.
INFO: [IP_Flow 19-2313] Loaded Vivado IP repository '/opt/Xilinx/SDSoC/2014.4/Vivado/2014.4/data/ip'.
open_project: Time (s): cpu = 00:00:31 ; elapsed = 00:00:10 . Memory (MB): peak = 5933.789 ; gain = 198.160 ; free physical = 5281 ; free virtual = 21931
open_bd_design {/home/trungnguyen/SDSoC/samples/mmult_cascade/_sds/p0/ipi/zed.srcs/sources_1/bd/zed/zed.bd}
Adding component instance block -- xilinx.com:ip:proc_sys_reset:5.0 - proc_sys_reset_0
Adding component instance block -- xilinx.com:ip:proc_sys_reset:5.0 - proc_sys_reset_1
Adding component instance block -- xilinx.com:ip:proc_sys_reset:5.0 - proc_sys_reset_2
Adding component instance block -- xilinx.com:ip:proc_sys_reset:5.0 - proc_sys_reset_3
Adding component instance block -- xilinx.com:ip:processing_system7:5.5 - ps7
Adding component instance block -- xilinx.com:ip:xlconcat:2.1 - xlconcat
Adding component instance block -- xilinx.com:ip:axi_dma:7.1 - datamover_0
Adding component instance block -- xilinx.com:hls:mmult_accel:1.0 - mmult_accel_0
Adding component instance block -- xilinx.com:hls:mmult_accel:1.0 - mmult_accel_1
Adding component instance block -- xilinx.com:ip:axis_accelerator_adapter:2.1 - mmult_accel_0_if
Adding component instance block -- xilinx.com:ip:axis_accelerator_adapter:2.1 - mmult_accel_1_if
Adding component instance block -- xilinx.com:ip:axi_stream_router:1.0 - axis_rtr_datamover_0
Adding component instance block -- xilinx.com:ip:xlconstant:1.1 - acp_axcache_0xF
Adding component instance block -- xilinx.com:ip:xlconstant:1.1 - acp_axcache_0x3
Adding component instance block -- xilinx.com:ip:axi_crossbar:2.1 - xbar
Adding component instance block -- xilinx.com:ip:axi_mmu:2.1 - s00_mmu
Adding component instance block -- xilinx.com:ip:axi_mmu:2.1 - s02_mmu
Adding component instance block -- xilinx.com:ip:axi_mmu:2.1 - s01_mmu
Adding component instance block -- xilinx.com:ip:axi_data_fifo:2.1 - m00_data_fifo
Adding component instance block -- xilinx.com:ip:axi_register_slice:2.1 - m00_regslice
Adding component instance block -- xilinx.com:ip:axi_protocol_converter:2.1 - auto_pc
Adding component instance block -- xilinx.com:ip:axi_register_slice:2.1 - s02_regslice
Adding component instance block -- xilinx.com:ip:axi_data_fifo:2.1 - s02_data_fifo
Adding component instance block -- xilinx.com:ip:axi_register_slice:2.1 - s01_regslice
Adding component instance block -- xilinx.com:ip:axi_data_fifo:2.1 - s01_data_fifo
Adding component instance block -- xilinx.com:ip:axi_register_slice:2.1 - s00_regslice
Adding component instance block -- xilinx.com:ip:axi_dwidth_converter:2.1 - auto_us_df
Adding component instance block -- xilinx.com:ip:axi_crossbar:2.1 - xbar
Adding component instance block -- xilinx.com:ip:axi_register_slice:2.1 - m02_regslice
Adding component instance block -- xilinx.com:ip:axi_register_slice:2.1 - m01_regslice
Adding component instance block -- xilinx.com:ip:axi_register_slice:2.1 - m00_regslice
Adding component instance block -- xilinx.com:ip:axi_register_slice:2.1 - s00_regslice
Adding component instance block -- xilinx.com:ip:axi_data_fifo:2.1 - s00_data_fifo
Adding component instance block -- xilinx.com:ip:axi_protocol_converter:2.1 - auto_pc
Successfully read diagram <zed> from BD file </home/trungnguyen/SDSoC/samples/mmult_cascade/_sds/p0/ipi/zed.srcs/sources_1/bd/zed/zed.bd>
open_bd_design: Time (s): cpu = 00:00:16 ; elapsed = 00:00:08 . Memory (MB): peak = 6014.590 ; gain = 80.801 ; free physical = 5188 ; free virtual = 21838
regenerate_bd_layout
exit
INFO: [Common 17-206] Exiting Vivado at Thu Jul 28 21:13:53 2016...
