(c) Copyright 2012-2015 Xilinx, Inc. All Rights Reserved.
#-----------------------------------------------------------
# Tool version  : sds++ 2014.4 20150228
# Start time    : Mon Oct 24 07:06:32 PM CEST 2016
# Command line  : sds++ -Wall -O0 -g -I../src -c -fmessage-length=0 -MTsrc/mmult.o -sds-hw mmult mmult.cpp -sds-end -MMD -MP -MFsrc/mmult.d -MTsrc/mmult.d -o src/mmult.o ../src/mmult.cpp -sds-pf zed
# Log file      : /home/trungnguyen/SDSoC/tutorial/tut_workspace/matrix_mult_lab2/SDDebug/_sds/reports/sds_mmult.log
# Journal file  : /home/trungnguyen/SDSoC/tutorial/tut_workspace/matrix_mult_lab2/SDDebug/_sds/reports/sds_mmult.jou
# Report file   : /home/trungnguyen/SDSoC/tutorial/tut_workspace/matrix_mult_lab2/SDDebug/_sds/reports/sds_mmult.rpt
#-----------------------------------------------------------

INFO: [SDSoC 0-0] Performing accelerator source linting
sdslint -func mmult /home/trungnguyen/SDSoC/tutorial/tut_workspace/matrix_mult_lab2/src/mmult.cpp -- -c -target arm-xilinx-linux-gnueabi -mcpu=cortex-a9 -O0 -g -w   -I/opt/Xilinx/SDSoC/2014.4/SDK/2014.4/gnu/arm/lin/arm-xilinx-linux-gnueabi/include/c++/4.8.3  -I/opt/Xilinx/SDSoC/2014.4/SDK/2014.4/gnu/arm/lin/arm-xilinx-linux-gnueabi/include/c++/4.8.3/arm-xilinx-linux-gnueabi  -I/opt/Xilinx/SDSoC/2014.4/SDK/2014.4/gnu/arm/lin/arm-xilinx-linux-gnueabi/include/c++/4.8.3/backward   -I/opt/Xilinx/SDSoC/2014.4/SDK/2014.4/gnu/arm/lin/lib/gcc/arm-xilinx-linux-gnueabi/4.8.3/include  -I/opt/Xilinx/SDSoC/2014.4/SDK/2014.4/gnu/arm/lin/lib/gcc/arm-xilinx-linux-gnueabi/4.8.3/include-fixed  -I/opt/Xilinx/SDSoC/2014.4/SDK/2014.4/gnu/arm/lin/arm-xilinx-linux-gnueabi/include  -I/opt/Xilinx/SDSoC/2014.4/SDK/2014.4/gnu/arm/lin/arm-xilinx-linux-gnueabi/libc/usr/include  -I /opt/Xilinx/SDSoC/2014.4/Vivado_HLS/2014.4/include  -I /opt/Xilinx/SDSoC/2014.4/arm-xilinx-linux-gnueabi/include   -I../src -Wall -g -fmessage-length=0 -MMD -MP -D __SDSCC__
INFO: [SDSoC 0-0] Create data motion intermediate representation
clang_wrapper -target arm-xilinx-linux-gnueabi -mcpu=cortex-a9 -O0 -g -w   -I/opt/Xilinx/SDSoC/2014.4/SDK/2014.4/gnu/arm/lin/arm-xilinx-linux-gnueabi/include/c++/4.8.3  -I/opt/Xilinx/SDSoC/2014.4/SDK/2014.4/gnu/arm/lin/arm-xilinx-linux-gnueabi/include/c++/4.8.3/arm-xilinx-linux-gnueabi  -I/opt/Xilinx/SDSoC/2014.4/SDK/2014.4/gnu/arm/lin/arm-xilinx-linux-gnueabi/include/c++/4.8.3/backward   -I/opt/Xilinx/SDSoC/2014.4/SDK/2014.4/gnu/arm/lin/lib/gcc/arm-xilinx-linux-gnueabi/4.8.3/include  -I/opt/Xilinx/SDSoC/2014.4/SDK/2014.4/gnu/arm/lin/lib/gcc/arm-xilinx-linux-gnueabi/4.8.3/include-fixed  -I/opt/Xilinx/SDSoC/2014.4/SDK/2014.4/gnu/arm/lin/arm-xilinx-linux-gnueabi/include  -I/opt/Xilinx/SDSoC/2014.4/SDK/2014.4/gnu/arm/lin/arm-xilinx-linux-gnueabi/libc/usr/include  -I /opt/Xilinx/SDSoC/2014.4/Vivado_HLS/2014.4/include  -I /opt/Xilinx/SDSoC/2014.4/arm-xilinx-linux-gnueabi/include   -I../src -Wall -g -fmessage-length=0 -MMD -MP -D __SDSCC__ -emit-llvm -S /home/trungnguyen/SDSoC/tutorial/tut_workspace/matrix_mult_lab2/src/mmult.cpp -o /home/trungnguyen/SDSoC/tutorial/tut_workspace/matrix_mult_lab2/SDDebug/_sds/.llvm/src/mmult.s
INFO: [SDSoC 0-0] Performing pragma generation
pragma_gen  -func mmult  -o /home/trungnguyen/SDSoC/tutorial/tut_workspace/matrix_mult_lab2/SDDebug/_sds/vhls/src/mmult.cpp  /home/trungnguyen/SDSoC/tutorial/tut_workspace/matrix_mult_lab2/src/mmult.cpp  --  -c  -target arm-xilinx-linux-gnueabi -mcpu=cortex-a9 -O0 -g -w   -I/opt/Xilinx/SDSoC/2014.4/SDK/2014.4/gnu/arm/lin/arm-xilinx-linux-gnueabi/include/c++/4.8.3  -I/opt/Xilinx/SDSoC/2014.4/SDK/2014.4/gnu/arm/lin/arm-xilinx-linux-gnueabi/include/c++/4.8.3/arm-xilinx-linux-gnueabi  -I/opt/Xilinx/SDSoC/2014.4/SDK/2014.4/gnu/arm/lin/arm-xilinx-linux-gnueabi/include/c++/4.8.3/backward   -I/opt/Xilinx/SDSoC/2014.4/SDK/2014.4/gnu/arm/lin/lib/gcc/arm-xilinx-linux-gnueabi/4.8.3/include  -I/opt/Xilinx/SDSoC/2014.4/SDK/2014.4/gnu/arm/lin/lib/gcc/arm-xilinx-linux-gnueabi/4.8.3/include-fixed  -I/opt/Xilinx/SDSoC/2014.4/SDK/2014.4/gnu/arm/lin/arm-xilinx-linux-gnueabi/include  -I/opt/Xilinx/SDSoC/2014.4/SDK/2014.4/gnu/arm/lin/arm-xilinx-linux-gnueabi/libc/usr/include  -I /opt/Xilinx/SDSoC/2014.4/Vivado_HLS/2014.4/include  -I /opt/Xilinx/SDSoC/2014.4/arm-xilinx-linux-gnueabi/include    -I/home/trungnguyen/SDSoC/tutorial/tut_workspace/matrix_mult_lab2/src -Wall -O0 -g -fmessage-length=0 -MMD -MP -D __SDSCC__ -I/home/trungnguyen/SDSoC/tutorial/tut_workspace/matrix_mult_lab2/src
INFO: [SDSoC 0-0] Moving function mmult to Programmable Logic
/opt/Xilinx/SDSoC/2014.4/Vivado_HLS/2014.4/bin/vivado_hls /home/trungnguyen/SDSoC/tutorial/tut_workspace/matrix_mult_lab2/SDDebug/_sds/vhls/mmult_run.tcl
================================================================
  Vivado(TM) HLS - High-Level Synthesis from C, C++ and SystemC
  Version 2014.4
  Build 1071461 on Tue Nov 18 16:42:57 PM 2014
  Copyright (C) 2014 Xilinx Inc. All rights reserved.
================================================================
@I [LIC-101] Checked out feature [HLS]
@I [HLS-10] Running '/opt/Xilinx/SDSoC/2014.4/Vivado_HLS/2014.4/bin/unwrapped/lnx64.o/vivado_hls'
            for user 'trungnguyen' on host 'verratnix.zmk.uni-kl.de' (Linux_x86_64 version 2.6.32-573.18.1.el6.x86_64) on Mon Oct 24 19:06:32 CEST 2016
            in directory '/home/trungnguyen/SDSoC/tutorial/tut_workspace/matrix_mult_lab2/SDDebug/_sds/vhls'
@I [HLS-10] Creating and opening project '/home/trungnguyen/SDSoC/tutorial/tut_workspace/matrix_mult_lab2/SDDebug/_sds/vhls/mmult'.
@I [HLS-10] Adding design file '/home/trungnguyen/SDSoC/tutorial/tut_workspace/matrix_mult_lab2/SDDebug/_sds/vhls/src/mmult.cpp' to the project
@I [HLS-10] Creating and opening solution '/home/trungnguyen/SDSoC/tutorial/tut_workspace/matrix_mult_lab2/SDDebug/_sds/vhls/mmult/solution'.
@I [HLS-10] Cleaning up the solution database.
@I [HLS-10] Setting target device to ' xc7z020clg484-1 '
@I [SYN-201] Setting up clock 'default' with a period of 5.95ns.
@I [HLS-10] Analyzing design file '/home/trungnguyen/SDSoC/tutorial/tut_workspace/matrix_mult_lab2/SDDebug/_sds/vhls/src/mmult.cpp' ... 
@I [HLS-10] Validating synthesis directives ...
@I [HLS-10] Starting code transformations ...
@I [XFORM-603] Inlining function 'mmult_kernel' into 'mmult' (/home/trungnguyen/SDSoC/tutorial/tut_workspace/matrix_mult_lab2/SDDebug/_sds/vhls/src/mmult.cpp:64).
@I [HLS-10] Checking synthesizability ...
@I [XFORM-502] Unrolling all sub-loops inside loop 'Loop-3.1' (/home/trungnguyen/SDSoC/tutorial/tut_workspace/matrix_mult_lab2/SDDebug/_sds/vhls/src/mmult.cpp:17) in function 'mmult' for pipelining.
@I [XFORM-501] Unrolling loop 'Loop-3.1.1' (/home/trungnguyen/SDSoC/tutorial/tut_workspace/matrix_mult_lab2/SDDebug/_sds/vhls/src/mmult.cpp:20) in function 'mmult' completely.
@I [XFORM-101] Partitioning array 'a_buf' (/home/trungnguyen/SDSoC/tutorial/tut_workspace/matrix_mult_lab2/SDDebug/_sds/vhls/src/mmult.cpp:44) in dimension 2 with a block factor 16.
@I [XFORM-101] Partitioning array 'b_buf' (/home/trungnguyen/SDSoC/tutorial/tut_workspace/matrix_mult_lab2/SDDebug/_sds/vhls/src/mmult.cpp:45) in dimension 1 with a block factor 16.
@I [XFORM-541] Flattening a loop nest 'Loop-1' (/home/trungnguyen/SDSoC/tutorial/tut_workspace/matrix_mult_lab2/SDDebug/_sds/vhls/src/mmult.cpp:48:7) in function 'mmult'.
@I [XFORM-541] Flattening a loop nest 'Loop-2' (/home/trungnguyen/SDSoC/tutorial/tut_workspace/matrix_mult_lab2/SDDebug/_sds/vhls/src/mmult.cpp:56:7) in function 'mmult'.
@I [XFORM-541] Flattening a loop nest 'Loop-3' (/home/trungnguyen/SDSoC/tutorial/tut_workspace/matrix_mult_lab2/SDDebug/_sds/vhls/src/mmult.cpp:16:8) in function 'mmult'.
@I [HLS-111] Elapsed time: 1.48 seconds; current memory usage: 53.6 MB.
@I [HLS-10] Starting hardware synthesis ...
@I [HLS-10] Synthesizing 'mmult' ...
@I [HLS-10] ----------------------------------------------------------------
@I [HLS-10] -- Scheduling module 'mmult' 
@I [HLS-10] ----------------------------------------------------------------
@I [SCHED-11] Starting scheduling ...
@I [SCHED-61] Pipelining loop 'Loop 1'.
@I [SCHED-61] Pipelining result: Target II: 1, Final II: 1, Depth: 2.
@I [SCHED-61] Pipelining loop 'Loop 2'.
@I [SCHED-61] Pipelining result: Target II: 1, Final II: 1, Depth: 2.
@I [SCHED-61] Pipelining loop 'Loop 3'.
@I [SCHED-61] Pipelining result: Target II: 1, Final II: 1, Depth: 297.
@W [SCHED-71] Latency directive discarded for region mmult since it contains subloops.
@I [SCHED-11] Finished scheduling.
@I [HLS-111] Elapsed time: 0.33 seconds; current memory usage: 56 MB.
@I [HLS-10] ----------------------------------------------------------------
@I [HLS-10] -- Exploring micro-architecture for module 'mmult' 
@I [HLS-10] ----------------------------------------------------------------
@I [BIND-100] Starting micro-architecture generation ...
@I [BIND-101] Performing variable lifetime analysis.
@I [BIND-101] Exploring resource sharing.
@I [BIND-101] Binding ...
@I [BIND-100] Finished micro-architecture generation.
@I [HLS-111] Elapsed time: 0.15 seconds; current memory usage: 59.2 MB.
@I [HLS-10] ----------------------------------------------------------------
@I [HLS-10] -- Generating RTL for module 'mmult' 
@I [HLS-10] ----------------------------------------------------------------
@I [RTGEN-500] Setting interface mode on port 'mmult/in_A' to 'ap_fifo'.
@I [RTGEN-500] Setting interface mode on port 'mmult/in_B' to 'ap_fifo'.
@I [RTGEN-500] Setting interface mode on port 'mmult/out_C' to 'ap_fifo'.
@I [RTGEN-500] Setting interface mode on function 'mmult' to 'ap_ctrl_hs'.
@I [RTGEN-100] Generating core module 'mmult_fadd_32ns_32ns_32_9_full_dsp': 32 instance(s).
@I [RTGEN-100] Generating core module 'mmult_fmul_32ns_32ns_32_5_max_dsp': 32 instance(s).
@I [RTGEN-100] Finished creating RTL model for 'mmult'.
@I [HLS-111] Elapsed time: 0.77 seconds; current memory usage: 66.6 MB.
@I [RTMG-278] Implementing memory 'mmult_a_buf_0_ram' using block RAMs.
@I [HLS-10] Finished generating all RTL models.
@I [WSYSC-301] Generating RTL SystemC for 'mmult'.
@I [WVHDL-304] Generating RTL VHDL for 'mmult'.
@I [WVLOG-307] Generating RTL Verilog for 'mmult'.
@I [IMPL-8] Exporting RTL as an IP in IP-XACT.

****** Vivado v2014.4 (64-bit)
  **** SW Build 1071353 on Tue Nov 18 16:48:31 MST 2014
  **** IP Build 1071914 on Wed Nov 19 05:30:59 MST 2014
    ** Copyright 1986-2014 Xilinx, Inc. All Rights Reserved.

source run_ippack.tcl -notrace
INFO: [IP_Flow 19-234] Refreshing IP repositories
INFO: [IP_Flow 19-1704] No user IP repositories specified
INFO: [IP_Flow 19-2313] Loaded Vivado IP repository '/opt/Xilinx/SDSoC/2014.4/Vivado/2014.4/data/ip'.
INFO: [IP_Flow 19-1686] Generating 'Synthesis' target for IP 'mmult_ap_fadd_7_full_dsp_32'...
INFO: [IP_Flow 19-1686] Generating 'Simulation' target for IP 'mmult_ap_fadd_7_full_dsp_32'...
INFO: [IP_Flow 19-1686] Generating 'Synthesis' target for IP 'mmult_ap_fmul_3_max_dsp_32'...
INFO: [IP_Flow 19-1686] Generating 'Simulation' target for IP 'mmult_ap_fmul_3_max_dsp_32'...
INFO: [IP_Flow 19-234] Refreshing IP repositories
INFO: [IP_Flow 19-1704] No user IP repositories specified
INFO: [IP_Flow 19-2313] Loaded Vivado IP repository '/opt/Xilinx/SDSoC/2014.4/Vivado/2014.4/data/ip'.
INFO: [Common 17-206] Exiting Vivado at Mon Oct 24 19:06:42 2016...
@I [HLS-112] Total elapsed time: 20.307 seconds; peak memory usage: 66.6 MB.
@I [LIC-101] Checked in feature [HLS]
xsltproc --output component.xml  /opt/Xilinx/SDSoC/2014.4/scripts/xsd/xdFixAximmAddrSpaceProperty.xsl  component.xml
zip -u xilinx_com_hls_mmult_1_0.zip component.xml
updating: component.xml (deflated 93%)
sed -i -e {s/xilinx\.com\/xidane/xilinx\.com\/xd/g} /home/trungnguyen/SDSoC/tutorial/tut_workspace/matrix_mult_lab2/SDDebug/_sds/vhls/mmult/solution/impl/ip/auxiliary.xml
xsltproc  --output /home/trungnguyen/SDSoC/tutorial/tut_workspace/matrix_mult_lab2/SDDebug/_sds/.llvm/mmult.hlsmap1.xml  --stringparam P_CLKID 1  --stringparam P_HLS_TYPE hls  /opt/Xilinx/SDSoC/2014.4/scripts/xsd/xdHlsmapRenameAttr.xsl  /home/trungnguyen/SDSoC/tutorial/tut_workspace/matrix_mult_lab2/SDDebug/_sds/.llvm/mmult_auxiliary.xml
xsltproc  --output /home/trungnguyen/SDSoC/tutorial/tut_workspace/matrix_mult_lab2/SDDebug/_sds/.llvm/mmult.hlsmap.xml  /opt/Xilinx/SDSoC/2014.4/scripts/xsd/xdHlsmapAdapter.xsl  /home/trungnguyen/SDSoC/tutorial/tut_workspace/matrix_mult_lab2/SDDebug/_sds/.llvm/mmult.hlsmap1.xml
xsltproc    --output /home/trungnguyen/SDSoC/tutorial/tut_workspace/matrix_mult_lab2/SDDebug/_sds/.llvm/mmult.fcnmap.xml  /opt/Xilinx/SDSoC/2014.4/scripts/xsd/xdHlsmapAxi4.xsl  /home/trungnguyen/SDSoC/tutorial/tut_workspace/matrix_mult_lab2/SDDebug/_sds/.llvm/mmult.hlsmap.xml
xsltproc  --output /home/trungnguyen/SDSoC/tutorial/tut_workspace/matrix_mult_lab2/SDDebug/_sds/.llvm/mmult_if.xml  /opt/Xilinx/SDSoC/2014.4/scripts/xsd/xdHlsAdapterComp.xsl  /home/trungnguyen/SDSoC/tutorial/tut_workspace/matrix_mult_lab2/SDDebug/_sds/.llvm/mmult.fcnmap.xml
arm-xilinx-linux-gnueabi-g++ -c -I../src -Wall -O0 -g -fmessage-length=0 -MMD -MP -D __SDSCC__ -MT/home/trungnguyen/SDSoC/tutorial/tut_workspace/matrix_mult_lab2/SDDebug/src/mmult.o -MF/home/trungnguyen/SDSoC/tutorial/tut_workspace/matrix_mult_lab2/SDDebug/src/mmult.d -MT/home/trungnguyen/SDSoC/tutorial/tut_workspace/matrix_mult_lab2/SDDebug/src/mmult.d  /home/trungnguyen/SDSoC/tutorial/tut_workspace/matrix_mult_lab2/SDDebug/_sds/swstubs/mmult.cpp -o /home/trungnguyen/SDSoC/tutorial/tut_workspace/matrix_mult_lab2/SDDebug/_sds/swstubs/mmult.o
arm-xilinx-linux-gnueabi-objcopy --add-section .xdasm=/home/trungnguyen/SDSoC/tutorial/tut_workspace/matrix_mult_lab2/SDDebug/_sds/.llvm/src/mmult.s /home/trungnguyen/SDSoC/tutorial/tut_workspace/matrix_mult_lab2/SDDebug/_sds/swstubs/mmult.o
arm-xilinx-linux-gnueabi-objcopy --add-section .xddata=/home/trungnguyen/SDSoC/tutorial/tut_workspace/matrix_mult_lab2/SDDebug/_sds/swstubs/mmult.xml /home/trungnguyen/SDSoC/tutorial/tut_workspace/matrix_mult_lab2/SDDebug/_sds/swstubs/mmult.o
arm-xilinx-linux-gnueabi-g++ -E -I../src -Wall -O0 -g -fmessage-length=0 -MMD -MP -D __SDSCC__ -MT/home/trungnguyen/SDSoC/tutorial/tut_workspace/matrix_mult_lab2/SDDebug/src/mmult.o -MF/home/trungnguyen/SDSoC/tutorial/tut_workspace/matrix_mult_lab2/SDDebug/src/mmult.d -MT/home/trungnguyen/SDSoC/tutorial/tut_workspace/matrix_mult_lab2/SDDebug/src/mmult.d -I /opt/Xilinx/SDSoC/2014.4/arm-xilinx-linux-gnueabi/include  -I /opt/Xilinx/SDSoC/2014.4/Vivado_HLS/2014.4/include   /home/trungnguyen/SDSoC/tutorial/tut_workspace/matrix_mult_lab2/src/mmult.cpp -o /home/trungnguyen/SDSoC/tutorial/tut_workspace/matrix_mult_lab2/SDDebug/_sds/.pp/mmult.ii
arm-xilinx-linux-gnueabi-objcopy --add-section .xdpp=/home/trungnguyen/SDSoC/tutorial/tut_workspace/matrix_mult_lab2/SDDebug/_sds/.pp/mmult.ii /home/trungnguyen/SDSoC/tutorial/tut_workspace/matrix_mult_lab2/SDDebug/_sds/swstubs/mmult.o
arm-xilinx-linux-gnueabi-objcopy --add-section .xdfcnmap=/home/trungnguyen/SDSoC/tutorial/tut_workspace/matrix_mult_lab2/SDDebug/_sds/.llvm/mmult.fcnmap.xml /home/trungnguyen/SDSoC/tutorial/tut_workspace/matrix_mult_lab2/SDDebug/_sds/swstubs/mmult.o
arm-xilinx-linux-gnueabi-objcopy --add-section .xdhlscore=/home/trungnguyen/SDSoC/tutorial/tut_workspace/matrix_mult_lab2/SDDebug/_sds/vhls/mmult/solution/impl/ip/xilinx_com_hls_mmult_1_0.zip /home/trungnguyen/SDSoC/tutorial/tut_workspace/matrix_mult_lab2/SDDebug/_sds/swstubs/mmult.o
arm-xilinx-linux-gnueabi-objcopy --add-section .xdif=/home/trungnguyen/SDSoC/tutorial/tut_workspace/matrix_mult_lab2/SDDebug/_sds/.llvm/mmult_if.xml /home/trungnguyen/SDSoC/tutorial/tut_workspace/matrix_mult_lab2/SDDebug/_sds/swstubs/mmult.o
sds++ log file saved as /home/trungnguyen/SDSoC/tutorial/tut_workspace/matrix_mult_lab2/SDDebug/_sds/reports/sds_mmult.log
sds++ completed at Mon Oct 24 07:06:53 PM CEST 2016
