(c) Copyright 2012-2015 Xilinx, Inc. All Rights Reserved.
#-----------------------------------------------------------
# Tool version  : sds++ 2014.4 20150228
# Start time    : Thu Oct 27 07:04:33 PM CEST 2016
# Command line  : sds++ -o correlation_comp_sys.elf ./src/correlation_accel_v1.o ./src/main.o ./.metadata/.plugins/org.eclipse.cdt.make.core/specs.o -lm -sds-pf zed
# Log file      : /home/trungnguyen/SDSoC/thesis/SDRelease/_sds/reports/sds.log
# Journal file  : /home/trungnguyen/SDSoC/thesis/SDRelease/_sds/reports/sds.jou
# Report file   : /home/trungnguyen/SDSoC/thesis/SDRelease/_sds/reports/sds.rpt
#-----------------------------------------------------------

Libraries: m
Library Paths {}
Searching for static library libm.a
INFO: [SDSoC 0-0] Analyzing object files
arm-xilinx-linux-gnueabi-objcopy -O binary --set-section-flags .xddata=alloc --only-section=.xddata /home/trungnguyen/SDSoC/thesis/SDRelease/src/correlation_accel_v1.o /home/trungnguyen/SDSoC/thesis/SDRelease/_sds/.data/correlation_accel_v1.o.xml
arm-xilinx-linux-gnueabi-objcopy -O binary --set-section-flags .xdpp=alloc --only-section=.xdpp /home/trungnguyen/SDSoC/thesis/SDRelease/src/correlation_accel_v1.o /home/trungnguyen/SDSoC/thesis/SDRelease/_sds/.pp/correlation_accel_v1.ii
arm-xilinx-linux-gnueabi-objcopy -O binary --set-section-flags .xdfcnmap=alloc --only-section=.xdfcnmap /home/trungnguyen/SDSoC/thesis/SDRelease/src/correlation_accel_v1.o /home/trungnguyen/SDSoC/thesis/SDRelease/_sds/.cdb/correlation_accel_v1.fcnmap.xml
arm-xilinx-linux-gnueabi-objcopy -O binary --set-section-flags .xdhlscore=alloc --only-section=.xdhlscore /home/trungnguyen/SDSoC/thesis/SDRelease/src/correlation_accel_v1.o /home/trungnguyen/SDSoC/thesis/SDRelease/_sds/iprepo/repo/xilinx_com_hls_correlation_accel_v1_1_0/xilinx_com_hls_correlation_accel_v1_1_0.zip
unzip -u -o /home/trungnguyen/SDSoC/thesis/SDRelease/_sds/iprepo/repo/xilinx_com_hls_correlation_accel_v1_1_0/xilinx_com_hls_correlation_accel_v1_1_0.zip -d /home/trungnguyen/SDSoC/thesis/SDRelease/_sds/iprepo/repo/xilinx_com_hls_correlation_accel_v1_1_0
Archive:  /home/trungnguyen/SDSoC/thesis/SDRelease/_sds/iprepo/repo/xilinx_com_hls_correlation_accel_v1_1_0/xilinx_com_hls_correlation_accel_v1_1_0.zip
  inflating: /home/trungnguyen/SDSoC/thesis/SDRelease/_sds/iprepo/repo/xilinx_com_hls_correlation_accel_v1_1_0/component.xml  
  inflating: /home/trungnguyen/SDSoC/thesis/SDRelease/_sds/iprepo/repo/xilinx_com_hls_correlation_accel_v1_1_0/hdl/ip/correlation_accel_v1_ap_fadd_7_full_dsp_32.vhd  
  inflating: /home/trungnguyen/SDSoC/thesis/SDRelease/_sds/iprepo/repo/xilinx_com_hls_correlation_accel_v1_1_0/hdl/ip/correlation_accel_v1_ap_fdiv_28_no_dsp_32.vhd  
  inflating: /home/trungnguyen/SDSoC/thesis/SDRelease/_sds/iprepo/repo/xilinx_com_hls_correlation_accel_v1_1_0/hdl/ip/correlation_accel_v1_ap_fsqrt_26_no_dsp_32.vhd  
  inflating: /home/trungnguyen/SDSoC/thesis/SDRelease/_sds/iprepo/repo/xilinx_com_hls_correlation_accel_v1_1_0/hdl/ip/correlation_accel_v1_ap_faddfsub_7_full_dsp_32.vhd  
  inflating: /home/trungnguyen/SDSoC/thesis/SDRelease/_sds/iprepo/repo/xilinx_com_hls_correlation_accel_v1_1_0/hdl/ip/correlation_accel_v1_ap_fmul_3_max_dsp_32.vhd  
  inflating: /home/trungnguyen/SDSoC/thesis/SDRelease/_sds/iprepo/repo/xilinx_com_hls_correlation_accel_v1_1_0/hdl/ip/correlation_accel_v1_ap_sitofp_6_no_dsp_32.vhd  
  inflating: /home/trungnguyen/SDSoC/thesis/SDRelease/_sds/iprepo/repo/xilinx_com_hls_correlation_accel_v1_1_0/hdl/ip/correlation_accel_v1_ap_flog_16_full_dsp_32.vhd  
  inflating: /home/trungnguyen/SDSoC/thesis/SDRelease/_sds/iprepo/repo/xilinx_com_hls_correlation_accel_v1_1_0/constraints/correlation_accel_v1_ooc.xdc  
  inflating: /home/trungnguyen/SDSoC/thesis/SDRelease/_sds/iprepo/repo/xilinx_com_hls_correlation_accel_v1_1_0/hdl/verilog/correlation_accel_v1_acc_returnA.v  
  inflating: /home/trungnguyen/SDSoC/thesis/SDRelease/_sds/iprepo/repo/xilinx_com_hls_correlation_accel_v1_1_0/hdl/verilog/correlation_accel_v1_bramA.v  
  inflating: /home/trungnguyen/SDSoC/thesis/SDRelease/_sds/iprepo/repo/xilinx_com_hls_correlation_accel_v1_1_0/hdl/verilog/correlation_accel_v1_acc_returnB.v  
  inflating: /home/trungnguyen/SDSoC/thesis/SDRelease/_sds/iprepo/repo/xilinx_com_hls_correlation_accel_v1_1_0/hdl/verilog/correlation_accel_v1_fadd_32ns_32ns_32_9_full_dsp.v  
  inflating: /home/trungnguyen/SDSoC/thesis/SDRelease/_sds/iprepo/repo/xilinx_com_hls_correlation_accel_v1_1_0/hdl/verilog/correlation_accel_v1_weight_rom_ram.dat  
  inflating: /home/trungnguyen/SDSoC/thesis/SDRelease/_sds/iprepo/repo/xilinx_com_hls_correlation_accel_v1_1_0/hdl/verilog/correlation_accel_v1_sitofp_32s_32_8.v  
  inflating: /home/trungnguyen/SDSoC/thesis/SDRelease/_sds/iprepo/repo/xilinx_com_hls_correlation_accel_v1_1_0/hdl/verilog/correlation_accel_v1_bramB_ram.dat  
  inflating: /home/trungnguyen/SDSoC/thesis/SDRelease/_sds/iprepo/repo/xilinx_com_hls_correlation_accel_v1_1_0/hdl/verilog/correlation_accel_v1_bramB.v  
  inflating: /home/trungnguyen/SDSoC/thesis/SDRelease/_sds/iprepo/repo/xilinx_com_hls_correlation_accel_v1_1_0/hdl/verilog/correlation_accel_v1_fmul_32ns_32ns_32_5_max_dsp.v  
  inflating: /home/trungnguyen/SDSoC/thesis/SDRelease/_sds/iprepo/repo/xilinx_com_hls_correlation_accel_v1_1_0/hdl/verilog/correlation_accel_v1_faddfsub_32ns_32ns_32_9_full_dsp.v  
  inflating: /home/trungnguyen/SDSoC/thesis/SDRelease/_sds/iprepo/repo/xilinx_com_hls_correlation_accel_v1_1_0/hdl/verilog/correlation_accel_v1_flog_32ns_32ns_32_18_full_dsp.v  
  inflating: /home/trungnguyen/SDSoC/thesis/SDRelease/_sds/iprepo/repo/xilinx_com_hls_correlation_accel_v1_1_0/hdl/verilog/correlation_accel_v1_weight_rom.v  
  inflating: /home/trungnguyen/SDSoC/thesis/SDRelease/_sds/iprepo/repo/xilinx_com_hls_correlation_accel_v1_1_0/hdl/verilog/correlation_accel_v1.v  
  inflating: /home/trungnguyen/SDSoC/thesis/SDRelease/_sds/iprepo/repo/xilinx_com_hls_correlation_accel_v1_1_0/hdl/verilog/correlation_accel_v1_mul_32s_32s_32_7.v  
  inflating: /home/trungnguyen/SDSoC/thesis/SDRelease/_sds/iprepo/repo/xilinx_com_hls_correlation_accel_v1_1_0/hdl/verilog/correlation_accel_v1_fsqrt_32ns_32ns_32_28.v  
  inflating: /home/trungnguyen/SDSoC/thesis/SDRelease/_sds/iprepo/repo/xilinx_com_hls_correlation_accel_v1_1_0/hdl/verilog/correlation_accel_v1_gmem32_m_axi.v  
  inflating: /home/trungnguyen/SDSoC/thesis/SDRelease/_sds/iprepo/repo/xilinx_com_hls_correlation_accel_v1_1_0/hdl/verilog/correlation_accel_v1_bramA_ram.dat  
  inflating: /home/trungnguyen/SDSoC/thesis/SDRelease/_sds/iprepo/repo/xilinx_com_hls_correlation_accel_v1_1_0/hdl/verilog/correlation_accel_v1_urem_31ns_4ns_31_35.v  
  inflating: /home/trungnguyen/SDSoC/thesis/SDRelease/_sds/iprepo/repo/xilinx_com_hls_correlation_accel_v1_1_0/hdl/verilog/correlation_accel_v1_fdiv_32ns_32ns_32_30.v  
  inflating: /home/trungnguyen/SDSoC/thesis/SDRelease/_sds/iprepo/repo/xilinx_com_hls_correlation_accel_v1_1_0/hdl/vhdl/correlation_accel_v1_acc_returnA.vhd  
  inflating: /home/trungnguyen/SDSoC/thesis/SDRelease/_sds/iprepo/repo/xilinx_com_hls_correlation_accel_v1_1_0/hdl/vhdl/correlation_accel_v1.vhd  
  inflating: /home/trungnguyen/SDSoC/thesis/SDRelease/_sds/iprepo/repo/xilinx_com_hls_correlation_accel_v1_1_0/hdl/vhdl/correlation_accel_v1_urem_31ns_4ns_31_35.vhd  
  inflating: /home/trungnguyen/SDSoC/thesis/SDRelease/_sds/iprepo/repo/xilinx_com_hls_correlation_accel_v1_1_0/hdl/vhdl/correlation_accel_v1_faddfsub_32ns_32ns_32_9_full_dsp.vhd  
  inflating: /home/trungnguyen/SDSoC/thesis/SDRelease/_sds/iprepo/repo/xilinx_com_hls_correlation_accel_v1_1_0/hdl/vhdl/correlation_accel_v1_bramB.vhd  
  inflating: /home/trungnguyen/SDSoC/thesis/SDRelease/_sds/iprepo/repo/xilinx_com_hls_correlation_accel_v1_1_0/hdl/vhdl/correlation_accel_v1_fmul_32ns_32ns_32_5_max_dsp.vhd  
  inflating: /home/trungnguyen/SDSoC/thesis/SDRelease/_sds/iprepo/repo/xilinx_com_hls_correlation_accel_v1_1_0/hdl/vhdl/correlation_accel_v1_gmem32_m_axi.vhd  
  inflating: /home/trungnguyen/SDSoC/thesis/SDRelease/_sds/iprepo/repo/xilinx_com_hls_correlation_accel_v1_1_0/hdl/vhdl/correlation_accel_v1_mul_32s_32s_32_7.vhd  
  inflating: /home/trungnguyen/SDSoC/thesis/SDRelease/_sds/iprepo/repo/xilinx_com_hls_correlation_accel_v1_1_0/hdl/vhdl/correlation_accel_v1_sitofp_32s_32_8.vhd  
  inflating: /home/trungnguyen/SDSoC/thesis/SDRelease/_sds/iprepo/repo/xilinx_com_hls_correlation_accel_v1_1_0/hdl/vhdl/correlation_accel_v1_acc_returnB.vhd  
  inflating: /home/trungnguyen/SDSoC/thesis/SDRelease/_sds/iprepo/repo/xilinx_com_hls_correlation_accel_v1_1_0/hdl/vhdl/correlation_accel_v1_fadd_32ns_32ns_32_9_full_dsp.vhd  
  inflating: /home/trungnguyen/SDSoC/thesis/SDRelease/_sds/iprepo/repo/xilinx_com_hls_correlation_accel_v1_1_0/hdl/vhdl/correlation_accel_v1_weight_rom.vhd  
  inflating: /home/trungnguyen/SDSoC/thesis/SDRelease/_sds/iprepo/repo/xilinx_com_hls_correlation_accel_v1_1_0/hdl/vhdl/correlation_accel_v1_bramA.vhd  
  inflating: /home/trungnguyen/SDSoC/thesis/SDRelease/_sds/iprepo/repo/xilinx_com_hls_correlation_accel_v1_1_0/hdl/vhdl/correlation_accel_v1_fsqrt_32ns_32ns_32_28.vhd  
  inflating: /home/trungnguyen/SDSoC/thesis/SDRelease/_sds/iprepo/repo/xilinx_com_hls_correlation_accel_v1_1_0/hdl/vhdl/correlation_accel_v1_fdiv_32ns_32ns_32_30.vhd  
  inflating: /home/trungnguyen/SDSoC/thesis/SDRelease/_sds/iprepo/repo/xilinx_com_hls_correlation_accel_v1_1_0/hdl/vhdl/correlation_accel_v1_flog_32ns_32ns_32_18_full_dsp.vhd  
  inflating: /home/trungnguyen/SDSoC/thesis/SDRelease/_sds/iprepo/repo/xilinx_com_hls_correlation_accel_v1_1_0/doc/ReleaseNotes.txt  
  inflating: /home/trungnguyen/SDSoC/thesis/SDRelease/_sds/iprepo/repo/xilinx_com_hls_correlation_accel_v1_1_0/misc/logo.png  
  inflating: /home/trungnguyen/SDSoC/thesis/SDRelease/_sds/iprepo/repo/xilinx_com_hls_correlation_accel_v1_1_0/xgui/correlation_accel_v1_v1_0.tcl  
arm-xilinx-linux-gnueabi-objcopy -O binary --set-section-flags .xdif=alloc --only-section=.xdif /home/trungnguyen/SDSoC/thesis/SDRelease/src/correlation_accel_v1.o /home/trungnguyen/SDSoC/thesis/SDRelease/_sds/.cdb/correlation_accel_v1_if.xml
arm-xilinx-linux-gnueabi-objcopy -O binary --set-section-flags .xddata=alloc --only-section=.xddata /home/trungnguyen/SDSoC/thesis/SDRelease/src/main.o /home/trungnguyen/SDSoC/thesis/SDRelease/_sds/.data/main.o.xml
arm-xilinx-linux-gnueabi-objcopy -O binary --set-section-flags .xddata=alloc --only-section=.xddata /home/trungnguyen/SDSoC/thesis/SDRelease/.metadata/.plugins/org.eclipse.cdt.make.core/specs.o /home/trungnguyen/SDSoC/thesis/SDRelease/_sds/.data/specs.o.xml
build_xd_ip_db  -sdsoc  -sds-pf /opt/Xilinx/SDSoC/2014.4/platforms/zed/zed_hw.pfm  -clkid 1 -ip /home/trungnguyen/SDSoC/thesis/SDRelease/_sds/iprepo/repo/xilinx_com_hls_correlation_accel_v1_1_0  -o /home/trungnguyen/SDSoC/thesis/SDRelease/_sds/.cdb/xd_ip_db.xml  
INFO: Using user-defined path for XILINX_XD environment variable /opt/Xilinx/SDSoC/2014.4
processing accelerators: /home/trungnguyen/SDSoC/thesis/SDRelease/_sds/iprepo/repo/xilinx_com_hls_correlation_accel_v1_1_0
ip_dir: /home/trungnguyen/SDSoC/thesis/SDRelease/_sds/iprepo/repo/xilinx_com_hls_correlation_accel_v1_1_0
xsltproc --stringparam xpath "spirit:component/spirit:name/text()" /opt/Xilinx/SDSoC/2014.4/scripts/xdcc/xpathValueOf.xsl /home/trungnguyen/SDSoC/thesis/SDRelease/_sds/iprepo/repo/xilinx_com_hls_correlation_accel_v1_1_0/component.xml
ip_name: correlation_accel_v1
INFO: [SDSoC 0-0] Generating data motion network
llvm-link -o /home/trungnguyen/SDSoC/thesis/SDRelease/_sds/.llvm/sdi_all.o /home/trungnguyen/SDSoC/thesis/SDRelease/_sds/.llvm/./src/correlation_accel_v1.s /home/trungnguyen/SDSoC/thesis/SDRelease/_sds/.llvm/./src/main.s /home/trungnguyen/SDSoC/thesis/SDRelease/_sds/.llvm/./.metadata/.plugins/org.eclipse.cdt.make.core/specs.s
XidanePass  --platform zed  --dmclkid 1  --repo /home/trungnguyen/SDSoC/thesis/SDRelease/_sds/.cdb/xd_ip_db.xml  --dmdb /opt/Xilinx/SDSoC/2014.4/data/DM.db   -os linux 
INFO: [SDSoC 0-0] Analyzing hardware accelerators...
INFO: [SDSoC 0-0] Analyzing callers to hardware accelerators...
INFO: [SDSoC 0-0] Scheduling data transfer graph for partition 0
INFO: [SDSoC 0-0] Creating data motion network hardware for partition 0
INFO: [SDSoC 0-0] Creating software stub functions for partition 0
INFO: [SDSoC 0-0] Generating data motion network report for partition 0
INFO: [SDSoC 0-0] Rewriting caller code
INFO: [SDSoC 0-0] Rewrite /home/trungnguyen/SDSoC/thesis/src/main.cpp
INFO: [SDSoC 0-0] Create accelerator stub functions
stub_gen  -func correlation_accel_v1  -stub /home/trungnguyen/SDSoC/thesis/SDRelease/_sds/.llvm/correlation_accel_v1.cfrewrite  -o /home/trungnguyen/SDSoC/thesis/SDRelease/_sds/swstubs/correlation_accel_v1.cpp  /home/trungnguyen/SDSoC/thesis/src/correlation_accel_v1.cpp  --  -c  -target arm-xilinx-linux-gnueabi -mcpu=cortex-a9 -O0 -g -w   -I/opt/Xilinx/SDSoC/2014.4/SDK/2014.4/gnu/arm/lin/arm-xilinx-linux-gnueabi/include/c++/4.8.3  -I/opt/Xilinx/SDSoC/2014.4/SDK/2014.4/gnu/arm/lin/arm-xilinx-linux-gnueabi/include/c++/4.8.3/arm-xilinx-linux-gnueabi  -I/opt/Xilinx/SDSoC/2014.4/SDK/2014.4/gnu/arm/lin/arm-xilinx-linux-gnueabi/include/c++/4.8.3/backward   -I/opt/Xilinx/SDSoC/2014.4/SDK/2014.4/gnu/arm/lin/lib/gcc/arm-xilinx-linux-gnueabi/4.8.3/include  -I/opt/Xilinx/SDSoC/2014.4/SDK/2014.4/gnu/arm/lin/lib/gcc/arm-xilinx-linux-gnueabi/4.8.3/include-fixed  -I/opt/Xilinx/SDSoC/2014.4/SDK/2014.4/gnu/arm/lin/arm-xilinx-linux-gnueabi/include  -I/opt/Xilinx/SDSoC/2014.4/SDK/2014.4/gnu/arm/lin/arm-xilinx-linux-gnueabi/libc/usr/include  -I /opt/Xilinx/SDSoC/2014.4/Vivado_HLS/2014.4/include  -I /opt/Xilinx/SDSoC/2014.4/arm-xilinx-linux-gnueabi/include    -I/home/trungnguyen/SDSoC/thesis/src -I/home/trungnguyen/SDSoC/thesis/src -Wall -O3 -fmessage-length=0 -MMD -MP -D __SDSCC__
INFO: [SDSoC 0-0] Successfully performed stub generation on file: 
xsltproc  -o /home/trungnguyen/SDSoC/thesis/SDRelease/_sds/p0/ipi/apsys_acc_info.xml  --stringparam P_XD_IP_REPOS /home/trungnguyen/SDSoC/thesis/SDRelease/_sds/.cdb/xd_ip_db.xml  /opt/Xilinx/SDSoC/2014.4/scripts/xsd/genAdapterPackagedIpInfo.xsl 
         /home/trungnguyen/SDSoC/thesis/SDRelease/_sds/.llvm/apsys_0.xml
INFO: [SDSoC 0-0] Creating block diagram (BD), address map, port information and device registration for partition 0 (this may take a few minutes)
system_linker -cf-input /home/trungnguyen/SDSoC/thesis/SDRelease/_sds/.llvm/apsys_0.xml -cf-output-dir _sds/p0 -ip-db /home/trungnguyen/SDSoC/thesis/SDRelease/_sds/.cdb/xd_ip_db.xml -ip-repo /home/trungnguyen/SDSoC/thesis/SDRelease/_sds/iprepo/repo -sds-pf /opt/Xilinx/SDSoC/2014.4/platforms/zed:linux -software-only   -sdsoc
system_linker started at Thu Oct 27 07:04:46 PM CEST 2016
INFO: [SDSoC 0-0] Creating hardware project files
INFO: [SDSoC 0-0] Creating Vivado block design
INFO: [SDSoC 0-0] Creating block diagram (BD) and address map
INFO: [SDSoC 0-0] Copying address map
INFO: [SDSoC 0-0] Creating port and device registration data
/opt/Xilinx/SDSoC/2014.4/bin/cf2sw -i apsys_0.xml -r /home/trungnguyen/SDSoC/thesis/SDRelease/_sds/.cdb/xd_ip_db.xml -a address_map.xml -pollMode 0    -n
system_linker completed at Thu Oct 27 07:05:21 PM CEST 2016
INFO: [SDSoC 0-0] Prepare hardware access API functions
INFO: [SDSoC 0-0] Compile hardware access API functions
INFO: [SDSoC 0-0] Compile accelerator stub functions
arm-xilinx-linux-gnueabi-gcc -I /opt/Xilinx/SDSoC/2014.4/arm-xilinx-linux-gnueabi/include  -I /opt/Xilinx/SDSoC/2014.4/Vivado_HLS/2014.4/include    -c  /home/trungnguyen/SDSoC/thesis/SDRelease/_sds/swstubs/devreg.c
arm-xilinx-linux-gnueabi-gcc -I /opt/Xilinx/SDSoC/2014.4/arm-xilinx-linux-gnueabi/include  -I /opt/Xilinx/SDSoC/2014.4/Vivado_HLS/2014.4/include    -c  /home/trungnguyen/SDSoC/thesis/SDRelease/_sds/swstubs/portinfo.c
arm-xilinx-linux-gnueabi-g++ -I /opt/Xilinx/SDSoC/2014.4/arm-xilinx-linux-gnueabi/include  -I /opt/Xilinx/SDSoC/2014.4/Vivado_HLS/2014.4/include    -c  /home/trungnguyen/SDSoC/thesis/SDRelease/_sds/swstubs/cf_stub.c
arm-xilinx-linux-gnueabi-ar crs /home/trungnguyen/SDSoC/thesis/SDRelease/_sds/swstubs/libxlnk_stub.a /home/trungnguyen/SDSoC/thesis/SDRelease/_sds/swstubs/devreg.o /home/trungnguyen/SDSoC/thesis/SDRelease/_sds/swstubs/portinfo.o /home/trungnguyen/SDSoC/thesis/SDRelease/_sds/swstubs/cf_stub.o
arm-xilinx-linux-gnueabi-g++ -c correlation_accel_v1.cpp -I /opt/Xilinx/SDSoC/2014.4/arm-xilinx-linux-gnueabi/include  -I /opt/Xilinx/SDSoC/2014.4/Vivado_HLS/2014.4/include   -I/home/trungnguyen/SDSoC/thesis/src -I/home/trungnguyen/SDSoC/thesis/src -Wall -O3 -fmessage-length=0 -MMD -MP -D __SDSCC__  -o correlation_accel_v1.o
                 from /home/trungnguyen/SDSoC/thesis/src/correlation_accel_v1.hpp:28,
                 from correlation_accel_v1.cpp:21:
                 from /opt/Xilinx/SDSoC/2014.4/Vivado_HLS/2014.4/include/hls_math.h:293,
                 from /home/trungnguyen/SDSoC/thesis/src/correlation_accel_v1.hpp:28,
                 from correlation_accel_v1.cpp:21:
                 from /home/trungnguyen/SDSoC/thesis/src/correlation_accel_v1.hpp:28,
                 from correlation_accel_v1.cpp:21:
                 from /home/trungnguyen/SDSoC/thesis/src/correlation_accel_v1.hpp:28,
                 from correlation_accel_v1.cpp:21:
                 from /home/trungnguyen/SDSoC/thesis/src/correlation_accel_v1.hpp:28,
                 from correlation_accel_v1.cpp:21:
                 from /home/trungnguyen/SDSoC/thesis/src/correlation_accel_v1.hpp:28,
                 from correlation_accel_v1.cpp:21:
                 from /home/trungnguyen/SDSoC/thesis/src/correlation_accel_v1.hpp:28,
                 from correlation_accel_v1.cpp:21:
                 from correlation_accel_v1.cpp:21:
/home/trungnguyen/SDSoC/thesis/src/correlation_accel_v1.hpp:74:32: warning: extra tokens at end of #endif directive [enabled by default]
 #endif /* CORRELATION_ACCL_H */_
                                ^
correlation_accel_v1.cpp: In function 'int correlation_accel_v1(int, int, float*, float*)':
correlation_accel_v1.cpp:130:6: warning: label 'LAST_ACCUM_LOOP' defined but not used [-Wunused-label]
      LAST_ACCUM_LOOP:
      ^
correlation_accel_v1.cpp:51:2: warning: label 'OUTER_LOOP' defined but not used [-Wunused-label]
  OUTER_LOOP:
  ^
correlation_accel_v1.cpp:83:6: warning: label 'RESET_REGISTERS' defined but not used [-Wunused-label]
      RESET_REGISTERS:
      ^
correlation_accel_v1.cpp:99:6: warning: label 'ACCUMULATION_LOOP' defined but not used [-Wunused-label]
      ACCUMULATION_LOOP:
      ^
correlation_accel_v1.cpp:61:4: warning: label 'INNER_LOOP' defined but not used [-Wunused-label]
    INNER_LOOP:
    ^
correlation_accel_v1.cpp: In function 'void weight_rom_init(float*, int)':
correlation_accel_v1.cpp:235:2: warning: label 'INIT_WEIGHT_ROM' defined but not used [-Wunused-label]
  INIT_WEIGHT_ROM:
  ^
correlation_accel_v1.cpp:240:2: warning: label 'COMP_SUM_OF_WEIGHT' defined but not used [-Wunused-label]
  COMP_SUM_OF_WEIGHT:
  ^
                 from correlation_accel_v1.cpp:21:
/opt/Xilinx/SDSoC/2014.4/Vivado_HLS/2014.4/include/hls_math.h: In instantiation of 'void hls::fir_blocksrl(T*, T*, T*, T*, int, int) [with T = short int; TRAITS = hls::hls_filter_traits_Q15]':
/opt/Xilinx/SDSoC/2014.4/Vivado_HLS/2014.4/include/hls_math.h:795:86:   required from here
/opt/Xilinx/SDSoC/2014.4/Vivado_HLS/2014.4/include/hls_math.h:749:1: warning: label 'fir_blocksrl_foreach_data' defined but not used [-Wunused-label]
 fir_blocksrl_foreach_data:
 ^
/opt/Xilinx/SDSoC/2014.4/Vivado_HLS/2014.4/include/hls_math.h: In instantiation of 'T_accum hls::dot(T*, T*, int) [with T_accum = int; T = short int]':
/opt/Xilinx/SDSoC/2014.4/Vivado_HLS/2014.4/include/hls_math.h:756:83:   required from 'void hls::fir_blocksrl(T*, T*, T*, T*, int, int) [with T = short int; TRAITS = hls::hls_filter_traits_Q15]'
/opt/Xilinx/SDSoC/2014.4/Vivado_HLS/2014.4/include/hls_math.h:795:86:   required from here
/opt/Xilinx/SDSoC/2014.4/Vivado_HLS/2014.4/include/hls_math.h:724:1: warning: label 'dot_foreach_tap' defined but not used [-Wunused-label]
 dot_foreach_tap:
 ^
                 from /home/trungnguyen/SDSoC/thesis/src/correlation_accel_v1.hpp:28,
                 from correlation_accel_v1.cpp:21:
/opt/Xilinx/SDSoC/2014.4/Vivado_HLS/2014.4/include/hls/utils/x_hls_utils.h: At global scope:
/opt/Xilinx/SDSoC/2014.4/Vivado_HLS/2014.4/include/hls/utils/x_hls_utils.h:183:10: warning: 'const uint32_t pow2(uint32_t)' defined but not used [-Wunused-function]
 uint32_t pow2(uint32_t e)
          ^
/opt/Xilinx/SDSoC/2014.4/Vivado_HLS/2014.4/include/hls/utils/x_hls_utils.h:226:7: warning: 'float to_float(float)' defined but not used [-Wunused-function]
 float to_float(float v)
       ^
/opt/Xilinx/SDSoC/2014.4/Vivado_HLS/2014.4/include/hls/utils/x_hls_utils.h:395:15: warning: 'std::ostream& operator<<(std::ostream&, const fp_struct<float>&)' defined but not used [-Wunused-function]
 std::ostream &operator << (std::ostream &os, const fp_struct<float> &s)
               ^
/opt/Xilinx/SDSoC/2014.4/Vivado_HLS/2014.4/include/hls/utils/x_hls_utils.h:411:1: warning: 'void castSingle(float, fp_struct<float>&)' defined but not used [-Wunused-function]
 castSingle(
 ^
/opt/Xilinx/SDSoC/2014.4/Vivado_HLS/2014.4/include/hls/utils/x_hls_utils.h:421:1: warning: 'float castSingle(fp_struct<float>)' defined but not used [-Wunused-function]
 castSingle(
 ^
/opt/Xilinx/SDSoC/2014.4/Vivado_HLS/2014.4/include/hls/utils/x_hls_utils.h:429:1: warning: 'void dumpSingle(float, fp_struct<float>)' defined but not used [-Wunused-function]
 dumpSingle(
 ^
/opt/Xilinx/SDSoC/2014.4/Vivado_HLS/2014.4/include/hls/utils/x_hls_utils.h:548:15: warning: 'std::ostream& operator<<(std::ostream&, const fp_struct<double>&)' defined but not used [-Wunused-function]
 std::ostream &operator << (std::ostream &os, const fp_struct<double> &s)
               ^
                 from /home/trungnguyen/SDSoC/thesis/src/correlation_accel_v1.hpp:28,
                 from correlation_accel_v1.cpp:21:
/opt/Xilinx/SDSoC/2014.4/Vivado_HLS/2014.4/include/hls/utils/x_hls_utils.h:560:1: warning: 'void castDouble(double, fp_struct<double>&)' defined but not used [-Wunused-function]
 castDouble(
 ^
/opt/Xilinx/SDSoC/2014.4/Vivado_HLS/2014.4/include/hls/utils/x_hls_utils.h:570:1: warning: 'double castDouble(fp_struct<double>)' defined but not used [-Wunused-function]
 castDouble(
 ^
/opt/Xilinx/SDSoC/2014.4/Vivado_HLS/2014.4/include/hls/utils/x_hls_utils.h:578:1: warning: 'void dumpDouble(double, fp_struct<double>)' defined but not used [-Wunused-function]
 dumpDouble(
 ^
                 from /home/trungnguyen/SDSoC/thesis/src/correlation_accel_v1.hpp:28,
                 from correlation_accel_v1.cpp:21:
/opt/Xilinx/SDSoC/2014.4/Vivado_HLS/2014.4/include/hls/utils/x_hls_utils.h:164:11: warning: 'float hls::abs(float)' defined but not used [-Wunused-function]
     float abs(float x) {
           ^
/opt/Xilinx/SDSoC/2014.4/Vivado_HLS/2014.4/include/hls/utils/x_hls_utils.h:168:12: warning: 'double hls::abs(double)' defined but not used [-Wunused-function]
     double abs(double x) {
            ^
/opt/Xilinx/SDSoC/2014.4/Vivado_HLS/2014.4/include/hls/utils/x_hls_utils.h:172:9: warning: 'int hls::abs(int)' defined but not used [-Wunused-function]
     int abs(int x) {
         ^
/opt/Xilinx/SDSoC/2014.4/Vivado_HLS/2014.4/include/hls/utils/x_hls_utils.h:176:14: warning: 'long int hls::abs(long int)' defined but not used [-Wunused-function]
     long int abs(long int x) {
              ^
                 from correlation_accel_v1.cpp:21:
/opt/Xilinx/SDSoC/2014.4/Vivado_HLS/2014.4/include/hls_math.h:61:12: warning: 'int hls::__signbit(float)' defined but not used [-Wunused-function]
 static int __signbit(float a_re)
            ^
/opt/Xilinx/SDSoC/2014.4/Vivado_HLS/2014.4/include/hls_math.h:67:12: warning: 'int hls::__signbit(double)' defined but not used [-Wunused-function]
 static int __signbit(double a_re)
            ^
/opt/Xilinx/SDSoC/2014.4/Vivado_HLS/2014.4/include/hls_math.h:81:14: warning: 'float hls::nanf(const char*)' defined but not used [-Wunused-function]
 static float nanf(const char *tagp) {
              ^
/opt/Xilinx/SDSoC/2014.4/Vivado_HLS/2014.4/include/hls_math.h:99:1: warning: 'int hls::__isfinite(float)' defined but not used [-Wunused-function]
 __isfinite(float t_in)
 ^
/opt/Xilinx/SDSoC/2014.4/Vivado_HLS/2014.4/include/hls_math.h:108:1: warning: 'int hls::__isfinite(double)' defined but not used [-Wunused-function]
 __isfinite(double t_in)
 ^
/opt/Xilinx/SDSoC/2014.4/Vivado_HLS/2014.4/include/hls_math.h:174:1: warning: 'int hls::__isnormal(float)' defined but not used [-Wunused-function]
 __isnormal(float t_in)
 ^
/opt/Xilinx/SDSoC/2014.4/Vivado_HLS/2014.4/include/hls_math.h:183:1: warning: 'int hls::__isnormal(double)' defined but not used [-Wunused-function]
 __isnormal(double t_in)
 ^
/opt/Xilinx/SDSoC/2014.4/Vivado_HLS/2014.4/include/hls_math.h:219:1: warning: 'int hls::__fpclassifyf(float)' defined but not used [-Wunused-function]
 __fpclassifyf(float t_in)
 ^
/opt/Xilinx/SDSoC/2014.4/Vivado_HLS/2014.4/include/hls_math.h:235:1: warning: 'int hls::__fpclassify(double)' defined but not used [-Wunused-function]
 __fpclassify(double t_in)
 ^
/opt/Xilinx/SDSoC/2014.4/Vivado_HLS/2014.4/include/hls_math.h:267:7: warning: 'float hls::copysign(float, float)' defined but not used [-Wunused-function]
 float copysign(float x, float y)
       ^
/opt/Xilinx/SDSoC/2014.4/Vivado_HLS/2014.4/include/hls_math.h:274:8: warning: 'double hls::fabs(double)' defined but not used [-Wunused-function]
 double fabs(double x)
        ^
/opt/Xilinx/SDSoC/2014.4/Vivado_HLS/2014.4/include/hls_math.h:287:7: warning: 'float hls::fabs(float)' defined but not used [-Wunused-function]
 float fabs(float x)
       ^
                 from /home/trungnguyen/SDSoC/thesis/src/correlation_accel_v1.hpp:28,
                 from correlation_accel_v1.cpp:21:
/opt/Xilinx/SDSoC/2014.4/Vivado_HLS/2014.4/include/hls/hls_normalize.h:114:14: warning: 'unsigned int hls::find_normalization(int)' defined but not used [-Wunused-function]
 unsigned int find_normalization(int x)
              ^
/opt/Xilinx/SDSoC/2014.4/Vivado_HLS/2014.4/include/hls/hls_normalize.h:128:14: warning: 'unsigned int hls::find_normalization(short int)' defined but not used [-Wunused-function]
 unsigned int find_normalization(short x)
              ^
                 from /home/trungnguyen/SDSoC/thesis/src/correlation_accel_v1.hpp:28,
                 from correlation_accel_v1.cpp:21:
/opt/Xilinx/SDSoC/2014.4/Vivado_HLS/2014.4/include/hls/hls_round.h:93:8: warning: 'double hls::floor(double)' defined but not used [-Wunused-function]
 double floor(double x)
        ^
/opt/Xilinx/SDSoC/2014.4/Vivado_HLS/2014.4/include/hls/hls_round.h:156:7: warning: 'float hls::floor(float)' defined but not used [-Wunused-function]
 float floor(float x)
       ^
/opt/Xilinx/SDSoC/2014.4/Vivado_HLS/2014.4/include/hls/hls_round.h:163:8: warning: 'double hls::ceil(double)' defined but not used [-Wunused-function]
 double ceil(double x)
        ^
/opt/Xilinx/SDSoC/2014.4/Vivado_HLS/2014.4/include/hls/hls_round.h:228:7: warning: 'float hls::ceil(float)' defined but not used [-Wunused-function]
 float ceil(float x)
       ^
/opt/Xilinx/SDSoC/2014.4/Vivado_HLS/2014.4/include/hls/hls_round.h:235:8: warning: 'double hls::trunc(double)' defined but not used [-Wunused-function]
 double trunc(double x)
        ^
/opt/Xilinx/SDSoC/2014.4/Vivado_HLS/2014.4/include/hls/hls_round.h:279:7: warning: 'float hls::trunc(float)' defined but not used [-Wunused-function]
 float trunc(float x)
       ^
/opt/Xilinx/SDSoC/2014.4/Vivado_HLS/2014.4/include/hls/hls_round.h:286:8: warning: 'double hls::round(double)' defined but not used [-Wunused-function]
 double round(double x)
        ^
/opt/Xilinx/SDSoC/2014.4/Vivado_HLS/2014.4/include/hls/hls_round.h:357:7: warning: 'float hls::round(float)' defined but not used [-Wunused-function]
 float round(float x)
       ^
                 from /home/trungnguyen/SDSoC/thesis/src/correlation_accel_v1.hpp:28,
                 from correlation_accel_v1.cpp:21:
/opt/Xilinx/SDSoC/2014.4/Vivado_HLS/2014.4/include/hls/hls_round.h:412:10: warning: 'long int hls::lrint(double)' defined but not used [-Wunused-function]
 long int lrint(double x) {
          ^
/opt/Xilinx/SDSoC/2014.4/Vivado_HLS/2014.4/include/hls/hls_round.h:418:15: warning: 'long long int hls::llrint(double)' defined but not used [-Wunused-function]
 long long int llrint(double x) {
               ^
/opt/Xilinx/SDSoC/2014.4/Vivado_HLS/2014.4/include/hls/hls_round.h:423:10: warning: 'long int hls::lrintf(float)' defined but not used [-Wunused-function]
 long int lrintf(float x) {
          ^
/opt/Xilinx/SDSoC/2014.4/Vivado_HLS/2014.4/include/hls/hls_round.h:429:15: warning: 'long long int hls::llrintf(float)' defined but not used [-Wunused-function]
 long long int llrintf(float x) {
               ^
/opt/Xilinx/SDSoC/2014.4/Vivado_HLS/2014.4/include/hls/hls_round.h:434:8: warning: 'double hls::modf(double, double*)' defined but not used [-Wunused-function]
 double modf(double x, double *intpart)
        ^
/opt/Xilinx/SDSoC/2014.4/Vivado_HLS/2014.4/include/hls/hls_round.h:530:7: warning: 'float hls::modf(float, float*)' defined but not used [-Wunused-function]
 float modf(float x, float *intpart)
       ^
                 from correlation_accel_v1.cpp:21:
/opt/Xilinx/SDSoC/2014.4/Vivado_HLS/2014.4/include/hls_math.h:305:8: warning: 'double hls::fmax(double, double)' defined but not used [-Wunused-function]
 double fmax(double x, double y)
        ^
/opt/Xilinx/SDSoC/2014.4/Vivado_HLS/2014.4/include/hls_math.h:352:7: warning: 'float hls::fmax(float, float)' defined but not used [-Wunused-function]
 float fmax(float x, float y)
       ^
/opt/Xilinx/SDSoC/2014.4/Vivado_HLS/2014.4/include/hls_math.h:366:8: warning: 'double hls::fmin(double, double)' defined but not used [-Wunused-function]
 double fmin(double x, double y)
        ^
/opt/Xilinx/SDSoC/2014.4/Vivado_HLS/2014.4/include/hls_math.h:413:7: warning: 'float hls::fmin(float, float)' defined but not used [-Wunused-function]
 float fmin(float x, float y)
       ^
                 from correlation_accel_v1.cpp:21:
/opt/Xilinx/SDSoC/2014.4/Vivado_HLS/2014.4/include/hls_math.h:433:1: warning: 'float hls::sinpif(float)' defined but not used [-Wunused-function]
 sinpif(float t_in)
 ^
/opt/Xilinx/SDSoC/2014.4/Vivado_HLS/2014.4/include/hls_math.h:440:1: warning: 'float hls::sin(float)' defined but not used [-Wunused-function]
 sin(float t_in)
 ^
/opt/Xilinx/SDSoC/2014.4/Vivado_HLS/2014.4/include/hls_math.h:447:1: warning: 'double hls::sin(double)' defined but not used [-Wunused-function]
 sin(double t_in)
 ^
/opt/Xilinx/SDSoC/2014.4/Vivado_HLS/2014.4/include/hls_math.h:461:1: warning: 'float hls::cospif(float)' defined but not used [-Wunused-function]
 cospif(float t_in)
 ^
/opt/Xilinx/SDSoC/2014.4/Vivado_HLS/2014.4/include/hls_math.h:468:1: warning: 'float hls::cos(float)' defined but not used [-Wunused-function]
 cos(float t_in)
 ^
/opt/Xilinx/SDSoC/2014.4/Vivado_HLS/2014.4/include/hls_math.h:475:1: warning: 'double hls::cos(double)' defined but not used [-Wunused-function]
 cos(double t_in)
 ^
/opt/Xilinx/SDSoC/2014.4/Vivado_HLS/2014.4/include/hls_math.h:547:1: warning: 'float hls::atanf(float)' defined but not used [-Wunused-function]
 atanf(float t_in)
 ^
/opt/Xilinx/SDSoC/2014.4/Vivado_HLS/2014.4/include/hls_math.h:554:1: warning: 'double hls::atan2(double, double)' defined but not used [-Wunused-function]
 atan2(double y_in, double x_in)
 ^
/opt/Xilinx/SDSoC/2014.4/Vivado_HLS/2014.4/include/hls_math.h:561:1: warning: 'float hls::atan2f(float, float)' defined but not used [-Wunused-function]
 atan2f(float y_in, float x_in)
 ^
/opt/Xilinx/SDSoC/2014.4/Vivado_HLS/2014.4/include/hls_math.h:568:1: warning: 'float hls::sinhf(float)' defined but not used [-Wunused-function]
 sinhf(float t_in)
 ^
/opt/Xilinx/SDSoC/2014.4/Vivado_HLS/2014.4/include/hls_math.h:575:1: warning: 'float hls::coshf(float)' defined but not used [-Wunused-function]
 coshf(float t_in)
 ^
                 from correlation_accel_v1.cpp:21:
/opt/Xilinx/SDSoC/2014.4/Vivado_HLS/2014.4/include/hls_math.h:588:1: warning: 'float hls::tanf(float)' defined but not used [-Wunused-function]
 tanf(float t_in)
 ^
/opt/Xilinx/SDSoC/2014.4/Vivado_HLS/2014.4/include/hls_math.h:603:1: warning: 'double hls::tan(double)' defined but not used [-Wunused-function]
 tan(double t_in)
 ^
/opt/Xilinx/SDSoC/2014.4/Vivado_HLS/2014.4/include/hls_math.h:624:7: warning: 'float hls::log10f(float)' defined but not used [-Wunused-function]
 float log10f(float x)
       ^
/opt/Xilinx/SDSoC/2014.4/Vivado_HLS/2014.4/include/hls_math.h:637:8: warning: 'double hls::log10(double)' defined but not used [-Wunused-function]
 double log10(double x)
        ^
/opt/Xilinx/SDSoC/2014.4/Vivado_HLS/2014.4/include/hls_math.h:644:8: warning: 'double hls::recip(double)' defined but not used [-Wunused-function]
 double recip(double x)
        ^
/opt/Xilinx/SDSoC/2014.4/Vivado_HLS/2014.4/include/hls_math.h:650:7: warning: 'float hls::recipf(float)' defined but not used [-Wunused-function]
 float recipf(float x)
       ^
/opt/Xilinx/SDSoC/2014.4/Vivado_HLS/2014.4/include/hls_math.h:656:8: warning: 'double hls::rsqrt(double)' defined but not used [-Wunused-function]
 double rsqrt(double x)
        ^
/opt/Xilinx/SDSoC/2014.4/Vivado_HLS/2014.4/include/hls_math.h:662:7: warning: 'float hls::rsqrtf(float)' defined but not used [-Wunused-function]
 float rsqrtf(float x)
       ^
                 from correlation_accel_v1.cpp:21:
/opt/Xilinx/SDSoC/2014.4/Vivado_HLS/2014.4/include/hls_math.h:670:8: warning: 'double hls::sqrt(double)' defined but not used [-Wunused-function]
 double sqrt(double x)
        ^
/opt/Xilinx/SDSoC/2014.4/Vivado_HLS/2014.4/include/hls_math.h:676:7: warning: 'float hls::sqrtf(float)' defined but not used [-Wunused-function]
 float sqrtf(float x)
       ^
/opt/Xilinx/SDSoC/2014.4/Vivado_HLS/2014.4/include/hls_math.h:682:8: warning: 'double hls::exp(double)' defined but not used [-Wunused-function]
 double exp(double x)
        ^
/opt/Xilinx/SDSoC/2014.4/Vivado_HLS/2014.4/include/hls_math.h:688:7: warning: 'float hls::expf(float)' defined but not used [-Wunused-function]
 float expf(float x)
       ^
/opt/Xilinx/SDSoC/2014.4/Vivado_HLS/2014.4/include/hls_math.h:793:13: warning: 'void hls::fir_blocksrl_Q15(short int*, short int*, short int*, short int*, int, int)' defined but not used [-Wunused-function]
 static void fir_blocksrl_Q15(short *in, short *taps, short *out, short *state, int incount, int numtaps)
             ^
                 from /home/trungnguyen/SDSoC/thesis/src/correlation_accel_v1.hpp:28,
                 from correlation_accel_v1.cpp:21:
/opt/Xilinx/SDSoC/2014.4/Vivado_HLS/2014.4/include/hls/hls_log.h:492:7: warning: 'float hls::log_reduce::log(float)' defined but not used [-Wunused-function]
 float log(float x)
       ^
/opt/Xilinx/SDSoC/2014.4/Vivado_HLS/2014.4/include/hls/hls_log.h:504:7: warning: 'float hls::log_reduce::log10(float)' defined but not used [-Wunused-function]
 float log10(float x)
       ^
/opt/Xilinx/SDSoC/2014.4/Vivado_HLS/2014.4/include/hls/hls_log.h:638:8: warning: 'double hls::log_reduce::log10(double)' defined but not used [-Wunused-function]
 double log10(double x)
        ^
                 from /home/trungnguyen/SDSoC/thesis/src/correlation_accel_v1.hpp:28,
                 from correlation_accel_v1.cpp:21:
/opt/Xilinx/SDSoC/2014.4/Vivado_HLS/2014.4/include/hls/hls_cordic.h:681:1: warning: 'float hls::cordic::sinf(float)' defined but not used [-Wunused-function]
 sinf(float t_in)
 ^
/opt/Xilinx/SDSoC/2014.4/Vivado_HLS/2014.4/include/hls/hls_cordic.h:697:1: warning: 'float hls::cordic::cosf(float)' defined but not used [-Wunused-function]
 cosf(float t_in)
 ^
/opt/Xilinx/SDSoC/2014.4/Vivado_HLS/2014.4/include/hls/hls_cordic.h:778:6: warning: 'void hls::cordic::sincosf(float, float*, float*)' defined but not used [-Wunused-function]
 void sincosf(
      ^
/opt/Xilinx/SDSoC/2014.4/Vivado_HLS/2014.4/include/hls/hls_cordic.h:794:1: warning: 'float hls::cordic::atan_cordic_floatdouble(float)' defined but not used [-Wunused-function]
 atan_cordic_floatdouble(
 ^
INFO: [SDSoC 0-0] Compile rewritten caller functions
arm-xilinx-linux-gnueabi-objcopy -O binary --set-section-flags .xdsdata=alloc --only-section=.xdsdata /home/trungnguyen/SDSoC/thesis/SDRelease/src/main.o /home/trungnguyen/SDSoC/thesis/SDRelease/_sds/.data/main.xml
arm-xilinx-linux-gnueabi-g++ -c /home/trungnguyen/SDSoC/thesis/SDRelease/_sds/swstubs/main.cpp -I/home/trungnguyen/SDSoC/thesis/src -I/home/trungnguyen/SDSoC/thesis/src -Wall -O3 -fmessage-length=0 -MMD -MP -D __SDSCC__ -I /opt/Xilinx/SDSoC/2014.4/arm-xilinx-linux-gnueabi/include  -I /opt/Xilinx/SDSoC/2014.4/Vivado_HLS/2014.4/include   -o /home/trungnguyen/SDSoC/thesis/SDRelease/_sds/swstubs/main.o
                 from /home/trungnguyen/SDSoC/thesis/src/correlation_accel_v1.hpp:28,
                 from /home/trungnguyen/SDSoC/thesis/SDRelease/_sds/swstubs/main.cpp:30:
                 from /opt/Xilinx/SDSoC/2014.4/Vivado_HLS/2014.4/include/hls_math.h:293,
                 from /home/trungnguyen/SDSoC/thesis/src/correlation_accel_v1.hpp:28,
                 from /home/trungnguyen/SDSoC/thesis/SDRelease/_sds/swstubs/main.cpp:30:
                 from /home/trungnguyen/SDSoC/thesis/src/correlation_accel_v1.hpp:28,
                 from /home/trungnguyen/SDSoC/thesis/SDRelease/_sds/swstubs/main.cpp:30:
                 from /home/trungnguyen/SDSoC/thesis/src/correlation_accel_v1.hpp:28,
                 from /home/trungnguyen/SDSoC/thesis/SDRelease/_sds/swstubs/main.cpp:30:
                 from /home/trungnguyen/SDSoC/thesis/src/correlation_accel_v1.hpp:28,
                 from /home/trungnguyen/SDSoC/thesis/SDRelease/_sds/swstubs/main.cpp:30:
                 from /home/trungnguyen/SDSoC/thesis/src/correlation_accel_v1.hpp:28,
                 from /home/trungnguyen/SDSoC/thesis/SDRelease/_sds/swstubs/main.cpp:30:
                 from /home/trungnguyen/SDSoC/thesis/src/correlation_accel_v1.hpp:28,
                 from /home/trungnguyen/SDSoC/thesis/SDRelease/_sds/swstubs/main.cpp:30:
                 from /home/trungnguyen/SDSoC/thesis/SDRelease/_sds/swstubs/main.cpp:30:
/home/trungnguyen/SDSoC/thesis/src/correlation_accel_v1.hpp:74:32: warning: extra tokens at end of #endif directive [enabled by default]
 #endif /* CORRELATION_ACCL_H */_
                                ^
/home/trungnguyen/SDSoC/thesis/SDRelease/_sds/swstubs/main.cpp: In function 'int main(int, char**)':
/home/trungnguyen/SDSoC/thesis/SDRelease/_sds/swstubs/main.cpp:354:10: warning: variable 'status' set but not used [-Wunused-but-set-variable]
     bool status;
          ^
                 from /home/trungnguyen/SDSoC/thesis/SDRelease/_sds/swstubs/main.cpp:30:
/opt/Xilinx/SDSoC/2014.4/Vivado_HLS/2014.4/include/hls_math.h: In instantiation of 'void hls::fir_blocksrl(T*, T*, T*, T*, int, int) [with T = short int; TRAITS = hls::hls_filter_traits_Q15]':
/opt/Xilinx/SDSoC/2014.4/Vivado_HLS/2014.4/include/hls_math.h:795:86:   required from here
/opt/Xilinx/SDSoC/2014.4/Vivado_HLS/2014.4/include/hls_math.h:749:1: warning: label 'fir_blocksrl_foreach_data' defined but not used [-Wunused-label]
 fir_blocksrl_foreach_data:
 ^
/opt/Xilinx/SDSoC/2014.4/Vivado_HLS/2014.4/include/hls_math.h: In instantiation of 'T_accum hls::dot(T*, T*, int) [with T_accum = int; T = short int]':
/opt/Xilinx/SDSoC/2014.4/Vivado_HLS/2014.4/include/hls_math.h:756:83:   required from 'void hls::fir_blocksrl(T*, T*, T*, T*, int, int) [with T = short int; TRAITS = hls::hls_filter_traits_Q15]'
/opt/Xilinx/SDSoC/2014.4/Vivado_HLS/2014.4/include/hls_math.h:795:86:   required from here
/opt/Xilinx/SDSoC/2014.4/Vivado_HLS/2014.4/include/hls_math.h:724:1: warning: label 'dot_foreach_tap' defined but not used [-Wunused-label]
 dot_foreach_tap:
 ^
/home/trungnguyen/SDSoC/thesis/SDRelease/_sds/swstubs/main.cpp: In function 'bool indices_init(uint32_t)':
/home/trungnguyen/SDSoC/thesis/SDRelease/_sds/swstubs/main.cpp:89:1: warning: control reaches end of non-void function [-Wreturn-type]
 }
 ^
                 from /home/trungnguyen/SDSoC/thesis/src/correlation_accel_v1.hpp:28,
                 from /home/trungnguyen/SDSoC/thesis/SDRelease/_sds/swstubs/main.cpp:30:
/opt/Xilinx/SDSoC/2014.4/Vivado_HLS/2014.4/include/hls/utils/x_hls_utils.h: At global scope:
/opt/Xilinx/SDSoC/2014.4/Vivado_HLS/2014.4/include/hls/utils/x_hls_utils.h:183:10: warning: 'const uint32_t pow2(uint32_t)' defined but not used [-Wunused-function]
 uint32_t pow2(uint32_t e)
          ^
/opt/Xilinx/SDSoC/2014.4/Vivado_HLS/2014.4/include/hls/utils/x_hls_utils.h:226:7: warning: 'float to_float(float)' defined but not used [-Wunused-function]
 float to_float(float v)
       ^
/opt/Xilinx/SDSoC/2014.4/Vivado_HLS/2014.4/include/hls/utils/x_hls_utils.h:395:15: warning: 'std::ostream& operator<<(std::ostream&, const fp_struct<float>&)' defined but not used [-Wunused-function]
 std::ostream &operator << (std::ostream &os, const fp_struct<float> &s)
               ^
/opt/Xilinx/SDSoC/2014.4/Vivado_HLS/2014.4/include/hls/utils/x_hls_utils.h:411:1: warning: 'void castSingle(float, fp_struct<float>&)' defined but not used [-Wunused-function]
 castSingle(
 ^
/opt/Xilinx/SDSoC/2014.4/Vivado_HLS/2014.4/include/hls/utils/x_hls_utils.h:421:1: warning: 'float castSingle(fp_struct<float>)' defined but not used [-Wunused-function]
 castSingle(
 ^
/opt/Xilinx/SDSoC/2014.4/Vivado_HLS/2014.4/include/hls/utils/x_hls_utils.h:429:1: warning: 'void dumpSingle(float, fp_struct<float>)' defined but not used [-Wunused-function]
 dumpSingle(
 ^
/opt/Xilinx/SDSoC/2014.4/Vivado_HLS/2014.4/include/hls/utils/x_hls_utils.h:548:15: warning: 'std::ostream& operator<<(std::ostream&, const fp_struct<double>&)' defined but not used [-Wunused-function]
 std::ostream &operator << (std::ostream &os, const fp_struct<double> &s)
               ^
                 from /home/trungnguyen/SDSoC/thesis/src/correlation_accel_v1.hpp:28,
                 from /home/trungnguyen/SDSoC/thesis/SDRelease/_sds/swstubs/main.cpp:30:
/opt/Xilinx/SDSoC/2014.4/Vivado_HLS/2014.4/include/hls/utils/x_hls_utils.h:560:1: warning: 'void castDouble(double, fp_struct<double>&)' defined but not used [-Wunused-function]
 castDouble(
 ^
/opt/Xilinx/SDSoC/2014.4/Vivado_HLS/2014.4/include/hls/utils/x_hls_utils.h:570:1: warning: 'double castDouble(fp_struct<double>)' defined but not used [-Wunused-function]
 castDouble(
 ^
/opt/Xilinx/SDSoC/2014.4/Vivado_HLS/2014.4/include/hls/utils/x_hls_utils.h:578:1: warning: 'void dumpDouble(double, fp_struct<double>)' defined but not used [-Wunused-function]
 dumpDouble(
 ^
/home/trungnguyen/SDSoC/thesis/src/correlation_accel_v1.hpp:60:13: warning: 'void weight_rom_init(float*, int)' declared 'static' but never defined [-Wunused-function]
 static void weight_rom_init(
             ^
                 from /home/trungnguyen/SDSoC/thesis/src/correlation_accel_v1.hpp:28,
                 from /home/trungnguyen/SDSoC/thesis/SDRelease/_sds/swstubs/main.cpp:30:
/opt/Xilinx/SDSoC/2014.4/Vivado_HLS/2014.4/include/hls/utils/x_hls_utils.h:164:11: warning: 'float hls::abs(float)' defined but not used [-Wunused-function]
     float abs(float x) {
           ^
/opt/Xilinx/SDSoC/2014.4/Vivado_HLS/2014.4/include/hls/utils/x_hls_utils.h:168:12: warning: 'double hls::abs(double)' defined but not used [-Wunused-function]
     double abs(double x) {
            ^
/opt/Xilinx/SDSoC/2014.4/Vivado_HLS/2014.4/include/hls/utils/x_hls_utils.h:172:9: warning: 'int hls::abs(int)' defined but not used [-Wunused-function]
     int abs(int x) {
         ^
/opt/Xilinx/SDSoC/2014.4/Vivado_HLS/2014.4/include/hls/utils/x_hls_utils.h:176:14: warning: 'long int hls::abs(long int)' defined but not used [-Wunused-function]
     long int abs(long int x) {
              ^
                 from /home/trungnguyen/SDSoC/thesis/SDRelease/_sds/swstubs/main.cpp:30:
/opt/Xilinx/SDSoC/2014.4/Vivado_HLS/2014.4/include/hls_math.h:61:12: warning: 'int hls::__signbit(float)' defined but not used [-Wunused-function]
 static int __signbit(float a_re)
            ^
/opt/Xilinx/SDSoC/2014.4/Vivado_HLS/2014.4/include/hls_math.h:67:12: warning: 'int hls::__signbit(double)' defined but not used [-Wunused-function]
 static int __signbit(double a_re)
            ^
/opt/Xilinx/SDSoC/2014.4/Vivado_HLS/2014.4/include/hls_math.h:81:14: warning: 'float hls::nanf(const char*)' defined but not used [-Wunused-function]
 static float nanf(const char *tagp) {
              ^
/opt/Xilinx/SDSoC/2014.4/Vivado_HLS/2014.4/include/hls_math.h:99:1: warning: 'int hls::__isfinite(float)' defined but not used [-Wunused-function]
 __isfinite(float t_in)
 ^
/opt/Xilinx/SDSoC/2014.4/Vivado_HLS/2014.4/include/hls_math.h:108:1: warning: 'int hls::__isfinite(double)' defined but not used [-Wunused-function]
 __isfinite(double t_in)
 ^
/opt/Xilinx/SDSoC/2014.4/Vivado_HLS/2014.4/include/hls_math.h:174:1: warning: 'int hls::__isnormal(float)' defined but not used [-Wunused-function]
 __isnormal(float t_in)
 ^
/opt/Xilinx/SDSoC/2014.4/Vivado_HLS/2014.4/include/hls_math.h:183:1: warning: 'int hls::__isnormal(double)' defined but not used [-Wunused-function]
 __isnormal(double t_in)
 ^
/opt/Xilinx/SDSoC/2014.4/Vivado_HLS/2014.4/include/hls_math.h:219:1: warning: 'int hls::__fpclassifyf(float)' defined but not used [-Wunused-function]
 __fpclassifyf(float t_in)
 ^
/opt/Xilinx/SDSoC/2014.4/Vivado_HLS/2014.4/include/hls_math.h:235:1: warning: 'int hls::__fpclassify(double)' defined but not used [-Wunused-function]
 __fpclassify(double t_in)
 ^
/opt/Xilinx/SDSoC/2014.4/Vivado_HLS/2014.4/include/hls_math.h:267:7: warning: 'float hls::copysign(float, float)' defined but not used [-Wunused-function]
 float copysign(float x, float y)
       ^
/opt/Xilinx/SDSoC/2014.4/Vivado_HLS/2014.4/include/hls_math.h:274:8: warning: 'double hls::fabs(double)' defined but not used [-Wunused-function]
 double fabs(double x)
        ^
/opt/Xilinx/SDSoC/2014.4/Vivado_HLS/2014.4/include/hls_math.h:287:7: warning: 'float hls::fabs(float)' defined but not used [-Wunused-function]
 float fabs(float x)
       ^
                 from /home/trungnguyen/SDSoC/thesis/src/correlation_accel_v1.hpp:28,
                 from /home/trungnguyen/SDSoC/thesis/SDRelease/_sds/swstubs/main.cpp:30:
/opt/Xilinx/SDSoC/2014.4/Vivado_HLS/2014.4/include/hls/hls_normalize.h:114:14: warning: 'unsigned int hls::find_normalization(int)' defined but not used [-Wunused-function]
 unsigned int find_normalization(int x)
              ^
/opt/Xilinx/SDSoC/2014.4/Vivado_HLS/2014.4/include/hls/hls_normalize.h:128:14: warning: 'unsigned int hls::find_normalization(short int)' defined but not used [-Wunused-function]
 unsigned int find_normalization(short x)
              ^
                 from /home/trungnguyen/SDSoC/thesis/src/correlation_accel_v1.hpp:28,
                 from /home/trungnguyen/SDSoC/thesis/SDRelease/_sds/swstubs/main.cpp:30:
/opt/Xilinx/SDSoC/2014.4/Vivado_HLS/2014.4/include/hls/hls_round.h:93:8: warning: 'double hls::floor(double)' defined but not used [-Wunused-function]
 double floor(double x)
        ^
/opt/Xilinx/SDSoC/2014.4/Vivado_HLS/2014.4/include/hls/hls_round.h:156:7: warning: 'float hls::floor(float)' defined but not used [-Wunused-function]
 float floor(float x)
       ^
/opt/Xilinx/SDSoC/2014.4/Vivado_HLS/2014.4/include/hls/hls_round.h:163:8: warning: 'double hls::ceil(double)' defined but not used [-Wunused-function]
 double ceil(double x)
        ^
/opt/Xilinx/SDSoC/2014.4/Vivado_HLS/2014.4/include/hls/hls_round.h:228:7: warning: 'float hls::ceil(float)' defined but not used [-Wunused-function]
 float ceil(float x)
       ^
/opt/Xilinx/SDSoC/2014.4/Vivado_HLS/2014.4/include/hls/hls_round.h:235:8: warning: 'double hls::trunc(double)' defined but not used [-Wunused-function]
 double trunc(double x)
        ^
/opt/Xilinx/SDSoC/2014.4/Vivado_HLS/2014.4/include/hls/hls_round.h:279:7: warning: 'float hls::trunc(float)' defined but not used [-Wunused-function]
 float trunc(float x)
       ^
/opt/Xilinx/SDSoC/2014.4/Vivado_HLS/2014.4/include/hls/hls_round.h:286:8: warning: 'double hls::round(double)' defined but not used [-Wunused-function]
 double round(double x)
        ^
/opt/Xilinx/SDSoC/2014.4/Vivado_HLS/2014.4/include/hls/hls_round.h:357:7: warning: 'float hls::round(float)' defined but not used [-Wunused-function]
 float round(float x)
       ^
                 from /home/trungnguyen/SDSoC/thesis/src/correlation_accel_v1.hpp:28,
                 from /home/trungnguyen/SDSoC/thesis/SDRelease/_sds/swstubs/main.cpp:30:
/opt/Xilinx/SDSoC/2014.4/Vivado_HLS/2014.4/include/hls/hls_round.h:412:10: warning: 'long int hls::lrint(double)' defined but not used [-Wunused-function]
 long int lrint(double x) {
          ^
/opt/Xilinx/SDSoC/2014.4/Vivado_HLS/2014.4/include/hls/hls_round.h:418:15: warning: 'long long int hls::llrint(double)' defined but not used [-Wunused-function]
 long long int llrint(double x) {
               ^
/opt/Xilinx/SDSoC/2014.4/Vivado_HLS/2014.4/include/hls/hls_round.h:423:10: warning: 'long int hls::lrintf(float)' defined but not used [-Wunused-function]
 long int lrintf(float x) {
          ^
/opt/Xilinx/SDSoC/2014.4/Vivado_HLS/2014.4/include/hls/hls_round.h:429:15: warning: 'long long int hls::llrintf(float)' defined but not used [-Wunused-function]
 long long int llrintf(float x) {
               ^
/opt/Xilinx/SDSoC/2014.4/Vivado_HLS/2014.4/include/hls/hls_round.h:434:8: warning: 'double hls::modf(double, double*)' defined but not used [-Wunused-function]
 double modf(double x, double *intpart)
        ^
/opt/Xilinx/SDSoC/2014.4/Vivado_HLS/2014.4/include/hls/hls_round.h:530:7: warning: 'float hls::modf(float, float*)' defined but not used [-Wunused-function]
 float modf(float x, float *intpart)
       ^
                 from /home/trungnguyen/SDSoC/thesis/SDRelease/_sds/swstubs/main.cpp:30:
/opt/Xilinx/SDSoC/2014.4/Vivado_HLS/2014.4/include/hls_math.h:305:8: warning: 'double hls::fmax(double, double)' defined but not used [-Wunused-function]
 double fmax(double x, double y)
        ^
/opt/Xilinx/SDSoC/2014.4/Vivado_HLS/2014.4/include/hls_math.h:352:7: warning: 'float hls::fmax(float, float)' defined but not used [-Wunused-function]
 float fmax(float x, float y)
       ^
/opt/Xilinx/SDSoC/2014.4/Vivado_HLS/2014.4/include/hls_math.h:366:8: warning: 'double hls::fmin(double, double)' defined but not used [-Wunused-function]
 double fmin(double x, double y)
        ^
/opt/Xilinx/SDSoC/2014.4/Vivado_HLS/2014.4/include/hls_math.h:413:7: warning: 'float hls::fmin(float, float)' defined but not used [-Wunused-function]
 float fmin(float x, float y)
       ^
                 from /home/trungnguyen/SDSoC/thesis/SDRelease/_sds/swstubs/main.cpp:30:
/opt/Xilinx/SDSoC/2014.4/Vivado_HLS/2014.4/include/hls_math.h:433:1: warning: 'float hls::sinpif(float)' defined but not used [-Wunused-function]
 sinpif(float t_in)
 ^
/opt/Xilinx/SDSoC/2014.4/Vivado_HLS/2014.4/include/hls_math.h:440:1: warning: 'float hls::sin(float)' defined but not used [-Wunused-function]
 sin(float t_in)
 ^
/opt/Xilinx/SDSoC/2014.4/Vivado_HLS/2014.4/include/hls_math.h:447:1: warning: 'double hls::sin(double)' defined but not used [-Wunused-function]
 sin(double t_in)
 ^
/opt/Xilinx/SDSoC/2014.4/Vivado_HLS/2014.4/include/hls_math.h:461:1: warning: 'float hls::cospif(float)' defined but not used [-Wunused-function]
 cospif(float t_in)
 ^
/opt/Xilinx/SDSoC/2014.4/Vivado_HLS/2014.4/include/hls_math.h:468:1: warning: 'float hls::cos(float)' defined but not used [-Wunused-function]
 cos(float t_in)
 ^
/opt/Xilinx/SDSoC/2014.4/Vivado_HLS/2014.4/include/hls_math.h:475:1: warning: 'double hls::cos(double)' defined but not used [-Wunused-function]
 cos(double t_in)
 ^
/opt/Xilinx/SDSoC/2014.4/Vivado_HLS/2014.4/include/hls_math.h:547:1: warning: 'float hls::atanf(float)' defined but not used [-Wunused-function]
 atanf(float t_in)
 ^
/opt/Xilinx/SDSoC/2014.4/Vivado_HLS/2014.4/include/hls_math.h:554:1: warning: 'double hls::atan2(double, double)' defined but not used [-Wunused-function]
 atan2(double y_in, double x_in)
 ^
/opt/Xilinx/SDSoC/2014.4/Vivado_HLS/2014.4/include/hls_math.h:561:1: warning: 'float hls::atan2f(float, float)' defined but not used [-Wunused-function]
 atan2f(float y_in, float x_in)
 ^
/opt/Xilinx/SDSoC/2014.4/Vivado_HLS/2014.4/include/hls_math.h:568:1: warning: 'float hls::sinhf(float)' defined but not used [-Wunused-function]
 sinhf(float t_in)
 ^
/opt/Xilinx/SDSoC/2014.4/Vivado_HLS/2014.4/include/hls_math.h:575:1: warning: 'float hls::coshf(float)' defined but not used [-Wunused-function]
 coshf(float t_in)
 ^
                 from /home/trungnguyen/SDSoC/thesis/SDRelease/_sds/swstubs/main.cpp:30:
/opt/Xilinx/SDSoC/2014.4/Vivado_HLS/2014.4/include/hls_math.h:588:1: warning: 'float hls::tanf(float)' defined but not used [-Wunused-function]
 tanf(float t_in)
 ^
/opt/Xilinx/SDSoC/2014.4/Vivado_HLS/2014.4/include/hls_math.h:603:1: warning: 'double hls::tan(double)' defined but not used [-Wunused-function]
 tan(double t_in)
 ^
/opt/Xilinx/SDSoC/2014.4/Vivado_HLS/2014.4/include/hls_math.h:624:7: warning: 'float hls::log10f(float)' defined but not used [-Wunused-function]
 float log10f(float x)
       ^
/opt/Xilinx/SDSoC/2014.4/Vivado_HLS/2014.4/include/hls_math.h:637:8: warning: 'double hls::log10(double)' defined but not used [-Wunused-function]
 double log10(double x)
        ^
/opt/Xilinx/SDSoC/2014.4/Vivado_HLS/2014.4/include/hls_math.h:644:8: warning: 'double hls::recip(double)' defined but not used [-Wunused-function]
 double recip(double x)
        ^
/opt/Xilinx/SDSoC/2014.4/Vivado_HLS/2014.4/include/hls_math.h:650:7: warning: 'float hls::recipf(float)' defined but not used [-Wunused-function]
 float recipf(float x)
       ^
/opt/Xilinx/SDSoC/2014.4/Vivado_HLS/2014.4/include/hls_math.h:656:8: warning: 'double hls::rsqrt(double)' defined but not used [-Wunused-function]
 double rsqrt(double x)
        ^
/opt/Xilinx/SDSoC/2014.4/Vivado_HLS/2014.4/include/hls_math.h:662:7: warning: 'float hls::rsqrtf(float)' defined but not used [-Wunused-function]
 float rsqrtf(float x)
       ^
                 from /home/trungnguyen/SDSoC/thesis/SDRelease/_sds/swstubs/main.cpp:30:
/opt/Xilinx/SDSoC/2014.4/Vivado_HLS/2014.4/include/hls_math.h:670:8: warning: 'double hls::sqrt(double)' defined but not used [-Wunused-function]
 double sqrt(double x)
        ^
/opt/Xilinx/SDSoC/2014.4/Vivado_HLS/2014.4/include/hls_math.h:676:7: warning: 'float hls::sqrtf(float)' defined but not used [-Wunused-function]
 float sqrtf(float x)
       ^
/opt/Xilinx/SDSoC/2014.4/Vivado_HLS/2014.4/include/hls_math.h:682:8: warning: 'double hls::exp(double)' defined but not used [-Wunused-function]
 double exp(double x)
        ^
/opt/Xilinx/SDSoC/2014.4/Vivado_HLS/2014.4/include/hls_math.h:688:7: warning: 'float hls::expf(float)' defined but not used [-Wunused-function]
 float expf(float x)
       ^
/opt/Xilinx/SDSoC/2014.4/Vivado_HLS/2014.4/include/hls_math.h:793:13: warning: 'void hls::fir_blocksrl_Q15(short int*, short int*, short int*, short int*, int, int)' defined but not used [-Wunused-function]
 static void fir_blocksrl_Q15(short *in, short *taps, short *out, short *state, int incount, int numtaps)
             ^
                 from /home/trungnguyen/SDSoC/thesis/src/correlation_accel_v1.hpp:28,
                 from /home/trungnguyen/SDSoC/thesis/SDRelease/_sds/swstubs/main.cpp:30:
/opt/Xilinx/SDSoC/2014.4/Vivado_HLS/2014.4/include/hls/hls_log.h:492:7: warning: 'float hls::log_reduce::log(float)' defined but not used [-Wunused-function]
 float log(float x)
       ^
/opt/Xilinx/SDSoC/2014.4/Vivado_HLS/2014.4/include/hls/hls_log.h:504:7: warning: 'float hls::log_reduce::log10(float)' defined but not used [-Wunused-function]
 float log10(float x)
       ^
/opt/Xilinx/SDSoC/2014.4/Vivado_HLS/2014.4/include/hls/hls_log.h:638:8: warning: 'double hls::log_reduce::log10(double)' defined but not used [-Wunused-function]
 double log10(double x)
        ^
                 from /home/trungnguyen/SDSoC/thesis/src/correlation_accel_v1.hpp:28,
                 from /home/trungnguyen/SDSoC/thesis/SDRelease/_sds/swstubs/main.cpp:30:
/opt/Xilinx/SDSoC/2014.4/Vivado_HLS/2014.4/include/hls/hls_cordic.h:681:1: warning: 'float hls::cordic::sinf(float)' defined but not used [-Wunused-function]
 sinf(float t_in)
 ^
/opt/Xilinx/SDSoC/2014.4/Vivado_HLS/2014.4/include/hls/hls_cordic.h:697:1: warning: 'float hls::cordic::cosf(float)' defined but not used [-Wunused-function]
 cosf(float t_in)
 ^
/opt/Xilinx/SDSoC/2014.4/Vivado_HLS/2014.4/include/hls/hls_cordic.h:778:6: warning: 'void hls::cordic::sincosf(float, float*, float*)' defined but not used [-Wunused-function]
 void sincosf(
      ^
/opt/Xilinx/SDSoC/2014.4/Vivado_HLS/2014.4/include/hls/hls_cordic.h:794:1: warning: 'float hls::cordic::atan_cordic_floatdouble(float)' defined but not used [-Wunused-function]
 atan_cordic_floatdouble(
 ^
arm-xilinx-linux-gnueabi-ar crs /home/trungnguyen/SDSoC/thesis/SDRelease/_sds/swstubs/libcorrelation_comp_sys.a /home/trungnguyen/SDSoC/thesis/SDRelease/_sds/swstubs/devreg.o /home/trungnguyen/SDSoC/thesis/SDRelease/_sds/swstubs/portinfo.o /home/trungnguyen/SDSoC/thesis/SDRelease/_sds/swstubs/cf_stub.o /home/trungnguyen/SDSoC/thesis/SDRelease/_sds/swstubs/correlation_accel_v1.o
INFO: [SDSoC 0-0] Link application ELF file
arm-xilinx-linux-gnueabi-g++   /home/trungnguyen/SDSoC/thesis/SDRelease/src/correlation_accel_v1.o /home/trungnguyen/SDSoC/thesis/SDRelease/_sds/swstubs/main.o /home/trungnguyen/SDSoC/thesis/SDRelease/.metadata/.plugins/org.eclipse.cdt.make.core/specs.o /home/trungnguyen/SDSoC/thesis/SDRelease/_sds/swstubs/correlation_accel_v1.o  -lm   -L /opt/Xilinx/SDSoC/2014.4/arm-xilinx-linux-gnueabi/lib -L/home/trungnguyen/SDSoC/thesis/SDRelease/_sds/swstubs -Wl,--start-group  -Wl,--end-group -Wl,--start-group    -lpthread -lsds_lib -lxlnk_stub  -Wl,--end-group -o /home/trungnguyen/SDSoC/thesis/SDRelease/_sds/swstubs/correlation_comp_sys.elf
arm-xilinx-linux-gnueabi-objcopy -R .xddata -R .xdfcnmap -R .xdhlscore -R .xdcore -R .xdbdtcl -R .xdsdata -R .xdpp /home/trungnguyen/SDSoC/thesis/SDRelease/_sds/swstubs/correlation_comp_sys.elf
INFO: [SDSoC 0-0] Enable generation of hardware programming files
INFO: [SDSoC 0-0] Enable generation of boot files
INFO: [SDSoC 0-0] Calling system_linker for partition 0
system_linker -cf-input /home/trungnguyen/SDSoC/thesis/SDRelease/_sds/.llvm/apsys_0.xml -cf-output-dir _sds/p0 -ip-db /home/trungnguyen/SDSoC/thesis/SDRelease/_sds/.cdb/xd_ip_db.xml -ip-repo /home/trungnguyen/SDSoC/thesis/SDRelease/_sds/iprepo/repo -sds-pf /opt/Xilinx/SDSoC/2014.4/platforms/zed:linux -bitstream -bit-name correlation_comp_sys.elf.bit -boot-files   -mdev-no-swgen -mdev-no-xsd -sdsoc -sd-output-dir _sds/p0/sd_card -bit-binary -elf /home/trungnguyen/SDSoC/thesis/SDRelease/_sds/swstubs/correlation_comp_sys.elf
system_linker started at Thu Oct 27 07:05:44 PM CEST 2016
INFO: [SDSoC 0-0] Generating bitstream for platform zed.
      This may take some time to complete
... [19:05:57] Starting synth_design
... [19:06:02] Starting RTL Elaboration : Time (s): cpu = 00:00:07 ; elapsed = 00:00:08 . Memory (MB): peak = 1023.172 ; gain = 189.684 ; free physical = 11380 ; free virtual = 21798
... [19:07:52] Start Loading Part and Timing Information
... [19:07:52] Start Applying 'set_property' XDC Constraints
... [19:08:02] Start RTL Component Statistics 
... [19:08:02] Start RTL Hierarchical Component Statistics 
... [19:08:02] Start Part Resource Summary
... [19:08:02] Start Parallel Synthesis Optimization  : Time (s): cpu = 00:02:06 ; elapsed = 00:02:06 . Memory (MB): peak = 1809.793 ; gain = 976.305 ; free physical = 10697 ; free virtual = 21123
... [19:08:02] Start Cross Boundary Optimization
... [19:08:07] Start Area Optimization
... [19:08:22] Start Timing Optimization
... [19:08:32] Start Applying XDC Timing Constraints
... [19:08:37] Start Technology Mapping
... [19:08:57] Start IO Insertion
... [19:08:57] Start Flattening Before IO Insertion
... [19:08:57] Start Final Netlist Cleanup
... [19:09:02] Start Renaming Generated Instances
... [19:09:02] Start Rebuilding User Hierarchy
... [19:09:02] Start Writing Synthesis Report
... [19:09:30] Starting DRC Task
... [19:09:35] Starting Logic Optimization Task
... [19:09:45] Starting Power Optimization Task
... [19:09:45] Starting PowerOpt Patch Enables Task
... [19:09:50] Starting Placer Task
... [19:10:20] Starting Routing Task
INFO: [SDSoC 0-0] Creating boot files
system_linker completed at Thu Oct 27 07:11:20 PM CEST 2016
All user specified timing constraints are met.
sds++ log file saved as /home/trungnguyen/SDSoC/thesis/SDRelease/_sds/reports/sds.log
sds++ completed at Thu Oct 27 07:11:20 PM CEST 2016
