(c) Copyright 2012-2015 Xilinx, Inc. All Rights Reserved.
#-----------------------------------------------------------
# Tool version  : sds++ 2014.4 20150228
# Start time    : Thu Jul 28 07:03:04 PM CEST 2016
# Command line  : sds++ -o lab1.elf ./src/madd.o ./src/main.o ./src/mmult.o -sds-pf zed
# Log file      : /home/trungnguyen/SDSoC/tutorial/tut_workspace/lab1/SDRelease/_sds/reports/sds.log
# Journal file  : /home/trungnguyen/SDSoC/tutorial/tut_workspace/lab1/SDRelease/_sds/reports/sds.jou
# Report file   : /home/trungnguyen/SDSoC/tutorial/tut_workspace/lab1/SDRelease/_sds/reports/sds.rpt
#-----------------------------------------------------------

Libraries: 
Library Paths {}
INFO: [SDSoC 0-0] Analyzing object files
arm-xilinx-linux-gnueabi-objcopy -O binary --set-section-flags .xddata=alloc --only-section=.xddata /home/trungnguyen/SDSoC/tutorial/tut_workspace/lab1/SDRelease/src/madd.o /home/trungnguyen/SDSoC/tutorial/tut_workspace/lab1/SDRelease/_sds/.data/madd.o.xml
arm-xilinx-linux-gnueabi-objcopy -O binary --set-section-flags .xdpp=alloc --only-section=.xdpp /home/trungnguyen/SDSoC/tutorial/tut_workspace/lab1/SDRelease/src/madd.o /home/trungnguyen/SDSoC/tutorial/tut_workspace/lab1/SDRelease/_sds/.pp/madd.ii
arm-xilinx-linux-gnueabi-objcopy -O binary --set-section-flags .xdfcnmap=alloc --only-section=.xdfcnmap /home/trungnguyen/SDSoC/tutorial/tut_workspace/lab1/SDRelease/src/madd.o /home/trungnguyen/SDSoC/tutorial/tut_workspace/lab1/SDRelease/_sds/.cdb/madd.fcnmap.xml
arm-xilinx-linux-gnueabi-objcopy -O binary --set-section-flags .xdhlscore=alloc --only-section=.xdhlscore /home/trungnguyen/SDSoC/tutorial/tut_workspace/lab1/SDRelease/src/madd.o /home/trungnguyen/SDSoC/tutorial/tut_workspace/lab1/SDRelease/_sds/iprepo/repo/xilinx_com_hls_madd_1_0/xilinx_com_hls_madd_1_0.zip
unzip -u -o /home/trungnguyen/SDSoC/tutorial/tut_workspace/lab1/SDRelease/_sds/iprepo/repo/xilinx_com_hls_madd_1_0/xilinx_com_hls_madd_1_0.zip -d /home/trungnguyen/SDSoC/tutorial/tut_workspace/lab1/SDRelease/_sds/iprepo/repo/xilinx_com_hls_madd_1_0
Archive:  /home/trungnguyen/SDSoC/tutorial/tut_workspace/lab1/SDRelease/_sds/iprepo/repo/xilinx_com_hls_madd_1_0/xilinx_com_hls_madd_1_0.zip
  inflating: /home/trungnguyen/SDSoC/tutorial/tut_workspace/lab1/SDRelease/_sds/iprepo/repo/xilinx_com_hls_madd_1_0/component.xml  
  inflating: /home/trungnguyen/SDSoC/tutorial/tut_workspace/lab1/SDRelease/_sds/iprepo/repo/xilinx_com_hls_madd_1_0/hdl/ip/madd_ap_fadd_7_full_dsp_32.vhd  
  inflating: /home/trungnguyen/SDSoC/tutorial/tut_workspace/lab1/SDRelease/_sds/iprepo/repo/xilinx_com_hls_madd_1_0/constraints/madd_ooc.xdc  
  inflating: /home/trungnguyen/SDSoC/tutorial/tut_workspace/lab1/SDRelease/_sds/iprepo/repo/xilinx_com_hls_madd_1_0/hdl/verilog/madd_fadd_32ns_32ns_32_9_full_dsp.v  
  inflating: /home/trungnguyen/SDSoC/tutorial/tut_workspace/lab1/SDRelease/_sds/iprepo/repo/xilinx_com_hls_madd_1_0/hdl/verilog/madd.v  
  inflating: /home/trungnguyen/SDSoC/tutorial/tut_workspace/lab1/SDRelease/_sds/iprepo/repo/xilinx_com_hls_madd_1_0/hdl/vhdl/madd_fadd_32ns_32ns_32_9_full_dsp.vhd  
  inflating: /home/trungnguyen/SDSoC/tutorial/tut_workspace/lab1/SDRelease/_sds/iprepo/repo/xilinx_com_hls_madd_1_0/hdl/vhdl/madd.vhd  
  inflating: /home/trungnguyen/SDSoC/tutorial/tut_workspace/lab1/SDRelease/_sds/iprepo/repo/xilinx_com_hls_madd_1_0/doc/ReleaseNotes.txt  
  inflating: /home/trungnguyen/SDSoC/tutorial/tut_workspace/lab1/SDRelease/_sds/iprepo/repo/xilinx_com_hls_madd_1_0/misc/logo.png  
  inflating: /home/trungnguyen/SDSoC/tutorial/tut_workspace/lab1/SDRelease/_sds/iprepo/repo/xilinx_com_hls_madd_1_0/xgui/madd_v1_0.tcl  
arm-xilinx-linux-gnueabi-objcopy -O binary --set-section-flags .xdif=alloc --only-section=.xdif /home/trungnguyen/SDSoC/tutorial/tut_workspace/lab1/SDRelease/src/madd.o /home/trungnguyen/SDSoC/tutorial/tut_workspace/lab1/SDRelease/_sds/.cdb/madd_if.xml
arm-xilinx-linux-gnueabi-objcopy -O binary --set-section-flags .xddata=alloc --only-section=.xddata /home/trungnguyen/SDSoC/tutorial/tut_workspace/lab1/SDRelease/src/main.o /home/trungnguyen/SDSoC/tutorial/tut_workspace/lab1/SDRelease/_sds/.data/main.o.xml
arm-xilinx-linux-gnueabi-objcopy -O binary --set-section-flags .xddata=alloc --only-section=.xddata /home/trungnguyen/SDSoC/tutorial/tut_workspace/lab1/SDRelease/src/mmult.o /home/trungnguyen/SDSoC/tutorial/tut_workspace/lab1/SDRelease/_sds/.data/mmult.o.xml
arm-xilinx-linux-gnueabi-objcopy -O binary --set-section-flags .xdpp=alloc --only-section=.xdpp /home/trungnguyen/SDSoC/tutorial/tut_workspace/lab1/SDRelease/src/mmult.o /home/trungnguyen/SDSoC/tutorial/tut_workspace/lab1/SDRelease/_sds/.pp/mmult.ii
arm-xilinx-linux-gnueabi-objcopy -O binary --set-section-flags .xdfcnmap=alloc --only-section=.xdfcnmap /home/trungnguyen/SDSoC/tutorial/tut_workspace/lab1/SDRelease/src/mmult.o /home/trungnguyen/SDSoC/tutorial/tut_workspace/lab1/SDRelease/_sds/.cdb/mmult.fcnmap.xml
arm-xilinx-linux-gnueabi-objcopy -O binary --set-section-flags .xdhlscore=alloc --only-section=.xdhlscore /home/trungnguyen/SDSoC/tutorial/tut_workspace/lab1/SDRelease/src/mmult.o /home/trungnguyen/SDSoC/tutorial/tut_workspace/lab1/SDRelease/_sds/iprepo/repo/xilinx_com_hls_mmult_1_0/xilinx_com_hls_mmult_1_0.zip
unzip -u -o /home/trungnguyen/SDSoC/tutorial/tut_workspace/lab1/SDRelease/_sds/iprepo/repo/xilinx_com_hls_mmult_1_0/xilinx_com_hls_mmult_1_0.zip -d /home/trungnguyen/SDSoC/tutorial/tut_workspace/lab1/SDRelease/_sds/iprepo/repo/xilinx_com_hls_mmult_1_0
Archive:  /home/trungnguyen/SDSoC/tutorial/tut_workspace/lab1/SDRelease/_sds/iprepo/repo/xilinx_com_hls_mmult_1_0/xilinx_com_hls_mmult_1_0.zip
  inflating: /home/trungnguyen/SDSoC/tutorial/tut_workspace/lab1/SDRelease/_sds/iprepo/repo/xilinx_com_hls_mmult_1_0/component.xml  
  inflating: /home/trungnguyen/SDSoC/tutorial/tut_workspace/lab1/SDRelease/_sds/iprepo/repo/xilinx_com_hls_mmult_1_0/hdl/ip/mmult_ap_fadd_7_full_dsp_32.vhd  
  inflating: /home/trungnguyen/SDSoC/tutorial/tut_workspace/lab1/SDRelease/_sds/iprepo/repo/xilinx_com_hls_mmult_1_0/hdl/ip/mmult_ap_fmul_3_max_dsp_32.vhd  
  inflating: /home/trungnguyen/SDSoC/tutorial/tut_workspace/lab1/SDRelease/_sds/iprepo/repo/xilinx_com_hls_mmult_1_0/constraints/mmult_ooc.xdc  
  inflating: /home/trungnguyen/SDSoC/tutorial/tut_workspace/lab1/SDRelease/_sds/iprepo/repo/xilinx_com_hls_mmult_1_0/hdl/verilog/mmult.v  
  inflating: /home/trungnguyen/SDSoC/tutorial/tut_workspace/lab1/SDRelease/_sds/iprepo/repo/xilinx_com_hls_mmult_1_0/hdl/verilog/mmult_a_buf_0.v  
  inflating: /home/trungnguyen/SDSoC/tutorial/tut_workspace/lab1/SDRelease/_sds/iprepo/repo/xilinx_com_hls_mmult_1_0/hdl/verilog/mmult_fadd_32ns_32ns_32_9_full_dsp.v  
  inflating: /home/trungnguyen/SDSoC/tutorial/tut_workspace/lab1/SDRelease/_sds/iprepo/repo/xilinx_com_hls_mmult_1_0/hdl/verilog/mmult_fmul_32ns_32ns_32_5_max_dsp.v  
  inflating: /home/trungnguyen/SDSoC/tutorial/tut_workspace/lab1/SDRelease/_sds/iprepo/repo/xilinx_com_hls_mmult_1_0/hdl/vhdl/mmult_fmul_32ns_32ns_32_5_max_dsp.vhd  
  inflating: /home/trungnguyen/SDSoC/tutorial/tut_workspace/lab1/SDRelease/_sds/iprepo/repo/xilinx_com_hls_mmult_1_0/hdl/vhdl/mmult_fadd_32ns_32ns_32_9_full_dsp.vhd  
  inflating: /home/trungnguyen/SDSoC/tutorial/tut_workspace/lab1/SDRelease/_sds/iprepo/repo/xilinx_com_hls_mmult_1_0/hdl/vhdl/mmult.vhd  
  inflating: /home/trungnguyen/SDSoC/tutorial/tut_workspace/lab1/SDRelease/_sds/iprepo/repo/xilinx_com_hls_mmult_1_0/hdl/vhdl/mmult_a_buf_0.vhd  
  inflating: /home/trungnguyen/SDSoC/tutorial/tut_workspace/lab1/SDRelease/_sds/iprepo/repo/xilinx_com_hls_mmult_1_0/doc/ReleaseNotes.txt  
  inflating: /home/trungnguyen/SDSoC/tutorial/tut_workspace/lab1/SDRelease/_sds/iprepo/repo/xilinx_com_hls_mmult_1_0/misc/logo.png  
  inflating: /home/trungnguyen/SDSoC/tutorial/tut_workspace/lab1/SDRelease/_sds/iprepo/repo/xilinx_com_hls_mmult_1_0/xgui/mmult_v1_0.tcl  
arm-xilinx-linux-gnueabi-objcopy -O binary --set-section-flags .xdif=alloc --only-section=.xdif /home/trungnguyen/SDSoC/tutorial/tut_workspace/lab1/SDRelease/src/mmult.o /home/trungnguyen/SDSoC/tutorial/tut_workspace/lab1/SDRelease/_sds/.cdb/mmult_if.xml
build_xd_ip_db  -sdsoc  -sds-pf /opt/Xilinx/SDSoC/2014.4/platforms/zed/zed_hw.pfm  -clkid 1 -clkid 1 -ip /home/trungnguyen/SDSoC/tutorial/tut_workspace/lab1/SDRelease/_sds/iprepo/repo/xilinx_com_hls_mmult_1_0 -ip /home/trungnguyen/SDSoC/tutorial/tut_workspace/lab1/SDRelease/_sds/iprepo/repo/xilinx_com_hls_madd_1_0  -o /home/trungnguyen/SDSoC/tutorial/tut_workspace/lab1/SDRelease/_sds/.cdb/xd_ip_db.xml  
INFO: Using user-defined path for XILINX_XD environment variable /opt/Xilinx/SDSoC/2014.4
processing accelerators: /home/trungnguyen/SDSoC/tutorial/tut_workspace/lab1/SDRelease/_sds/iprepo/repo/xilinx_com_hls_mmult_1_0
ip_dir: /home/trungnguyen/SDSoC/tutorial/tut_workspace/lab1/SDRelease/_sds/iprepo/repo/xilinx_com_hls_mmult_1_0
xsltproc --stringparam xpath "spirit:component/spirit:name/text()" /opt/Xilinx/SDSoC/2014.4/scripts/xdcc/xpathValueOf.xsl /home/trungnguyen/SDSoC/tutorial/tut_workspace/lab1/SDRelease/_sds/iprepo/repo/xilinx_com_hls_mmult_1_0/component.xml
ip_name: mmult
processing accelerators: /home/trungnguyen/SDSoC/tutorial/tut_workspace/lab1/SDRelease/_sds/iprepo/repo/xilinx_com_hls_madd_1_0
ip_dir: /home/trungnguyen/SDSoC/tutorial/tut_workspace/lab1/SDRelease/_sds/iprepo/repo/xilinx_com_hls_madd_1_0
xsltproc --stringparam xpath "spirit:component/spirit:name/text()" /opt/Xilinx/SDSoC/2014.4/scripts/xdcc/xpathValueOf.xsl /home/trungnguyen/SDSoC/tutorial/tut_workspace/lab1/SDRelease/_sds/iprepo/repo/xilinx_com_hls_madd_1_0/component.xml
ip_name: madd
INFO: [SDSoC 0-0] Generating data motion network
llvm-link -o /home/trungnguyen/SDSoC/tutorial/tut_workspace/lab1/SDRelease/_sds/.llvm/sdi_all.o /home/trungnguyen/SDSoC/tutorial/tut_workspace/lab1/SDRelease/_sds/.llvm/./src/madd.s /home/trungnguyen/SDSoC/tutorial/tut_workspace/lab1/SDRelease/_sds/.llvm/./src/main.s /home/trungnguyen/SDSoC/tutorial/tut_workspace/lab1/SDRelease/_sds/.llvm/./src/mmult.s
XidanePass  --platform zed  --dmclkid 1  --repo /home/trungnguyen/SDSoC/tutorial/tut_workspace/lab1/SDRelease/_sds/.cdb/xd_ip_db.xml  --dmdb /opt/Xilinx/SDSoC/2014.4/data/DM.db   -os linux 
INFO: [SDSoC 0-0] Analyzing hardware accelerators...
INFO: [SDSoC 0-0] Analyzing callers to hardware accelerators...
INFO: [SDSoC 0-0] Scheduling data transfer graph for partition 0
INFO: [SDSoC 0-0] Creating data motion network hardware for partition 0
INFO: [SDSoC 0-0] Creating software stub functions for partition 0
INFO: [SDSoC 0-0] Generating data motion network report for partition 0
INFO: [SDSoC 0-0] Rewriting caller code
INFO: [SDSoC 0-0] Rewrite /home/trungnguyen/SDSoC/tutorial/tut_workspace/lab1/src/main.cpp
INFO: [SDSoC 0-0] Create accelerator stub functions
stub_gen  -func madd  -stub /home/trungnguyen/SDSoC/tutorial/tut_workspace/lab1/SDRelease/_sds/.llvm/madd.cfrewrite  -o /home/trungnguyen/SDSoC/tutorial/tut_workspace/lab1/SDRelease/_sds/swstubs/madd.cpp  /home/trungnguyen/SDSoC/tutorial/tut_workspace/lab1/src/madd.cpp  --  -c  -target arm-xilinx-linux-gnueabi -mcpu=cortex-a9 -O0 -g -w   -I/opt/Xilinx/SDSoC/2014.4/SDK/2014.4/gnu/arm/lin/arm-xilinx-linux-gnueabi/include/c++/4.8.3  -I/opt/Xilinx/SDSoC/2014.4/SDK/2014.4/gnu/arm/lin/arm-xilinx-linux-gnueabi/include/c++/4.8.3/arm-xilinx-linux-gnueabi  -I/opt/Xilinx/SDSoC/2014.4/SDK/2014.4/gnu/arm/lin/arm-xilinx-linux-gnueabi/include/c++/4.8.3/backward   -I/opt/Xilinx/SDSoC/2014.4/SDK/2014.4/gnu/arm/lin/lib/gcc/arm-xilinx-linux-gnueabi/4.8.3/include  -I/opt/Xilinx/SDSoC/2014.4/SDK/2014.4/gnu/arm/lin/lib/gcc/arm-xilinx-linux-gnueabi/4.8.3/include-fixed  -I/opt/Xilinx/SDSoC/2014.4/SDK/2014.4/gnu/arm/lin/arm-xilinx-linux-gnueabi/include  -I/opt/Xilinx/SDSoC/2014.4/SDK/2014.4/gnu/arm/lin/arm-xilinx-linux-gnueabi/libc/usr/include  -I /opt/Xilinx/SDSoC/2014.4/Vivado_HLS/2014.4/include  -I /opt/Xilinx/SDSoC/2014.4/arm-xilinx-linux-gnueabi/include    -I/home/trungnguyen/SDSoC/tutorial/tut_workspace/lab1/src -I/home/trungnguyen/SDSoC/tutorial/tut_workspace/lab1/src -Wall -O3 -fmessage-length=0 -MMD -MP -D __SDSCC__
INFO: [SDSoC 0-0] Successfully performed stub generation on file: 
stub_gen  -func mmult  -stub /home/trungnguyen/SDSoC/tutorial/tut_workspace/lab1/SDRelease/_sds/.llvm/mmult.cfrewrite  -o /home/trungnguyen/SDSoC/tutorial/tut_workspace/lab1/SDRelease/_sds/swstubs/mmult.cpp  /home/trungnguyen/SDSoC/tutorial/tut_workspace/lab1/src/mmult.cpp  --  -c  -target arm-xilinx-linux-gnueabi -mcpu=cortex-a9 -O0 -g -w   -I/opt/Xilinx/SDSoC/2014.4/SDK/2014.4/gnu/arm/lin/arm-xilinx-linux-gnueabi/includ