(c) Copyright 2012-2015 Xilinx, Inc. All Rights Reserved.
#-----------------------------------------------------------
# Tool version  : sds++ 2014.4 20150228
# Start time    : Thu Jul 28 07:02:20 PM CEST 2016
# Command line  : sds++ -Wall -O3 -I../src -c -fmessage-length=0 -MTsrc/madd.o -sds-hw madd madd.cpp -sds-end -MMD -MP -MFsrc/madd.d -MTsrc/madd.d -o src/madd.o ../src/madd.cpp -sds-pf zed
# Log file      : /home/trungnguyen/SDSoC/tutorial/tut_workspace/lab1/SDRelease/_sds/reports/sds_madd.log
# Journal file  : /home/trungnguyen/SDSoC/tutorial/tut_workspace/lab1/SDRelease/_sds/reports/sds_madd.jou
# Report file   : /home/trungnguyen/SDSoC/tutorial/tut_workspace/lab1/SDRelease/_sds/reports/sds_madd.rpt
#-----------------------------------------------------------

INFO: [SDSoC 0-0] Performing accelerator source linting
sdslint -func madd /home/trungnguyen/SDSoC/tutorial/tut_workspace/lab1/src/madd.cpp -- -c -target arm-xilinx-linux-gnueabi -mcpu=cortex-a9 -O0 -g -w   -I/opt/Xilinx/SDSoC/2014.4/SDK/2014.4/gnu/arm/lin/arm-xilinx-linux-gnueabi/include/c++/4.8.3  -I/opt/Xilinx/SDSoC/2014.4/SDK/2014.4/gnu/arm/lin/arm-xilinx-linux-gnueabi/include/c++/4.8.3/arm-xilinx-linux-gnueabi  -I/opt/Xilinx/SDSoC/2014.4/SDK/2014.4/gnu/arm/lin/arm-xilinx-linux-gnueabi/include/c++/4.8.3/backward   -I/opt/Xilinx/SDSoC/2014.4/SDK/2014.4/gnu/arm/lin/lib/gcc/arm-xilinx-linux-gnueabi/4.8.3/include  -I/opt/Xilinx/SDSoC/2014.4/SDK/2014.4/gnu/arm/lin/lib/gcc/arm-xilinx-linux-gnueabi/4.8.3/include-fixed  -I/opt/Xilinx/SDSoC/2014.4/SDK/2014.4/gnu/arm/lin/arm-xilinx-linux-gnueabi/include  -I/opt/Xilinx/SDSoC/2014.4/SDK/2014.4/gnu/arm/lin/arm-xilinx-linux-gnueabi/libc/usr/include  -I /opt/Xilinx/SDSoC/2014.4/Vivado_HLS/2014.4/include  -I /opt/Xilinx/SDSoC/2014.4/arm-xilinx-linux-gnueabi/include   -I../src -Wall -fmessage-length=0 -MMD -MP -D __SDSCC__
INFO: [SDSoC 0-0] Create data motion intermediate representation
clang_wrapper -target arm-xilinx-linux-gnueabi -mcpu=cortex-a9 -O0 -g -w   -I/opt/Xilinx/SDSoC/2014.4/SDK/2014.4/gnu/arm/lin/arm-xilinx-linux-gnueabi/include/c++/4.8.3  -I/opt/Xilinx/SDSoC/2014.4/SDK/2014.4/gnu/arm/lin/arm-xilinx-linux-gnueabi/include/c++/4.8.3/arm-xilinx-linux-gnueabi  -I/opt/Xilinx/SDSoC/2014.4/SDK/2014.4/gnu/arm/lin/arm-xilinx-linux-gnueabi/include/c++/4.8.3/backward   -I/opt/Xilinx/SDSoC/2014.4/SDK/2014.4/gnu/arm/lin/lib/gcc/arm-xilinx-linux-gnueabi/4.8.3/include  -I/opt/Xilinx/SDSoC/2014.4/SDK/2014.4/gnu/arm/lin/lib/gcc/arm-xilinx-linux-gnueabi/4.8.3/include-fixed  -I/opt/Xilinx/SDSoC/2014.4/SDK/2014.4/gnu/arm/lin/arm-xilinx-linux-gnueabi/include  -I/opt/Xilinx/SDSoC/2014.4/SDK/2014.4/gnu/arm/lin/arm-xilinx-linux-gnueabi/libc/usr/include  -I /opt/Xilinx/SDSoC/2014.4/Vivado_HLS/2014.4/include  -I /opt/Xilinx/SDSoC/2014.4/arm-xilinx-linux-gnueabi/include   -I../src -Wall -fmessage-length=0 -MMD -MP -D __SDSCC__ -emit-llvm -S /home/trungnguyen/SDSoC/tutorial/tut_workspace/lab1/src/madd.cpp -o /home/trungnguyen/SDSoC/tutorial/tut_workspace/lab1/SDRelease/_sds/.llvm/src/madd.s
INFO: [SDSoC 0-0] Performing pragma generation
pragma_gen  -func madd  -o /home/trungnguyen/SDSoC/tutorial/tut_workspace/lab1/SDRelease/_sds/vhls/src/madd.cpp  /home/trungnguyen/SDSoC/tutorial/tut_workspace/lab1/src/madd.cpp  --  -c  -target arm-xilinx-linux-gnueabi -mcpu=cortex-a9 -O0 -g -w   -I/opt/Xilinx/SDSoC/2014.4/SDK/2014.4/gnu/arm/lin/arm-xilinx-linux-gnueabi/include/c++/4.8.3  -I/opt/Xilinx/SDSoC/2014.4/SDK/2014.4/gnu/arm/lin/arm-xilinx-linux-gnueabi/include/c++/4.8.3/arm-xilinx-linux-gnueabi  -I/opt/Xilinx/SDSoC/2014.4/SDK/2014.4/gnu/arm/lin/arm-xilinx-linux-gnueabi/include/c++/4.8.3/backward   -I/opt/Xilinx/SDSoC/2014.4/SDK/2014.4/gnu/arm/lin/lib/gcc/arm-xilinx-linux-gnueabi/4.8.3/include  -I/opt/Xilinx/SDSoC/2014.4/SDK/2014.4/gnu/arm/lin/lib/gcc/arm-xilinx-linux-gnueabi/4.8.3/include-fixed  -I/opt/Xilinx/SDSoC/2014.4/SDK/2014.4/gnu/arm/lin/arm-xilinx-linux-gnueabi/include  -I/opt/Xilinx/SDSoC/2014.4/SDK/2014.4/gnu/arm/lin/arm-xilinx-linux-gnueabi/libc/usr/include  -I /opt/Xilinx/SDSoC/2014.4/Vivado_HLS/2014.4/include  -I /opt/Xilinx/SDSoC/2014.4/arm-xilinx-linux-gnueabi/include    -I/home/trungnguyen/SDSoC/tutorial/tut_workspace/lab1/src -Wall -O3 -fmessage-length=0 -MMD -MP -D __SDSCC__ -I/home/trungnguyen/SDSoC/tutorial/tut_workspace/lab1/src
INFO: [SDSoC 0-0] Moving function madd to Programmable Logic
/opt/Xilinx/SDSoC/2014.4/Vivado_HLS/2014.4/bin/vivado_hls /home/trungnguyen/SDSoC/tutorial/tut_workspace/lab1/SDRelease/_sds/vhls/madd_run.tcl
================================================================
  Vivado(TM) HLS - High-Level Synthesis from C, C++ and SystemC
  Version 2014.4
  Build 1071461 on Tue Nov 18 16:42:57 PM 2014
  Copyright (C) 2014 Xilinx Inc. All rights reserved.
================================================================
@I [LIC-101] Checked out feature [HLS]
@I [HLS-10] Running '/opt/Xilinx/SDSoC/2014.4/Vivado_HLS/2014.4/bin/unwrapped/lnx64.o/vivado_hls'
            for user 'trungnguyen' on host 'verratnix.zmk.uni-kl.de' (Linux_x86_64 version 2.6.32-573.18.1.el6.x86_64) on Thu Jul 28 19:02:21 CEST 2016
            in directory '/home/trungnguyen/SDSoC/tutorial/tut_workspace/lab1/SDRelease/_sds/vhls'
@I [HLS-10] Creating and opening project '/home/trungnguyen/SDSoC/tutorial/tut_workspace/lab1/SDRelease/_sds/vhls/madd'.
@I [HLS-10] Adding design file '/home/trungnguyen/SDSoC/tutorial/tut_workspace/lab1/SDRelease/_sds/vhls/src/madd.cpp' to the project
@I [HLS-10] Creating and opening solution '/home/trungnguyen/SDSoC/tutorial/tut_workspace/lab1/SDRelease/_sds/vhls/madd/solution'.
@I [HLS-10] Cleaning up the solution database.
@I [HLS-10] Setting target device to ' xc7z020clg484-1 '
@I [SYN-201] Setting up clock 'default' with a period of 5.95ns.
@I [HLS-10] Analyzing design file '/home/trungnguyen/SDSoC/tutorial/tut_workspace/lab1/SDRelease/_sds/vhls/src/madd.cpp' ... 
@I [HLS-10] Validating synthesis directives ...
@I [HLS-10] Starting code transformations ...
@I [HLS-10] Checking synthesizability ...
@I [XFORM-541] Flattening a loop nest 'Loop-1' (/home/trungnguyen/SDSoC/tutorial/tut_workspace/lab1/SDRelease/_sds/vhls/src/madd.cpp:18:8) in function 'madd'.
@I [HLS-111] Elapsed time: 0.9 seconds; current memory usage: 49.7 MB.
@I [HLS-10] Starting hardware synthesis ...
@I [HLS-10] Synthesizing 'madd' ...
@I [HLS-10] ----------------------------------------------------------------
@I [HLS-10] -- Scheduling module 'madd' 
@I [HLS-10] ----------------------------------------------------------------
@I [SCHED-11] Starting scheduling ...
@I [SCHED-61] Pipelining loop 'L_hls_label_0'.
@I [SCHED-61] Pipelining result: Target II: 1, Final II: 1, Depth: 13.
@W [SCHED-71] Latency directive discarded for region madd since it contains subloops.
@I [SCHED-11] Finished scheduling.
@I [HLS-111] Elapsed time: 0.04 seconds; current memory usage: 50 MB.
@I [HLS-10] ----------------------------------------------------------------
@I [HLS-10] -- Exploring micro-architecture for module 'madd' 
@I [HLS-10] ----------------------------------------------------------------
@I [BIND-100] Starting micro-architecture generation ...
@I [BIND-101] Performing variable lifetime analysis.
@I [BIND-101] Exploring resource sharing.
@I [BIND-101] Binding ...
@I [BIND-100] Finished micro-architecture generation.
@I [HLS-111] Elapsed time: 0.01 seconds; current memory usage: 50.2 MB.
@I [HLS-10] ----------------------------------------------------------------
@I [HLS-10] -- Generating RTL for module 'madd' 
@I [HLS-10] ----------------------------------------------------------------
@I [RTGEN-500] Setting interface mode on port 'madd/A' to 'bram'.
@I [RTGEN-500] Setting interface mode on port 'madd/B' to 'bram'.
@I [RTGEN-500] Setting interface mode on port 'madd/C' to 'bram'.
@I [RTGEN-500] Setting interface mode on function 'madd' to 'ap_ctrl_hs'.
@W [RTGEN-101] Setting dangling out port 'madd/A_WEN_A' to 0.
@W [RTGEN-101] Setting dangling out port 'madd/A_Din_A' to 0.
@W [RTGEN-101] Setting dangling out port 'madd/B_WEN_A' to 0.
@W [RTGEN-101] Setting dangling out port 'madd/B_Din_A' to 0.
@I [RTGEN-100] Generating core module 'madd_fadd_32ns_32ns_32_9_full_dsp': 1 instance(s).
@I [RTGEN-100] Finished creating RTL model for 'madd'.
@I [HLS-111] Elapsed time: 0.02 seconds; current memory usage: 50.7 MB.
@I [HLS-10] Finished generating all RTL models.
@I [WSYSC-301] Generating RTL SystemC for 'madd'.
@I [WVHDL-304] Generating RTL VHDL for 'madd'.
@I [WVLOG-307] Generating RTL Verilog for 'madd'.
@I [IMPL-8] Exporting RTL as an IP in IP-XACT.

****** Vivado v2014.4 (64-bit)
  **** SW Build 1071353 on Tue Nov 18 16:48:31 MST 2014
  **** IP Build 1071914 on Wed Nov 19 05:30:59 MST 2014
    ** Copyright 1986-2014 Xilinx, Inc. All Rights Reserved.

source run_ippack.tcl -notrace
INFO: [IP_Flow 19-234] Refreshing IP repositories
INFO: [IP_Flow 19-1704] No user IP repositories specified
INFO: [IP_Flow 19-2313] Loaded Vivado IP repository '/opt/Xilinx/SDSoC/2014.4/Vivado/2014.4/data/ip'.
INFO: [IP_Flow 19-1686] Generating 'Synthesis' target for IP 'madd_ap_fadd_7_full_dsp_32'...
INFO: [IP_Flow 19-1686] Generating 'Simulation' target for IP 'madd_ap_fadd_7_full_dsp_32'...
INFO: [IP_Flow 19-234] Refreshing IP repositories
INFO: [IP_Flow 19-1704] No user IP repositories specified
INFO: [IP_Flow 19-2313] Loaded Vivado IP repository '/opt/Xilinx/SDSoC/2014.4/Vivado/2014.4/data/ip'.
INFO: [Common 17-206] Exiting Vivado at Thu Jul 28 19:02:29 2016...
@I [HLS-112] Total elapsed time: 19.304 seconds; peak memory usage: 50.7 MB.
@I [LIC-101] Checked in feature [HLS]
xsltproc --output component.xml  /opt/Xilinx/SDSoC/2014.4/scripts/xsd/xdFixAximmAddrSpaceProperty.xsl  component.xml
zip -u xilinx_com_hls_madd_1_0.zip component.xml
updating: component.xml (deflated 94%)
sed -i -e {s/xilinx\.com\/xidane/xilinx\.com\/xd/g} /home/trungnguyen/SDSoC/tutorial/tut_workspace/lab1/SDRelease/_sds/vhls/madd/solution/impl/ip/auxiliary.xml
xsltproc  --output /home/trungnguyen/SDSoC/tutorial/tut_workspace/lab1/SDRelease/_sds/.llvm/madd.hlsmap1.xml  --stringparam P_CLKID 1  --stringparam P_HLS_TYPE hls  /opt/Xilinx/SDSoC/2014.4/scripts/xsd/xdHlsmapRenameAttr.xsl  /home/trungnguyen/SDSoC/tutorial/tut_workspace/lab1/SDRelease/_sds/.llvm/madd_auxiliary.xml
xsltproc  --output /home/trungnguyen/SDSoC/tutorial/tut_workspace/lab1/SDRelease/_sds/.llvm/madd.hlsmap.xml  /opt/Xilinx/SDSoC/2014.4/scripts/xsd/xdHlsmapAdapter.xsl  /home/trungnguyen/SDSoC/tutorial/tut_workspace/lab1/SDRelease/_sds/.llvm/madd.hlsmap1.xml
xsltproc    --output /home/trungnguyen/SDSoC/tutorial/tut_workspace/lab1/SDRelease/_sds/.llvm/madd.fcnmap.xml  /opt/Xilinx/SDSoC/2014.4/scripts/xsd/xdHlsmapAxi4.xsl  /home/trungnguyen/SDSoC/tutorial/tut_workspace/lab1/SDRelease/_sds/.llvm/madd.hlsmap.xml
xsltproc  --output /home/trungnguyen/SDSoC/tutorial/tut_workspace/lab1/SDRelease/_sds/.llvm/madd_if.xml  /opt/Xilinx/SDSoC/2014.4/scripts/xsd/xdHlsAdapterComp.xsl  /home/trungnguyen/SDSoC/tutorial/tut_workspace/lab1/SDRelease/_sds/.llvm/madd.fcnmap.xml
arm-xilinx-linux-gnueabi-g++ -c -I../src -Wall -O3 -fmessage-length=0 -MMD -MP -D __SDSCC__ -MT/home/trungnguyen/SDSoC/tutorial/tut_workspace/lab1/SDRelease/src/madd.o -MF/home/trungnguyen/SDSoC/tutorial/tut_workspace/lab1/SDRelease/src/madd.d -MT/home/trungnguyen/SDSoC/tutorial/tut_workspace/lab1/SDRelease/src/madd.d  /home/trungnguyen/SDSoC/tutorial/tut_workspace/lab1/SDRelease/_sds/swstubs/madd.cpp -o /home/trungnguyen/SDSoC/tutorial/tut_workspace/lab1/SDRelease/_sds/swstubs/madd.o
arm-xilinx-linux-gnueabi-objcopy --add-section .xdasm=/home/trungnguyen/SDSoC/tutorial/tut_workspace/lab1/SDRelease/_sds/.llvm/src/madd.s /home/trungnguyen/SDSoC/tutorial/tut_workspace/lab1/SDRelease/_sds/swstubs/madd.o
arm-xilinx-linux-gnueabi-objcopy --add-section .xddata=/home/trungnguyen/SDSoC/tutorial/tut_workspace/lab1/SDRelease/_sds/swstubs/madd.xml /home/trungnguyen/SDSoC/tutorial/tut_workspace/lab1/SDRelease/_sds/swstubs/madd.o
arm-xilinx-linux-gnueabi-g++ -E -I../src -Wall -O3 -fmessage-length=0 -MMD -MP -D __SDSCC__ -MT/home/trungnguyen/SDSoC/tutorial/tut_workspace/lab1/SDRelease/src/madd.o -MF/home/trungnguyen/SDSoC/tutorial/tut_workspace/lab1/SDRelease/src/madd.d -MT/home/trungnguyen/SDSoC/tutorial/tut_workspace/lab1/SDRelease/src/madd.d -I /opt/Xilinx/SDSoC/2014.4/arm-xilinx-linux-gnueabi/include  -I /opt/Xilinx/SDSoC/2014.4/Vivado_HLS/2014.4/include   /home/trungnguyen/SDSoC/tutorial/tut_workspace/lab1/src/madd.cpp -o /home/trungnguyen/SDSoC/tutorial/tut_workspace/lab1/SDRelease/_sds/.pp/madd.ii
arm-xilinx-linux-gnueabi-objcopy --add-section .xdpp=/home/trungnguyen/SDSoC/tutorial/tut_workspace/lab1/SDRelease/_sds/.pp/madd.ii /home/trungnguyen/SDSoC/tutorial/tut_workspace/lab1/SDRelease/_sds/swstubs/madd.o
arm-xilinx-linux-gnueabi-objcopy --add-section .xdfcnmap=/home/trungnguyen/SDSoC/tutorial/tut_workspace/lab1/SDRelease/_sds/.llvm/madd.fcnmap.xml /home/trungnguyen/SDSoC/tutorial/tut_workspace/lab1/SDRelease/_sds/swstubs/madd.o
arm-xilinx-linux-gnueabi-objcopy --add-section .xdhlscore=/home/trungnguyen/SDSoC/tutorial/tut_workspace/lab1/SDRelease/_sds/vhls/madd/solution/impl/ip/xilinx_com_hls_madd_1_0.zip /home/trungnguyen/SDSoC/tutorial/tut_workspace/lab1/SDRelease/_sds/swstubs/madd.o
arm-xilinx-linux-gnueabi-objcopy --add-section .xdif=/home/trungnguyen/SDSoC/tutorial/tut_workspace/lab1/SDRelease/_sds/.llvm/madd_if.xml /home/trungnguyen/SDSoC/tutorial/tut_workspace/lab1/SDRelease/_sds/swstubs/madd.o
sds++ log file saved as /home/trungnguyen/SDSoC/tutorial/tut_workspace/lab1/SDRelease/_sds/reports/sds_madd.log
sds++ completed at Thu Jul 28 07:02:40 PM CEST 2016
