

================================================================
== Vivado HLS Report for 'correlation_accel_v3'
================================================================
* Date:           Tue Jan 24 17:43:57 2017

* Version:        2014.4 (Build 1071461 on Tue Nov 18 16:42:57 PM 2014)
* Project:        correlation_accel_v3
* Solution:       solution
* Product family: zynq
* Target device:  xc7z020clg484-1


================================================================
== Performance Estimates
================================================================
+ Timing (ns): 
    * Summary: 
    +---------+-------+----------+------------+
    |  Clock  | Target| Estimated| Uncertainty|
    +---------+-------+----------+------------+
    |default  |   8.50|      9.65|        1.06|
    +---------+-------+----------+------------+

+ Latency (clock cycles): 
    * Summary: 
    +-----+-----+-----+-----+----------+
    |  Latency  |  Interval | Pipeline |
    | min | max | min | max |   Type   |
    +-----+-----+-----+-----+----------+
    |    ?|    ?|    ?|    ?| dataflow |
    +-----+-----+-----+-----+----------+

    + Detail: 
        * Instance: 
        +------------------------------------------+-------------------------------+-----+------------+-----+------------+---------+
        |                                          |                               |      Latency     |     Interval     | Pipeline|
        |                 Instance                 |             Module            | min |     max    | min |     max    |   Type  |
        +------------------------------------------+-------------------------------+-----+------------+-----+------------+---------+
        |grp_correlation_accel_v3_frontEnd_fu_231  |correlation_accel_v3_frontEnd  |    ?|           ?|    ?|           ?|   none  |
        |grp_correlation_accel_v3_backEnd_fu_203   |correlation_accel_v3_backEnd   |    8|  2147483740|    8|  2147483740|   none  |
        +------------------------------------------+-------------------------------+-----+------------+-----+------------+---------+

        * Loop: 
        N/A



================================================================
== Utilization Estimates
================================================================
* Summary: 
+-----------------+---------+-------+--------+-------+
|       Name      | BRAM_18K| DSP48E|   FF   |  LUT  |
+-----------------+---------+-------+--------+-------+
|Expression       |        -|      -|       -|      -|
|FIFO             |       16|      -|     490|    624|
|Instance         |        3|     80|   17332|  24404|
|Memory           |        -|      -|       -|      -|
|Multiplexer      |        -|      -|       -|      -|
|Register         |        -|      -|       4|      -|
+-----------------+---------+-------+--------+-------+
|Total            |       19|     80|   17826|  25028|
+-----------------+---------+-------+--------+-------+
|Available        |      280|    220|  106400|  53200|
+-----------------+---------+-------+--------+-------+
|Utilization (%)  |        6|     36|      16|     47|
+-----------------+---------+-------+--------+-------+

+ Detail: 
    * Instance: 
    +----------------------------------+-------------------------------+---------+-------+-------+-------+
    |             Instance             |             Module            | BRAM_18K| DSP48E|   FF  |  LUT  |
    +----------------------------------+-------------------------------+---------+-------+-------+-------+
    |correlation_accel_v3_backEnd_U0   |correlation_accel_v3_backEnd   |        0|     44|  10087|  14314|
    |correlation_accel_v3_frontEnd_U0  |correlation_accel_v3_frontEnd  |        3|     36|   7245|  10090|
    +----------------------------------+-------------------------------+---------+-------+-------+-------+
    |Total                             |                               |        3|     80|  17332|  24404|
    +----------------------------------+-------------------------------+---------+-------+-------+-------+

    * Memory: 
    N/A

    * FIFO: 
    +--------------------------------+---------+----+----+------+-----+---------+
    |              Name              | BRAM_18K| FF | LUT| Depth| Bits| Size:D*B|
    +--------------------------------+---------+----+----+------+-----+---------+
    |number_of_days14_channel_U      |        0|   5|  44|     1|   32|       32|
    |number_of_indices15_channel_U   |        0|   5|  44|     1|   32|       32|
    |sum_returnA_V_U                 |        2|  60|  67|   252|   32|     8064|
    |sum_return_V_U                  |        2|  60|  67|   252|   32|     8064|
    |sum_weight_V_U                  |        2|  60|  67|   252|   32|     8064|
    |sum_weight_returnA_V_U          |        2|  60|  67|   252|   32|     8064|
    |sum_weight_returnA_returnB_V_U  |        2|  60|  67|   252|   32|     8064|
    |sum_weight_returnSquareA_V_U    |        2|  60|  67|   252|   32|     8064|
    |sum_weight_returnSquare_V_U     |        2|  60|  67|   252|   32|     8064|
    |sum_weight_return_V_U           |        2|  60|  67|   252|   32|     8064|
    +--------------------------------+---------+----+----+------+-----+---------+
    |Total                           |       16| 490| 624|  2018|  320|    64576|
    +--------------------------------+---------+----+----+------+-----+---------+

    * Expression: 
    N/A

    * Multiplexer: 
    N/A

    * Register: 
    +--------------------------------------------------+---+----+-----+-----------+
    |                       Name                       | FF| LUT| Bits| Const Bits|
    +--------------------------------------------------+---+----+-----+-----------+
    |ap_CS                                             |  1|   0|    1|          0|
    |ap_reg_procdone_correlation_accel_v3_backEnd_U0   |  1|   0|    1|          0|
    |ap_reg_procdone_correlation_accel_v3_frontEnd_U0  |  1|   0|    1|          0|
    |correlation_accel_v3_backEnd_U0_ap_start          |  1|   0|    1|          0|
    +--------------------------------------------------+---+----+-----+-----------+
    |Total                                             |  4|   0|    4|          0|
    +--------------------------------------------------+---+----+-----+-----------+



================================================================
== Interface
================================================================
* Summary: 
+------------------------+-----+-----+------------+------------------------+--------------+
|        RTL Ports       | Dir | Bits|  Protocol  |      Source Object     |    C Type    |
+------------------------+-----+-----+------------+------------------------+--------------+
|number_of_days          |  in |   32|   ap_none  |     number_of_days     |    scalar    |
|number_of_indices       |  in |   32|   ap_none  |    number_of_indices   |    scalar    |
|in_indices_TDATA        |  in |   32|    axis    |    in_indices_data_V   |    pointer   |
|in_indices_TKEEP        |  in |    4|    axis    |    in_indices_keep_V   |    pointer   |
|in_indices_TSTRB        |  in |    4|    axis    |    in_indices_strb_V   |    pointer   |
|in_indices_TUSER        |  in |    1|    axis    |    in_indices_user_V   |    pointer   |
|in_indices_TLAST        |  in |    1|    axis    |    in_indices_last_V   |    pointer   |
|in_indices_TID          |  in |    1|    axis    |     in_indices_id_V    |    pointer   |
|in_indices_TDEST        |  in |    1|    axis    |    in_indices_dest_V   |    pointer   |
|in_indices_TVALID       |  in |    1|    axis    |    in_indices_dest_V   |    pointer   |
|in_indices_TREADY       | out |    1|    axis    |    in_indices_dest_V   |    pointer   |
|out_correlation_TDATA   | out |   32|    axis    | out_correlation_data_V |    pointer   |
|out_correlation_TKEEP   | out |    4|    axis    | out_correlation_keep_V |    pointer   |
|out_correlation_TSTRB   | out |    4|    axis    | out_correlation_strb_V |    pointer   |
|out_correlation_TUSER   | out |    1|    axis    | out_correlation_user_V |    pointer   |
|out_correlation_TLAST   | out |    1|    axis    | out_correlation_last_V |    pointer   |
|out_correlation_TID     | out |    1|    axis    |  out_correlation_id_V  |    pointer   |
|out_correlation_TDEST   | out |    1|    axis    | out_correlation_dest_V |    pointer   |
|out_correlation_TVALID  | out |    1|    axis    | out_correlation_dest_V |    pointer   |
|out_correlation_TREADY  |  in |    1|    axis    | out_correlation_dest_V |    pointer   |
|ap_clk                  |  in |    1| ap_ctrl_hs |  correlation_accel_v3  | return value |
|ap_rst_n                |  in |    1| ap_ctrl_hs |  correlation_accel_v3  | return value |
|ap_done                 | out |    1| ap_ctrl_hs |  correlation_accel_v3  | return value |
|ap_start                |  in |    1| ap_ctrl_hs |  correlation_accel_v3  | return value |
|ap_idle                 | out |    1| ap_ctrl_hs |  correlation_accel_v3  | return value |
|ap_ready                | out |    1| ap_ctrl_hs |  correlation_accel_v3  | return value |
+------------------------+-----+-----+------------+------------------------+--------------+

