

================================================================
== Vivado HLS Report for 'correlation_accel_v4_frontEnd'
================================================================
* Date:           Thu Feb  9 13:42:54 2017

* Version:        2014.4 (Build 1071461 on Tue Nov 18 16:42:57 PM 2014)
* Project:        correlation_accel_v4
* Solution:       solution
* Product family: zynq
* Target device:  xc7z020clg484-1


================================================================
== Performance Estimates
================================================================
+ Timing (ns): 
    * Summary: 
    +---------+-------+----------+------------+
    |  Clock  | Target| Estimated| Uncertainty|
    +---------+-------+----------+------------+
    |default  |   8.50|      7.26|        1.06|
    +---------+-------+----------+------------+

+ Latency (clock cycles): 
    * Summary: 
    +-----+-----+-----+-----+---------+
    |  Latency  |  Interval | Pipeline|
    | min | max | min | max |   Type  |
    +-----+-----+-----+-----+---------+
    |    ?|    ?|    ?|    ?|   none  |
    +-----+-----+-----+-----+---------+

    + Detail: 
        * Instance: 
        N/A

        * Loop: 
        +-------------------------------------+------+-------------+----------+-----------+-----------+----------------+----------+
        |                                     |       Latency      | Iteration|  Initiation Interval  |      Trip      |          |
        |              Loop Name              |  min |     max     |  Latency |  achieved |   target  |      Count     | Pipelined|
        +-------------------------------------+------+-------------+----------+-----------+-----------+----------------+----------+
        |- INIT_WEIGHT_ROM                    |  1250|         1250|         5|          -|          -|             250|    no    |
        |- COMP_SUM_OF_WEIGHT                 |     0|  17179869160|         8|          -|          -| 0 ~ 2147483645 |    no    |
        |- LOOP_FIRST_INDEX                   |     ?|            ?|        31|          1|          1|               ?|    yes   |
        |- Loop 4                             |     ?|            ?|         ?|          -|          -| 0 ~ 2147483646 |    no    |
        | + ACCUMULATION_LOOP_FLOATING_INDEX  |     ?|            ?|        39|          1|          1|               ?|    yes   |
        +-------------------------------------+------+-------------+----------+-----------+-----------+----------------+----------+



================================================================
== Utilization Estimates
================================================================
* Summary: 
+-----------------+---------+-------+--------+-------+
|       Name      | BRAM_18K| DSP48E|   FF   |  LUT  |
+-----------------+---------+-------+--------+-------+
|Expression       |        -|      -|       0|    545|
|FIFO             |        -|      -|       -|      -|
|Instance         |        -|     39|    2595|   4566|
|Memory           |        3|      -|       0|      0|
|Multiplexer      |        -|      -|       -|    562|
|Register         |        -|      -|    1089|    193|
+-----------------+---------+-------+--------+-------+
|Total            |        3|     39|    3684|   5866|
+-----------------+---------+-------+--------+-------+
|Available        |      280|    220|  106400|  53200|
+-----------------+---------+-------+--------+-------+
|Utilization (%)  |        1|     17|       3|     11|
+-----------------+---------+-------+--------+-------+

+ Detail: 
    * Instance: 
    +--------------------------------------------------------+----------------------------------------------------+---------+-------+-----+-----+
    |                        Instance                        |                       Module                       | BRAM_18K| DSP48E|  FF | LUT |
    +--------------------------------------------------------+----------------------------------------------------+---------+-------+-----+-----+
    |correlation_accel_v4_fadd_32ns_32ns_32_5_full_dsp_U1    |correlation_accel_v4_fadd_32ns_32ns_32_5_full_dsp   |        0|      2|  205|  390|
    |correlation_accel_v4_fdiv_32ns_32ns_32_16_U10           |correlation_accel_v4_fdiv_32ns_32ns_32_16           |        0|      0|  761|  994|
    |correlation_accel_v4_flog_32ns_32ns_32_13_full_dsp_U11  |correlation_accel_v4_flog_32ns_32ns_32_13_full_dsp  |        0|     13|  485|  614|
    |correlation_accel_v4_fmul_32ns_32ns_32_4_max_dsp_U2     |correlation_accel_v4_fmul_32ns_32ns_32_4_max_dsp    |        0|      3|  143|  321|
    |correlation_accel_v4_fmul_32ns_32ns_32_4_max_dsp_U3     |correlation_accel_v4_fmul_32ns_32ns_32_4_max_dsp    |        0|      3|  143|  321|
    |correlation_accel_v4_fmul_32ns_32ns_32_4_max_dsp_U4     |correlation_accel_v4_fmul_32ns_32ns_32_4_max_dsp    |        0|      3|  143|  321|
    |correlation_accel_v4_fmul_32ns_32ns_32_4_max_dsp_U5     |correlation_accel_v4_fmul_32ns_32ns_32_4_max_dsp    |        0|      3|  143|  321|
    |correlation_accel_v4_fmul_32ns_32ns_32_4_max_dsp_U6     |correlation_accel_v4_fmul_32ns_32ns_32_4_max_dsp    |        0|      3|  143|  321|
    |correlation_accel_v4_fmul_32ns_32ns_32_4_max_dsp_U7     |correlation_accel_v4_fmul_32ns_32ns_32_4_max_dsp    |        0|      3|  143|  321|
    |correlation_accel_v4_fmul_32ns_32ns_32_4_max_dsp_U8     |correlation_accel_v4_fmul_32ns_32ns_32_4_max_dsp    |        0|      3|  143|  321|
    |correlation_accel_v4_fmul_32ns_32ns_32_4_max_dsp_U9     |correlation_accel_v4_fmul_32ns_32ns_32_4_max_dsp    |        0|      3|  143|  321|
    +--------------------------------------------------------+----------------------------------------------------+---------+-------+-----+-----+
    |Total                                                   |                                                    |        0|     39| 2595| 4566|
    +--------------------------------------------------------+----------------------------------------------------+---------+-------+-----+-----+

    * Memory: 
    +--------------+------------------------------------------+---------+---+----+------+-----+------+-------------+
    |    Memory    |                  Module                  | BRAM_18K| FF| LUT| Words| Bits| Banks| W*Bits*Banks|
    +--------------+------------------------------------------+---------+---+----+------+-----+------+-------------+
    |lnReturnA_U   |correlation_accel_v4_frontEnd_lnReturnA   |        1|  0|   0|   252|   32|     1|         8064|
    |weight_rom_U  |correlation_accel_v4_frontEnd_weight_rom  |        2|  0|   0|   252|   32|     1|         8064|
    +--------------+------------------------------------------+---------+---+----+------+-----+------+-------------+
    |Total         |                                          |        3|  0|   0|   504|   64|     2|        16128|
    +--------------+------------------------------------------+---------+---+----+------+-----+------+-------------+

    * FIFO: 
    N/A

    * Expression: 
    +-----------------------------------------+----------+-------+---+----+------------+------------+
    |              Variable Name              | Operation| DSP48E| FF| LUT| Bitwidth P0| Bitwidth P1|
    +-----------------------------------------+----------+-------+---+----+------------+------------+
    |column_index_fu_883_p2                   |     +    |      0|  0|  31|          31|           1|
    |i_3_fu_742_p2                            |     +    |      0|  0|  31|          31|           1|
    |i_4_fu_784_p2                            |     +    |      0|  0|  32|          32|           1|
    |i_5_fu_862_p2                            |     +    |      0|  0|  32|          32|           1|
    |i_fu_722_p2                              |     +    |      0|  0|   8|           8|           1|
    |tmp_16_i_fu_795_p2                       |     +    |      0|  0|  31|          31|           2|
    |tmp_1_i_fu_752_p2                        |     +    |      0|  0|  32|          32|           2|
    |tmp_29_i_fu_873_p2                       |     +    |      0|  0|  31|          31|           2|
    |shift_reg_load_i_shift_reg_lo_fu_845_p3  |  Select  |      0|  0|  32|           1|          32|
    |tmp_3_i_tmp_2_i_fu_772_p3                |  Select  |      0|  0|  32|           1|          32|
    |ap_sig_bdd_186                           |    and   |      0|  0|   1|           1|           1|
    |ap_sig_bdd_397                           |    and   |      0|  0|   1|           1|           1|
    |ap_sig_bdd_690                           |    and   |      0|  0|   1|           1|           1|
    |exitcond_i_i_fu_711_p2                   |   icmp   |      0|  0|   8|           8|           4|
    |tmp_18_i_fu_827_p2                       |   icmp   |      0|  0|  40|          32|          32|
    |tmp_19_i_fu_839_p2                       |   icmp   |      0|  0|  40|          32|           1|
    |tmp_4_i_fu_757_p2                        |   icmp   |      0|  0|  40|          32|          32|
    |tmp_5_i_fu_766_p2                        |   icmp   |      0|  0|  40|          32|           1|
    |tmp_6_i_fu_814_p2                        |   icmp   |      0|  0|  40|          32|          32|
    |tmp_85_i_i_fu_732_p2                     |   icmp   |      0|  0|  40|          32|          32|
    |ap_sig_bdd_314                           |    or    |      0|  0|   1|           1|           1|
    |ap_sig_bdd_526                           |    or    |      0|  0|   1|           1|           1|
    +-----------------------------------------+----------+-------+---+----+------------+------------+
    |Total                                    |          |      0|  0| 545|         435|         214|
    +-----------------------------------------+----------+-------+---+----+------------+------------+

    * Multiplexer: 
    +--------------------------------+----+-----------+-----+-----------+
    |              Name              | LUT| Input Size| Bits| Total Bits|
    +--------------------------------+----+-----------+-----+-----------+
    |ap_NS_fsm                       |  18|         21|    1|         21|
    |ap_reg_ppiten_pp0_it30          |   1|          2|    1|          2|
    |ap_reg_ppiten_pp1_it38          |   1|          2|    1|          2|
    |column_index_i_reg_557          |  31|          2|   31|         62|
    |grp_fu_594_p0                   |  32|          3|   32|         96|
    |grp_fu_594_p1                   |  32|          3|   32|         96|
    |grp_fu_628_p0                   |  32|          3|   32|         96|
    |grp_fu_628_p1                   |  32|          3|   32|         96|
    |i1_i_i_reg_526                  |  31|          2|   31|         62|
    |i1_i_reg_578                    |  32|          2|   32|         64|
    |i_i_i_reg_514                   |   8|          2|    8|         16|
    |i_i_reg_546                     |  32|          2|   32|         64|
    |lnReturnA_address0              |   8|          3|    8|         24|
    |reg_684                         |  32|          2|   32|         64|
    |shift_reg_load1_i_fu_244        |  32|          2|   32|         64|
    |shift_reg_load_i_phi_fu_572_p4  |  32|          2|   32|         64|
    |shift_reg_load_i_reg_569        |  32|          2|   32|         64|
    |tmp_3_i_phi_fu_540_p4           |  32|          2|   32|         64|
    |tmp_3_i_reg_537                 |  32|          2|   32|         64|
    |tmp_i_i_reg_502                 |  32|          2|   32|         64|
    |weight_rom_address0             |   8|          3|    8|         24|
    |weight_rom_address1             |   8|          5|    8|         40|
    |weight_rom_d0                   |  32|          4|   32|        128|
    +--------------------------------+----+-----------+-----+-----------+
    |Total                           | 562|         76|  545|       1341|
    +--------------------------------+----+-----------+-----+-----------+

    * Register: 
    +----------------------------------------+----+----+-----+-----------+
    |                  Name                  | FF | LUT| Bits| Const Bits|
    +----------------------------------------+----+----+-----+-----------+
    |ap_CS_fsm                               |  20|   0|   20|          0|
    |ap_done_reg                             |   1|   0|    1|          0|
    |ap_reg_ppiten_pp0_it0                   |   1|   0|    1|          0|
    |ap_reg_ppiten_pp0_it1                   |   1|   0|    1|          0|
    |ap_reg_ppiten_pp0_it10                  |   1|   0|    1|          0|
    |ap_reg_ppiten_pp0_it11                  |   1|   0|    1|          0|
    |ap_reg_ppiten_pp0_it12                  |   1|   0|    1|          0|
    |ap_reg_ppiten_pp0_it13                  |   1|   0|    1|          0|
    |ap_reg_ppiten_pp0_it14                  |   1|   0|    1|          0|
    |ap_reg_ppiten_pp0_it15                  |   1|   0|    1|          0|
    |ap_reg_ppiten_pp0_it16                  |   1|   0|    1|          0|
    |ap_reg_ppiten_pp0_it17                  |   1|   0|    1|          0|
    |ap_reg_ppiten_pp0_it18                  |   1|   0|    1|          0|
    |ap_reg_ppiten_pp0_it19                  |   1|   0|    1|          0|
    |ap_reg_ppiten_pp0_it2                   |   1|   0|    1|          0|
    |ap_reg_ppiten_pp0_it20                  |   1|   0|    1|          0|
    |ap_reg_ppiten_pp0_it21                  |   1|   0|    1|          0|
    |ap_reg_ppiten_pp0_it22                  |   1|   0|    1|          0|
    |ap_reg_ppiten_pp0_it23                  |   1|   0|    1|          0|
    |ap_reg_ppiten_pp0_it24                  |   1|   0|    1|          0|
    |ap_reg_ppiten_pp0_it25                  |   1|   0|    1|          0|
    |ap_reg_ppiten_pp0_it26                  |   1|   0|    1|          0|
    |ap_reg_ppiten_pp0_it27                  |   1|   0|    1|          0|
    |ap_reg_ppiten_pp0_it28                  |   1|   0|    1|          0|
    |ap_reg_ppiten_pp0_it29                  |   1|   0|    1|          0|
    |ap_reg_ppiten_pp0_it3                   |   1|   0|    1|          0|
    |ap_reg_ppiten_pp0_it30                  |   1|   0|    1|          0|
    |ap_reg_ppiten_pp0_it4                   |   1|   0|    1|          0|
    |ap_reg_ppiten_pp0_it5                   |   1|   0|    1|          0|
    |ap_reg_ppiten_pp0_it6                   |   1|   0|    1|          0|
    |ap_reg_ppiten_pp0_it7                   |   1|   0|    1|          0|
    |ap_reg_ppiten_pp0_it8                   |   1|   0|    1|          0|
    |ap_reg_ppiten_pp0_it9                   |   1|   0|    1|          0|
    |ap_reg_ppiten_pp1_it0                   |   1|   0|    1|          0|
    |ap_reg_ppiten_pp1_it1                   |   1|   0|    1|          0|
    |ap_reg_ppiten_pp1_it10                  |   1|   0|    1|          0|
    |ap_reg_ppiten_pp1_it11                  |   1|   0|    1|          0|
    |ap_reg_ppiten_pp1_it12                  |   1|   0|    1|          0|
    |ap_reg_ppiten_pp1_it13                  |   1|   0|    1|          0|
    |ap_reg_ppiten_pp1_it14                  |   1|   0|    1|          0|
    |ap_reg_ppiten_pp1_it15                  |   1|   0|    1|          0|
    |ap_reg_ppiten_pp1_it16                  |   1|   0|    1|          0|
    |ap_reg_ppiten_pp1_it17                  |   1|   0|    1|          0|
    |ap_reg_ppiten_pp1_it18                  |   1|   0|    1|          0|
    |ap_reg_ppiten_pp1_it19                  |   1|   0|    1|          0|
    |ap_reg_ppiten_pp1_it2                   |   1|   0|    1|          0|
    |ap_reg_ppiten_pp1_it20                  |   1|   0|    1|          0|
    |ap_reg_ppiten_pp1_it21                  |   1|   0|    1|          0|
    |ap_reg_ppiten_pp1_it22                  |   1|   0|    1|          0|
    |ap_reg_ppiten_pp1_it23                  |   1|   0|    1|          0|
    |ap_reg_ppiten_pp1_it24                  |   1|   0|    1|          0|
    |ap_reg_ppiten_pp1_it25                  |   1|   0|    1|          0|
    |ap_reg_ppiten_pp1_it26                  |   1|   0|    1|          0|
    |ap_reg_ppiten_pp1_it27                  |   1|   0|    1|          0|
    |ap_reg_ppiten_pp1_it28                  |   1|   0|    1|          0|
    |ap_reg_ppiten_pp1_it29                  |   1|   0|    1|          0|
    |ap_reg_ppiten_pp1_it3                   |   1|   0|    1|          0|
    |ap_reg_ppiten_pp1_it30                  |   1|   0|    1|          0|
    |ap_reg_ppiten_pp1_it31                  |   1|   0|    1|          0|
    |ap_reg_ppiten_pp1_it32                  |   1|   0|    1|          0|
    |ap_reg_ppiten_pp1_it33                  |   1|   0|    1|          0|
    |ap_reg_ppiten_pp1_it34                  |   1|   0|    1|          0|
    |ap_reg_ppiten_pp1_it35                  |   1|   0|    1|          0|
    |ap_reg_ppiten_pp1_it36                  |   1|   0|    1|          0|
    |ap_reg_ppiten_pp1_it37                  |   1|   0|    1|          0|
    |ap_reg_ppiten_pp1_it38                  |   1|   0|    1|          0|
    |ap_reg_ppiten_pp1_it4                   |   1|   0|    1|          0|
    |ap_reg_ppiten_pp1_it5                   |   1|   0|    1|          0|
    |ap_reg_ppiten_pp1_it6                   |   1|   0|    1|          0|
    |ap_reg_ppiten_pp1_it7                   |   1|   0|    1|          0|
    |ap_reg_ppiten_pp1_it8                   |   1|   0|    1|          0|
    |ap_reg_ppiten_pp1_it9                   |   1|   0|    1|          0|
    |column_index_i_reg_557                  |  31|   0|   31|          0|
    |i1_i_i_reg_526                          |  31|   0|   31|          0|
    |i1_i_reg_578                            |  32|   0|   32|          0|
    |i_3_reg_946                             |  31|   0|   31|          0|
    |i_i_i_reg_514                           |   8|   0|    8|          0|
    |i_i_reg_546                             |  32|   0|   32|          0|
    |lnReturnA_temp_reg_1053                 |  32|   0|   32|          0|
    |reg_670                                 |  32|   0|   32|          0|
    |reg_677                                 |  32|   0|   32|          0|
    |reg_684                                 |  32|   0|   32|          0|
    |reg_695                                 |  32|   0|   32|          0|
    |reg_700                                 |  32|   0|   32|          0|
    |shift_reg_load1_i_fu_244                |  32|   0|   32|          0|
    |shift_reg_load_i_reg_569                |  32|   0|   32|          0|
    |shift_reg_load_i_shift_reg_lo_reg_1027  |  32|   0|   32|          0|
    |tmp_14_i_reg_988                        |  32|   0|   32|          0|
    |tmp_18_i_reg_1018                       |   1|   0|    1|          0|
    |tmp_1_i_reg_967                         |  32|   0|   32|          0|
    |tmp_26_i_reg_1033                       |  32|   0|   32|          0|
    |tmp_2_i_fu_240                          |  32|   0|   32|          0|
    |tmp_32_i_reg_1063                       |  32|   0|   32|          0|
    |tmp_33_i_reg_1068                       |  32|   0|   32|          0|
    |tmp_3_i_reg_537                         |  32|   0|   32|          0|
    |tmp_3_i_tmp_2_i_reg_982                 |  32|   0|   32|          0|
    |tmp_42_reg_1009                         |   1|   0|    1|          0|
    |tmp_43_reg_1022                         |  31|   0|   31|          0|
    |tmp_4_i_reg_973                         |   1|   0|    1|          0|
    |tmp_88_i_i_reg_957                      |  32|   0|   32|          0|
    |tmp_i_i_reg_502                         |  32|   0|   32|          0|
    |tmp_reg_977                             |  31|   0|   31|          0|
    |weight_returnA_returnB_temp_reg_1097    |  32|   0|   32|          0|
    |weight_returnA_temp_reg_1073            |  32|   0|   32|          0|
    |weight_returnB_temp_reg_1085            |  32|   0|   32|          0|
    |weight_returnSquareA_temp_reg_1079      |  32|   0|   32|          0|
    |weight_returnSquareB_temp_reg_1091      |  32|   0|   32|          0|
    |lnReturnA_temp_reg_1053                 |   0|  32|   32|          0|
    |reg_684                                 |   0|  64|   32|          0|
    |reg_700                                 |   0|  32|   32|          0|
    |tmp_18_i_reg_1018                       |   0|   2|    1|          0|
    |tmp_43_reg_1022                         |   0|  31|   31|          0|
    |tmp_4_i_reg_973                         |   0|   1|    1|          0|
    |tmp_reg_977                             |   0|  31|   31|          0|
    +----------------------------------------+----+----+-----+-----------+
    |Total                                   |1089| 193| 1249|          0|
    +----------------------------------------+----+----+-----+-----------+



================================================================
== Interface
================================================================
* Summary: 
+----------------------------------------+-----+-----+------------+---------------------------------+--------------+
|                RTL Ports               | Dir | Bits|  Protocol  |          Source Object          |    C Type    |
+----------------------------------------+-----+-----+------------+---------------------------------+--------------+
|ap_clk                                  |  in |    1| ap_ctrl_hs |  correlation_accel_v4_frontEnd  | return value |
|ap_rst                                  |  in |    1| ap_ctrl_hs |  correlation_accel_v4_frontEnd  | return value |
|ap_start                                |  in |    1| ap_ctrl_hs |  correlation_accel_v4_frontEnd  | return value |
|ap_done                                 | out |    1| ap_ctrl_hs |  correlation_accel_v4_frontEnd  | return value |
|ap_continue                             |  in |    1| ap_ctrl_hs |  correlation_accel_v4_frontEnd  | return value |
|ap_idle                                 | out |    1| ap_ctrl_hs |  correlation_accel_v4_frontEnd  | return value |
|ap_ready                                | out |    1| ap_ctrl_hs |  correlation_accel_v4_frontEnd  | return value |
|NUMBER_OF_DAYS                          |  in |   32|   ap_none  |          NUMBER_OF_DAYS         |    scalar    |
|NUMBER_OF_INDICES                       |  in |   32|   ap_none  |        NUMBER_OF_INDICES        |    scalar    |
|in_indices_TDATA                        |  in |   32|    axis    |        in_indices_data_V        |    pointer   |
|in_indices_TVALID                       |  in |    1|    axis    |        in_indices_dest_V        |    pointer   |
|in_indices_TREADY                       | out |    1|    axis    |        in_indices_dest_V        |    pointer   |
|in_indices_TDEST                        |  in |    1|    axis    |        in_indices_dest_V        |    pointer   |
|in_indices_TKEEP                        |  in |    4|    axis    |        in_indices_keep_V        |    pointer   |
|in_indices_TSTRB                        |  in |    4|    axis    |        in_indices_strb_V        |    pointer   |
|in_indices_TUSER                        |  in |    1|    axis    |        in_indices_user_V        |    pointer   |
|in_indices_TLAST                        |  in |    1|    axis    |        in_indices_last_V        |    pointer   |
|in_indices_TID                          |  in |    1|    axis    |         in_indices_id_V         |    pointer   |
|ln_returnA_out_c1_V_din                 | out |   32|   ap_fifo  |       ln_returnA_out_c1_V       |    pointer   |
|ln_returnA_out_c1_V_full_n              |  in |    1|   ap_fifo  |       ln_returnA_out_c1_V       |    pointer   |
|ln_returnA_out_c1_V_write               | out |    1|   ap_fifo  |       ln_returnA_out_c1_V       |    pointer   |
|weight_returnSquareA_out_c1_V_din       | out |   32|   ap_fifo  |  weight_returnSquareA_out_c1_V  |    pointer   |
|weight_returnSquareA_out_c1_V_full_n    |  in |    1|   ap_fifo  |  weight_returnSquareA_out_c1_V  |    pointer   |
|weight_returnSquareA_out_c1_V_write     | out |    1|   ap_fifo  |  weight_returnSquareA_out_c1_V  |    pointer   |
|weight_returnA_out_c1_V_din             | out |   32|   ap_fifo  |     weight_returnA_out_c1_V     |    pointer   |
|weight_returnA_out_c1_V_full_n          |  in |    1|   ap_fifo  |     weight_returnA_out_c1_V     |    pointer   |
|weight_returnA_out_c1_V_write           | out |    1|   ap_fifo  |     weight_returnA_out_c1_V     |    pointer   |
|ln_returnA_out_c2_V_din                 | out |   32|   ap_fifo  |       ln_returnA_out_c2_V       |    pointer   |
|ln_returnA_out_c2_V_full_n              |  in |    1|   ap_fifo  |       ln_returnA_out_c2_V       |    pointer   |
|ln_returnA_out_c2_V_write               | out |    1|   ap_fifo  |       ln_returnA_out_c2_V       |    pointer   |
|weight_returnSquareA_out_c2_V_din       | out |   32|   ap_fifo  |  weight_returnSquareA_out_c2_V  |    pointer   |
|weight_returnSquareA_out_c2_V_full_n    |  in |    1|   ap_fifo  |  weight_returnSquareA_out_c2_V  |    pointer   |
|weight_returnSquareA_out_c2_V_write     | out |    1|   ap_fifo  |  weight_returnSquareA_out_c2_V  |    pointer   |
|weight_returnA_out_c2_V_din             | out |   32|   ap_fifo  |     weight_returnA_out_c2_V     |    pointer   |
|weight_returnA_out_c2_V_full_n          |  in |    1|   ap_fifo  |     weight_returnA_out_c2_V     |    pointer   |
|weight_returnA_out_c2_V_write           | out |    1|   ap_fifo  |     weight_returnA_out_c2_V     |    pointer   |
|sum_weight_out_c1_V_din                 | out |   32|   ap_fifo  |       sum_weight_out_c1_V       |    pointer   |
|sum_weight_out_c1_V_full_n              |  in |    1|   ap_fifo  |       sum_weight_out_c1_V       |    pointer   |
|sum_weight_out_c1_V_write               | out |    1|   ap_fifo  |       sum_weight_out_c1_V       |    pointer   |
|ln_returnB_out_c1_V_din                 | out |   32|   ap_fifo  |       ln_returnB_out_c1_V       |    pointer   |
|ln_returnB_out_c1_V_full_n              |  in |    1|   ap_fifo  |       ln_returnB_out_c1_V       |    pointer   |
|ln_returnB_out_c1_V_write               | out |    1|   ap_fifo  |       ln_returnB_out_c1_V       |    pointer   |
|weight_returnSquareB_out_c1_V_din       | out |   32|   ap_fifo  |  weight_returnSquareB_out_c1_V  |    pointer   |
|weight_returnSquareB_out_c1_V_full_n    |  in |    1|   ap_fifo  |  weight_returnSquareB_out_c1_V  |    pointer   |
|weight_returnSquareB_out_c1_V_write     | out |    1|   ap_fifo  |  weight_returnSquareB_out_c1_V  |    pointer   |
|weight_returnB_out_c1_V_din             | out |   32|   ap_fifo  |     weight_returnB_out_c1_V     |    pointer   |
|weight_returnB_out_c1_V_full_n          |  in |    1|   ap_fifo  |     weight_returnB_out_c1_V     |    pointer   |
|weight_returnB_out_c1_V_write           | out |    1|   ap_fifo  |     weight_returnB_out_c1_V     |    pointer   |
|weight_returnA_returnB_out_c1_s_din     | out |   32|   ap_fifo  | weight_returnA_returnB_out_c1_s |    pointer   |
|weight_returnA_returnB_out_c1_s_full_n  |  in |    1|   ap_fifo  | weight_returnA_returnB_out_c1_s |    pointer   |
|weight_returnA_returnB_out_c1_s_write   | out |    1|   ap_fifo  | weight_returnA_returnB_out_c1_s |    pointer   |
|sum_weight_out_c2_V_din                 | out |   32|   ap_fifo  |       sum_weight_out_c2_V       |    pointer   |
|sum_weight_out_c2_V_full_n              |  in |    1|   ap_fifo  |       sum_weight_out_c2_V       |    pointer   |
|sum_weight_out_c2_V_write               | out |    1|   ap_fifo  |       sum_weight_out_c2_V       |    pointer   |
|ln_returnB_out_c2_V_din                 | out |   32|   ap_fifo  |       ln_returnB_out_c2_V       |    pointer   |
|ln_returnB_out_c2_V_full_n              |  in |    1|   ap_fifo  |       ln_returnB_out_c2_V       |    pointer   |
|ln_returnB_out_c2_V_write               | out |    1|   ap_fifo  |       ln_returnB_out_c2_V       |    pointer   |
|weight_returnSquareB_out_c2_V_din       | out |   32|   ap_fifo  |  weight_returnSquareB_out_c2_V  |    pointer   |
|weight_returnSquareB_out_c2_V_full_n    |  in |    1|   ap_fifo  |  weight_returnSquareB_out_c2_V  |    pointer   |
|weight_returnSquareB_out_c2_V_write     | out |    1|   ap_fifo  |  weight_returnSquareB_out_c2_V  |    pointer   |
|weight_returnB_out_c2_V_din             | out |   32|   ap_fifo  |     weight_returnB_out_c2_V     |    pointer   |
|weight_returnB_out_c2_V_full_n          |  in |    1|   ap_fifo  |     weight_returnB_out_c2_V     |    pointer   |
|weight_returnB_out_c2_V_write           | out |    1|   ap_fifo  |     weight_returnB_out_c2_V     |    pointer   |
|weight_returnA_returnB_out_c2_s_din     | out |   32|   ap_fifo  | weight_returnA_returnB_out_c2_s |    pointer   |
|weight_returnA_returnB_out_c2_s_full_n  |  in |    1|   ap_fifo  | weight_returnA_returnB_out_c2_s |    pointer   |
|weight_returnA_returnB_out_c2_s_write   | out |    1|   ap_fifo  | weight_returnA_returnB_out_c2_s |    pointer   |
|NUMBER_OF_DAYS_out_din                  | out |   32|   ap_fifo  |        NUMBER_OF_DAYS_out       |    pointer   |
|NUMBER_OF_DAYS_out_full_n               |  in |    1|   ap_fifo  |        NUMBER_OF_DAYS_out       |    pointer   |
|NUMBER_OF_DAYS_out_write                | out |    1|   ap_fifo  |        NUMBER_OF_DAYS_out       |    pointer   |
|NUMBER_OF_DAYS_out1_din                 | out |   32|   ap_fifo  |       NUMBER_OF_DAYS_out1       |    pointer   |
|NUMBER_OF_DAYS_out1_full_n              |  in |    1|   ap_fifo  |       NUMBER_OF_DAYS_out1       |    pointer   |
|NUMBER_OF_DAYS_out1_write               | out |    1|   ap_fifo  |       NUMBER_OF_DAYS_out1       |    pointer   |
|NUMBER_OF_INDICES_out_din               | out |   32|   ap_fifo  |      NUMBER_OF_INDICES_out      |    pointer   |
|NUMBER_OF_INDICES_out_full_n            |  in |    1|   ap_fifo  |      NUMBER_OF_INDICES_out      |    pointer   |
|NUMBER_OF_INDICES_out_write             | out |    1|   ap_fifo  |      NUMBER_OF_INDICES_out      |    pointer   |
|NUMBER_OF_INDICES_out2_din              | out |   32|   ap_fifo  |      NUMBER_OF_INDICES_out2     |    pointer   |
|NUMBER_OF_INDICES_out2_full_n           |  in |    1|   ap_fifo  |      NUMBER_OF_INDICES_out2     |    pointer   |
|NUMBER_OF_INDICES_out2_write            | out |    1|   ap_fifo  |      NUMBER_OF_INDICES_out2     |    pointer   |
+----------------------------------------+-----+-----+------------+---------------------------------+--------------+

