

================================================================
== Vivado HLS Report for 'correlation_accel_v4'
================================================================
* Date:           Thu Feb  9 13:42:55 2017

* Version:        2014.4 (Build 1071461 on Tue Nov 18 16:42:57 PM 2014)
* Project:        correlation_accel_v4
* Solution:       solution
* Product family: zynq
* Target device:  xc7z020clg484-1


================================================================
== Performance Estimates
================================================================
+ Timing (ns): 
    * Summary: 
    +---------+-------+----------+------------+
    |  Clock  | Target| Estimated| Uncertainty|
    +---------+-------+----------+------------+
    |default  |   8.50|      9.65|        1.06|
    +---------+-------+----------+------------+

+ Latency (clock cycles): 
    * Summary: 
    +-----+-----+-----+-----+----------+
    |  Latency  |  Interval | Pipeline |
    | min | max | min | max |   Type   |
    +-----+-----+-----+-----+----------+
    |    ?|    ?|    ?|    ?| dataflow |
    +-----+-----+-----+-----+----------+

    + Detail: 
        * Instance: 
        +------------------------------------------+-------------------------------+-----+--------------+-----+--------------+---------+
        |                                          |                               |       Latency      |      Interval      | Pipeline|
        |                 Instance                 |             Module            | min |      max     | min |      max     |   Type  |
        +------------------------------------------+-------------------------------+-----+--------------+-----+--------------+---------+
        |grp_correlation_accel_v4_frontEnd_fu_617  |correlation_accel_v4_frontEnd  |    ?|             ?|    ?|             ?|   none  |
        |grp_correlation_accel_v4_midEnd_fu_571    |correlation_accel_v4_midEnd    |    ?|             ?|    ?|             ?|   none  |
        |grp_correlation_accel_v4_midEnd_1_fu_595  |correlation_accel_v4_midEnd_1  |    ?|             ?|    ?|             ?|   none  |
        |grp_correlation_accel_v4_backEnd_fu_535   |correlation_accel_v4_backEnd   |    7|  186831077209|    7|  186831077209|   none  |
        +------------------------------------------+-------------------------------+-----+--------------+-----+--------------+---------+

        * Loop: 
        N/A



================================================================
== Utilization Estimates
================================================================
* Summary: 
+-----------------+---------+-------+--------+-------+
|       Name      | BRAM_18K| DSP48E|   FF   |  LUT  |
+-----------------+---------+-------+--------+-------+
|Expression       |        -|      -|       -|      -|
|FIFO             |        0|      -|     190|   1672|
|Instance         |        3|     80|   17283|  23228|
|Memory           |        -|      -|       -|      -|
|Multiplexer      |        -|      -|       -|      -|
|Register         |        -|      -|       8|      -|
+-----------------+---------+-------+--------+-------+
|Total            |        3|     80|   17481|  24900|
+-----------------+---------+-------+--------+-------+
|Available        |      280|    220|  106400|  53200|
+-----------------+---------+-------+--------+-------+
|Utilization (%)  |        1|     36|      16|     46|
+-----------------+---------+-------+--------+-------+

+ Detail: 
    * Instance: 
    +----------------------------------+-------------------------------+---------+-------+------+------+
    |             Instance             |             Module            | BRAM_18K| DSP48E|  FF  |  LUT |
    +----------------------------------+-------------------------------+---------+-------+------+------+
    |correlation_accel_v4_backEnd_U0   |correlation_accel_v4_backEnd   |        0|     13|  4660|  6594|
    |correlation_accel_v4_frontEnd_U0  |correlation_accel_v4_frontEnd  |        3|     39|  3684|  5866|
    |correlation_accel_v4_midEnd_U0    |correlation_accel_v4_midEnd    |        0|     14|  4485|  5368|
    |correlation_accel_v4_midEnd_1_U0  |correlation_accel_v4_midEnd_1  |        0|     14|  4454|  5400|
    +----------------------------------+-------------------------------+---------+-------+------+------+
    |Total                             |                               |        3|     80| 17283| 23228|
    +----------------------------------+-------------------------------+---------+-------+------+------+

    * Memory: 
    N/A

    * FIFO: 
    +------------------------------------+---------+---+----+------+-----+---------+
    |                Name                | BRAM_18K| FF| LUT| Depth| Bits| Size:D*B|
    +------------------------------------+---------+---+----+------+-----+---------+
    |ln_returnA_c1_V_U                   |        0|  5|  44|     2|   32|       64|
    |ln_returnA_c2_V_U                   |        0|  5|  44|     2|   32|       64|
    |ln_returnB_c1_V_U                   |        0|  5|  44|     2|   32|       64|
    |ln_returnB_c2_V_U                   |        0|  5|  44|     2|   32|       64|
    |number_of_days15_channel_U          |        0|  5|  44|     1|   32|       32|
    |number_of_days16_channel_U          |        0|  5|  44|     1|   32|       32|
    |number_of_days19_channel_U          |        0|  5|  44|     1|   32|       32|
    |number_of_indices17_channel_U       |        0|  5|  44|     1|   32|       32|
    |number_of_indices18_channel_U       |        0|  5|  44|     1|   32|       32|
    |number_of_indices20_channel_U       |        0|  5|  44|     1|   32|       32|
    |sum_returnA_stage2_c1_V_U           |        0|  5|  44|     2|   32|       64|
    |sum_returnA_stage2_c2_V_U           |        0|  5|  44|     2|   32|       64|
    |sum_return_stage2_c1_V_U            |        0|  5|  44|     2|   32|       64|
    |sum_return_stage2_c2_V_U            |        0|  5|  44|     2|   32|       64|
    |sum_weight_c1_V_U                   |        0|  5|  44|     2|   32|       64|
    |sum_weight_c2_V_U                   |        0|  5|  44|     2|   32|       64|
    |sum_weight_returnA_returnB_sta_1_U  |        0|  5|  44|     2|   32|       64|
    |sum_weight_returnA_returnB_sta_U    |        0|  5|  44|     2|   32|       64|
    |sum_weight_returnA_stage2_c1_V_U    |        0|  5|  44|     2|   32|       64|
    |sum_weight_returnA_stage2_c2_V_U    |        0|  5|  44|     2|   32|       64|
    |sum_weight_returnSquareA_stage_1_U  |        0|  5|  44|     2|   32|       64|
    |sum_weight_returnSquareA_stage_U    |        0|  5|  44|     2|   32|       64|
    |sum_weight_returnSquare_stage2_1_U  |        0|  5|  44|     2|   32|       64|
    |sum_weight_returnSquare_stage2_U    |        0|  5|  44|     2|   32|       64|
    |sum_weight_return_stage2_c1_V_U     |        0|  5|  44|     2|   32|       64|
    |sum_weight_return_stage2_c2_V_U     |        0|  5|  44|     2|   32|       64|
    |sum_weight_stage2_c1_V_U            |        0|  5|  44|     2|   32|       64|
    |sum_weight_stage2_c2_V_U            |        0|  5|  44|     2|   32|       64|
    |weight_returnA_c1_V_U               |        0|  5|  44|     2|   32|       64|
    |weight_returnA_c2_V_U               |        0|  5|  44|     2|   32|       64|
    |weight_returnA_returnB_c1_V_U       |        0|  5|  44|     2|   32|       64|
    |weight_returnA_returnB_c2_V_U       |        0|  5|  44|     2|   32|       64|
    |weight_returnB_c1_V_U               |        0|  5|  44|     2|   32|       64|
    |weight_returnB_c2_V_U               |        0|  5|  44|     2|   32|       64|
    |weight_returnSquareA_c1_V_U         |        0|  5|  44|     2|   32|       64|
    |weight_returnSquareA_c2_V_U         |        0|  5|  44|     2|   32|       64|
    |weight_returnSquareB_c1_V_U         |        0|  5|  44|     2|   32|       64|
    |weight_returnSquareB_c2_V_U         |        0|  5|  44|     2|   32|       64|
    +------------------------------------+---------+---+----+------+-----+---------+
    |Total                               |        0|190|1672|    70| 1216|     2240|
    +------------------------------------+---------+---+----+------+-----+---------+

    * Expression: 
    N/A

    * Multiplexer: 
    N/A

    * Register: 
    +--------------------------------------------------+---+----+-----+-----------+
    |                       Name                       | FF| LUT| Bits| Const Bits|
    +--------------------------------------------------+---+----+-----+-----------+
    |ap_CS                                             |  1|   0|    1|          0|
    |ap_reg_procdone_correlation_accel_v4_backEnd_U0   |  1|   0|    1|          0|
    |ap_reg_procdone_correlation_accel_v4_frontEnd_U0  |  1|   0|    1|          0|
    |ap_reg_procdone_correlation_accel_v4_midEnd_1_U0  |  1|   0|    1|          0|
    |ap_reg_procdone_correlation_accel_v4_midEnd_U0    |  1|   0|    1|          0|
    |correlation_accel_v4_backEnd_U0_ap_start          |  1|   0|    1|          0|
    |correlation_accel_v4_midEnd_1_U0_ap_start         |  1|   0|    1|          0|
    |correlation_accel_v4_midEnd_U0_ap_start           |  1|   0|    1|          0|
    +--------------------------------------------------+---+----+-----+-----------+
    |Total                                             |  8|   0|    8|          0|
    +--------------------------------------------------+---+----+-----+-----------+



================================================================
== Interface
================================================================
* Summary: 
+------------------------+-----+-----+------------+------------------------+--------------+
|        RTL Ports       | Dir | Bits|  Protocol  |      Source Object     |    C Type    |
+------------------------+-----+-----+------------+------------------------+--------------+
|number_of_days          |  in |   32|   ap_none  |     number_of_days     |    scalar    |
|number_of_indices       |  in |   32|   ap_none  |    number_of_indices   |    scalar    |
|in_indices_TDATA        |  in |   32|    axis    |    in_indices_data_V   |    pointer   |
|in_indices_TKEEP        |  in |    4|    axis    |    in_indices_keep_V   |    pointer   |
|in_indices_TSTRB        |  in |    4|    axis    |    in_indices_strb_V   |    pointer   |
|in_indices_TUSER        |  in |    1|    axis    |    in_indices_user_V   |    pointer   |
|in_indices_TLAST        |  in |    1|    axis    |    in_indices_last_V   |    pointer   |
|in_indices_TID          |  in |    1|    axis    |     in_indices_id_V    |    pointer   |
|in_indices_TDEST        |  in |    1|    axis    |    in_indices_dest_V   |    pointer   |
|in_indices_TVALID       |  in |    1|    axis    |    in_indices_dest_V   |    pointer   |
|in_indices_TREADY       | out |    1|    axis    |    in_indices_dest_V   |    pointer   |
|out_correlation_TDATA   | out |   32|    axis    | out_correlation_data_V |    pointer   |
|out_correlation_TKEEP   | out |    4|    axis    | out_correlation_keep_V |    pointer   |
|out_correlation_TSTRB   | out |    4|    axis    | out_correlation_strb_V |    pointer   |
|out_correlation_TUSER   | out |    1|    axis    | out_correlation_user_V |    pointer   |
|out_correlation_TLAST   | out |    1|    axis    | out_correlation_last_V |    pointer   |
|out_correlation_TID     | out |    1|    axis    |  out_correlation_id_V  |    pointer   |
|out_correlation_TDEST   | out |    1|    axis    | out_correlation_dest_V |    pointer   |
|out_correlation_TVALID  | out |    1|    axis    | out_correlation_dest_V |    pointer   |
|out_correlation_TREADY  |  in |    1|    axis    | out_correlation_dest_V |    pointer   |
|ap_clk                  |  in |    1| ap_ctrl_hs |  correlation_accel_v4  | return value |
|ap_rst_n                |  in |    1| ap_ctrl_hs |  correlation_accel_v4  | return value |
|ap_done                 | out |    1| ap_ctrl_hs |  correlation_accel_v4  | return value |
|ap_start                |  in |    1| ap_ctrl_hs |  correlation_accel_v4  | return value |
|ap_idle                 | out |    1| ap_ctrl_hs |  correlation_accel_v4  | return value |
|ap_ready                | out |    1| ap_ctrl_hs |  correlation_accel_v4  | return value |
+------------------------+-----+-----+------------+------------------------+--------------+

