

================================================================
== Vivado HLS Report for 'correlation_accel_v4_backEnd'
================================================================
* Date:           Thu Feb  9 13:42:55 2017

* Version:        2014.4 (Build 1071461 on Tue Nov 18 16:42:57 PM 2014)
* Project:        correlation_accel_v4
* Solution:       solution
* Product family: zynq
* Target device:  xc7z020clg484-1


================================================================
== Performance Estimates
================================================================
+ Timing (ns): 
    * Summary: 
    +---------+-------+----------+------------+
    |  Clock  | Target| Estimated| Uncertainty|
    +---------+-------+----------+------------+
    |default  |   8.50|      7.26|        1.06|
    +---------+-------+----------+------------+

+ Latency (clock cycles): 
    * Summary: 
    +-----+--------------+-----+--------------+---------+
    |       Latency      |      Interval      | Pipeline|
    | min |      max     | min |      max     |   Type  |
    +-----+--------------+-----+--------------+---------+
    |    7|  186831077209|    7|  186831077209|   none  |
    +-----+--------------+-----+--------------+---------+

    + Detail: 
        * Instance: 
        N/A

        * Loop: 
        +----------+-----+--------------+----------+-----------+-----------+----------------+----------+
        |          |       Latency      | Iteration|  Initiation Interval  |      Trip      |          |
        | Loop Name| min |      max     |  Latency |  achieved |   target  |      Count     | Pipelined|
        +----------+-----+--------------+----------+-----------+-----------+----------------+----------+
        |- Loop 1  |    0|  186831077202|        87|          -|          -| 0 ~ 2147483646 |    no    |
        +----------+-----+--------------+----------+-----------+-----------+----------------+----------+



================================================================
== Utilization Estimates
================================================================
* Summary: 
+-----------------+---------+-------+--------+-------+
|       Name      | BRAM_18K| DSP48E|   FF   |  LUT  |
+-----------------+---------+-------+--------+-------+
|Expression       |        -|      -|       0|    178|
|FIFO             |        -|      -|       -|      -|
|Instance         |        -|     13|    3733|   5537|
|Memory           |        -|      -|       -|      -|
|Multiplexer      |        -|      -|       -|    879|
|Register         |        -|      -|     927|      -|
+-----------------+---------+-------+--------+-------+
|Total            |        0|     13|    4660|   6594|
+-----------------+---------+-------+--------+-------+
|Available        |      280|    220|  106400|  53200|
+-----------------+---------+-------+--------+-------+
|Utilization (%)  |        0|      5|       4|     12|
+-----------------+---------+-------+--------+-------+

+ Detail: 
    * Instance: 
    +-----------------------------------------------------------+-------------------------------------------------------+---------+-------+-----+-----+
    |                          Instance                         |                         Module                        | BRAM_18K| DSP48E|  FF | LUT |
    +-----------------------------------------------------------+-------------------------------------------------------+---------+-------+-----+-----+
    |correlation_accel_v4_faddfsub_32ns_32ns_32_5_full_dsp_U98  |correlation_accel_v4_faddfsub_32ns_32ns_32_5_full_dsp  |        0|      2|  205|  390|
    |correlation_accel_v4_faddfsub_32ns_32ns_32_5_full_dsp_U99  |correlation_accel_v4_faddfsub_32ns_32ns_32_5_full_dsp  |        0|      2|  205|  390|
    |correlation_accel_v4_fdiv_32ns_32ns_32_16_U103             |correlation_accel_v4_fdiv_32ns_32ns_32_16              |        0|      0|  761|  994|
    |correlation_accel_v4_fdiv_32ns_32ns_32_16_U104             |correlation_accel_v4_fdiv_32ns_32ns_32_16              |        0|      0|  761|  994|
    |correlation_accel_v4_fmul_32ns_32ns_32_4_max_dsp_U100      |correlation_accel_v4_fmul_32ns_32ns_32_4_max_dsp       |        0|      3|  143|  321|
    |correlation_accel_v4_fmul_32ns_32ns_32_4_max_dsp_U101      |correlation_accel_v4_fmul_32ns_32ns_32_4_max_dsp       |        0|      3|  143|  321|
    |correlation_accel_v4_fmul_32ns_32ns_32_4_max_dsp_U102      |correlation_accel_v4_fmul_32ns_32ns_32_4_max_dsp       |        0|      3|  143|  321|
    |correlation_accel_v4_fsqrt_32ns_32ns_32_16_U106            |correlation_accel_v4_fsqrt_32ns_32ns_32_16             |        0|      0|  516|  626|
    |correlation_accel_v4_fsqrt_32ns_32ns_32_16_U107            |correlation_accel_v4_fsqrt_32ns_32ns_32_16             |        0|      0|  516|  626|
    |correlation_accel_v4_sitofp_32ns_32_6_U105                 |correlation_accel_v4_sitofp_32ns_32_6                  |        0|      0|  340|  554|
    +-----------------------------------------------------------+-------------------------------------------------------+---------+-------+-----+-----+
    |Total                                                      |                                                       |        0|     13| 3733| 5537|
    +-----------------------------------------------------------+-------------------------------------------------------+---------+-------+-----+-----+

    * Memory: 
    N/A

    * FIFO: 
    N/A

    * Expression: 
    +------------------------+----------+-------+---+----+------------+------------+
    |      Variable Name     | Operation| DSP48E| FF| LUT| Bitwidth P0| Bitwidth P1|
    +------------------------+----------+-------+---+----+------------+------------+
    |column_index_fu_545_p2  |     +    |      0|  0|  31|          31|           1|
    |tmp_44_i_fu_522_p2      |     +    |      0|  0|  32|          32|           2|
    |tmp_i_fu_516_p2         |     +    |      0|  0|  32|          32|           2|
    |ap_sig_bdd_423          |    and   |      0|  0|   1|           1|           1|
    |tmp_45_i_fu_531_p2      |   icmp   |      0|  0|  40|          32|          32|
    |tmp_84_i_fu_540_p2      |   icmp   |      0|  0|  40|          32|          32|
    |ap_sig_bdd_304          |    or    |      0|  0|   1|           1|           1|
    |ap_sig_bdd_385          |    or    |      0|  0|   1|           1|           1|
    +------------------------+----------+-------+---+----+------------+------------+
    |Total                   |          |      0|  0| 178|         162|          72|
    +------------------------+----------+-------+---+----+------------+------------+

    * Multiplexer: 
    +---------------------------------------+-----+-----------+-----+-----------+
    |                  Name                 | LUT | Input Size| Bits| Total Bits|
    +---------------------------------------+-----+-----------+-----+-----------+
    |ap_NS_fsm                              |  203|         95|    1|         95|
    |ap_sig_ioackin_out_correlation_TREADY  |    1|          2|    1|          2|
    |column_index_i_reg_318                 |   31|          2|   31|         62|
    |grp_fu_410_opcode                      |    2|          3|    2|          6|
    |grp_fu_410_p0                          |   32|          6|   32|        192|
    |grp_fu_410_p1                          |   32|          4|   32|        128|
    |grp_fu_416_opcode                      |    2|          3|    2|          6|
    |grp_fu_416_p0                          |   32|          3|   32|         96|
    |grp_fu_421_p0                          |   32|          5|   32|        160|
    |grp_fu_421_p1                          |   32|          5|   32|        160|
    |grp_fu_426_p0                          |   32|          3|   32|         96|
    |grp_fu_426_p1                          |   32|          4|   32|        128|
    |grp_fu_431_p1                          |   32|          3|   32|         96|
    |grp_fu_438_p0                          |   32|          4|   32|        128|
    |grp_fu_438_p1                          |   32|          4|   32|        128|
    |grp_fu_443_p0                          |   32|          3|   32|         96|
    |grp_fu_443_p1                          |   32|          3|   32|         96|
    |sum_return2_i_reg_339                  |   32|          2|   32|         64|
    |sum_returnA2_i_reg_379                 |   32|          2|   32|         64|
    |sum_weight2_i_reg_329                  |   32|          2|   32|         64|
    |sum_weight_return2_i_reg_359           |   32|          2|   32|         64|
    |sum_weight_returnA2_i_reg_399          |   32|          2|   32|         64|
    |sum_weight_returnA_returnB2_i_reg_369  |   32|          2|   32|         64|
    |sum_weight_returnSquare2_i_reg_349     |   32|          2|   32|         64|
    |sum_weight_returnSquareA2_i_reg_389    |   32|          2|   32|         64|
    +---------------------------------------+-----+-----------+-----+-----------+
    |Total                                  |  879|        168|  677|       2187|
    +---------------------------------------+-----+-----------+-----+-----------+

    * Register: 
    +---------------------------------------+----+----+-----+-----------+
    |                  Name                 | FF | LUT| Bits| Const Bits|
    +---------------------------------------+----+----+-----+-----------+
    |NUMBER_OF_INDICES_read_reg_556         |  32|   0|   32|          0|
    |ap_CS_fsm                              |  94|   0|   94|          0|
    |ap_done_reg                            |   1|   0|    1|          0|
    |ap_reg_ioackin_out_correlation_TREADY  |   1|   0|    1|          0|
    |column_index_i_reg_318                 |  31|   0|   31|          0|
    |column_index_reg_669                   |  31|   0|   31|          0|
    |reg_463                                |  32|   0|   32|          0|
    |reg_471                                |  32|   0|   32|          0|
    |reg_480                                |  32|   0|   32|          0|
    |reg_487                                |  32|   0|   32|          0|
    |reg_493                                |  32|   0|   32|          0|
    |reg_498                                |  32|   0|   32|          0|
    |reg_505                                |  32|   0|   32|          0|
    |reg_510                                |  32|   0|   32|          0|
    |sum_return2_i_reg_339                  |  32|   0|   32|          0|
    |sum_returnA2_i_reg_379                 |  32|   0|   32|          0|
    |sum_weight2_i_reg_329                  |  32|   0|   32|          0|
    |sum_weight_return2_i_reg_359           |  32|   0|   32|          0|
    |sum_weight_returnA2_i_reg_399          |  32|   0|   32|          0|
    |sum_weight_returnA_returnB2_i_reg_369  |  32|   0|   32|          0|
    |sum_weight_returnSquare2_i_reg_349     |  32|   0|   32|          0|
    |sum_weight_returnSquareA2_i_reg_389    |  32|   0|   32|          0|
    |tmp_44_i_reg_573                       |  32|   0|   32|          0|
    |tmp_72_i_reg_674                       |  32|   0|   32|          0|
    |tmp_74_i_reg_679                       |  32|   0|   32|          0|
    |tmp_84_i_reg_664                       |   1|   0|    1|          0|
    |tmp_i_54_reg_567                       |  32|   0|   32|          0|
    |tmp_i_reg_562                          |  32|   0|   32|          0|
    |volatilityA_reg_684                    |  32|   0|   32|          0|
    |volatilityB_reg_689                    |  32|   0|   32|          0|
    +---------------------------------------+----+----+-----+-----------+
    |Total                                  | 927|   0|  927|          0|
    +---------------------------------------+----+----+-----+-----------+



================================================================
== Interface
================================================================
* Summary: 
+-----------------------------------------+-----+-----+------------+---------------------------------+--------------+
|                RTL Ports                | Dir | Bits|  Protocol  |          Source Object          |    C Type    |
+-----------------------------------------+-----+-----+------------+---------------------------------+--------------+
|ap_clk                                   |  in |    1| ap_ctrl_hs |   correlation_accel_v4_backEnd  | return value |
|ap_rst                                   |  in |    1| ap_ctrl_hs |   correlation_accel_v4_backEnd  | return value |
|ap_start                                 |  in |    1| ap_ctrl_hs |   correlation_accel_v4_backEnd  | return value |
|ap_done                                  | out |    1| ap_ctrl_hs |   correlation_accel_v4_backEnd  | return value |
|ap_continue                              |  in |    1| ap_ctrl_hs |   correlation_accel_v4_backEnd  | return value |
|ap_idle                                  | out |    1| ap_ctrl_hs |   correlation_accel_v4_backEnd  | return value |
|ap_ready                                 | out |    1| ap_ctrl_hs |   correlation_accel_v4_backEnd  | return value |
|NUMBER_OF_DAYS_dout                      |  in |   32|   ap_fifo  |          NUMBER_OF_DAYS         |    pointer   |
|NUMBER_OF_DAYS_empty_n                   |  in |    1|   ap_fifo  |          NUMBER_OF_DAYS         |    pointer   |
|NUMBER_OF_DAYS_read                      | out |    1|   ap_fifo  |          NUMBER_OF_DAYS         |    pointer   |
|NUMBER_OF_INDICES_dout                   |  in |   32|   ap_fifo  |        NUMBER_OF_INDICES        |    pointer   |
|NUMBER_OF_INDICES_empty_n                |  in |    1|   ap_fifo  |        NUMBER_OF_INDICES        |    pointer   |
|NUMBER_OF_INDICES_read                   | out |    1|   ap_fifo  |        NUMBER_OF_INDICES        |    pointer   |
|sum_weight_in_c1_V_dout                  |  in |   32|   ap_fifo  |        sum_weight_in_c1_V       |    pointer   |
|sum_weight_in_c1_V_empty_n               |  in |    1|   ap_fifo  |        sum_weight_in_c1_V       |    pointer   |
|sum_weight_in_c1_V_read                  | out |    1|   ap_fifo  |        sum_weight_in_c1_V       |    pointer   |
|sum_return_in_c1_V_dout                  |  in |   32|   ap_fifo  |        sum_return_in_c1_V       |    pointer   |
|sum_return_in_c1_V_empty_n               |  in |    1|   ap_fifo  |        sum_return_in_c1_V       |    pointer   |
|sum_return_in_c1_V_read                  | out |    1|   ap_fifo  |        sum_return_in_c1_V       |    pointer   |
|sum_weight_returnSquare_in_c1_s_dout     |  in |   32|   ap_fifo  | sum_weight_returnSquare_in_c1_s |    pointer   |
|sum_weight_returnSquare_in_c1_s_empty_n  |  in |    1|   ap_fifo  | sum_weight_returnSquare_in_c1_s |    pointer   |
|sum_weight_returnSquare_in_c1_s_read     | out |    1|   ap_fifo  | sum_weight_returnSquare_in_c1_s |    pointer   |
|sum_weight_return_in_c1_V_dout           |  in |   32|   ap_fifo  |    sum_weight_return_in_c1_V    |    pointer   |
|sum_weight_return_in_c1_V_empty_n        |  in |    1|   ap_fifo  |    sum_weight_return_in_c1_V    |    pointer   |
|sum_weight_return_in_c1_V_read           | out |    1|   ap_fifo  |    sum_weight_return_in_c1_V    |    pointer   |
|sum_weight_returnA_returnB_in_s_dout     |  in |   32|   ap_fifo  | sum_weight_returnA_returnB_in_s |    pointer   |
|sum_weight_returnA_returnB_in_s_empty_n  |  in |    1|   ap_fifo  | sum_weight_returnA_returnB_in_s |    pointer   |
|sum_weight_returnA_returnB_in_s_read     | out |    1|   ap_fifo  | sum_weight_returnA_returnB_in_s |    pointer   |
|sum_returnA_in_c1_V_dout                 |  in |   32|   ap_fifo  |       sum_returnA_in_c1_V       |    pointer   |
|sum_returnA_in_c1_V_empty_n              |  in |    1|   ap_fifo  |       sum_returnA_in_c1_V       |    pointer   |
|sum_returnA_in_c1_V_read                 | out |    1|   ap_fifo  |       sum_returnA_in_c1_V       |    pointer   |
|sum_weight_returnSquareA_in_c1_dout      |  in |   32|   ap_fifo  |  sum_weight_returnSquareA_in_c1 |    pointer   |
|sum_weight_returnSquareA_in_c1_empty_n   |  in |    1|   ap_fifo  |  sum_weight_returnSquareA_in_c1 |    pointer   |
|sum_weight_returnSquareA_in_c1_read      | out |    1|   ap_fifo  |  sum_weight_returnSquareA_in_c1 |    pointer   |
|sum_weight_returnA_in_c1_V_dout          |  in |   32|   ap_fifo  |    sum_weight_returnA_in_c1_V   |    pointer   |
|sum_weight_returnA_in_c1_V_empty_n       |  in |    1|   ap_fifo  |    sum_weight_returnA_in_c1_V   |    pointer   |
|sum_weight_returnA_in_c1_V_read          | out |    1|   ap_fifo  |    sum_weight_returnA_in_c1_V   |    pointer   |
|sum_weight_in_c2_V_dout                  |  in |   32|   ap_fifo  |        sum_weight_in_c2_V       |    pointer   |
|sum_weight_in_c2_V_empty_n               |  in |    1|   ap_fifo  |        sum_weight_in_c2_V       |    pointer   |
|sum_weight_in_c2_V_read                  | out |    1|   ap_fifo  |        sum_weight_in_c2_V       |    pointer   |
|sum_return_in_c2_V_dout                  |  in |   32|   ap_fifo  |        sum_return_in_c2_V       |    pointer   |
|sum_return_in_c2_V_empty_n               |  in |    1|   ap_fifo  |        sum_return_in_c2_V       |    pointer   |
|sum_return_in_c2_V_read                  | out |    1|   ap_fifo  |        sum_return_in_c2_V       |    pointer   |
|sum_weight_returnSquare_in_c2_s_dout     |  in |   32|   ap_fifo  | sum_weight_returnSquare_in_c2_s |    pointer   |
|sum_weight_returnSquare_in_c2_s_empty_n  |  in |    1|   ap_fifo  | sum_weight_returnSquare_in_c2_s |    pointer   |
|sum_weight_returnSquare_in_c2_s_read     | out |    1|   ap_fifo  | sum_weight_returnSquare_in_c2_s |    pointer   |
|sum_weight_return_in_c2_V_dout           |  in |   32|   ap_fifo  |    sum_weight_return_in_c2_V    |    pointer   |
|sum_weight_return_in_c2_V_empty_n        |  in |    1|   ap_fifo  |    sum_weight_return_in_c2_V    |    pointer   |
|sum_weight_return_in_c2_V_read           | out |    1|   ap_fifo  |    sum_weight_return_in_c2_V    |    pointer   |
|sum_weight_returnA_returnB_in_2_dout     |  in |   32|   ap_fifo  | sum_weight_returnA_returnB_in_2 |    pointer   |
|sum_weight_returnA_returnB_in_2_empty_n  |  in |    1|   ap_fifo  | sum_weight_returnA_returnB_in_2 |    pointer   |
|sum_weight_returnA_returnB_in_2_read     | out |    1|   ap_fifo  | sum_weight_returnA_returnB_in_2 |    pointer   |
|sum_returnA_in_c2_V_dout                 |  in |   32|   ap_fifo  |       sum_returnA_in_c2_V       |    pointer   |
|sum_returnA_in_c2_V_empty_n              |  in |    1|   ap_fifo  |       sum_returnA_in_c2_V       |    pointer   |
|sum_returnA_in_c2_V_read                 | out |    1|   ap_fifo  |       sum_returnA_in_c2_V       |    pointer   |
|sum_weight_returnSquareA_in_c2_dout      |  in |   32|   ap_fifo  |  sum_weight_returnSquareA_in_c2 |    pointer   |
|sum_weight_returnSquareA_in_c2_empty_n   |  in |    1|   ap_fifo  |  sum_weight_returnSquareA_in_c2 |    pointer   |
|sum_weight_returnSquareA_in_c2_read      | out |    1|   ap_fifo  |  sum_weight_returnSquareA_in_c2 |    pointer   |
|sum_weight_returnA_in_c2_V_dout          |  in |   32|   ap_fifo  |    sum_weight_returnA_in_c2_V   |    pointer   |
|sum_weight_returnA_in_c2_V_empty_n       |  in |    1|   ap_fifo  |    sum_weight_returnA_in_c2_V   |    pointer   |
|sum_weight_returnA_in_c2_V_read          | out |    1|   ap_fifo  |    sum_weight_returnA_in_c2_V   |    pointer   |
|out_correlation_TDATA                    | out |   32|    axis    |      out_correlation_data_V     |    pointer   |
|out_correlation_TVALID                   | out |    1|    axis    |      out_correlation_dest_V     |    pointer   |
|out_correlation_TREADY                   |  in |    1|    axis    |      out_correlation_dest_V     |    pointer   |
|out_correlation_TDEST                    | out |    1|    axis    |      out_correlation_dest_V     |    pointer   |
|out_correlation_TKEEP                    | out |    4|    axis    |      out_correlation_keep_V     |    pointer   |
|out_correlation_TSTRB                    | out |    4|    axis    |      out_correlation_strb_V     |    pointer   |
|out_correlation_TUSER                    | out |    1|    axis    |      out_correlation_user_V     |    pointer   |
|out_correlation_TLAST                    | out |    1|    axis    |      out_correlation_last_V     |    pointer   |
|out_correlation_TID                      | out |    1|    axis    |       out_correlation_id_V      |    pointer   |
+-----------------------------------------+-----+-----+------------+---------------------------------+--------------+

