

================================================================
== Vivado HLS Report for 'correlation_accel_v3'
================================================================
* Date:           Tue Jan 24 22:48:19 2017

* Version:        2014.4 (Build 1071461 on Tue Nov 18 16:42:57 PM 2014)
* Project:        correlation_accel_v3
* Solution:       solution
* Product family: zynq
* Target device:  xc7z020clg484-1


================================================================
== Performance Estimates
================================================================
+ Timing (ns): 
    * Summary: 
    +---------+-------+----------+------------+
    |  Clock  | Target| Estimated| Uncertainty|
    +---------+-------+----------+------------+
    |default  |   8.50|      9.65|        1.06|
    +---------+-------+----------+------------+

+ Latency (clock cycles): 
    * Summary: 
    +-----+-----+-----+-----+----------+
    |  Latency  |  Interval | Pipeline |
    | min | max | min | max |   Type   |
    +-----+-----+-----+-----+----------+
    |    ?|    ?|    ?|    ?| dataflow |
    +-----+-----+-----+-----+----------+

    + Detail: 
        * Instance: 
        +------------------------------------------+-------------------------------+-----+------------+-----+------------+---------+
        |                                          |                               |      Latency     |     Interval     | Pipeline|
        |                 Instance                 |             Module            | min |     max    | min |     max    |   Type  |
        +------------------------------------------+-------------------------------+-----+------------+-----+------------+---------+
        |grp_correlation_accel_v3_frontEnd_fu_231  |correlation_accel_v3_frontEnd  |    ?|           ?|    ?|           ?|   none  |
        |grp_correlation_accel_v3_backEnd_fu_203   |correlation_accel_v3_backEnd   |    8|  2147483740|    8|  2147483740|   none  |
        +------------------------------------------+-------------------------------+-----+------------+-----+------------+---------+

        * Loop: 
        N/A



================================================================
== Utilization Estimates
================================================================
* Summary: 
+-----------------+---------+-------+--------+-------+
|       Name      | BRAM_18K| DSP48E|   FF   |  LUT  |
+-----------------+---------+-------+--------+-------+
|Expression       |        -|      -|       -|      -|
|FIFO             |       16|      -|     490|    624|
|Instance         |        3|     80|   17332|  24404|
|Memory           |        -|      -|       -|      -|
|Multiplexer      |        -|      -|       -|      -|
|Register         |        -|      -|       4|      -|
+-----------------+---------+-------+--------+-------+
|Total            |       19|     80|   17826|  25028|
+-----------------+---------+-------+--------+-------+
|Available        |      280|    220|  106400|  53200|
+-----------------+---------+-------+--------+-------+
|Utilization (%)  |        6|     36|      16|     47|
+-----------------+---------+-------+--------+-------+

+ Detail: 
    * Instance: 
    +----------------------------------+-------------------------------+---------+-------+-------+-------+
    |             Instance             |             Module            | BRAM_18K| DSP48E|   FF  |  LUT  |
    +----------------------------------+-------------------------------+---------+-------+-------+-------+
    |correlation_accel_v3_backEnd_U0   |correlation_accel_v3_backEnd   |        0|     44|  10087|  14314|
    |correlation_accel_v3_frontEnd_U0  |correlation_accel_v3_frontEnd  |        3|     36|   7245|  10090|
    +----------------------------------+-------------------------------+---------+-------+-------+-------+
    |Total                             |                               |        3|     80|  17332|  24404|
    +----------------------------------+-------------------------------+---------+-------+-------+-------+

    * Memory: 
    N/A

    * FIFO: 
    +--------------------------------+---------+----+----+------+-----+---------+
    |              Name              | BRAM_18K| FF | LUT| Depth| Bits| Size:D*B|
    +--------------------------------+---------+----+----+------+-----+---------+
    |number_of_days15_channel_U      |        0|   5|  44|     1|   32|       32|
    |number_of_indices14_channel_U   |        0|   5|  44|     1|   32|       32|
    |sum_returnA_V_U                 |        2|  60|  67|   252|   32|     8064|
    |sum_return_V_U                  |        2|  60|  67|   252|   32|     8064|
    |sum_weight_V_U                  |        2|  60|  67|   252|   32|     8064|
    |sum_weight_returnA_V_U          |        2|  60|  67|   252|   32|     8064|
    |sum_weight_returnA_returnB_V_U  |        2|  60|  67|   252|   32|     8064|
    |sum_weight_returnSquareA_V_U    |        2|  60|  67|   252|   32|     8064|
    |sum_weight_returnSquare_V_U     |        2|  60|  67|   252|   32|     8064|
    |sum_weight_return_V_U           |        2|  60|  67|   252|   32|     8064|
    +--------------------------------+---------+----+----+------+-----+---------+
    |Total                           |       16| 490| 624|  2018|  320|    64576|
    +--------------------------------+---------+----+----+------+-----+---------+

    * Expression: 
    N/A

    * Multiplexer: 
    N/A

    * Register: 
    +--------------------------------------------------+---+----+-----+-----------+
    |                       Name                       | FF| LUT| Bits| Const Bits|
    +--------------------------------------------------+---+----+-----+-----------+
    |ap_CS                                             |  1|   0|    1|          0|
    |ap_reg_procdone_correlation_accel_v3_backEnd_U0   |  1|   0|    1|          0|
    |ap_reg_procdone_correlation_accel_v3_frontEnd_U0  |  1|   0|    1|          0|
    |correlation_accel_v3_backEnd_U0_ap_start          |  1|   0|    1|          0|
    +--------------------------------------------------+---+----+-----+-----------+
    |Total                                             |  4|   0|    4|          0|
    +--------------------------------------------------+---+----+-----+-----------+



================================================================
== Interface
================================================================
* Summary: 
+------------------------+-----+-----+------------+------------------------+--------------+
|        RTL Ports       | Dir | Bits|  Protocol  |      Source Object     |    C Type    |
+------------------------+-----+-----+------------+------------------------+--------------+
|number_of_days          |  in |   32|   ap_none  |     number_of_days     |    scalar    |
|number_of_indices       |  in |   32|   ap_none  |    number_of_indices   |    scalar    |
|in_indices_TDATA        |  in |   32|    axis    |    in_indices_data_V   |    pointer   |
|in_indices_TKEEP        |  in |    4|    axis    |    in_indices_keep_V   |    pointer   |
|in_indices_TSTRB        |  in |    4|    axis    |    in_indices_strb_V   |    pointer   |
|in_indices_TUSER        |  in |    1|    axis    |    in_indices_user_V   |    pointer   |
|in_indices_TLAST        |  in |    1|    axis    |    in_indices_last_V   |    pointer   |
|in_indices_TID          |  in |    1|    axis    |     in_indices_id_V    |    pointer   |
|in_indices_TDEST        |  in |    1|    axis    |    in_indices_dest_V   |    pointer   |
|in_indices_TVALID       |  in |    1|    axis    |    in_indices_dest_V   |    pointer   |
|in_indices_TREADY       | out |    1|    axis    |    in_indices_dest_V   |    pointer   |
|out_correlation_TDATA   | out |   32|    axis    | out_correlation_data_V |    pointer   |
|out_correlation_TKEEP   | out |    4|    axis    | out_correlation_keep_V |    pointer   |
|out_correlation_TSTRB   | out |    4|    axis    | out_correlation_strb_V |    pointer   |
|out_correlation_TUSER   | out |    1|    axis    | out_correlation_user_V |    pointer   |
|out_correlation_TLAST   | out |    1|    axis    | out_correlation_last_V |    pointer   |
|out_correlation_TID     | out |    1|    axis    |  out_correlation_id_V  |    pointer   |
|out_correlation_TDEST   | out |    1|    axis    | out_correlation_dest_V |    pointer   |
|out_correlation_TVALID  | out |    1|    axis    | out_correlation_dest_V |    pointer   |
|out_correlation_TREADY  |  in |    1|    axis    | out_correlation_dest_V |    pointer   |
|ap_clk                  |  in |    1| ap_ctrl_hs |  correlation_accel_v3  | return value |
|ap_rst_n                |  in |    1| ap_ctrl_hs |  correlation_accel_v3  | return value |
|ap_done                 | out |    1| ap_ctrl_hs |  correlation_accel_v3  | return value |
|ap_start                |  in |    1| ap_ctrl_hs |  correlation_accel_v3  | return value |
|ap_idle                 | out |    1| ap_ctrl_hs |  correlation_accel_v3  | return value |
|ap_ready                | out |    1| ap_ctrl_hs |  correlation_accel_v3  | return value |
+------------------------+-----+-----+------------+------------------------+--------------+

============================================================
+ Verbose Summary: Synthesis Manager
============================================================
InlineROM: 1
ExposeGlobal: 0
============================================================
+ Verbose Summary: CDFG Model
============================================================
IsTopModel: 1
ResetActiveHigh: 1
IsCombinational: 2
IsDatapathOnly: 2
HasWiredReturn: 1
HasMFsm: 0
HasVarLatency: 1
IsPipeline: 0
IsRtlPipelined: 0
IsInstanceOverlapped: 0
IsDontTouch: 0
HasImplIP: 0
IsGatedGlobalClock: 0


============================================================
+ Verbose Summary: Schedule
============================================================
* Number of FSM states: 4
* Pipeline: 0
* Dataflow Pipeline: 1
  DF-Pipeline-0: Size = 4, States = { 1 2 3 4 }

* FSM state transitions: 
1 --> 
	2  / true
2 --> 
	3  / true
3 --> 
	4  / true
4 --> 
* FSM state operations: 

 <State 1>: 1.86ns
ST_1: number_of_indices_read [1/1] 0.00ns
:0  %number_of_indices_read = call i32 @_ssdm_op_Read.ap_auto.i32(i32 %number_of_indices)

ST_1: number_of_days_read [1/1] 0.00ns
:1  %number_of_days_read = call i32 @_ssdm_op_Read.ap_auto.i32(i32 %number_of_days)

ST_1: number_of_days15_channel [1/1] 0.00ns
:2  %number_of_days15_channel = alloca i32, align 4

ST_1: number_of_indices14_channel [1/1] 0.00ns
:3  %number_of_indices14_channel = alloca i32, align 4

ST_1: sum_weight_V [1/1] 0.00ns
:22  %sum_weight_V = alloca float, align 4

ST_1: sum_return_V [1/1] 0.00ns
:25  %sum_return_V = alloca float, align 4

ST_1: sum_weight_returnSquare_V [1/1] 0.00ns
:28  %sum_weight_returnSquare_V = alloca float, align 4

ST_1: sum_weight_return_V [1/1] 0.00ns
:31  %sum_weight_return_V = alloca float, align 4

ST_1: sum_weight_returnA_returnB_V [1/1] 0.00ns
:34  %sum_weight_returnA_returnB_V = alloca float, align 4

ST_1: sum_returnA_V [1/1] 0.00ns
:37  %sum_returnA_V = alloca float, align 4

ST_1: sum_weight_returnSquareA_V [1/1] 0.00ns
:40  %sum_weight_returnSquareA_V = alloca float, align 4

ST_1: sum_weight_returnA_V [1/1] 0.00ns
:43  %sum_weight_returnA_V = alloca float, align 4

ST_1: stg_17 [2/2] 1.86ns
:50  call fastcc void @correlation_accel_v3_frontEnd(i32 %number_of_days_read, i32 %number_of_indices_read, i32* %in_indices_data_V, i4* %in_indices_keep_V, i4* %in_indices_strb_V, i1* %in_indices_user_V, i1* %in_indices_last_V, i1* %in_indices_id_V, i1* %in_indices_dest_V, float* %sum_weight_V, float* %sum_return_V, float* %sum_weight_returnSquare_V, float* %sum_weight_return_V, float* %sum_weight_returnA_returnB_V, float* %sum_returnA_V, float* %sum_weight_returnSquareA_V, float* %sum_weight_returnA_V, i32* %number_of_indices14_channel, i32* %number_of_days15_channel)


 <State 2>: 0.00ns
ST_2: stg_18 [1/2] 0.00ns
:50  call fastcc void @correlation_accel_v3_frontEnd(i32 %number_of_days_read, i32 %number_of_indices_read, i32* %in_indices_data_V, i4* %in_indices_keep_V, i4* %in_indices_strb_V, i1* %in_indices_user_V, i1* %in_indices_last_V, i1* %in_indices_id_V, i1* %in_indices_dest_V, float* %sum_weight_V, float* %sum_return_V, float* %sum_weight_returnSquare_V, float* %sum_weight_return_V, float* %sum_weight_returnA_returnB_V, float* %sum_returnA_V, float* %sum_weight_returnSquareA_V, float* %sum_weight_returnA_V, i32* %number_of_indices14_channel, i32* %number_of_days15_channel)


 <State 3>: 0.00ns
ST_3: stg_19 [2/2] 0.00ns
:55  call fastcc void @correlation_accel_v3_backEnd(i32* %number_of_days15_channel, i32* %number_of_indices14_channel, float* %sum_weight_V, float* %sum_return_V, float* %sum_weight_returnSquare_V, float* %sum_weight_return_V, float* %sum_weight_returnA_returnB_V, float* %sum_returnA_V, float* %sum_weight_returnSquareA_V, float* %sum_weight_returnA_V, i32* %out_correlation_data_V, i4* %out_correlation_keep_V, i4* %out_correlation_strb_V, i1* %out_correlation_user_V, i1* %out_correlation_last_V, i1* %out_correlation_id_V, i1* %out_correlation_dest_V)


 <State 4>: 6.08ns
ST_4: stg_20 [1/1] 0.00ns
:4  call void (...)* @_ssdm_op_SpecDataflowPipeline(i32 -1, [1 x i8]* @p_str) nounwind

ST_4: stg_21 [1/1] 0.00ns
:5  call void (...)* @_ssdm_op_SpecBitsMap(i32 %number_of_days), !map !7

ST_4: stg_22 [1/1] 0.00ns
:6  call void (...)* @_ssdm_op_SpecBitsMap(i32 %number_of_indices), !map !13

ST_4: stg_23 [1/1] 0.00ns
:7  call void (...)* @_ssdm_op_SpecBitsMap(i32* %in_indices_data_V), !map !17

ST_4: stg_24 [1/1] 0.00ns
:8  call void (...)* @_ssdm_op_SpecBitsMap(i4* %in_indices_keep_V), !map !23

ST_4: stg_25 [1/1] 0.00ns
:9  call void (...)* @_ssdm_op_SpecBitsMap(i4* %in_indices_strb_V), !map !27

ST_4: stg_26 [1/1] 0.00ns
:10  call void (...)* @_ssdm_op_SpecBitsMap(i1* %in_indices_user_V), !map !31

ST_4: stg_27 [1/1] 0.00ns
:11  call void (...)* @_ssdm_op_SpecBitsMap(i1* %in_indices_last_V), !map !35

ST_4: stg_28 [1/1] 0.00ns
:12  call void (...)* @_ssdm_op_SpecBitsMap(i1* %in_indices_id_V), !map !39

ST_4: stg_29 [1/1] 0.00ns
:13  call void (...)* @_ssdm_op_SpecBitsMap(i1* %in_indices_dest_V), !map !43

ST_4: stg_30 [1/1] 0.00ns
:14  call void (...)* @_ssdm_op_SpecBitsMap(i32* %out_correlation_data_V), !map !47

ST_4: stg_31 [1/1] 0.00ns
:15  call void (...)* @_ssdm_op_SpecBitsMap(i4* %out_correlation_keep_V), !map !53

ST_4: stg_32 [1/1] 0.00ns
:16  call void (...)* @_ssdm_op_SpecBitsMap(i4* %out_correlation_strb_V), !map !57

ST_4: stg_33 [1/1] 0.00ns
:17  call void (...)* @_ssdm_op_SpecBitsMap(i1* %out_correlation_user_V), !map !61

ST_4: stg_34 [1/1] 0.00ns
:18  call void (...)* @_ssdm_op_SpecBitsMap(i1* %out_correlation_last_V), !map !65

ST_4: stg_35 [1/1] 0.00ns
:19  call void (...)* @_ssdm_op_SpecBitsMap(i1* %out_correlation_id_V), !map !69

ST_4: stg_36 [1/1] 0.00ns
:20  call void (...)* @_ssdm_op_SpecBitsMap(i1* %out_correlation_dest_V), !map !73

ST_4: stg_37 [1/1] 0.00ns
:21  call void (...)* @_ssdm_op_SpecTopModule([21 x i8]* @str) nounwind

ST_4: empty [1/1] 0.00ns
:23  %empty = call i32 (...)* @_ssdm_op_SpecChannel([13 x i8]* @str16, i32 1, [1 x i8]* @str17, [1 x i8]* @str17, i32 252, i32 252, float* %sum_weight_V, float* %sum_weight_V)

ST_4: stg_39 [1/1] 0.00ns
:24  call void (...)* @_ssdm_op_SpecInterface(float* %sum_weight_V, [8 x i8]* @str18, i32 0, i32 0, i32 0, i32 0, [1 x i8]* @str19, [1 x i8]* @str19, [8 x i8]* @str18)

ST_4: empty_5 [1/1] 0.00ns
:26  %empty_5 = call i32 (...)* @_ssdm_op_SpecChannel([13 x i8]* @str20, i32 1, [1 x i8]* @str21, [1 x i8]* @str21, i32 252, i32 252, float* %sum_return_V, float* %sum_return_V)

ST_4: stg_41 [1/1] 0.00ns
:27  call void (...)* @_ssdm_op_SpecInterface(float* %sum_return_V, [8 x i8]* @str22, i32 0, i32 0, i32 0, i32 0, [1 x i8]* @str23, [1 x i8]* @str23, [8 x i8]* @str22)

ST_4: empty_6 [1/1] 0.00ns
:29  %empty_6 = call i32 (...)* @_ssdm_op_SpecChannel([26 x i8]* @str24, i32 1, [1 x i8]* @str25, [1 x i8]* @str25, i32 252, i32 252, float* %sum_weight_returnSquare_V, float* %sum_weight_returnSquare_V)

ST_4: stg_43 [1/1] 0.00ns
:30  call void (...)* @_ssdm_op_SpecInterface(float* %sum_weight_returnSquare_V, [8 x i8]* @str26, i32 0, i32 0, i32 0, i32 0, [1 x i8]* @str27, [1 x i8]* @str27, [8 x i8]* @str26)

ST_4: empty_7 [1/1] 0.00ns
:32  %empty_7 = call i32 (...)* @_ssdm_op_SpecChannel([20 x i8]* @str28, i32 1, [1 x i8]* @str29, [1 x i8]* @str29, i32 252, i32 252, float* %sum_weight_return_V, float* %sum_weight_return_V)

ST_4: stg_45 [1/1] 0.00ns
:33  call void (...)* @_ssdm_op_SpecInterface(float* %sum_weight_return_V, [8 x i8]* @str30, i32 0, i32 0, i32 0, i32 0, [1 x i8]* @str31, [1 x i8]* @str31, [8 x i8]* @str30)

ST_4: empty_8 [1/1] 0.00ns
:35  %empty_8 = call i32 (...)* @_ssdm_op_SpecChannel([29 x i8]* @str32, i32 1, [1 x i8]* @str33, [1 x i8]* @str33, i32 252, i32 252, float* %sum_weight_returnA_returnB_V, float* %sum_weight_returnA_returnB_V)

ST_4: stg_47 [1/1] 0.00ns
:36  call void (...)* @_ssdm_op_SpecInterface(float* %sum_weight_returnA_returnB_V, [8 x i8]* @str34, i32 0, i32 0, i32 0, i32 0, [1 x i8]* @str35, [1 x i8]* @str35, [8 x i8]* @str34)

ST_4: empty_9 [1/1] 0.00ns
:38  %empty_9 = call i32 (...)* @_ssdm_op_SpecChannel([14 x i8]* @str36, i32 1, [1 x i8]* @str37, [1 x i8]* @str37, i32 252, i32 252, float* %sum_returnA_V, float* %sum_returnA_V)

ST_4: stg_49 [1/1] 0.00ns
:39  call void (...)* @_ssdm_op_SpecInterface(float* %sum_returnA_V, [8 x i8]* @str38, i32 0, i32 0, i32 0, i32 0, [1 x i8]* @str39, [1 x i8]* @str39, [8 x i8]* @str38)

ST_4: empty_10 [1/1] 0.00ns
:41  %empty_10 = call i32 (...)* @_ssdm_op_SpecChannel([27 x i8]* @str40, i32 1, [1 x i8]* @str41, [1 x i8]* @str41, i32 252, i32 252, float* %sum_weight_returnSquareA_V, float* %sum_weight_returnSquareA_V)

ST_4: stg_51 [1/1] 0.00ns
:42  call void (...)* @_ssdm_op_SpecInterface(float* %sum_weight_returnSquareA_V, [8 x i8]* @str42, i32 0, i32 0, i32 0, i32 0, [1 x i8]* @str43, [1 x i8]* @str43, [8 x i8]* @str42)

ST_4: empty_11 [1/1] 0.00ns
:44  %empty_11 = call i32 (...)* @_ssdm_op_SpecChannel([21 x i8]* @str44, i32 1, [1 x i8]* @str45, [1 x i8]* @str45, i32 252, i32 252, float* %sum_weight_returnA_V, float* %sum_weight_returnA_V)

ST_4: stg_53 [1/1] 0.00ns
:45  call void (...)* @_ssdm_op_SpecInterface(float* %sum_weight_returnA_V, [8 x i8]* @str46, i32 0, i32 0, i32 0, i32 0, [1 x i8]* @str47, [1 x i8]* @str47, [8 x i8]* @str46)

ST_4: stg_54 [1/1] 0.00ns
:46  call void (...)* @_ssdm_op_SpecLatency(i32 1, i32 65535, [1 x i8]* @p_str) nounwind

ST_4: stg_55 [1/1] 0.00ns
:47  call void (...)* @_ssdm_op_SpecInterface(i32* %out_correlation_data_V, i4* %out_correlation_keep_V, i4* %out_correlation_strb_V, i1* %out_correlation_user_V, i1* %out_correlation_last_V, i1* %out_correlation_id_V, i1* %out_correlation_dest_V, [5 x i8]* @p_str1, i32 0, i32 0, i32 0, i32 0, [1 x i8]* @p_str, [1 x i8]* @p_str, [1 x i8]* @p_str)

ST_4: stg_56 [1/1] 0.00ns
:48  call void (...)* @_ssdm_op_SpecInterface(i32* %in_indices_data_V, i4* %in_indices_keep_V, i4* %in_indices_strb_V, i1* %in_indices_user_V, i1* %in_indices_last_V, i1* %in_indices_id_V, i1* %in_indices_dest_V, [5 x i8]* @p_str1, i32 0, i32 0, i32 0, i32 0, [1 x i8]* @p_str, [1 x i8]* @p_str, [1 x i8]* @p_str)

ST_4: stg_57 [1/1] 0.00ns
:49  call void (...)* @_ssdm_op_SpecInterface(i32 0, [11 x i8]* @p_str2, i32 0, i32 0, i32 0, i32 0, [1 x i8]* @p_str, [1 x i8]* @p_str, [1 x i8]* @p_str) nounwind

ST_4: empty_12 [1/1] 0.00ns
:51  %empty_12 = call i32 (...)* @_ssdm_op_SpecChannel([28 x i8]* @str59, i32 1, [1 x i8]* @str60, [1 x i8]* @str60, i32 1, i32 0, i32* %number_of_indices14_channel, i32* %number_of_indices14_channel)

ST_4: stg_59 [1/1] 0.00ns
:52  call void (...)* @_ssdm_op_SpecInterface(i32* %number_of_indices14_channel, [8 x i8]* @str61, i32 0, i32 0, i32 0, i32 0, [8 x i8]* @str61, [8 x i8]* @str61, [8 x i8]* @str61)

ST_4: empty_13 [1/1] 0.00ns
:53  %empty_13 = call i32 (...)* @_ssdm_op_SpecChannel([25 x i8]* @str62, i32 1, [1 x i8]* @str63, [1 x i8]* @str63, i32 1, i32 0, i32* %number_of_days15_channel, i32* %number_of_days15_channel)

ST_4: stg_61 [1/1] 0.00ns
:54  call void (...)* @_ssdm_op_SpecInterface(i32* %number_of_days15_channel, [8 x i8]* @str64, i32 0, i32 0, i32 0, i32 0, [8 x i8]* @str64, [8 x i8]* @str64, [8 x i8]* @str64)

ST_4: stg_62 [1/2] 6.08ns
:55  call fastcc void @correlation_accel_v3_backEnd(i32* %number_of_days15_channel, i32* %number_of_indices14_channel, float* %sum_weight_V, float* %sum_return_V, float* %sum_weight_returnSquare_V, float* %sum_weight_return_V, float* %sum_weight_returnA_returnB_V, float* %sum_returnA_V, float* %sum_weight_returnSquareA_V, float* %sum_weight_returnA_V, i32* %out_correlation_data_V, i4* %out_correlation_keep_V, i4* %out_correlation_strb_V, i1* %out_correlation_user_V, i1* %out_correlation_last_V, i1* %out_correlation_id_V, i1* %out_correlation_dest_V)

ST_4: stg_63 [1/1] 0.00ns
:56  ret void



============================================================
+ Verbose Summary: Binding
============================================================
STG Binding: 
---------------- STG Properties BEGIN ----------------
- Is combinational: 0
- Is one-state seq: 0
- Is datapath-only: 0
- Is clock enabled: 0
- Is pipelined: 0
- Is top level: 1
Port [ Return ] is wired: 1; IO mode=ap_ctrl_hs:ce=0
Port [ number_of_days]:  wired=1; compound=0; hidden=0; nouse=0; global=0; static=0; extern=0; dir=0; type=0; mode=0x3c7e040; pingpong=0; private_global=0; IO mode=ap_none:ce=0
Port [ number_of_indices]:  wired=1; compound=0; hidden=0; nouse=0; global=0; static=0; extern=0; dir=0; type=0; mode=0x3a230f0; pingpong=0; private_global=0; IO mode=ap_none:ce=0
Port [ in_indices_data_V]:  wired=1; compound=1; hidden=0; nouse=0; global=0; static=0; extern=0; dir=0; type=0; mode=0x3eaa670; pingpong=0; private_global=0; IO mode=axis:ce=0
Port [ in_indices_keep_V]:  wired=1; compound=1; hidden=0; nouse=0; global=0; static=0; extern=0; dir=0; type=0; mode=0x3927020; pingpong=0; private_global=0; IO mode=axis:ce=0
Port [ in_indices_strb_V]:  wired=1; compound=1; hidden=0; nouse=0; global=0; static=0; extern=0; dir=0; type=0; mode=0x3c6ad70; pingpong=0; private_global=0; IO mode=axis:ce=0
Port [ in_indices_user_V]:  wired=1; compound=1; hidden=0; nouse=0; global=0; static=0; extern=0; dir=0; type=0; mode=0x394bdf0; pingpong=0; private_global=0; IO mode=axis:ce=0
Port [ in_indices_last_V]:  wired=1; compound=1; hidden=0; nouse=0; global=0; static=0; extern=0; dir=0; type=0; mode=0x3829e80; pingpong=0; private_global=0; IO mode=axis:ce=0
Port [ in_indices_id_V]:  wired=1; compound=1; hidden=0; nouse=0; global=0; static=0; extern=0; dir=0; type=0; mode=0x3826830; pingpong=0; private_global=0; IO mode=axis:ce=0
Port [ in_indices_dest_V]:  wired=1; compound=1; hidden=0; nouse=0; global=0; static=0; extern=0; dir=0; type=0; mode=0x3824c70; pingpong=0; private_global=0; IO mode=axis:ce=0
Port [ out_correlation_data_V]:  wired=1; compound=1; hidden=0; nouse=0; global=0; static=0; extern=0; dir=1; type=0; mode=0x38246a0; pingpong=0; private_global=0; IO mode=axis:ce=0
Port [ out_correlation_keep_V]:  wired=1; compound=1; hidden=0; nouse=0; global=0; static=0; extern=0; dir=1; type=0; mode=0x38240d0; pingpong=0; private_global=0; IO mode=axis:ce=0
Port [ out_correlation_strb_V]:  wired=1; compound=1; hidden=0; nouse=0; global=0; static=0; extern=0; dir=1; type=0; mode=0x3823b00; pingpong=0; private_global=0; IO mode=axis:ce=0
Port [ out_correlation_user_V]:  wired=1; compound=1; hidden=0; nouse=0; global=0; static=0; extern=0; dir=1; type=0; mode=0x3e04da0; pingpong=0; private_global=0; IO mode=axis:ce=0
Port [ out_correlation_last_V]:  wired=1; compound=1; hidden=0; nouse=0; global=0; static=0; extern=0; dir=1; type=0; mode=0x30923d0; pingpong=0; private_global=0; IO mode=axis:ce=0
Port [ out_correlation_id_V]:  wired=1; compound=1; hidden=0; nouse=0; global=0; static=0; extern=0; dir=1; type=0; mode=0x3844480; pingpong=0; private_global=0; IO mode=axis:ce=0
Port [ out_correlation_dest_V]:  wired=1; compound=1; hidden=0; nouse=0; global=0; static=0; extern=0; dir=1; type=0; mode=0x32c30c0; pingpong=0; private_global=0; IO mode=axis:ce=0
Port [ weight_rom]:  wired=0; compound=1; hidden=1; nouse=1; global=1; static=1; extern=0; dir=2; type=1; mode=0x363cb70; pingpong=0; private_global=0; linkage=7; visibility=0; MemPort=[22]; IO mode=ap_memory:ce=0
Port [ lnReturnA]:  wired=0; compound=1; hidden=1; nouse=1; global=1; static=1; extern=0; dir=2; type=1; mode=0x3e01aa0; pingpong=0; private_global=0; linkage=7; visibility=0; MemPort=[23]; IO mode=ap_memory:ce=0
---------------- STG Properties END ------------------

---------------- Datapath Model BEGIN ----------------

<LifeTime>
<method=bitvector/>
number_of_indices_read       (read                ) [ 00100]
number_of_days_read          (read                ) [ 00100]
number_of_days15_channel     (alloca              ) [ 01111]
number_of_indices14_channel  (alloca              ) [ 01111]
sum_weight_V                 (alloca              ) [ 01111]
sum_return_V                 (alloca              ) [ 01111]
sum_weight_returnSquare_V    (alloca              ) [ 01111]
sum_weight_return_V          (alloca              ) [ 01111]
sum_weight_returnA_returnB_V (alloca              ) [ 01111]
sum_returnA_V                (alloca              ) [ 01111]
sum_weight_returnSquareA_V   (alloca              ) [ 01111]
sum_weight_returnA_V         (alloca              ) [ 01111]
stg_18                       (call                ) [ 00000]
stg_20                       (specdataflowpipeline) [ 00000]
stg_21                       (specbitsmap         ) [ 00000]
stg_22                       (specbitsmap         ) [ 00000]
stg_23                       (specbitsmap         ) [ 00000]
stg_24                       (specbitsmap         ) [ 00000]
stg_25                       (specbitsmap         ) [ 00000]
stg_26                       (specbitsmap         ) [ 00000]
stg_27                       (specbitsmap         ) [ 00000]
stg_28                       (specbitsmap         ) [ 00000]
stg_29                       (specbitsmap         ) [ 00000]
stg_30                       (specbitsmap         ) [ 00000]
stg_31                       (specbitsmap         ) [ 00000]
stg_32                       (specbitsmap         ) [ 00000]
stg_33                       (specbitsmap         ) [ 00000]
stg_34                       (specbitsmap         ) [ 00000]
stg_35                       (specbitsmap         ) [ 00000]
stg_36                       (specbitsmap         ) [ 00000]
stg_37                       (spectopmodule       ) [ 00000]
empty                        (specchannel         ) [ 00000]
stg_39                       (specinterface       ) [ 00000]
empty_5                      (specchannel         ) [ 00000]
stg_41                       (specinterface       ) [ 00000]
empty_6                      (specchannel         ) [ 00000]
stg_43                       (specinterface       ) [ 00000]
empty_7                      (specchannel         ) [ 00000]
stg_45                       (specinterface       ) [ 00000]
empty_8                      (specchannel         ) [ 00000]
stg_47                       (specinterface       ) [ 00000]
empty_9                      (specchannel         ) [ 00000]
stg_49                       (specinterface       ) [ 00000]
empty_10                     (specchannel         ) [ 00000]
stg_51                       (specinterface       ) [ 00000]
empty_11                     (specchannel         ) [ 00000]
stg_53                       (specinterface       ) [ 00000]
stg_54                       (speclatency         ) [ 00000]
stg_55                       (specinterface       ) [ 00000]
stg_56                       (specinterface       ) [ 00000]
stg_57                       (specinterface       ) [ 00000]
empty_12                     (specchannel         ) [ 00000]
stg_59                       (specinterface       ) [ 00000]
empty_13                     (specchannel         ) [ 00000]
stg_61                       (specinterface       ) [ 00000]
stg_62                       (call                ) [ 00000]
stg_63                       (ret                 ) [ 00000]
</LifeTime>

<model>

<comp_list>
<comp id="0" class="1000" name="number_of_days">
<pin_list>
<pin id="1" dir="1" index="0" bw="1" slack="0"/>
</pin_list>
<bind>
<StgValue><ssdm name="number_of_days"/></StgValue>
</bind>
</comp>

<comp id="2" class="1000" name="number_of_indices">
<pin_list>
<pin id="3" dir="1" index="0" bw="1" slack="0"/>
</pin_list>
<bind>
<StgValue><ssdm name="number_of_indices"/></StgValue>
</bind>
</comp>

<comp id="4" class="1000" name="in_indices_data_V">
<pin_list>
<pin id="5" dir="1" index="0" bw="1" slack="0"/>
</pin_list>
<bind>
<StgValue><ssdm name="in_indices_data_V"/></StgValue>
</bind>
</comp>

<comp id="6" class="1000" name="in_indices_keep_V">
<pin_list>
<pin id="7" dir="1" index="0" bw="1" slack="0"/>
</pin_list>
<bind>
<StgValue><ssdm name="in_indices_keep_V"/></StgValue>
</bind>
</comp>

<comp id="8" class="1000" name="in_indices_strb_V">
<pin_list>
<pin id="9" dir="1" index="0" bw="1" slack="0"/>
</pin_list>
<bind>
<StgValue><ssdm name="in_indices_strb_V"/></StgValue>
</bind>
</comp>

<comp id="10" class="1000" name="in_indices_user_V">
<pin_list>
<pin id="11" dir="1" index="0" bw="1" slack="0"/>
</pin_list>
<bind>
<StgValue><ssdm name="in_indices_user_V"/></StgValue>
</bind>
</comp>

<comp id="12" class="1000" name="in_indices_last_V">
<pin_list>
<pin id="13" dir="1" index="0" bw="1" slack="0"/>
</pin_list>
<bind>
<StgValue><ssdm name="in_indices_last_V"/></StgValue>
</bind>
</comp>

<comp id="14" class="1000" name="in_indices_id_V">
<pin_list>
<pin id="15" dir="1" index="0" bw="1" slack="0"/>
</pin_list>
<bind>
<StgValue><ssdm name="in_indices_id_V"/></StgValue>
</bind>
</comp>

<comp id="16" class="1000" name="in_indices_dest_V">
<pin_list>
<pin id="17" dir="1" index="0" bw="1" slack="0"/>
</pin_list>
<bind>
<StgValue><ssdm name="in_indices_dest_V"/></StgValue>
</bind>
</comp>

<comp id="18" class="1000" name="out_correlation_data_V">
<pin_list>
<pin id="19" dir="1" index="0" bw="1" slack="0"/>
</pin_list>
<bind>
<StgValue><ssdm name="out_correlation_data_V"/></StgValue>
</bind>
</comp>

<comp id="20" class="1000" name="out_correlation_keep_V">
<pin_list>
<pin id="21" dir="1" index="0" bw="1" slack="0"/>
</pin_list>
<bind>
<StgValue><ssdm name="out_correlation_keep_V"/></StgValue>
</bind>
</comp>

<comp id="22" class="1000" name="out_correlation_strb_V">
<pin_list>
<pin id="23" dir="1" index="0" bw="1" slack="0"/>
</pin_list>
<bind>
<StgValue><ssdm name="out_correlation_strb_V"/></StgValue>
</bind>
</comp>

<comp id="24" class="1000" name="out_correlation_user_V">
<pin_list>
<pin id="25" dir="1" index="0" bw="1" slack="0"/>
</pin_list>
<bind>
<StgValue><ssdm name="out_correlation_user_V"/></StgValue>
</bind>
</comp>

<comp id="26" class="1000" name="out_correlation_last_V">
<pin_list>
<pin id="27" dir="1" index="0" bw="1" slack="0"/>
</pin_list>
<bind>
<StgValue><ssdm name="out_correlation_last_V"/></StgValue>
</bind>
</comp>

<comp id="28" class="1000" name="out_correlation_id_V">
<pin_list>
<pin id="29" dir="1" index="0" bw="1" slack="0"/>
</pin_list>
<bind>
<StgValue><ssdm name="out_correlation_id_V"/></StgValue>
</bind>
</comp>

<comp id="30" class="1000" name="out_correlation_dest_V">
<pin_list>
<pin id="31" dir="1" index="0" bw="1" slack="0"/>
</pin_list>
<bind>
<StgValue><ssdm name="out_correlation_dest_V"/></StgValue>
</bind>
</comp>

<comp id="32" class="1000" name="weight_rom">
<pin_list>
<pin id="33" dir="1" index="0" bw="1" slack="0"/>
</pin_list>
<bind>
<StgValue><ssdm name="weight_rom"/><MemPortTyVec>2 2 </MemPortTyVec>
</StgValue>
</bind>
</comp>

<comp id="34" class="1000" name="lnReturnA">
<pin_list>
<pin id="35" dir="1" index="0" bw="1" slack="0"/>
</pin_list>
<bind>
<StgValue><ssdm name="lnReturnA"/><MemPortTyVec>2 3 </MemPortTyVec>
</StgValue>
</bind>
</comp>

<comp id="36" class="1001" name="const_36">
<pin_list>
<pin id="37" dir="1" index="0" bw="1" slack="0"/>
</pin_list>
<bind>
<StgValue><ssdm name="_ssdm_op_Read.ap_auto.i32"/></StgValue>
</bind>
</comp>

<comp id="38" class="1001" name="const_38">
<pin_list>
<pin id="39" dir="1" index="0" bw="1" slack="0"/>
</pin_list>
<bind>
<StgValue><ssdm name=""/></StgValue>
</bind>
</comp>

<comp id="40" class="1001" name="const_40">
<pin_list>
<pin id="41" dir="1" index="0" bw="1" slack="0"/>
</pin_list>
<bind>
<StgValue><ssdm name="correlation_accel_v3_frontEnd"/></StgValue>
</bind>
</comp>

<comp id="42" class="1001" name="const_42">
<pin_list>
<pin id="43" dir="1" index="0" bw="1" slack="0"/>
</pin_list>
<bind>
<StgValue><ssdm name="correlation_accel_v3_backEnd"/></StgValue>
</bind>
</comp>

<comp id="44" class="1001" name="const_44">
<pin_list>
<pin id="45" dir="1" index="0" bw="1" slack="2147483647"/>
</pin_list>
<bind>
<StgValue><ssdm name="_ssdm_op_SpecDataflowPipeline"/></StgValue>
</bind>
</comp>

<comp id="46" class="1001" name="const_46">
<pin_list>
<pin id="47" dir="1" index="0" bw="1" slack="2147483647"/>
</pin_list>
<bind>
<StgValue><ssdm name=""/></StgValue>
</bind>
</comp>

<comp id="48" class="1001" name="const_48">
<pin_list>
<pin id="49" dir="1" index="0" bw="1" slack="2147483647"/>
</pin_list>
<bind>
<StgValue><ssdm name="p_str"/></StgValue>
</bind>
</comp>

<comp id="50" class="1001" name="const_50">
<pin_list>
<pin id="51" dir="1" index="0" bw="1" slack="2147483647"/>
</pin_list>
<bind>
<StgValue><ssdm name="_ssdm_op_SpecBitsMap"/></StgValue>
</bind>
</comp>

<comp id="52" class="1001" name="const_52">
<pin_list>
<pin id="53" dir="1" index="0" bw="1" slack="2147483647"/>
</pin_list>
<bind>
<StgValue><ssdm name="_ssdm_op_SpecTopModule"/></StgValue>
</bind>
</comp>

<comp id="54" class="1001" name="const_54">
<pin_list>
<pin id="55" dir="1" index="0" bw="1" slack="2147483647"/>
</pin_list>
<bind>
<StgValue><ssdm name="str"/></StgValue>
</bind>
</comp>

<comp id="56" class="1001" name="const_56">
<pin_list>
<pin id="57" dir="1" index="0" bw="1" slack="2147483647"/>
</pin_list>
<bind>
<StgValue><ssdm name="_ssdm_op_SpecChannel"/></StgValue>
</bind>
</comp>

<comp id="58" class="1001" name="const_58">
<pin_list>
<pin id="59" dir="1" index="0" bw="1" slack="2147483647"/>
</pin_list>
<bind>
<StgValue><ssdm name="str16"/></StgValue>
</bind>
</comp>

<comp id="60" class="1001" name="const_60">
<pin_list>
<pin id="61" dir="1" index="0" bw="1" slack="2147483647"/>
</pin_list>
<bind>
<StgValue><ssdm name=""/></StgValue>
</bind>
</comp>

<comp id="62" class="1001" name="const_62">
<pin_list>
<pin id="63" dir="1" index="0" bw="1" slack="2147483647"/>
</pin_list>
<bind>
<StgValue><ssdm name="str17"/></StgValue>
</bind>
</comp>

<comp id="64" class="1001" name="const_64">
<pin_list>
<pin id="65" dir="1" index="0" bw="1" slack="2147483647"/>
</pin_list>
<bind>
<StgValue><ssdm name=""/></StgValue>
</bind>
</comp>

<comp id="66" class="1001" name="const_66">
<pin_list>
<pin id="67" dir="1" index="0" bw="1" slack="2147483647"/>
</pin_list>
<bind>
<StgValue><ssdm name="_ssdm_op_SpecInterface"/></StgValue>
</bind>
</comp>

<comp id="68" class="1001" name="const_68">
<pin_list>
<pin id="69" dir="1" index="0" bw="1" slack="2147483647"/>
</pin_list>
<bind>
<StgValue><ssdm name="str18"/></StgValue>
</bind>
</comp>

<comp id="70" class="1001" name="const_70">
<pin_list>
<pin id="71" dir="1" index="0" bw="1" slack="2147483647"/>
</pin_list>
<bind>
<StgValue><ssdm name=""/></StgValue>
</bind>
</comp>

<comp id="72" class="1001" name="const_72">
<pin_list>
<pin id="73" dir="1" index="0" bw="1" slack="2147483647"/>
</pin_list>
<bind>
<StgValue><ssdm name="str19"/></StgValue>
</bind>
</comp>

<comp id="74" class="1001" name="const_74">
<pin_list>
<pin id="75" dir="1" index="0" bw="1" slack="2147483647"/>
</pin_list>
<bind>
<StgValue><ssdm name="str20"/></StgValue>
</bind>
</comp>

<comp id="76" class="1001" name="const_76">
<pin_list>
<pin id="77" dir="1" index="0" bw="1" slack="2147483647"/>
</pin_list>
<bind>
<StgValue><ssdm name="str21"/></StgValue>
</bind>
</comp>

<comp id="78" class="1001" name="const_78">
<pin_list>
<pin id="79" dir="1" index="0" bw="1" slack="2147483647"/>
</pin_list>
<bind>
<StgValue><ssdm name="str22"/></StgValue>
</bind>
</comp>

<comp id="80" class="1001" name="const_80">
<pin_list>
<pin id="81" dir="1" index="0" bw="1" slack="2147483647"/>
</pin_list>
<bind>
<StgValue><ssdm name="str23"/></StgValue>
</bind>
</comp>

<comp id="82" class="1001" name="const_82">
<pin_list>
<pin id="83" dir="1" index="0" bw="1" slack="2147483647"/>
</pin_list>
<bind>
<StgValue><ssdm name="str24"/></StgValue>
</bind>
</comp>

<comp id="84" class="1001" name="const_84">
<pin_list>
<pin id="85" dir="1" index="0" bw="1" slack="2147483647"/>
</pin_list>
<bind>
<StgValue><ssdm name="str25"/></StgValue>
</bind>
</comp>

<comp id="86" class="1001" name="const_86">
<pin_list>
<pin id="87" dir="1" index="0" bw="1" slack="2147483647"/>
</pin_list>
<bind>
<StgValue><ssdm name="str26"/></StgValue>
</bind>
</comp>

<comp id="88" class="1001" name="const_88">
<pin_list>
<pin id="89" dir="1" index="0" bw="1" slack="2147483647"/>
</pin_list>
<bind>
<StgValue><ssdm name="str27"/></StgValue>
</bind>
</comp>

<comp id="90" class="1001" name="const_90">
<pin_list>
<pin id="91" dir="1" index="0" bw="1" slack="2147483647"/>
</pin_list>
<bind>
<StgValue><ssdm name="str28"/></StgValue>
</bind>
</comp>

<comp id="92" class="1001" name="const_92">
<pin_list>
<pin id="93" dir="1" index="0" bw="1" slack="2147483647"/>
</pin_list>
<bind>
<StgValue><ssdm name="str29"/></StgValue>
</bind>
</comp>

<comp id="94" class="1001" name="const_94">
<pin_list>
<pin id="95" dir="1" index="0" bw="1" slack="2147483647"/>
</pin_list>
<bind>
<StgValue><ssdm name="str30"/></StgValue>
</bind>
</comp>

<comp id="96" class="1001" name="const_96">
<pin_list>
<pin id="97" dir="1" index="0" bw="1" slack="2147483647"/>
</pin_list>
<bind>
<StgValue><ssdm name="str31"/></StgValue>
</bind>
</comp>

<comp id="98" class="1001" name="const_98">
<pin_list>
<pin id="99" dir="1" index="0" bw="1" slack="2147483647"/>
</pin_list>
<bind>
<StgValue><ssdm name="str32"/></StgValue>
</bind>
</comp>

<comp id="100" class="1001" name="const_100">
<pin_list>
<pin id="101" dir="1" index="0" bw="1" slack="2147483647"/>
</pin_list>
<bind>
<StgValue><ssdm name="str33"/></StgValue>
</bind>
</comp>

<comp id="102" class="1001" name="const_102">
<pin_list>
<pin id="103" dir="1" index="0" bw="1" slack="2147483647"/>
</pin_list>
<bind>
<StgValue><ssdm name="str34"/></StgValue>
</bind>
</comp>

<comp id="104" class="1001" name="const_104">
<pin_list>
<pin id="105" dir="1" index="0" bw="1" slack="2147483647"/>
</pin_list>
<bind>
<StgValue><ssdm name="str35"/></StgValue>
</bind>
</comp>

<comp id="106" class="1001" name="const_106">
<pin_list>
<pin id="107" dir="1" index="0" bw="1" slack="2147483647"/>
</pin_list>
<bind>
<StgValue><ssdm name="str36"/></StgValue>
</bind>
</comp>

<comp id="108" class="1001" name="const_108">
<pin_list>
<pin id="109" dir="1" index="0" bw="1" slack="2147483647"/>
</pin_list>
<bind>
<StgValue><ssdm name="str37"/></StgValue>
</bind>
</comp>

<comp id="110" class="1001" name="const_110">
<pin_list>
<pin id="111" dir="1" index="0" bw="1" slack="2147483647"/>
</pin_list>
<bind>
<StgValue><ssdm name="str38"/></StgValue>
</bind>
</comp>

<comp id="112" class="1001" name="const_112">
<pin_list>
<pin id="113" dir="1" index="0" bw="1" slack="2147483647"/>
</pin_list>
<bind>
<StgValue><ssdm name="str39"/></StgValue>
</bind>
</comp>

<comp id="114" class="1001" name="const_114">
<pin_list>
<pin id="115" dir="1" index="0" bw="1" slack="2147483647"/>
</pin_list>
<bind>
<StgValue><ssdm name="str40"/></StgValue>
</bind>
</comp>

<comp id="116" class="1001" name="const_116">
<pin_list>
<pin id="117" dir="1" index="0" bw="1" slack="2147483647"/>
</pin_list>
<bind>
<StgValue><ssdm name="str41"/></StgValue>
</bind>
</comp>

<comp id="118" class="1001" name="const_118">
<pin_list>
<pin id="119" dir="1" index="0" bw="1" slack="2147483647"/>
</pin_list>
<bind>
<StgValue><ssdm name="str42"/></StgValue>
</bind>
</comp>

<comp id="120" class="1001" name="const_120">
<pin_list>
<pin id="121" dir="1" index="0" bw="1" slack="2147483647"/>
</pin_list>
<bind>
<StgValue><ssdm name="str43"/></StgValue>
</bind>
</comp>

<comp id="122" class="1001" name="const_122">
<pin_list>
<pin id="123" dir="1" index="0" bw="1" slack="2147483647"/>
</pin_list>
<bind>
<StgValue><ssdm name="str44"/></StgValue>
</bind>
</comp>

<comp id="124" class="1001" name="const_124">
<pin_list>
<pin id="125" dir="1" index="0" bw="1" slack="2147483647"/>
</pin_list>
<bind>
<StgValue><ssdm name="str45"/></StgValue>
</bind>
</comp>

<comp id="126" class="1001" name="const_126">
<pin_list>
<pin id="127" dir="1" index="0" bw="1" slack="2147483647"/>
</pin_list>
<bind>
<StgValue><ssdm name="str46"/></StgValue>
</bind>
</comp>

<comp id="128" class="1001" name="const_128">
<pin_list>
<pin id="129" dir="1" index="0" bw="1" slack="2147483647"/>
</pin_list>
<bind>
<StgValue><ssdm name="str47"/></StgValue>
</bind>
</comp>

<comp id="130" class="1001" name="const_130">
<pin_list>
<pin id="131" dir="1" index="0" bw="1" slack="2147483647"/>
</pin_list>
<bind>
<StgValue><ssdm name="_ssdm_op_SpecLatency"/></StgValue>
</bind>
</comp>

<comp id="132" class="1001" name="const_132">
<pin_list>
<pin id="133" dir="1" index="0" bw="1" slack="2147483647"/>
</pin_list>
<bind>
<StgValue><ssdm name=""/></StgValue>
</bind>
</comp>

<comp id="134" class="1001" name="const_134">
<pin_list>
<pin id="135" dir="1" index="0" bw="1" slack="2147483647"/>
</pin_list>
<bind>
<StgValue><ssdm name="p_str1"/></StgValue>
</bind>
</comp>

<comp id="136" class="1001" name="const_136">
<pin_list>
<pin id="137" dir="1" index="0" bw="1" slack="2147483647"/>
</pin_list>
<bind>
<StgValue><ssdm name="p_str2"/></StgValue>
</bind>
</comp>

<comp id="138" class="1001" name="const_138">
<pin_list>
<pin id="139" dir="1" index="0" bw="1" slack="2147483647"/>
</pin_list>
<bind>
<StgValue><ssdm name="str59"/></StgValue>
</bind>
</comp>

<comp id="140" class="1001" name="const_140">
<pin_list>
<pin id="141" dir="1" index="0" bw="1" slack="2147483647"/>
</pin_list>
<bind>
<StgValue><ssdm name="str60"/></StgValue>
</bind>
</comp>

<comp id="142" class="1001" name="const_142">
<pin_list>
<pin id="143" dir="1" index="0" bw="1" slack="2147483647"/>
</pin_list>
<bind>
<StgValue><ssdm name="str61"/></StgValue>
</bind>
</comp>

<comp id="144" class="1001" name="const_144">
<pin_list>
<pin id="145" dir="1" index="0" bw="1" slack="2147483647"/>
</pin_list>
<bind>
<StgValue><ssdm name="str62"/></StgValue>
</bind>
</comp>

<comp id="146" class="1001" name="const_146">
<pin_list>
<pin id="147" dir="1" index="0" bw="1" slack="2147483647"/>
</pin_list>
<bind>
<StgValue><ssdm name="str63"/></StgValue>
</bind>
</comp>

<comp id="148" class="1001" name="const_148">
<pin_list>
<pin id="149" dir="1" index="0" bw="1" slack="2147483647"/>
</pin_list>
<bind>
<StgValue><ssdm name="str64"/></StgValue>
</bind>
</comp>

<comp id="150" class="1004" name="number_of_days15_channel_fu_150">
<pin_list>
<pin id="151" dir="0" index="0" bw="1" slack="0"/>
<pin id="152" dir="1" index="1" bw="32" slack="0"/>
</pin_list>
<bind>
<opcode="alloca(26) " fcode="alloca"/>
<opset="number_of_days15_channel/1 "/>
</bind>
</comp>

<comp id="154" class="1004" name="number_of_indices14_channel_fu_154">
<pin_list>
<pin id="155" dir="0" index="0" bw="1" slack="0"/>
<pin id="156" dir="1" index="1" bw="32" slack="0"/>
</pin_list>
<bind>
<opcode="alloca(26) " fcode="alloca"/>
<opset="number_of_indices14_channel/1 "/>
</bind>
</comp>

<comp id="158" class="1004" name="sum_weight_V_fu_158">
<pin_list>
<pin id="159" dir="0" index="0" bw="1" slack="0"/>
<pin id="160" dir="1" index="1" bw="32" slack="0"/>
</pin_list>
<bind>
<opcode="alloca(26) " fcode="alloca"/>
<opset="sum_weight_V/1 "/>
</bind>
</comp>

<comp id="162" class="1004" name="sum_return_V_fu_162">
<pin_list>
<pin id="163" dir="0" index="0" bw="1" slack="0"/>
<pin id="164" dir="1" index="1" bw="32" slack="0"/>
</pin_list>
<bind>
<opcode="alloca(26) " fcode="alloca"/>
<opset="sum_return_V/1 "/>
</bind>
</comp>

<comp id="166" class="1004" name="sum_weight_returnSquare_V_fu_166">
<pin_list>
<pin id="167" dir="0" index="0" bw="1" slack="0"/>
<pin id="168" dir="1" index="1" bw="32" slack="0"/>
</pin_list>
<bind>
<opcode="alloca(26) " fcode="alloca"/>
<opset="sum_weight_returnSquare_V/1 "/>
</bind>
</comp>

<comp id="170" class="1004" name="sum_weight_return_V_fu_170">
<pin_list>
<pin id="171" dir="0" index="0" bw="1" slack="0"/>
<pin id="172" dir="1" index="1" bw="32" slack="0"/>
</pin_list>
<bind>
<opcode="alloca(26) " fcode="alloca"/>
<opset="sum_weight_return_V/1 "/>
</bind>
</comp>

<comp id="174" class="1004" name="sum_weight_returnA_returnB_V_fu_174">
<pin_list>
<pin id="175" dir="0" index="0" bw="1" slack="0"/>
<pin id="176" dir="1" index="1" bw="32" slack="0"/>
</pin_list>
<bind>
<opcode="alloca(26) " fcode="alloca"/>
<opset="sum_weight_returnA_returnB_V/1 "/>
</bind>
</comp>

<comp id="178" class="1004" name="sum_returnA_V_fu_178">
<pin_list>
<pin id="179" dir="0" index="0" bw="1" slack="0"/>
<pin id="180" dir="1" index="1" bw="32" slack="0"/>
</pin_list>
<bind>
<opcode="alloca(26) " fcode="alloca"/>
<opset="sum_returnA_V/1 "/>
</bind>
</comp>

<comp id="182" class="1004" name="sum_weight_returnSquareA_V_fu_182">
<pin_list>
<pin id="183" dir="0" index="0" bw="1" slack="0"/>
<pin id="184" dir="1" index="1" bw="32" slack="0"/>
</pin_list>
<bind>
<opcode="alloca(26) " fcode="alloca"/>
<opset="sum_weight_returnSquareA_V/1 "/>
</bind>
</comp>

<comp id="186" class="1004" name="sum_weight_returnA_V_fu_186">
<pin_list>
<pin id="187" dir="0" index="0" bw="1" slack="0"/>
<pin id="188" dir="1" index="1" bw="32" slack="0"/>
</pin_list>
<bind>
<opcode="alloca(26) " fcode="alloca"/>
<opset="sum_weight_returnA_V/1 "/>
</bind>
</comp>

<comp id="190" class="1004" name="number_of_indices_read_read_fu_190">
<pin_list>
<pin id="191" dir="0" index="0" bw="32" slack="0"/>
<pin id="192" dir="0" index="1" bw="32" slack="0"/>
<pin id="193" dir="1" index="2" bw="32" slack="0"/>
</pin_list>
<bind>
<opcode="read(1150) " fcode="read"/>
<opset="number_of_indices_read/1 "/>
</bind>
</comp>

<comp id="196" class="1004" name="number_of_days_read_read_fu_196">
<pin_list>
<pin id="197" dir="0" index="0" bw="32" slack="0"/>
<pin id="198" dir="0" index="1" bw="32" slack="0"/>
<pin id="199" dir="1" index="2" bw="32" slack="0"/>
</pin_list>
<bind>
<opcode="read(1150) " fcode="read"/>
<opset="number_of_days_read/1 "/>
</bind>
</comp>

<comp id="203" class="1004" name="grp_correlation_accel_v3_backEnd_fu_203">
<pin_list>
<pin id="204" dir="0" index="0" bw="0" slack="0"/>
<pin id="205" dir="0" index="1" bw="32" slack="2"/>
<pin id="206" dir="0" index="2" bw="32" slack="2"/>
<pin id="207" dir="0" index="3" bw="32" slack="2"/>
<pin id="208" dir="0" index="4" bw="32" slack="2"/>
<pin id="209" dir="0" index="5" bw="32" slack="2"/>
<pin id="210" dir="0" index="6" bw="32" slack="2"/>
<pin id="211" dir="0" index="7" bw="32" slack="2"/>
<pin id="212" dir="0" index="8" bw="32" slack="2"/>
<pin id="213" dir="0" index="9" bw="32" slack="2"/>
<pin id="214" dir="0" index="10" bw="32" slack="2"/>
<pin id="215" dir="0" index="11" bw="32" slack="0"/>
<pin id="216" dir="0" index="12" bw="4" slack="0"/>
<pin id="217" dir="0" index="13" bw="4" slack="0"/>
<pin id="218" dir="0" index="14" bw="1" slack="0"/>
<pin id="219" dir="0" index="15" bw="1" slack="0"/>
<pin id="220" dir="0" index="16" bw="1" slack="0"/>
<pin id="221" dir="0" index="17" bw="1" slack="0"/>
<pin id="222" dir="1" index="18" bw="0" slack="2147483647"/>
</pin_list>
<bind>
<opcode="call(48) " fcode="call"/>
<opset="stg_19/3 "/>
</bind>
</comp>

<comp id="231" class="1004" name="grp_correlation_accel_v3_frontEnd_fu_231">
<pin_list>
<pin id="232" dir="0" index="0" bw="0" slack="0"/>
<pin id="233" dir="0" index="1" bw="32" slack="0"/>
<pin id="234" dir="0" index="2" bw="32" slack="0"/>
<pin id="235" dir="0" index="3" bw="32" slack="0"/>
<pin id="236" dir="0" index="4" bw="4" slack="0"/>
<pin id="237" dir="0" index="5" bw="4" slack="0"/>
<pin id="238" dir="0" index="6" bw="1" slack="0"/>
<pin id="239" dir="0" index="7" bw="1" slack="0"/>
<pin id="240" dir="0" index="8" bw="1" slack="0"/>
<pin id="241" dir="0" index="9" bw="1" slack="0"/>
<pin id="242" dir="0" index="10" bw="32" slack="0"/>
<pin id="243" dir="0" index="11" bw="32" slack="0"/>
<pin id="244" dir="0" index="12" bw="32" slack="0"/>
<pin id="245" dir="0" index="13" bw="32" slack="0"/>
<pin id="246" dir="0" index="14" bw="32" slack="0"/>
<pin id="247" dir="0" index="15" bw="32" slack="0"/>
<pin id="248" dir="0" index="16" bw="32" slack="0"/>
<pin id="249" dir="0" index="17" bw="32" slack="0"/>
<pin id="250" dir="0" index="18" bw="32" slack="0"/>
<pin id="251" dir="0" index="19" bw="32" slack="0"/>
<pin id="252" dir="0" index="20" bw="32" slack="0"/>
<pin id="253" dir="0" index="21" bw="32" slack="0"/>
<pin id="254" dir="1" index="22" bw="0" slack="2147483647"/>
</pin_list>
<bind>
<opcode="call(48) " fcode="call"/>
<opset="stg_17/1 "/>
</bind>
</comp>

<comp id="267" class="1005" name="number_of_indices_read_reg_267">
<pin_list>
<pin id="268" dir="0" index="0" bw="32" slack="1"/>
<pin id="269" dir="1" index="1" bw="32" slack="1"/>
</pin_list>
<bind>
<opset="number_of_indices_read "/>
</bind>
</comp>

<comp id="272" class="1005" name="number_of_days_read_reg_272">
<pin_list>
<pin id="273" dir="0" index="0" bw="32" slack="1"/>
<pin id="274" dir="1" index="1" bw="32" slack="1"/>
</pin_list>
<bind>
<opset="number_of_days_read "/>
</bind>
</comp>

<comp id="277" class="1005" name="number_of_days15_channel_reg_277">
<pin_list>
<pin id="278" dir="0" index="0" bw="32" slack="0"/>
<pin id="279" dir="1" index="1" bw="32" slack="0"/>
</pin_list>
<bind>
<opset="number_of_days15_channel "/>
</bind>
</comp>

<comp id="283" class="1005" name="number_of_indices14_channel_reg_283">
<pin_list>
<pin id="284" dir="0" index="0" bw="32" slack="0"/>
<pin id="285" dir="1" index="1" bw="32" slack="0"/>
</pin_list>
<bind>
<opset="number_of_indices14_channel "/>
</bind>
</comp>

<comp id="289" class="1005" name="sum_weight_V_reg_289">
<pin_list>
<pin id="290" dir="0" index="0" bw="32" slack="0"/>
<pin id="291" dir="1" index="1" bw="32" slack="0"/>
</pin_list>
<bind>
<opset="sum_weight_V "/>
</bind>
</comp>

<comp id="295" class="1005" name="sum_return_V_reg_295">
<pin_list>
<pin id="296" dir="0" index="0" bw="32" slack="0"/>
<pin id="297" dir="1" index="1" bw="32" slack="0"/>
</pin_list>
<bind>
<opset="sum_return_V "/>
</bind>
</comp>

<comp id="301" class="1005" name="sum_weight_returnSquare_V_reg_301">
<pin_list>
<pin id="302" dir="0" index="0" bw="32" slack="0"/>
<pin id="303" dir="1" index="1" bw="32" slack="0"/>
</pin_list>
<bind>
<opset="sum_weight_returnSquare_V "/>
</bind>
</comp>

<comp id="307" class="1005" name="sum_weight_return_V_reg_307">
<pin_list>
<pin id="308" dir="0" index="0" bw="32" slack="0"/>
<pin id="309" dir="1" index="1" bw="32" slack="0"/>
</pin_list>
<bind>
<opset="sum_weight_return_V "/>
</bind>
</comp>

<comp id="313" class="1005" name="sum_weight_returnA_returnB_V_reg_313">
<pin_list>
<pin id="314" dir="0" index="0" bw="32" slack="0"/>
<pin id="315" dir="1" index="1" bw="32" slack="0"/>
</pin_list>
<bind>
<opset="sum_weight_returnA_returnB_V "/>
</bind>
</comp>

<comp id="319" class="1005" name="sum_returnA_V_reg_319">
<pin_list>
<pin id="320" dir="0" index="0" bw="32" slack="0"/>
<pin id="321" dir="1" index="1" bw="32" slack="0"/>
</pin_list>
<bind>
<opset="sum_returnA_V "/>
</bind>
</comp>

<comp id="325" class="1005" name="sum_weight_returnSquareA_V_reg_325">
<pin_list>
<pin id="326" dir="0" index="0" bw="32" slack="0"/>
<pin id="327" dir="1" index="1" bw="32" slack="0"/>
</pin_list>
<bind>
<opset="sum_weight_returnSquareA_V "/>
</bind>
</comp>

<comp id="331" class="1005" name="sum_weight_returnA_V_reg_331">
<pin_list>
<pin id="332" dir="0" index="0" bw="32" slack="0"/>
<pin id="333" dir="1" index="1" bw="32" slack="0"/>
</pin_list>
<bind>
<opset="sum_weight_returnA_V "/>
</bind>
</comp>

</comp_list>

<net_list>
<net id="153"><net_src comp="38" pin="0"/><net_sink comp="150" pin=0"/></net>

<net id="157"><net_src comp="38" pin="0"/><net_sink comp="154" pin=0"/></net>

<net id="161"><net_src comp="38" pin="0"/><net_sink comp="158" pin=0"/></net>

<net id="165"><net_src comp="38" pin="0"/><net_sink comp="162" pin=0"/></net>

<net id="169"><net_src comp="38" pin="0"/><net_sink comp="166" pin=0"/></net>

<net id="173"><net_src comp="38" pin="0"/><net_sink comp="170" pin=0"/></net>

<net id="177"><net_src comp="38" pin="0"/><net_sink comp="174" pin=0"/></net>

<net id="181"><net_src comp="38" pin="0"/><net_sink comp="178" pin=0"/></net>

<net id="185"><net_src comp="38" pin="0"/><net_sink comp="182" pin=0"/></net>

<net id="189"><net_src comp="38" pin="0"/><net_sink comp="186" pin=0"/></net>

<net id="194"><net_src comp="36" pin="0"/><net_sink comp="190" pin=0"/></net>

<net id="195"><net_src comp="2" pin="0"/><net_sink comp="190" pin=1"/></net>

<net id="200"><net_src comp="36" pin="0"/><net_sink comp="196" pin=0"/></net>

<net id="201"><net_src comp="0" pin="0"/><net_sink comp="196" pin=1"/></net>

<net id="223"><net_src comp="42" pin="0"/><net_sink comp="203" pin=0"/></net>

<net id="224"><net_src comp="18" pin="0"/><net_sink comp="203" pin=11"/></net>

<net id="225"><net_src comp="20" pin="0"/><net_sink comp="203" pin=12"/></net>

<net id="226"><net_src comp="22" pin="0"/><net_sink comp="203" pin=13"/></net>

<net id="227"><net_src comp="24" pin="0"/><net_sink comp="203" pin=14"/></net>

<net id="228"><net_src comp="26" pin="0"/><net_sink comp="203" pin=15"/></net>

<net id="229"><net_src comp="28" pin="0"/><net_sink comp="203" pin=16"/></net>

<net id="230"><net_src comp="30" pin="0"/><net_sink comp="203" pin=17"/></net>

<net id="255"><net_src comp="40" pin="0"/><net_sink comp="231" pin=0"/></net>

<net id="256"><net_src comp="196" pin="2"/><net_sink comp="231" pin=1"/></net>

<net id="257"><net_src comp="190" pin="2"/><net_sink comp="231" pin=2"/></net>

<net id="258"><net_src comp="4" pin="0"/><net_sink comp="231" pin=3"/></net>

<net id="259"><net_src comp="6" pin="0"/><net_sink comp="231" pin=4"/></net>

<net id="260"><net_src comp="8" pin="0"/><net_sink comp="231" pin=5"/></net>

<net id="261"><net_src comp="10" pin="0"/><net_sink comp="231" pin=6"/></net>

<net id="262"><net_src comp="12" pin="0"/><net_sink comp="231" pin=7"/></net>

<net id="263"><net_src comp="14" pin="0"/><net_sink comp="231" pin=8"/></net>

<net id="264"><net_src comp="16" pin="0"/><net_sink comp="231" pin=9"/></net>

<net id="265"><net_src comp="32" pin="0"/><net_sink comp="231" pin=20"/></net>

<net id="266"><net_src comp="34" pin="0"/><net_sink comp="231" pin=21"/></net>

<net id="270"><net_src comp="190" pin="2"/><net_sink comp="267" pin=0"/></net>

<net id="271"><net_src comp="267" pin="1"/><net_sink comp="231" pin=2"/></net>

<net id="275"><net_src comp="196" pin="2"/><net_sink comp="272" pin=0"/></net>

<net id="276"><net_src comp="272" pin="1"/><net_sink comp="231" pin=1"/></net>

<net id="280"><net_src comp="150" pin="1"/><net_sink comp="277" pin=0"/></net>

<net id="281"><net_src comp="277" pin="1"/><net_sink comp="231" pin=19"/></net>

<net id="282"><net_src comp="277" pin="1"/><net_sink comp="203" pin=1"/></net>

<net id="286"><net_src comp="154" pin="1"/><net_sink comp="283" pin=0"/></net>

<net id="287"><net_src comp="283" pin="1"/><net_sink comp="231" pin=18"/></net>

<net id="288"><net_src comp="283" pin="1"/><net_sink comp="203" pin=2"/></net>

<net id="292"><net_src comp="158" pin="1"/><net_sink comp="289" pin=0"/></net>

<net id="293"><net_src comp="289" pin="1"/><net_sink comp="231" pin=10"/></net>

<net id="294"><net_src comp="289" pin="1"/><net_sink comp="203" pin=3"/></net>

<net id="298"><net_src comp="162" pin="1"/><net_sink comp="295" pin=0"/></net>

<net id="299"><net_src comp="295" pin="1"/><net_sink comp="231" pin=11"/></net>

<net id="300"><net_src comp="295" pin="1"/><net_sink comp="203" pin=4"/></net>

<net id="304"><net_src comp="166" pin="1"/><net_sink comp="301" pin=0"/></net>

<net id="305"><net_src comp="301" pin="1"/><net_sink comp="231" pin=12"/></net>

<net id="306"><net_src comp="301" pin="1"/><net_sink comp="203" pin=5"/></net>

<net id="310"><net_src comp="170" pin="1"/><net_sink comp="307" pin=0"/></net>

<net id="311"><net_src comp="307" pin="1"/><net_sink comp="231" pin=13"/></net>

<net id="312"><net_src comp="307" pin="1"/><net_sink comp="203" pin=6"/></net>

<net id="316"><net_src comp="174" pin="1"/><net_sink comp="313" pin=0"/></net>

<net id="317"><net_src comp="313" pin="1"/><net_sink comp="231" pin=14"/></net>

<net id="318"><net_src comp="313" pin="1"/><net_sink comp="203" pin=7"/></net>

<net id="322"><net_src comp="178" pin="1"/><net_sink comp="319" pin=0"/></net>

<net id="323"><net_src comp="319" pin="1"/><net_sink comp="231" pin=15"/></net>

<net id="324"><net_src comp="319" pin="1"/><net_sink comp="203" pin=8"/></net>

<net id="328"><net_src comp="182" pin="1"/><net_sink comp="325" pin=0"/></net>

<net id="329"><net_src comp="325" pin="1"/><net_sink comp="231" pin=16"/></net>

<net id="330"><net_src comp="325" pin="1"/><net_sink comp="203" pin=9"/></net>

<net id="334"><net_src comp="186" pin="1"/><net_sink comp="331" pin=0"/></net>

<net id="335"><net_src comp="331" pin="1"/><net_sink comp="231" pin=17"/></net>

<net id="336"><net_src comp="331" pin="1"/><net_sink comp="203" pin=10"/></net>

</net_list>

</model> 
---------------- Datapath Model END ------------------

* FSMD analyzer results:
  - Output states:
	Port: out_correlation_data_V | {3 4 }
	Port: out_correlation_keep_V | {3 4 }
	Port: out_correlation_strb_V | {3 4 }
	Port: out_correlation_user_V | {3 4 }
	Port: out_correlation_last_V | {3 4 }
	Port: out_correlation_id_V | {3 4 }
	Port: out_correlation_dest_V | {3 4 }
  - Chain level:
	State 1
		stg_17 : 1
	State 2
	State 3
	State 4


============================================================
+ Verbose Summary: Datapath Resource usage 
============================================================

* Functional unit list:
|----------|------------------------------------------|---------|---------|---------|---------|---------|
| Operation|              Functional Unit             |   BRAM  |  DSP48E |  Delay  |    FF   |   LUT   |
|----------|------------------------------------------|---------|---------|---------|---------|---------|
|   call   |  grp_correlation_accel_v3_backEnd_fu_203 |    0    |    44   |    0    |  10019  |  13885  |
|          | grp_correlation_accel_v3_frontEnd_fu_231 |    0    |    36   |  87.444 |   7577  |   9430  |
|----------|------------------------------------------|---------|---------|---------|---------|---------|
|   read   |    number_of_indices_read_read_fu_190    |    0    |    0    |    0    |    0    |    0    |
|          |      number_of_days_read_read_fu_196     |    0    |    0    |    0    |    0    |    0    |
|----------|------------------------------------------|---------|---------|---------|---------|---------|
|   Total  |                                          |    0    |    80   |  87.444 |  17596  |  23315  |
|----------|------------------------------------------|---------|---------|---------|---------|---------|

Memories:
+----------+--------+--------+--------+
|          |  BRAM  |   FF   |   LUT  |
+----------+--------+--------+--------+
| lnReturnA|    1   |    0   |    0   |
|weight_rom|    2   |    0   |    0   |
+----------+--------+--------+--------+
|   Total  |    3   |    0   |    0   |
+----------+--------+--------+--------+

* Register list:
+------------------------------------+--------+
|                                    |   FF   |
+------------------------------------+--------+
|  number_of_days15_channel_reg_277  |   32   |
|     number_of_days_read_reg_272    |   32   |
| number_of_indices14_channel_reg_283|   32   |
|   number_of_indices_read_reg_267   |   32   |
|        sum_returnA_V_reg_319       |   32   |
|        sum_return_V_reg_295        |   32   |
|        sum_weight_V_reg_289        |   32   |
|    sum_weight_returnA_V_reg_331    |   32   |
|sum_weight_returnA_returnB_V_reg_313|   32   |
| sum_weight_returnSquareA_V_reg_325 |   32   |
|  sum_weight_returnSquare_V_reg_301 |   32   |
|     sum_weight_return_V_reg_307    |   32   |
+------------------------------------+--------+
|                Total               |   384  |
+------------------------------------+--------+

* Multiplexer (MUX) list: 
|------------------------------------------|------|------|------|--------||---------||---------|
|                   Comp                   |  Pin | Size |  BW  | S x BW ||  Delay  ||   LUT   |
|------------------------------------------|------|------|------|--------||---------||---------|
| grp_correlation_accel_v3_frontEnd_fu_231 |  p1  |   2  |  32  |   64   ||    32   |
| grp_correlation_accel_v3_frontEnd_fu_231 |  p2  |   2  |  32  |   64   ||    32   |
|------------------------------------------|------|------|------|--------||---------||---------|
|                   Total                  |      |      |      |   128  ||  3.142  ||    64   |
|------------------------------------------|------|------|------|--------||---------||---------|



* Summary:
+-----------+--------+--------+--------+--------+--------+
|           |  BRAM  | DSP48E |  Delay |   FF   |   LUT  |
+-----------+--------+--------+--------+--------+--------+
|  Function |    0   |   80   |   87   |  17596 |  23315 |
|   Memory  |    3   |    -   |    -   |    0   |    0   |
|Multiplexer|    -   |    -   |    3   |    -   |   64   |
|  Register |    -   |    -   |    -   |   384  |    -   |
+-----------+--------+--------+--------+--------+--------+
|   Total   |    3   |   80   |   90   |  17980 |  23379 |
+-----------+--------+--------+--------+--------+--------+
