
*** Running vivado
    with args -log zed_wrapper.vdi -applog -m64 -messageDb vivado.pb -mode batch -source zed_wrapper.tcl -notrace


****** Vivado v2014.4 (64-bit)
  **** SW Build 1071353 on Tue Nov 18 16:48:31 MST 2014
  **** IP Build 1071914 on Wed Nov 19 05:30:59 MST 2014
    ** Copyright 1986-2014 Xilinx, Inc. All Rights Reserved.

source zed_wrapper.tcl -notrace
Design is defaulting to srcset: sources_1
Design is defaulting to constrset: constrs_1
INFO: [Netlist 29-17] Analyzing 1410 Unisim elements for replacement
INFO: [Netlist 29-28] Unisim Transformation completed in 0 CPU seconds
INFO: [Project 1-479] Netlist was created with Vivado 2014.4
Loading clock regions from /opt/Xilinx/SDSoC/2014.4/Vivado/2014.4/data/parts/xilinx/zynq/zynq/xc7z020/ClockRegion.xml
Loading clock buffers from /opt/Xilinx/SDSoC/2014.4/Vivado/2014.4/data/parts/xilinx/zynq/zynq/xc7z020/ClockBuffers.xml
Loading clock placement rules from /opt/Xilinx/SDSoC/2014.4/Vivado/2014.4/data/parts/xilinx/zynq/ClockPlacerRules.xml
Loading package pin functions from /opt/Xilinx/SDSoC/2014.4/Vivado/2014.4/data/parts/xilinx/zynq/PinFunctions.xml...
Loading package from /opt/Xilinx/SDSoC/2014.4/Vivado/2014.4/data/parts/xilinx/zynq/zynq/xc7z020/clg484/Package.xml
Loading io standards from /opt/Xilinx/SDSoC/2014.4/Vivado/2014.4/data/./parts/xilinx/zynq/IOStandards.xml
INFO: [Project 1-570] Preparing netlist for logic optimization
INFO: [Opt 31-140] Inserted 0 IBUFs to IO ports without IO buffers.
INFO: [Opt 31-141] Inserted 0 OBUFs to IO ports without IO buffers.
WARNING: [Constraints 18-1079] Register zed_i/axi_interconnect_S_AXI_HP0/s00_couplers/auto_pc/inst/gen_axi4_axi3.axi3_conv_inst/USE_READ.USE_SPLIT_R.read_addr_inst/USE_R_CHANNEL.cmd_queue/inst/fifo_gen_inst/inst_fifo_gen/gconvfifo.rf/grf.rf/rstblk/ngwrdrst.grst.g7serrst.rd_rst_asreg_reg and zed_i/axi_interconnect_S_AXI_HP0/s00_couplers/auto_pc/inst/gen_axi4_axi3.axi3_conv_inst/USE_READ.USE_SPLIT_R.read_addr_inst/USE_R_CHANNEL.cmd_queue/inst/fifo_gen_inst/inst_fifo_gen/gconvfifo.rf/grf.rf/rstblk/ngwrdrst.grst.g7serrst.rd_rst_asreg_d1_reg are from the same synchronizer and have the ASYNC_REG property set, but could not be placed into the same slice due to constraints or mismatched control signals on the registers.
WARNING: [Constraints 18-1079] Register zed_i/axi_interconnect_S_AXI_HP0/s00_couplers/auto_pc/inst/gen_axi4_axi3.axi3_conv_inst/USE_READ.USE_SPLIT_R.read_addr_inst/USE_R_CHANNEL.cmd_queue/inst/fifo_gen_inst/inst_fifo_gen/gconvfifo.rf/grf.rf/rstblk/ngwrdrst.grst.g7serrst.wr_rst_asreg_reg and zed_i/axi_interconnect_S_AXI_HP0/s00_couplers/auto_pc/inst/gen_axi4_axi3.axi3_conv_inst/USE_READ.USE_SPLIT_R.read_addr_inst/USE_R_CHANNEL.cmd_queue/inst/fifo_gen_inst/inst_fifo_gen/gconvfifo.rf/grf.rf/rstblk/ngwrdrst.grst.g7serrst.wr_rst_asreg_d1_reg are from the same synchronizer and have the ASYNC_REG property set, but could not be placed into the same slice due to constraints or mismatched control signals on the registers.
WARNING: [Constraints 18-1079] Register zed_i/axi_interconnect_S_AXI_HP0/s00_couplers/auto_pc/inst/gen_axi4_axi3.axi3_conv_inst/USE_WRITE.write_addr_inst/USE_BURSTS.cmd_queue/inst/fifo_gen_inst/inst_fifo_gen/gconvfifo.rf/grf.rf/rstblk/ngwrdrst.grst.g7serrst.rd_rst_asreg_reg and zed_i/axi_interconnect_S_AXI_HP0/s00_couplers/auto_pc/inst/gen_axi4_axi3.axi3_conv_inst/USE_WRITE.write_addr_inst/USE_BURSTS.cmd_queue/inst/fifo_gen_inst/inst_fifo_gen/gconvfifo.rf/grf.rf/rstblk/ngwrdrst.grst.g7serrst.rd_rst_asreg_d1_reg are from the same synchronizer and have the ASYNC_REG property set, but could not be placed into the same slice due to constraints or mismatched control signals on the registers.
WARNING: [Constraints 18-1079] Register zed_i/axi_interconnect_S_AXI_HP0/s00_couplers/auto_pc/inst/gen_axi4_axi3.axi3_conv_inst/USE_WRITE.write_addr_inst/USE_BURSTS.cmd_queue/inst/fifo_gen_inst/inst_fifo_gen/gconvfifo.rf/grf.rf/rstblk/ngwrdrst.grst.g7serrst.wr_rst_asreg_reg and zed_i/axi_interconnect_S_AXI_HP0/s00_couplers/auto_pc/inst/gen_axi4_axi3.axi3_conv_inst/USE_WRITE.write_addr_inst/USE_BURSTS.cmd_queue/inst/fifo_gen_inst/inst_fifo_gen/gconvfifo.rf/grf.rf/rstblk/ngwrdrst.grst.g7serrst.wr_rst_asreg_d1_reg are from the same synchronizer and have the ASYNC_REG property set, but could not be placed into the same slice due to constraints or mismatched control signals on the registers.
WARNING: [Constraints 18-1079] Register zed_i/axi_interconnect_S_AXI_HP0/s00_couplers/auto_pc/inst/gen_axi4_axi3.axi3_conv_inst/USE_WRITE.write_addr_inst/USE_B_CHANNEL.cmd_b_queue/inst/fifo_gen_inst/inst_fifo_gen/gconvfifo.rf/grf.rf/rstblk/ngwrdrst.grst.g7serrst.rd_rst_asreg_reg and zed_i/axi_interconnect_S_AXI_HP0/s00_couplers/auto_pc/inst/gen_axi4_axi3.axi3_conv_inst/USE_WRITE.write_addr_inst/USE_B_CHANNEL.cmd_b_queue/inst/fifo_gen_inst/inst_fifo_gen/gconvfifo.rf/grf.rf/rstblk/ngwrdrst.grst.g7serrst.rd_rst_asreg_d1_reg are from the same synchronizer and have the ASYNC_REG property set, but could not be placed into the same slice due to constraints or mismatched control signals on the registers.
WARNING: [Constraints 18-1079] Register zed_i/axi_interconnect_S_AXI_HP0/s00_couplers/auto_pc/inst/gen_axi4_axi3.axi3_conv_inst/USE_WRITE.write_addr_inst/USE_B_CHANNEL.cmd_b_queue/inst/fifo_gen_inst/inst_fifo_gen/gconvfifo.rf/grf.rf/rstblk/ngwrdrst.grst.g7serrst.wr_rst_asreg_reg and zed_i/axi_interconnect_S_AXI_HP0/s00_couplers/auto_pc/inst/gen_axi4_axi3.axi3_conv_inst/USE_WRITE.write_addr_inst/USE_B_CHANNEL.cmd_b_queue/inst/fifo_gen_inst/inst_fifo_gen/gconvfifo.rf/grf.rf/rstblk/ngwrdrst.grst.g7serrst.wr_rst_asreg_d1_reg are from the same synchronizer and have the ASYNC_REG property set, but could not be placed into the same slice due to constraints or mismatched control signals on the registers.
WARNING: [Constraints 18-1079] Register zed_i/axi_interconnect_S_AXI_HP0/s00_couplers/auto_us_df/inst/gen_upsizer.gen_full_upsizer.axi_upsizer_inst/USE_READ.gen_pktfifo_r_upsizer.pktfifo_read_data_inst/dw_fifogen_ar/inst_fifo_gen/gaxi_full_lite.gread_ch.grach2.axi_rach/grf.rf/rstblk/ngwrdrst.grst.g7serrst.rd_rst_asreg_reg and zed_i/axi_interconnect_S_AXI_HP0/s00_couplers/auto_us_df/inst/gen_upsizer.gen_full_upsizer.axi_upsizer_inst/USE_READ.gen_pktfifo_r_upsizer.pktfifo_read_data_inst/dw_fifogen_ar/inst_fifo_gen/gaxi_full_lite.gread_ch.grach2.axi_rach/grf.rf/rstblk/ngwrdrst.grst.g7serrst.rd_rst_asreg_d1_reg are from the same synchronizer and have the ASYNC_REG property set, but could not be placed into the same slice due to constraints or mismatched control signals on the registers.
WARNING: [Constraints 18-1079] Register zed_i/axi_interconnect_S_AXI_HP0/s00_couplers/auto_us_df/inst/gen_upsizer.gen_full_upsizer.axi_upsizer_inst/USE_READ.gen_pktfifo_r_upsizer.pktfifo_read_data_inst/dw_fifogen_ar/inst_fifo_gen/gaxi_full_lite.gread_ch.grach2.axi_rach/grf.rf/rstblk/ngwrdrst.grst.g7serrst.wr_rst_asreg_reg and zed_i/axi_interconnect_S_AXI_HP0/s00_couplers/auto_us_df/inst/gen_upsizer.gen_full_upsizer.axi_upsizer_inst/USE_READ.gen_pktfifo_r_upsizer.pktfifo_read_data_inst/dw_fifogen_ar/inst_fifo_gen/gaxi_full_lite.gread_ch.grach2.axi_rach/grf.rf/rstblk/ngwrdrst.grst.g7serrst.wr_rst_asreg_d1_reg are from the same synchronizer and have the ASYNC_REG property set, but could not be placed into the same slice due to constraints or mismatched control signals on the registers.
WARNING: [Constraints 18-1079] Register zed_i/axi_interconnect_S_AXI_HP0/s00_couplers/auto_us_df/inst/gen_upsizer.gen_full_upsizer.axi_upsizer_inst/USE_WRITE.gen_pktfifo_w_upsizer.pktfifo_write_data_inst/dw_fifogen_aw/inst_fifo_gen/gaxi_full_lite.gwrite_ch.gwach2.axi_wach/grf.rf/rstblk/ngwrdrst.grst.g7serrst.rd_rst_asreg_reg and zed_i/axi_interconnect_S_AXI_HP0/s00_couplers/auto_us_df/inst/gen_upsizer.gen_full_upsizer.axi_upsizer_inst/USE_WRITE.gen_pktfifo_w_upsizer.pktfifo_write_data_inst/dw_fifogen_aw/inst_fifo_gen/gaxi_full_lite.gwrite_ch.gwach2.axi_wach/grf.rf/rstblk/ngwrdrst.grst.g7serrst.rd_rst_asreg_d1_reg are from the same synchronizer and have the ASYNC_REG property set, but could not be placed into the same slice due to constraints or mismatched control signals on the registers.
WARNING: [Constraints 18-1079] Register zed_i/axi_interconnect_S_AXI_HP0/s00_couplers/auto_us_df/inst/gen_upsizer.gen_full_upsizer.axi_upsizer_inst/USE_WRITE.gen_pktfifo_w_upsizer.pktfifo_write_data_inst/dw_fifogen_aw/inst_fifo_gen/gaxi_full_lite.gwrite_ch.gwach2.axi_wach/grf.rf/rstblk/ngwrdrst.grst.g7serrst.wr_rst_asreg_reg and zed_i/axi_interconnect_S_AXI_HP0/s00_couplers/auto_us_df/inst/gen_upsizer.gen_full_upsizer.axi_upsizer_inst/USE_WRITE.gen_pktfifo_w_upsizer.pktfifo_write_data_inst/dw_fifogen_aw/inst_fifo_gen/gaxi_full_lite.gwrite_ch.gwach2.axi_wach/grf.rf/rstblk/ngwrdrst.grst.g7serrst.wr_rst_asreg_d1_reg are from the same synchronizer and have the ASYNC_REG property set, but could not be placed into the same slice due to constraints or mismatched control signals on the registers.
Parsing XDC File [/home/trungnguyen/SDSoC/thesis/SDRelease/_sds/p0/ipi/zed.srcs/sources_1/bd/zed/ip/zed_ps7_0/zed_ps7_0.xdc] for cell 'zed_i/ps7/inst'
Finished Parsing XDC File [/home/trungnguyen/SDSoC/thesis/SDRelease/_sds/p0/ipi/zed.srcs/sources_1/bd/zed/ip/zed_ps7_0/zed_ps7_0.xdc] for cell 'zed_i/ps7/inst'
Parsing XDC File [/home/trungnguyen/SDSoC/thesis/SDRelease/_sds/p0/ipi/zed.srcs/sources_1/bd/zed/ip/zed_proc_sys_reset_1_0/zed_proc_sys_reset_1_0_board.xdc] for cell 'zed_i/proc_sys_reset_1'
Finished Parsing XDC File [/home/trungnguyen/SDSoC/thesis/SDRelease/_sds/p0/ipi/zed.srcs/sources_1/bd/zed/ip/zed_proc_sys_reset_1_0/zed_proc_sys_reset_1_0_board.xdc] for cell 'zed_i/proc_sys_reset_1'
Parsing XDC File [/home/trungnguyen/SDSoC/thesis/SDRelease/_sds/p0/ipi/zed.srcs/sources_1/bd/zed/ip/zed_proc_sys_reset_1_0/zed_proc_sys_reset_1_0.xdc] for cell 'zed_i/proc_sys_reset_1'
Finished Parsing XDC File [/home/trungnguyen/SDSoC/thesis/SDRelease/_sds/p0/ipi/zed.srcs/sources_1/bd/zed/ip/zed_proc_sys_reset_1_0/zed_proc_sys_reset_1_0.xdc] for cell 'zed_i/proc_sys_reset_1'
Parsing XDC File [/home/trungnguyen/SDSoC/thesis/SDRelease/_sds/p0/ipi/zed.srcs/sources_1/bd/zed/ip/zed_proc_sys_reset_2_1/zed_proc_sys_reset_2_1_board.xdc] for cell 'zed_i/proc_sys_reset_2'
Finished Parsing XDC File [/home/trungnguyen/SDSoC/thesis/SDRelease/_sds/p0/ipi/zed.srcs/sources_1/bd/zed/ip/zed_proc_sys_reset_2_1/zed_proc_sys_reset_2_1_board.xdc] for cell 'zed_i/proc_sys_reset_2'
Parsing XDC File [/home/trungnguyen/SDSoC/thesis/SDRelease/_sds/p0/ipi/zed.srcs/sources_1/bd/zed/ip/zed_proc_sys_reset_2_1/zed_proc_sys_reset_2_1.xdc] for cell 'zed_i/proc_sys_reset_2'
Finished Parsing XDC File [/home/trungnguyen/SDSoC/thesis/SDRelease/_sds/p0/ipi/zed.srcs/sources_1/bd/zed/ip/zed_proc_sys_reset_2_1/zed_proc_sys_reset_2_1.xdc] for cell 'zed_i/proc_sys_reset_2'
Parsing XDC File [/home/trungnguyen/SDSoC/thesis/SDRelease/_sds/p0/ipi/zed.srcs/sources_1/bd/zed/ip/zed_proc_sys_reset_3_2/zed_proc_sys_reset_3_2_board.xdc] for cell 'zed_i/proc_sys_reset_3'
Finished Parsing XDC File [/home/trungnguyen/SDSoC/thesis/SDRelease/_sds/p0/ipi/zed.srcs/sources_1/bd/zed/ip/zed_proc_sys_reset_3_2/zed_proc_sys_reset_3_2_board.xdc] for cell 'zed_i/proc_sys_reset_3'
Parsing XDC File [/home/trungnguyen/SDSoC/thesis/SDRelease/_sds/p0/ipi/zed.srcs/sources_1/bd/zed/ip/zed_proc_sys_reset_3_2/zed_proc_sys_reset_3_2.xdc] for cell 'zed_i/proc_sys_reset_3'
Finished Parsing XDC File [/home/trungnguyen/SDSoC/thesis/SDRelease/_sds/p0/ipi/zed.srcs/sources_1/bd/zed/ip/zed_proc_sys_reset_3_2/zed_proc_sys_reset_3_2.xdc] for cell 'zed_i/proc_sys_reset_3'
Parsing XDC File [/home/trungnguyen/SDSoC/thesis/SDRelease/_sds/p0/ipi/zed.srcs/sources_1/bd/zed/ip/zed_proc_sys_reset_0_3/zed_proc_sys_reset_0_3_board.xdc] for cell 'zed_i/proc_sys_reset_0'
Finished Parsing XDC File [/home/trungnguyen/SDSoC/thesis/SDRelease/_sds/p0/ipi/zed.srcs/sources_1/bd/zed/ip/zed_proc_sys_reset_0_3/zed_proc_sys_reset_0_3_board.xdc] for cell 'zed_i/proc_sys_reset_0'
Parsing XDC File [/home/trungnguyen/SDSoC/thesis/SDRelease/_sds/p0/ipi/zed.srcs/sources_1/bd/zed/ip/zed_proc_sys_reset_0_3/zed_proc_sys_reset_0_3.xdc] for cell 'zed_i/proc_sys_reset_0'
Finished Parsing XDC File [/home/trungnguyen/SDSoC/thesis/SDRelease/_sds/p0/ipi/zed.srcs/sources_1/bd/zed/ip/zed_proc_sys_reset_0_3/zed_proc_sys_reset_0_3.xdc] for cell 'zed_i/proc_sys_reset_0'
Parsing XDC File [/home/trungnguyen/SDSoC/thesis/SDRelease/_sds/p0/ipi/zed.srcs/sources_1/bd/zed/ip/zed_correlation_accel_v1_0_if_0/zed_correlation_accel_v1_0_if_0.xdc] for cell 'zed_i/correlation_accel_v1_0_if'
Finished Parsing XDC File [/home/trungnguyen/SDSoC/thesis/SDRelease/_sds/p0/ipi/zed.srcs/sources_1/bd/zed/ip/zed_correlation_accel_v1_0_if_0/zed_correlation_accel_v1_0_if_0.xdc] for cell 'zed_i/correlation_accel_v1_0_if'
Parsing XDC File [/home/trungnguyen/SDSoC/thesis/SDRelease/_sds/p0/ipi/zed.srcs/sources_1/bd/zed/ip/zed_correlation_accel_v1_0_if_0/zed_correlation_accel_v1_0_if_0_clocks.xdc] for cell 'zed_i/correlation_accel_v1_0_if'
Finished Parsing XDC File [/home/trungnguyen/SDSoC/thesis/SDRelease/_sds/p0/ipi/zed.srcs/sources_1/bd/zed/ip/zed_correlation_accel_v1_0_if_0/zed_correlation_accel_v1_0_if_0_clocks.xdc] for cell 'zed_i/correlation_accel_v1_0_if'
Parsing XDC File [/home/trungnguyen/SDSoC/thesis/SDRelease/_sds/p0/ipi/zed.srcs/sources_1/bd/zed/ip/zed_auto_us_df_0/zed_auto_us_df_0_clocks.xdc] for cell 'zed_i/axi_interconnect_S_AXI_HP0/s00_couplers/auto_us_df/inst'
Finished Parsing XDC File [/home/trungnguyen/SDSoC/thesis/SDRelease/_sds/p0/ipi/zed.srcs/sources_1/bd/zed/ip/zed_auto_us_df_0/zed_auto_us_df_0_clocks.xdc] for cell 'zed_i/axi_interconnect_S_AXI_HP0/s00_couplers/auto_us_df/inst'
INFO: [Opt 31-138] Pushed 0 inverter(s) to 0 load pin(s).
INFO: [Project 1-111] Unisim Transformation Summary:
  A total of 83 instances were transformed.
  RAM32M => RAM32M (RAMD32, RAMD32, RAMD32, RAMD32, RAMD32, RAMD32, RAMS32, RAMS32): 66 instances
  RAM32X1D => RAM32X1D (RAMD32, RAMD32): 1 instances
  RAM64M => RAM64M (RAMD64E, RAMD64E, RAMD64E, RAMD64E): 8 instances
  RAM64X1D => RAM64X1D (RAMD64E, RAMD64E): 8 instances

link_design: Time (s): cpu = 00:00:09 ; elapsed = 00:00:09 . Memory (MB): peak = 1271.207 ; gain = 348.988 ; free physical = 11116 ; free virtual = 21549
Command: opt_design
Attempting to get a license for feature 'Implementation' and/or device 'xc7z020'
INFO: [Common 17-349] Got license for feature 'Implementation' and/or device 'xc7z020'
Running DRC as a precondition to command opt_design

Starting DRC Task
INFO: [Drc 23-27] Running DRC with 8 threads
INFO: [Project 1-461] DRC finished with 0 Errors
INFO: [Project 1-462] Please refer to the DRC report (report_drc) for more information.

Time (s): cpu = 00:00:00.18 ; elapsed = 00:00:00.18 . Memory (MB): peak = 1282.234 ; gain = 11.027 ; free physical = 11112 ; free virtual = 21545
INFO: [Timing 38-35] Done setting XDC timing constraints.

Starting Logic Optimization Task

Phase 1 Retarget

INFO: [Opt 31-138] Pushed 2 inverter(s) to 47 load pin(s).
INFO: [Opt 31-49] Retargeted 0 cell(s).
Phase 1 Retarget | Checksum: 13eec0bf3

Time (s): cpu = 00:00:01 ; elapsed = 00:00:01 . Memory (MB): peak = 1800.750 ; gain = 0.000 ; free physical = 10730 ; free virtual = 21163

Phase 2 Constant Propagation
INFO: [Opt 31-138] Pushed 7 inverter(s) to 9 load pin(s).
INFO: [Opt 31-10] Eliminated 850 cells.
Phase 2 Constant Propagation | Checksum: 1500b7c38

Time (s): cpu = 00:00:05 ; elapsed = 00:00:05 . Memory (MB): peak = 1800.750 ; gain = 0.000 ; free physical = 10728 ; free virtual = 21162

Phase 3 Sweep
WARNING: [Opt 31-6] Deleting driverless net: zed_i/correlation_accel_v1_0/inst/correlation_accel_v1_fadd_32ns_32ns_32_9_full_dsp_U3/correlation_accel_v1_ap_fadd_7_full_dsp_32_u/U0/i_synth/ADDSUB_OP.ADDSUB/SPEED_OP.DSP.OP/DSP48E1_BODY.ALIGN_ADD/ZERO_14_DET.ZERO_DET/CARRY_OUT.
WARNING: [Opt 31-6] Deleting driverless net: zed_i/correlation_accel_v1_0/inst/correlation_accel_v1_fadd_32ns_32ns_32_9_full_dsp_U4/correlation_accel_v1_ap_fadd_7_full_dsp_32_u/U0/i_synth/ADDSUB_OP.ADDSUB/SPEED_OP.DSP.OP/DSP48E1_BODY.ALIGN_ADD/ZERO_14_DET.ZERO_DET/CARRY_OUT.
WARNING: [Opt 31-6] Deleting driverless net: zed_i/correlation_accel_v1_0/inst/correlation_accel_v1_faddfsub_32ns_32ns_32_9_full_dsp_U1/correlation_accel_v1_ap_faddfsub_7_full_dsp_32_u/U0/i_synth/ADDSUB_OP.ADDSUB/SPEED_OP.DSP.OP/DSP48E1_BODY.ALIGN_ADD/ZERO_14_DET.ZERO_DET/CARRY_OUT.
WARNING: [Opt 31-6] Deleting driverless net: zed_i/correlation_accel_v1_0/inst/correlation_accel_v1_faddfsub_32ns_32ns_32_9_full_dsp_U2/correlation_accel_v1_ap_faddfsub_7_full_dsp_32_u/U0/i_synth/ADDSUB_OP.ADDSUB/SPEED_OP.DSP.OP/DSP48E1_BODY.ALIGN_ADD/ZERO_14_DET.ZERO_DET/CARRY_OUT.
INFO: [Opt 31-12] Eliminated 8054 unconnected nets.
INFO: [Opt 31-140] Inserted 0 IBUFs to IO ports without IO buffers.
INFO: [Opt 31-141] Inserted 0 OBUFs to IO ports without IO buffers.
INFO: [Opt 31-11] Eliminated 1319 unconnected cells.
Phase 3 Sweep | Checksum: 139830156

Time (s): cpu = 00:00:07 ; elapsed = 00:00:07 . Memory (MB): peak = 1800.750 ; gain = 0.000 ; free physical = 10729 ; free virtual = 21162
Ending Logic Optimization Task | Checksum: 139830156

Time (s): cpu = 00:00:07 ; elapsed = 00:00:07 . Memory (MB): peak = 1800.750 ; gain = 0.000 ; free physical = 10729 ; free virtual = 21162
Implement Debug Cores | Checksum: 1dc8c6f8e
Logic Optimization | Checksum: 1dc8c6f8e

Starting Power Optimization Task
INFO: [Pwropt 34-132] Skipping clock gating for clocks with a period < 3.12 ns.
INFO: [Pwropt 34-9] Applying IDT optimizations ...
INFO: [Pwropt 34-10] Applying ODC optimizations ...


Starting PowerOpt Patch Enables Task
INFO: [Pwropt 34-162] WRITE_MODE attribute of 0 BRAM(s) out of a total of 15 has been updated to save power. Run report_power_opt to get a complete listing of the BRAMs updated.
INFO: [Pwropt 34-201] Structural ODC has moved 0 WE to EN ports
Number of BRAM Ports augmented: 4 newly gated: 0 Total Ports: 30
Ending PowerOpt Patch Enables Task | Checksum: 1b998fa2a

Time (s): cpu = 00:00:00.02 ; elapsed = 00:00:00.02 . Memory (MB): peak = 1855.859 ; gain = 0.000 ; free physical = 10684 ; free virtual = 21117
Ending Power Optimization Task | Checksum: 1b998fa2a

Time (s): cpu = 00:00:03 ; elapsed = 00:00:03 . Memory (MB): peak = 1855.859 ; gain = 55.109 ; free physical = 10684 ; free virtual = 21117
INFO: [Common 17-83] Releasing license: Implementation
27 Infos, 14 Warnings, 0 Critical Warnings and 0 Errors encountered.
opt_design completed successfully
opt_design: Time (s): cpu = 00:00:20 ; elapsed = 00:00:18 . Memory (MB): peak = 1855.859 ; gain = 584.652 ; free physical = 10684 ; free virtual = 21117
Writing placer database...
Writing XDEF routing.
Writing XDEF routing logical nets.
Writing XDEF routing special nets.
Write XDEF Complete: Time (s): cpu = 00:00:00.04 ; elapsed = 00:00:00.02 . Memory (MB): peak = 1875.867 ; gain = 0.000 ; free physical = 10682 ; free virtual = 21117
INFO: [Drc 23-27] Running DRC with 8 threads
INFO: [Coretcl 2-168] The results of DRC are in file /home/trungnguyen/SDSoC/thesis/SDRelease/_sds/p0/ipi/zed.runs/impl_1/zed_wrapper_drc_opted.rpt.
Command: place_design
Attempting to get a license for feature 'Implementation' and/or device 'xc7z020'
INFO: [Common 17-349] Got license for feature 'Implementation' and/or device 'xc7z020'
INFO: [Drc 23-27] Running DRC with 8 threads
INFO: [Vivado_Tcl 4-198] DRC finished with 0 Errors
INFO: [Vivado_Tcl 4-199] Please refer to the DRC report (report_drc) for more information.
Running DRC as a precondition to command place_design
INFO: [Drc 23-27] Running DRC with 8 threads
INFO: [Vivado_Tcl 4-198] DRC finished with 0 Errors
INFO: [Vivado_Tcl 4-199] Please refer to the DRC report (report_drc) for more information.

Starting Placer Task
INFO: [Place 30-611] Multithreading enabled for place_design using a maximum of 8 CPUs

Phase 1 Placer Runtime Estimator
Phase 1 Placer Runtime Estimator | Checksum: c40e0054

Time (s): cpu = 00:00:00.18 ; elapsed = 00:00:00.19 . Memory (MB): peak = 1875.871 ; gain = 0.000 ; free physical = 10679 ; free virtual = 21115

Phase 2 Placer Initialization

Phase 2.1 Placer Initialization Core
Netlist sorting complete. Time (s): cpu = 00:00:00.04 ; elapsed = 00:00:00.05 . Memory (MB): peak = 1875.871 ; gain = 0.000 ; free physical = 10679 ; free virtual = 21115
INFO: [Opt 31-140] Inserted 0 IBUFs to IO ports without IO buffers.
INFO: [Opt 31-141] Inserted 0 OBUFs to IO ports without IO buffers.
INFO: [Opt 31-138] Pushed 0 inverter(s) to 0 load pin(s).
Netlist sorting complete. Time (s): cpu = 00:00:00.03 ; elapsed = 00:00:00.04 . Memory (MB): peak = 1875.871 ; gain = 0.000 ; free physical = 10679 ; free virtual = 21115

Phase 2.1.1 IO Placement/ Clock Placement/ Build Placer Device

Phase 2.1.1.1 Pre-Place Cells
Phase 2.1.1.1 Pre-Place Cells | Checksum: 4589089f

Time (s): cpu = 00:00:00.89 ; elapsed = 00:00:00.90 . Memory (MB): peak = 1875.871 ; gain = 0.000 ; free physical = 10679 ; free virtual = 21115
WARNING: [Constraints 18-1079] Register zed_i/axi_interconnect_S_AXI_HP0/s00_couplers/auto_pc/inst/gen_axi4_axi3.axi3_conv_inst/USE_READ.USE_SPLIT_R.read_addr_inst/USE_R_CHANNEL.cmd_queue/inst/fifo_gen_inst/inst_fifo_gen/gconvfifo.rf/grf.rf/rstblk/ngwrdrst.grst.g7serrst.rd_rst_asreg_reg and zed_i/axi_interconnect_S_AXI_HP0/s00_couplers/auto_pc/inst/gen_axi4_axi3.axi3_conv_inst/USE_READ.USE_SPLIT_R.read_addr_inst/USE_R_CHANNEL.cmd_queue/inst/fifo_gen_inst/inst_fifo_gen/gconvfifo.rf/grf.rf/rstblk/ngwrdrst.grst.g7serrst.rd_rst_asreg_d1_reg are from the same synchronizer and have the ASYNC_REG property set, but could not be placed into the same slice due to constraints or mismatched control signals on the registers.
WARNING: [Constraints 18-1079] Register zed_i/axi_interconnect_S_AXI_HP0/s00_couplers/auto_pc/inst/gen_axi4_axi3.axi3_conv_inst/USE_READ.USE_SPLIT_R.read_addr_inst/USE_R_CHANNEL.cmd_queue/inst/fifo_gen_inst/inst_fifo_gen/gconvfifo.rf/grf.rf/rstblk/ngwrdrst.grst.g7serrst.wr_rst_asreg_reg and zed_i/axi_interconnect_S_AXI_HP0/s00_couplers/auto_pc/inst/gen_axi4_axi3.axi3_conv_inst/USE_READ.USE_SPLIT_R.read_addr_inst/USE_R_CHANNEL.cmd_queue/inst/fifo_gen_inst/inst_fifo_gen/gconvfifo.rf/grf.rf/rstblk/ngwrdrst.grst.g7serrst.wr_rst_asreg_d1_reg are from the same synchronizer and have the ASYNC_REG property set, but could not be placed into the same slice due to constraints or mismatched control signals on the registers.
WARNING: [Constraints 18-1079] Register zed_i/axi_interconnect_S_AXI_HP0/s00_couplers/auto_pc/inst/gen_axi4_axi3.axi3_conv_inst/USE_WRITE.write_addr_inst/USE_BURSTS.cmd_queue/inst/fifo_gen_inst/inst_fifo_gen/gconvfifo.rf/grf.rf/rstblk/ngwrdrst.grst.g7serrst.rd_rst_asreg_reg and zed_i/axi_interconnect_S_AXI_HP0/s00_couplers/auto_pc/inst/gen_axi4_axi3.axi3_conv_inst/USE_WRITE.write_addr_inst/USE_BURSTS.cmd_queue/inst/fifo_gen_inst/inst_fifo_gen/gconvfifo.rf/grf.rf/rstblk/ngwrdrst.grst.g7serrst.rd_rst_asreg_d1_reg are from the same synchronizer and have the ASYNC_REG property set, but could not be placed into the same slice due to constraints or mismatched control signals on the registers.
WARNING: [Constraints 18-1079] Register zed_i/axi_interconnect_S_AXI_HP0/s00_couplers/auto_pc/inst/gen_axi4_axi3.axi3_conv_inst/USE_WRITE.write_addr_inst/USE_BURSTS.cmd_queue/inst/fifo_gen_inst/inst_fifo_gen/gconvfifo.rf/grf.rf/rstblk/ngwrdrst.grst.g7serrst.wr_rst_asreg_reg and zed_i/axi_interconnect_S_AXI_HP0/s00_couplers/auto_pc/inst/gen_axi4_axi3.axi3_conv_inst/USE_WRITE.write_addr_inst/USE_BURSTS.cmd_queue/inst/fifo_gen_inst/inst_fifo_gen/gconvfifo.rf/grf.rf/rstblk/ngwrdrst.grst.g7serrst.wr_rst_asreg_d1_reg are from the same synchronizer and have the ASYNC_REG property set, but could not be placed into the same slice due to constraints or mismatched control signals on the registers.
WARNING: [Constraints 18-1079] Register zed_i/axi_interconnect_S_AXI_HP0/s00_couplers/auto_pc/inst/gen_axi4_axi3.axi3_conv_inst/USE_WRITE.write_addr_inst/USE_B_CHANNEL.cmd_b_queue/inst/fifo_gen_inst/inst_fifo_gen/gconvfifo.rf/grf.rf/rstblk/ngwrdrst.grst.g7serrst.rd_rst_asreg_reg and zed_i/axi_interconnect_S_AXI_HP0/s00_couplers/auto_pc/inst/gen_axi4_axi3.axi3_conv_inst/USE_WRITE.write_addr_inst/USE_B_CHANNEL.cmd_b_queue/inst/fifo_gen_inst/inst_fifo_gen/gconvfifo.rf/grf.rf/rstblk/ngwrdrst.grst.g7serrst.rd_rst_asreg_d1_reg are from the same synchronizer and have the ASYNC_REG property set, but could not be placed into the same slice due to constraints or mismatched control signals on the registers.
WARNING: [Constraints 18-1079] Register zed_i/axi_interconnect_S_AXI_HP0/s00_couplers/auto_pc/inst/gen_axi4_axi3.axi3_conv_inst/USE_WRITE.write_addr_inst/USE_B_CHANNEL.cmd_b_queue/inst/fifo_gen_inst/inst_fifo_gen/gconvfifo.rf/grf.rf/rstblk/ngwrdrst.grst.g7serrst.wr_rst_asreg_reg and zed_i/axi_interconnect_S_AXI_HP0/s00_couplers/auto_pc/inst/gen_axi4_axi3.axi3_conv_inst/USE_WRITE.write_addr_inst/USE_B_CHANNEL.cmd_b_queue/inst/fifo_gen_inst/inst_fifo_gen/gconvfifo.rf/grf.rf/rstblk/ngwrdrst.grst.g7serrst.wr_rst_asreg_d1_reg are from the same synchronizer and have the ASYNC_REG property set, but could not be placed into the same slice due to constraints or mismatched control signals on the registers.
WARNING: [Constraints 18-1079] Register zed_i/axi_interconnect_S_AXI_HP0/s00_couplers/auto_us_df/inst/gen_upsizer.gen_full_upsizer.axi_upsizer_inst/USE_READ.gen_pktfifo_r_upsizer.pktfifo_read_data_inst/dw_fifogen_ar/inst_fifo_gen/gaxi_full_lite.gread_ch.grach2.axi_rach/grf.rf/rstblk/ngwrdrst.grst.g7serrst.rd_rst_asreg_reg and zed_i/axi_interconnect_S_AXI_HP0/s00_couplers/auto_us_df/inst/gen_upsizer.gen_full_upsizer.axi_upsizer_inst/USE_READ.gen_pktfifo_r_upsizer.pktfifo_read_data_inst/dw_fifogen_ar/inst_fifo_gen/gaxi_full_lite.gread_ch.grach2.axi_rach/grf.rf/rstblk/ngwrdrst.grst.g7serrst.rd_rst_asreg_d1_reg are from the same synchronizer and have the ASYNC_REG property set, but could not be placed into the same slice due to constraints or mismatched control signals on the registers.
WARNING: [Constraints 18-1079] Register zed_i/axi_interconnect_S_AXI_HP0/s00_couplers/auto_us_df/inst/gen_upsizer.gen_full_upsizer.axi_upsizer_inst/USE_READ.gen_pktfifo_r_upsizer.pktfifo_read_data_inst/dw_fifogen_ar/inst_fifo_gen/gaxi_full_lite.gread_ch.grach2.axi_rach/grf.rf/rstblk/ngwrdrst.grst.g7serrst.wr_rst_asreg_reg and zed_i/axi_interconnect_S_AXI_HP0/s00_couplers/auto_us_df/inst/gen_upsizer.gen_full_upsizer.axi_upsizer_inst/USE_READ.gen_pktfifo_r_upsizer.pktfifo_read_data_inst/dw_fifogen_ar/inst_fifo_gen/gaxi_full_lite.gread_ch.grach2.axi_rach/grf.rf/rstblk/ngwrdrst.grst.g7serrst.wr_rst_asreg_d1_reg are from the same synchronizer and have the ASYNC_REG property set, but could not be placed into the same slice due to constraints or mismatched control signals on the registers.
WARNING: [Constraints 18-1079] Register zed_i/axi_interconnect_S_AXI_HP0/s00_couplers/auto_us_df/inst/gen_upsizer.gen_full_upsizer.axi_upsizer_inst/USE_WRITE.gen_pktfifo_w_upsizer.pktfifo_write_data_inst/dw_fifogen_aw/inst_fifo_gen/gaxi_full_lite.gwrite_ch.gwach2.axi_wach/grf.rf/rstblk/ngwrdrst.grst.g7serrst.rd_rst_asreg_reg and zed_i/axi_interconnect_S_AXI_HP0/s00_couplers/auto_us_df/inst/gen_upsizer.gen_full_upsizer.axi_upsizer_inst/USE_WRITE.gen_pktfifo_w_upsizer.pktfifo_write_data_inst/dw_fifogen_aw/inst_fifo_gen/gaxi_full_lite.gwrite_ch.gwach2.axi_wach/grf.rf/rstblk/ngwrdrst.grst.g7serrst.rd_rst_asreg_d1_reg are from the same synchronizer and have the ASYNC_REG property set, but could not be placed into the same slice due to constraints or mismatched control signals on the registers.
WARNING: [Constraints 18-1079] Register zed_i/axi_interconnect_S_AXI_HP0/s00_couplers/auto_us_df/inst/gen_upsizer.gen_full_upsizer.axi_upsizer_inst/USE_WRITE.gen_pktfifo_w_upsizer.pktfifo_write_data_inst/dw_fifogen_aw/inst_fifo_gen/gaxi_full_lite.gwrite_ch.gwach2.axi_wach/grf.rf/rstblk/ngwrdrst.grst.g7serrst.wr_rst_asreg_reg and zed_i/axi_interconnect_S_AXI_HP0/s00_couplers/auto_us_df/inst/gen_upsizer.gen_full_upsizer.axi_upsizer_inst/USE_WRITE.gen_pktfifo_w_upsizer.pktfifo_write_data_inst/dw_fifogen_aw/inst_fifo_gen/gaxi_full_lite.gwrite_ch.gwach2.axi_wach/grf.rf/rstblk/ngwrdrst.grst.g7serrst.wr_rst_asreg_d1_reg are from the same synchronizer and have the ASYNC_REG property set, but could not be placed into the same slice due to constraints or mismatched control signals on the registers.
WARNING: [Place 30-12] An IO Bus FIXED_IO_mio with more than one IO standard is found. Components associated with this bus are: 
	FIXED_IO_mio[53] of IOStandard LVCMOS18
	FIXED_IO_mio[52] of IOStandard LVCMOS18
	FIXED_IO_mio[51] of IOStandard LVCMOS18
	FIXED_IO_mio[50] of IOStandard LVCMOS18
	FIXED_IO_mio[49] of IOStandard LVCMOS18
	FIXED_IO_mio[48] of IOStandard LVCMOS18
	FIXED_IO_mio[47] of IOStandard LVCMOS18
	FIXED_IO_mio[46] of IOStandard LVCMOS18
	FIXED_IO_mio[45] of IOStandard LVCMOS18
	FIXED_IO_mio[44] of IOStandard LVCMOS18
	FIXED_IO_mio[43] of IOStandard LVCMOS18
	FIXED_IO_mio[42] of IOStandard LVCMOS18
	FIXED_IO_mio[41] of IOStandard LVCMOS18
	FIXED_IO_mio[40] of IOStandard LVCMOS18
	FIXED_IO_mio[39] of IOStandard LVCMOS18
	FIXED_IO_mio[38] of IOStandard LVCMOS18
	FIXED_IO_mio[37] of IOStandard LVCMOS18
	FIXED_IO_mio[36] of IOStandard LVCMOS18
	FIXED_IO_mio[35] of IOStandard LVCMOS18
	FIXED_IO_mio[34] of IOStandard LVCMOS18
	FIXED_IO_mio[33] of IOStandard LVCMOS18
	FIXED_IO_mio[32] of IOStandard LVCMOS18
	FIXED_IO_mio[31] of IOStandard LVCMOS18
	FIXED_IO_mio[30] of IOStandard LVCMOS18
	FIXED_IO_mio[29] of IOStandard LVCMOS18
	FIXED_IO_mio[28] of IOStandard LVCMOS18
	FIXED_IO_mio[27] of IOStandard LVCMOS18
	FIXED_IO_mio[26] of IOStandard LVCMOS18
	FIXED_IO_mio[25] of IOStandard LVCMOS18
	FIXED_IO_mio[24] of IOStandard LVCMOS18
	FIXED_IO_mio[23] of IOStandard LVCMOS18
	FIXED_IO_mio[22] of IOStandard LVCMOS18
	FIXED_IO_mio[21] of IOStandard LVCMOS18
	FIXED_IO_mio[20] of IOStandard LVCMOS18
	FIXED_IO_mio[19] of IOStandard LVCMOS18
	FIXED_IO_mio[18] of IOStandard LVCMOS18
	FIXED_IO_mio[17] of IOStandard LVCMOS18
	FIXED_IO_mio[16] of IOStandard LVCMOS18
	FIXED_IO_mio[15] of IOStandard LVCMOS33
	FIXED_IO_mio[14] of IOStandard LVCMOS33
	FIXED_IO_mio[13] of IOStandard LVCMOS33
	FIXED_IO_mio[12] of IOStandard LVCMOS33
	FIXED_IO_mio[11] of IOStandard LVCMOS33
	FIXED_IO_mio[10] of IOStandard LVCMOS33
	FIXED_IO_mio[9] of IOStandard LVCMOS33
	FIXED_IO_mio[8] of IOStandard LVCMOS33
	FIXED_IO_mio[7] of IOStandard LVCMOS33
	FIXED_IO_mio[6] of IOStandard LVCMOS33
	FIXED_IO_mio[5] of IOStandard LVCMOS33
	FIXED_IO_mio[4] of IOStandard LVCMOS33
	FIXED_IO_mio[3] of IOStandard LVCMOS33
	FIXED_IO_mio[2] of IOStandard LVCMOS33
	FIXED_IO_mio[1] of IOStandard LVCMOS33
	FIXED_IO_mio[0] of IOStandard LVCMOS33
INFO: [Timing 38-35] Done setting XDC timing constraints.

Phase 2.1.1.2 IO & Clk Clean Up
Phase 2.1.1.2 IO & Clk Clean Up | Checksum: 4589089f

Time (s): cpu = 00:00:07 ; elapsed = 00:00:05 . Memory (MB): peak = 2025.926 ; gain = 150.055 ; free physical = 10654 ; free virtual = 21091

Phase 2.1.1.3 Implementation Feasibility check On IDelay
Phase 2.1.1.3 Implementation Feasibility check On IDelay | Checksum: 4589089f

Time (s): cpu = 00:00:07 ; elapsed = 00:00:05 . Memory (MB): peak = 2025.926 ; gain = 150.055 ; free physical = 10654 ; free virtual = 21091

Phase 2.1.1.4 Commit IO Placement
Phase 2.1.1.4 Commit IO Placement | Checksum: 5ef13230

Time (s): cpu = 00:00:07 ; elapsed = 00:00:05 . Memory (MB): peak = 2025.926 ; gain = 150.055 ; free physical = 10654 ; free virtual = 21091
Phase 2.1.1 IO Placement/ Clock Placement/ Build Placer Device | Checksum: 7d861eb9

Time (s): cpu = 00:00:07 ; elapsed = 00:00:05 . Memory (MB): peak = 2025.926 ; gain = 150.055 ; free physical = 10654 ; free virtual = 21091

Phase 2.1.2 Build Placer Netlist Model

Phase 2.1.2.1 Place Init Design

Phase 2.1.2.1.1 Init Lut Pin Assignment
Phase 2.1.2.1.1 Init Lut Pin Assignment | Checksum: cf27a9ca

Time (s): cpu = 00:00:08 ; elapsed = 00:00:06 . Memory (MB): peak = 2025.926 ; gain = 150.055 ; free physical = 10631 ; free virtual = 21067
Phase 2.1.2.1 Place Init Design | Checksum: 1408cdf39

Time (s): cpu = 00:00:19 ; elapsed = 00:00:08 . Memory (MB): peak = 2025.926 ; gain = 150.055 ; free physical = 10631 ; free virtual = 21067
Phase 2.1.2 Build Placer Netlist Model | Checksum: 1408cdf39

Time (s): cpu = 00:00:19 ; elapsed = 00:00:08 . Memory (MB): peak = 2025.926 ; gain = 150.055 ; free physical = 10631 ; free virtual = 21067

Phase 2.1.3 Constrain Clocks/Macros

Phase 2.1.3.1 Constrain Global/Regional Clocks
Phase 2.1.3.1 Constrain Global/Regional Clocks | Checksum: 1408cdf39

Time (s): cpu = 00:00:19 ; elapsed = 00:00:08 . Memory (MB): peak = 2025.926 ; gain = 150.055 ; free physical = 10631 ; free virtual = 21067
Phase 2.1.3 Constrain Clocks/Macros | Checksum: 1408cdf39

Time (s): cpu = 00:00:19 ; elapsed = 00:00:08 . Memory (MB): peak = 2025.926 ; gain = 150.055 ; free physical = 10631 ; free virtual = 21067
Phase 2.1 Placer Initialization Core | Checksum: 1408cdf39

Time (s): cpu = 00:00:19 ; elapsed = 00:00:08 . Memory (MB): peak = 2025.926 ; gain = 150.055 ; free physical = 10631 ; free virtual = 21067
Phase 2 Placer Initialization | Checksum: 1408cdf39

Time (s): cpu = 00:00:19 ; elapsed = 00:00:08 . Memory (MB): peak = 2025.926 ; gain = 150.055 ; free physical = 10631 ; free virtual = 21067

Phase 3 Global Placement
Phase 3 Global Placement | Checksum: ec223441

Time (s): cpu = 00:00:44 ; elapsed = 00:00:18 . Memory (MB): peak = 2071.184 ; gain = 195.312 ; free physical = 10618 ; free virtual = 21055

Phase 4 Detail Placement

Phase 4.1 Commit Multi Column Macros
Phase 4.1 Commit Multi Column Macros | Checksum: ec223441

Time (s): cpu = 00:00:44 ; elapsed = 00:00:18 . Memory (MB): peak = 2071.184 ; gain = 195.312 ; free physical = 10618 ; free virtual = 21055

Phase 4.2 Commit Most Macros & LUTRAMs
Phase 4.2 Commit Most Macros & LUTRAMs | Checksum: 1070b8a5a

Time (s): cpu = 00:00:52 ; elapsed = 00:00:21 . Memory (MB): peak = 2071.184 ; gain = 195.312 ; free physical = 10610 ; free virtual = 21047

Phase 4.3 Area Swap Optimization
Phase 4.3 Area Swap Optimization | Checksum: 13372d01b

Time (s): cpu = 00:00:52 ; elapsed = 00:00:21 . Memory (MB): peak = 2071.184 ; gain = 195.312 ; free physical = 10610 ; free virtual = 21047

Phase 4.4 updateClock Trees: DP
Phase 4.4 updateClock Trees: DP | Checksum: 13372d01b

Time (s): cpu = 00:00:52 ; elapsed = 00:00:21 . Memory (MB): peak = 2071.184 ; gain = 195.312 ; free physical = 10610 ; free virtual = 21047

Phase 4.5 Timing Path Optimizer
Phase 4.5 Timing Path Optimizer | Checksum: df5f79d9

Time (s): cpu = 00:00:56 ; elapsed = 00:00:22 . Memory (MB): peak = 2071.184 ; gain = 195.312 ; free physical = 10610 ; free virtual = 21047

Phase 4.6 Small Shape Detail Placement

Phase 4.6.1 Commit Small Macros & Core Logic

Phase 4.6.1.1 setBudgets
Phase 4.6.1.1 setBudgets | Checksum: 1a89ab90f

Time (s): cpu = 00:00:56 ; elapsed = 00:00:22 . Memory (MB): peak = 2071.184 ; gain = 195.312 ; free physical = 10610 ; free virtual = 21047

Phase 4.6.1.2 Commit Slice Clusters
Phase 4.6.1.2 Commit Slice Clusters | Checksum: 17de42466

Time (s): cpu = 00:00:59 ; elapsed = 00:00:24 . Memory (MB): peak = 2071.184 ; gain = 195.312 ; free physical = 10601 ; free virtual = 21038
Phase 4.6.1 Commit Small Macros & Core Logic | Checksum: 17de42466

Time (s): cpu = 00:00:59 ; elapsed = 00:00:24 . Memory (MB): peak = 2071.184 ; gain = 195.312 ; free physical = 10601 ; free virtual = 21038

Phase 4.6.2 Clock Restriction Legalization for Leaf Columns
Phase 4.6.2 Clock Restriction Legalization for Leaf Columns | Checksum: 17de42466

Time (s): cpu = 00:00:59 ; elapsed = 00:00:25 . Memory (MB): peak = 2071.184 ; gain = 195.312 ; free physical = 10601 ; free virtual = 21037

Phase 4.6.3 Clock Restriction Legalization for Non-Clock Pins
Phase 4.6.3 Clock Restriction Legalization for Non-Clock Pins | Checksum: 17de42466

Time (s): cpu = 00:00:59 ; elapsed = 00:00:25 . Memory (MB): peak = 2071.184 ; gain = 195.312 ; free physical = 10600 ; free virtual = 21037
Phase 4.6 Small Shape Detail Placement | Checksum: 17de42466

Time (s): cpu = 00:00:59 ; elapsed = 00:00:25 . Memory (MB): peak = 2071.184 ; gain = 195.312 ; free physical = 10601 ; free virtual = 21037

Phase 4.7 Re-assign LUT pins
Phase 4.7 Re-assign LUT pins | Checksum: 17de42466

Time (s): cpu = 00:01:00 ; elapsed = 00:00:25 . Memory (MB): peak = 2071.184 ; gain = 195.312 ; free physical = 10600 ; free virtual = 21037
Phase 4 Detail Placement | Checksum: 17de42466

Time (s): cpu = 00:01:00 ; elapsed = 00:00:25 . Memory (MB): peak = 2071.184 ; gain = 195.312 ; free physical = 10600 ; free virtual = 21037

Phase 5 Post Placement Optimization and Clean-Up

Phase 5.1 PCOPT Shape updates
Phase 5.1 PCOPT Shape updates | Checksum: 14cfaae17

Time (s): cpu = 00:01:00 ; elapsed = 00:00:25 . Memory (MB): peak = 2071.184 ; gain = 195.312 ; free physical = 10600 ; free virtual = 21037

Phase 5.2 Post Commit Optimization

Phase 5.2.1 updateClock Trees: PCOPT
Phase 5.2.1 updateClock Trees: PCOPT | Checksum: 14cfaae17

Time (s): cpu = 00:01:00 ; elapsed = 00:00:25 . Memory (MB): peak = 2071.184 ; gain = 195.312 ; free physical = 10600 ; free virtual = 21037

Phase 5.2.2 Post Placement Optimization

Phase 5.2.2.1 Post Placement Timing Optimization

Phase 5.2.2.1.1 Restore Best Placement
Phase 5.2.2.1.1 Restore Best Placement | Checksum: 13d8ce260

Time (s): cpu = 00:01:05 ; elapsed = 00:00:27 . Memory (MB): peak = 2071.184 ; gain = 195.312 ; free physical = 10591 ; free virtual = 21027
INFO: [Place 30-746] Post Placement Timing Summary WNS=0.511. For the most accurate timing information please run report_timing.
Phase 5.2.2.1 Post Placement Timing Optimization | Checksum: 13d8ce260

Time (s): cpu = 00:01:05 ; elapsed = 00:00:27 . Memory (MB): peak = 2071.184 ; gain = 195.312 ; free physical = 10591 ; free virtual = 21027
Phase 5.2.2 Post Placement Optimization | Checksum: 13d8ce260

Time (s): cpu = 00:01:05 ; elapsed = 00:00:27 . Memory (MB): peak = 2071.184 ; gain = 195.312 ; free physical = 10591 ; free virtual = 21027
Phase 5.2 Post Commit Optimization | Checksum: 13d8ce260

Time (s): cpu = 00:01:05 ; elapsed = 00:00:27 . Memory (MB): peak = 2071.184 ; gain = 195.312 ; free physical = 10591 ; free virtual = 21027

Phase 5.3 Sweep Clock Roots: Post-Placement
Phase 5.3 Sweep Clock Roots: Post-Placement | Checksum: 13d8ce260

Time (s): cpu = 00:01:05 ; elapsed = 00:00:27 . Memory (MB): peak = 2071.184 ; gain = 195.312 ; free physical = 10591 ; free virtual = 21027

Phase 5.4 Post Placement Cleanup
Phase 5.4 Post Placement Cleanup | Checksum: 13d8ce260

Time (s): cpu = 00:01:05 ; elapsed = 00:00:27 . Memory (MB): peak = 2071.184 ; gain = 195.312 ; free physical = 10591 ; free virtual = 21027

Phase 5.5 Placer Reporting

Phase 5.5.1 Restore STA
Phase 5.5.1 Restore STA | Checksum: 13d8ce260

Time (s): cpu = 00:01:05 ; elapsed = 00:00:27 . Memory (MB): peak = 2071.184 ; gain = 195.312 ; free physical = 10591 ; free virtual = 21027
Phase 5.5 Placer Reporting | Checksum: 13d8ce260

Time (s): cpu = 00:01:05 ; elapsed = 00:00:27 . Memory (MB): peak = 2071.184 ; gain = 195.312 ; free physical = 10591 ; free virtual = 21027

Phase 5.6 Final Placement Cleanup
Phase 5.6 Final Placement Cleanup | Checksum: 17e981cdf

Time (s): cpu = 00:01:06 ; elapsed = 00:00:27 . Memory (MB): peak = 2071.184 ; gain = 195.312 ; free physical = 10591 ; free virtual = 21027
Phase 5 Post Placement Optimization and Clean-Up | Checksum: 17e981cdf

Time (s): cpu = 00:01:06 ; elapsed = 00:00:28 . Memory (MB): peak = 2071.184 ; gain = 195.312 ; free physical = 10591 ; free virtual = 21027
Ending Placer Task | Checksum: c0b79e34

Time (s): cpu = 00:01:06 ; elapsed = 00:00:28 . Memory (MB): peak = 2071.184 ; gain = 195.312 ; free physical = 10591 ; free virtual = 21027
INFO: [Common 17-83] Releasing license: Implementation
43 Infos, 25 Warnings, 0 Critical Warnings and 0 Errors encountered.
place_design completed successfully
place_design: Time (s): cpu = 00:01:07 ; elapsed = 00:00:29 . Memory (MB): peak = 2071.184 ; gain = 195.312 ; free physical = 10591 ; free virtual = 21027
Writing placer database...
Writing XDEF routing.
Writing XDEF routing logical nets.
Writing XDEF routing special nets.
Write XDEF Complete: Time (s): cpu = 00:00:02 ; elapsed = 00:00:01 . Memory (MB): peak = 2071.184 ; gain = 0.000 ; free physical = 10559 ; free virtual = 21026
report_io: Time (s): cpu = 00:00:00.06 ; elapsed = 00:00:00.09 . Memory (MB): peak = 2071.184 ; gain = 0.000 ; free physical = 10582 ; free virtual = 21024
report_utilization: Time (s): cpu = 00:00:00.31 ; elapsed = 00:00:00.33 . Memory (MB): peak = 2071.184 ; gain = 0.000 ; free physical = 10583 ; free virtual = 21025
report_control_sets: Time (s): cpu = 00:00:00.04 ; elapsed = 00:00:00.07 . Memory (MB): peak = 2071.184 ; gain = 0.000 ; free physical = 10582 ; free virtual = 21025
Command: route_design
Attempting to get a license for feature 'Implementation' and/or device 'xc7z020'
INFO: [Common 17-349] Got license for feature 'Implementation' and/or device 'xc7z020'
Running DRC as a precondition to command route_design
INFO: [Drc 23-27] Running DRC with 8 threads
WARNING: [Drc 23-20] Rule violation (PLIO-7) Placement Constraints Check for IO constraints - An IO Bus FIXED_IO_mio[53:0] with more than one IO standard is found. Components associated with this bus are:  FIXED_IO_mio[53] of IOStandard LVCMOS18; FIXED_IO_mio[52] of IOStandard LVCMOS18; FIXED_IO_mio[51] of IOStandard LVCMOS18; FIXED_IO_mio[50] of IOStandard LVCMOS18; FIXED_IO_mio[49] of IOStandard LVCMOS18; FIXED_IO_mio[48] of IOStandard LVCMOS18; FIXED_IO_mio[47] of IOStandard LVCMOS18; FIXED_IO_mio[46] of IOStandard LVCMOS18; FIXED_IO_mio[45] of IOStandard LVCMOS18; FIXED_IO_mio[44] of IOStandard LVCMOS18; FIXED_IO_mio[43] of IOStandard LVCMOS18; FIXED_IO_mio[42] of IOStandard LVCMOS18; FIXED_IO_mio[41] of IOStandard LVCMOS18; FIXED_IO_mio[40] of IOStandard LVCMOS18; FIXED_IO_mio[39] of IOStandard LVCMOS18; FIXED_IO_mio[38] of IOStandard LVCMOS18; FIXED_IO_mio[37] of IOStandard LVCMOS18; FIXED_IO_mio[36] of IOStandard LVCMOS18; FIXED_IO_mio[35] of IOStandard LVCMOS18; FIXED_IO_mio[34] of IOStandard LVCMOS18; FIXED_IO_mio[33] of IOStandard LVCMOS18; FIXED_IO_mio[32] of IOStandard LVCMOS18; FIXED_IO_mio[31] of IOStandard LVCMOS18; FIXED_IO_mio[30] of IOStandard LVCMOS18; FIXED_IO_mio[29] of IOStandard LVCMOS18; FIXED_IO_mio[28] of IOStandard LVCMOS18; FIXED_IO_mio[27] of IOStandard LVCMOS18; FIXED_IO_mio[26] of IOStandard LVCMOS18; FIXED_IO_mio[25] of IOStandard LVCMOS18; FIXED_IO_mio[24] of IOStandard LVCMOS18; FIXED_IO_mio[23] of IOStandard LVCMOS18; FIXED_IO_mio[22] of IOStandard LVCMOS18; FIXED_IO_mio[21] of IOStandard LVCMOS18; FIXED_IO_mio[20] of IOStandard LVCMOS18; FIXED_IO_mio[19] of IOStandard LVCMOS18; FIXED_IO_mio[18] of IOStandard LVCMOS18; FIXED_IO_mio[17] of IOStandard LVCMOS18; FIXED_IO_mio[16] of IOStandard LVCMOS18; FIXED_IO_mio[15] of IOStandard LVCMOS33; FIXED_IO_mio[14] of IOStandard LVCMOS33; FIXED_IO_mio[13] of IOStandard LVCMOS33; FIXED_IO_mio[12] of IOStandard LVCMOS33; FIXED_IO_mio[11] of IOStandard LVCMOS33; FIXED_IO_mio[10] of IOStandard LVCMOS33; FIXED_IO_mio[9] of IOStandard LVCMOS33; FIXED_IO_mio[8] of IOStandard LVCMOS33; FIXED_IO_mio[7] of IOStandard LVCMOS33; FIXED_IO_mio[6] of IOStandard LVCMOS33; FIXED_IO_mio[5] of IOStandard LVCMOS33; FIXED_IO_mio[4] of IOStandard LVCMOS33; FIXED_IO_mio[3] of IOStandard LVCMOS33; FIXED_IO_mio[2] of IOStandard LVCMOS33; FIXED_IO_mio[1] of IOStandard LVCMOS33; FIXED_IO_mio[0] of IOStandard LVCMOS33;
INFO: [Vivado_Tcl 4-198] DRC finished with 0 Errors, 1 Warnings
INFO: [Vivado_Tcl 4-199] Please refer to the DRC report (report_drc) for more information.


Starting Routing Task
INFO: [Route 35-254] Multithreading enabled for route_design using a maximum of 8 CPUs

Phase 1 Build RT Design
Phase 1 Build RT Design | Checksum: 16781543a

Time (s): cpu = 00:00:16 ; elapsed = 00:00:12 . Memory (MB): peak = 2130.945 ; gain = 59.762 ; free physical = 10482 ; free virtual = 20925

Phase 2 Router Initialization

Phase 2.1 Create Timer
Phase 2.1 Create Timer | Checksum: 16781543a

Time (s): cpu = 00:00:17 ; elapsed = 00:00:13 . Memory (MB): peak = 2130.945 ; gain = 59.762 ; free physical = 10480 ; free virtual = 20922

Phase 2.2 Pre Route Cleanup
Phase 2.2 Pre Route Cleanup | Checksum: 16781543a

Time (s): cpu = 00:00:17 ; elapsed = 00:00:13 . Memory (MB): peak = 2130.945 ; gain = 59.762 ; free physical = 10450 ; free virtual = 20892
 Number of Nodes with overlaps = 0

Phase 2.3 Update Timing
Phase 2.3 Update Timing | Checksum: 6619cfe0

Time (s): cpu = 00:00:27 ; elapsed = 00:00:16 . Memory (MB): peak = 2165.227 ; gain = 94.043 ; free physical = 10410 ; free virtual = 20852
INFO: [Route 35-57] Estimated Timing Summary | WNS=0.421  | TNS=0      | WHS=-0.302 | THS=-378   |

Phase 2 Router Initialization | Checksum: 1323ca8b6

Time (s): cpu = 00:00:32 ; elapsed = 00:00:17 . Memory (MB): peak = 2165.227 ; gain = 94.043 ; free physical = 10388 ; free virtual = 20830

Phase 3 Initial Routing
Phase 3 Initial Routing | Checksum: 1993d9041

Time (s): cpu = 00:00:37 ; elapsed = 00:00:18 . Memory (MB): peak = 2165.227 ; gain = 94.043 ; free physical = 10388 ; free virtual = 20830

Phase 4 Rip-up And Reroute

Phase 4.1 Global Iteration 0
 Number of Nodes with overlaps = 1669
 Number of Nodes with overlaps = 227
 Number of Nodes with overlaps = 55
 Number of Nodes with overlaps = 18
 Number of Nodes with overlaps = 5
 Number of Nodes with overlaps = 9
 Number of Nodes with overlaps = 5
 Number of Nodes with overlaps = 1
 Number of Nodes with overlaps = 0

Phase 4.1.1 Update Timing
Phase 4.1.1 Update Timing | Checksum: 1264d6a2a

Time (s): cpu = 00:00:52 ; elapsed = 00:00:23 . Memory (MB): peak = 2165.227 ; gain = 94.043 ; free physical = 10387 ; free virtual = 20829
INFO: [Route 35-57] Estimated Timing Summary | WNS=0.148  | TNS=0      | WHS=N/A    | THS=N/A    |

Phase 4.1 Global Iteration 0 | Checksum: 107bbaa01

Time (s): cpu = 00:00:53 ; elapsed = 00:00:23 . Memory (MB): peak = 2165.227 ; gain = 94.043 ; free physical = 10387 ; free virtual = 20829

Phase 4.2 Global Iteration 1
 Number of Nodes with overlaps = 1
 Number of Nodes with overlaps = 3
 Number of Nodes with overlaps = 0

Phase 4.2.1 Update Timing
Phase 4.2.1 Update Timing | Checksum: 8773e5b9

Time (s): cpu = 00:00:54 ; elapsed = 00:00:24 . Memory (MB): peak = 2165.227 ; gain = 94.043 ; free physical = 10387 ; free virtual = 20829
INFO: [Route 35-57] Estimated Timing Summary | WNS=0.148  | TNS=0      | WHS=N/A    | THS=N/A    |

Phase 4.2 Global Iteration 1 | Checksum: 141fadcc7

Time (s): cpu = 00:00:54 ; elapsed = 00:00:24 . Memory (MB): peak = 2165.227 ; gain = 94.043 ; free physical = 10387 ; free virtual = 20829
Phase 4 Rip-up And Reroute | Checksum: 141fadcc7

Time (s): cpu = 00:00:54 ; elapsed = 00:00:24 . Memory (MB): peak = 2165.227 ; gain = 94.043 ; free physical = 10387 ; free virtual = 20829

Phase 5 Delay CleanUp

Phase 5.1 Update Timing
Phase 5.1 Update Timing | Checksum: 92fff903

Time (s): cpu = 00:00:56 ; elapsed = 00:00:24 . Memory (MB): peak = 2165.227 ; gain = 94.043 ; free physical = 10387 ; free virtual = 20829
INFO: [Route 35-57] Estimated Timing Summary | WNS=0.162  | TNS=0      | WHS=N/A    | THS=N/A    |

Phase 5 Delay CleanUp | Checksum: 92fff903

Time (s): cpu = 00:00:56 ; elapsed = 00:00:24 . Memory (MB): peak = 2165.227 ; gain = 94.043 ; free physical = 10387 ; free virtual = 20829

Phase 6 Clock Skew Optimization
Phase 6 Clock Skew Optimization | Checksum: 92fff903

Time (s): cpu = 00:00:56 ; elapsed = 00:00:24 . Memory (MB): peak = 2165.227 ; gain = 94.043 ; free physical = 10387 ; free virtual = 20829

Phase 7 Post Hold Fix

Phase 7.1 Update Timing
Phase 7.1 Update Timing | Checksum: 1594bf762

Time (s): cpu = 00:00:58 ; elapsed = 00:00:25 . Memory (MB): peak = 2165.227 ; gain = 94.043 ; free physical = 10387 ; free virtual = 20829
INFO: [Route 35-57] Estimated Timing Summary | WNS=0.162  | TNS=0      | WHS=0.018  | THS=0      |

Phase 7 Post Hold Fix | Checksum: 86b644e8

Time (s): cpu = 00:00:58 ; elapsed = 00:00:25 . Memory (MB): peak = 2165.227 ; gain = 94.043 ; free physical = 10387 ; free virtual = 20829

Phase 8 Route finalize

Router Utilization Summary
  Global Vertical Routing Utilization    = 3.73807 %
  Global Horizontal Routing Utilization  = 5.58283 %
  Routable Net Status*
  *Does not include unroutable nets such as driverless and loadless.
  Run report_route_status for detailed report.
  Number of Failed Nets               = 0
  Number of Unrouted Nets             = 0
  Number of Partially Routed Nets     = 0
  Number of Node Overlaps             = 0

Phase 8 Route finalize | Checksum: d1b774f3

Time (s): cpu = 00:00:58 ; elapsed = 00:00:25 . Memory (MB): peak = 2165.227 ; gain = 94.043 ; free physical = 10387 ; free virtual = 20829

Phase 9 Verifying routed nets

 Verification completed successfully
Phase 9 Verifying routed nets | Checksum: d1b774f3

Time (s): cpu = 00:00:58 ; elapsed = 00:00:25 . Memory (MB): peak = 2165.227 ; gain = 94.043 ; free physical = 10387 ; free virtual = 20829

Phase 10 Depositing Routes
Phase 10 Depositing Routes | Checksum: 10da08759

Time (s): cpu = 00:00:59 ; elapsed = 00:00:26 . Memory (MB): peak = 2165.227 ; gain = 94.043 ; free physical = 10388 ; free virtual = 20831

Phase 11 Post Router Timing
INFO: [Route 35-57] Estimated Timing Summary | WNS=0.162  | TNS=0      | WHS=0.018  | THS=0      |

INFO: [Route 35-327] The final timing numbers are based on the router estimated timing analysis. For a complete and accurate timing signoff, please run report_timing_summary.
Phase 11 Post Router Timing | Checksum: 10da08759

Time (s): cpu = 00:00:59 ; elapsed = 00:00:26 . Memory (MB): peak = 2165.227 ; gain = 94.043 ; free physical = 10388 ; free virtual = 20831
INFO: [Route 35-16] Router Completed Successfully

Routing Is Done.

Time (s): cpu = 00:00:59 ; elapsed = 00:00:26 . Memory (MB): peak = 2165.227 ; gain = 94.043 ; free physical = 10388 ; free virtual = 20831
INFO: [Common 17-83] Releasing license: Implementation
57 Infos, 26 Warnings, 0 Critical Warnings and 0 Errors encountered.
route_design completed successfully
route_design: Time (s): cpu = 00:01:01 ; elapsed = 00:00:27 . Memory (MB): peak = 2165.227 ; gain = 94.043 ; free physical = 10388 ; free virtual = 20831
Writing placer database...
Writing XDEF routing.
Writing XDEF routing logical nets.
Writing XDEF routing special nets.
Write XDEF Complete: Time (s): cpu = 00:00:02 ; elapsed = 00:00:01 . Memory (MB): peak = 2177.363 ; gain = 0.000 ; free physical = 10350 ; free virtual = 20831
INFO: [Drc 23-27] Running DRC with 8 threads
INFO: [Coretcl 2-168] The results of DRC are in file /home/trungnguyen/SDSoC/thesis/SDRelease/_sds/p0/ipi/zed.runs/impl_1/zed_wrapper_drc_routed.rpt.
INFO: [Timing 38-91] UpdateTimingParams: Speed grade: -1, Delay Type: min_max.
INFO: [Timing 38-191] Multithreading enabled for timing update using a maximum of 8 CPUs
Running Vector-less Activity Propagation...

Finished Running Vector-less Activity Propagation
Attempting to get a license for feature 'Implementation' and/or device 'xc7z020'
INFO: [Common 17-349] Got license for feature 'Implementation' and/or device 'xc7z020'
Running DRC as a precondition to command write_bitstream
INFO: [Drc 23-27] Running DRC with 8 threads
WARNING: [Drc 23-20] Rule violation (CFGBVS-1) Missing CFGBVS and CONFIG_VOLTAGE Design Properties - Neither the CFGBVS nor CONFIG_VOLTAGE voltage property is set in the current_design.  Configuration bank voltage select (CFGBVS) must be set to VCCO or GND, and CONFIG_VOLTAGE must be set to the correct configuration voltage, in order to determine the I/O voltage support for the pins in bank 0.  It is suggested to specify these either using the 'Edit Device Properties' function in the GUI or directly in the XDC file using the following syntax:

 set_property CFGBVS value1 [current_design]
 #where value1 is either VCCO or GND

 set_property CONFIG_VOLTAGE value2 [current_design]
 #where value2 is the voltage provided to configuration bank 0

Refer to the device configuration user guide for more information.
WARNING: [Drc 23-20] Rule violation (DPIP-1) Input pipelining - DSP zed_i/correlation_accel_v1_0/inst/correlation_accel_v1_fadd_32ns_32ns_32_9_full_dsp_U3/correlation_accel_v1_ap_fadd_7_full_dsp_32_u/U0/i_synth/ADDSUB_OP.ADDSUB/SPEED_OP.DSP.OP/DSP48E1_BODY.NORM_RND/SHIFT_RND/DSP input B is not pipelined. Pipelining DSP48 input will improve performance.
WARNING: [Drc 23-20] Rule violation (DPIP-1) Input pipelining - DSP zed_i/correlation_accel_v1_0/inst/correlation_accel_v1_fadd_32ns_32ns_32_9_full_dsp_U4/correlation_accel_v1_ap_fadd_7_full_dsp_32_u/U0/i_synth/ADDSUB_OP.ADDSUB/SPEED_OP.DSP.OP/DSP48E1_BODY.NORM_RND/SHIFT_RND/DSP input B is not pipelined. Pipelining DSP48 input will improve performance.
WARNING: [Drc 23-20] Rule violation (DPIP-1) Input pipelining - DSP zed_i/correlation_accel_v1_0/inst/correlation_accel_v1_faddfsub_32ns_32ns_32_9_full_dsp_U1/correlation_accel_v1_ap_faddfsub_7_full_dsp_32_u/U0/i_synth/ADDSUB_OP.ADDSUB/SPEED_OP.DSP.OP/DSP48E1_BODY.NORM_RND/SHIFT_RND/DSP input B is not pipelined. Pipelining DSP48 input will improve performance.
WARNING: [Drc 23-20] Rule violation (DPIP-1) Input pipelining - DSP zed_i/correlation_accel_v1_0/inst/correlation_accel_v1_faddfsub_32ns_32ns_32_9_full_dsp_U2/correlation_accel_v1_ap_faddfsub_7_full_dsp_32_u/U0/i_synth/ADDSUB_OP.ADDSUB/SPEED_OP.DSP.OP/DSP48E1_BODY.NORM_RND/SHIFT_RND/DSP input B is not pipelined. Pipelining DSP48 input will improve performance.
WARNING: [Drc 23-20] Rule violation (DPIP-1) Input pipelining - DSP zed_i/correlation_accel_v1_0/inst/correlation_accel_v1_flog_32ns_32ns_32_18_full_dsp_U14/correlation_accel_v1_ap_flog_16_full_dsp_32_u/U0/i_synth/LOG_OP.OP/rr/mul/gen_iter[1].rr_mult/bez_add/dsp.one.dsp48e1_add/DSP input A B C is not pipelined. Pipelining DSP48 input will improve performance.
WARNING: [Drc 23-20] Rule violation (DPIP-1) Input pipelining - DSP zed_i/correlation_accel_v1_0/inst/correlation_accel_v1_flog_32ns_32ns_32_18_full_dsp_U14/correlation_accel_v1_ap_flog_16_full_dsp_32_u/U0/i_synth/LOG_OP.OP/rr/mul/gen_iter[1].rr_mult/zi_add_no_combined_adder.zi_add/dsp.one.dsp48e1_add/DSP input A B C is not pipelined. Pipelining DSP48 input will improve performance.
WARNING: [Drc 23-20] Rule violation (DPIP-1) Input pipelining - DSP zed_i/correlation_accel_v1_0/inst/correlation_accel_v1_flog_32ns_32ns_32_18_full_dsp_U14/correlation_accel_v1_ap_flog_16_full_dsp_32_u/U0/i_synth/LOG_OP.OP/rr/mul/gen_iter[2].rr_mult/zi_add_no_combined_adder.zi_add/dsp.one.dsp48e1_add/DSP input A B C is not pipelined. Pipelining DSP48 input will improve performance.
WARNING: [Drc 23-20] Rule violation (DPIP-1) Input pipelining - DSP zed_i/correlation_accel_v1_0/inst/correlation_accel_v1_flog_32ns_32ns_32_18_full_dsp_U14/correlation_accel_v1_ap_flog_16_full_dsp_32_u/U0/i_synth/LOG_OP.OP/rr/mul/z1_mult/gDSP.gDSP_only.iDSP/inferred_dsp.reg_mult.m_reg_reg input A B is not pipelined. Pipelining DSP48 input will improve performance.
WARNING: [Drc 23-20] Rule violation (DPIP-1) Input pipelining - DSP zed_i/correlation_accel_v1_0/inst/correlation_accel_v1_flog_32ns_32ns_32_18_full_dsp_U14/correlation_accel_v1_ap_flog_16_full_dsp_32_u/U0/i_synth/LOG_OP.OP/taylor/squarer/gDSP.gDSP_only.iDSP/inferred_dsp.reg_mult.m_reg_reg input A B is not pipelined. Pipelining DSP48 input will improve performance.
WARNING: [Drc 23-20] Rule violation (DPIP-1) Input pipelining - DSP zed_i/correlation_accel_v1_0/inst/correlation_accel_v1_flog_32ns_32ns_32_18_full_dsp_U14/correlation_accel_v1_ap_flog_16_full_dsp_32_u/U0/i_synth/LOG_OP.OP/taylor/z_plus_L_adder/dsp.one.dsp48e1_add/DSP input A B C is not pipelined. Pipelining DSP48 input will improve performance.
WARNING: [Drc 23-20] Rule violation (DPIP-1) Input pipelining - DSP zed_i/correlation_accel_v1_0/inst/correlation_accel_v1_fmul_32ns_32ns_32_5_max_dsp_U5/correlation_accel_v1_ap_fmul_3_max_dsp_32_u/U0/i_synth/MULT.OP/MULT/DSP48E1_SPD_SGL_VARIANT.FIX_MULT/DSP1/DSP input A B is not pipelined. Pipelining DSP48 input will improve performance.
WARNING: [Drc 23-20] Rule violation (DPIP-1) Input pipelining - DSP zed_i/correlation_accel_v1_0/inst/correlation_accel_v1_fmul_32ns_32ns_32_5_max_dsp_U5/correlation_accel_v1_ap_fmul_3_max_dsp_32_u/U0/i_synth/MULT.OP/R_AND_R/LAT_OPT.FULL.R_AND_R/DSP48E1_SGL_EXP_IP.OLD_ADD.ADD/DSP input A is not pipelined. Pipelining DSP48 input will improve performance.
WARNING: [Drc 23-20] Rule violation (DPIP-1) Input pipelining - DSP zed_i/correlation_accel_v1_0/inst/correlation_accel_v1_fmul_32ns_32ns_32_5_max_dsp_U6/correlation_accel_v1_ap_fmul_3_max_dsp_32_u/U0/i_synth/MULT.OP/MULT/DSP48E1_SPD_SGL_VARIANT.FIX_MULT/DSP1/DSP input A B is not pipelined. Pipelining DSP48 input will improve performance.
WARNING: [Drc 23-20] Rule violation (DPIP-1) Input pipelining - DSP zed_i/correlation_accel_v1_0/inst/correlation_accel_v1_fmul_32ns_32ns_32_5_max_dsp_U6/correlation_accel_v1_ap_fmul_3_max_dsp_32_u/U0/i_synth/MULT.OP/R_AND_R/LAT_OPT.FULL.R_AND_R/DSP48E1_SGL_EXP_IP.OLD_ADD.ADD/DSP input A is not pipelined. Pipelining DSP48 input will improve performance.
WARNING: [Drc 23-20] Rule violation (DPIP-1) Input pipelining - DSP zed_i/correlation_accel_v1_0/inst/correlation_accel_v1_fmul_32ns_32ns_32_5_max_dsp_U7/correlation_accel_v1_ap_fmul_3_max_dsp_32_u/U0/i_synth/MULT.OP/MULT/DSP48E1_SPD_SGL_VARIANT.FIX_MULT/DSP1/DSP input A B is not pipelined. Pipelining DSP48 input will improve performance.
WARNING: [Drc 23-20] Rule violation (DPIP-1) Input pipelining - DSP zed_i/correlation_accel_v1_0/inst/correlation_accel_v1_fmul_32ns_32ns_32_5_max_dsp_U7/correlation_accel_v1_ap_fmul_3_max_dsp_32_u/U0/i_synth/MULT.OP/R_AND_R/LAT_OPT.FULL.R_AND_R/DSP48E1_SGL_EXP_IP.OLD_ADD.ADD/DSP input A is not pipelined. Pipelining DSP48 input will improve performance.
WARNING: [Drc 23-20] Rule violation (DPIP-1) Input pipelining - DSP zed_i/correlation_accel_v1_0/inst/correlation_accel_v1_fmul_32ns_32ns_32_5_max_dsp_U8/correlation_accel_v1_ap_fmul_3_max_dsp_32_u/U0/i_synth/MULT.OP/MULT/DSP48E1_SPD_SGL_VARIANT.FIX_MULT/DSP1/DSP input A B is not pipelined. Pipelining DSP48 input will improve performance.
WARNING: [Drc 23-20] Rule violation (DPIP-1) Input pipelining - DSP zed_i/correlation_accel_v1_0/inst/correlation_accel_v1_fmul_32ns_32ns_32_5_max_dsp_U8/correlation_accel_v1_ap_fmul_3_max_dsp_32_u/U0/i_synth/MULT.OP/R_AND_R/LAT_OPT.FULL.R_AND_R/DSP48E1_SGL_EXP_IP.OLD_ADD.ADD/DSP input A is not pipelined. Pipelining DSP48 input will improve performance.
WARNING: [Drc 23-20] Rule violation (DPOP-1) Output pipelining - DSP zed_i/correlation_accel_v1_0/inst/correlation_accel_v1_fadd_32ns_32ns_32_9_full_dsp_U3/correlation_accel_v1_ap_fadd_7_full_dsp_32_u/U0/i_synth/ADDSUB_OP.ADDSUB/SPEED_OP.DSP.OP/DSP48E1_BODY.ALIGN_ADD/DSP2/DSP output P is not pipelined. Pipelining DSP48 output will improve performance. Both multiplier/adder output can be pipelined.
WARNING: [Drc 23-20] Rule violation (DPOP-1) Output pipelining - DSP zed_i/correlation_accel_v1_0/inst/correlation_accel_v1_fadd_32ns_32ns_32_9_full_dsp_U3/correlation_accel_v1_ap_fadd_7_full_dsp_32_u/U0/i_synth/ADDSUB_OP.ADDSUB/SPEED_OP.DSP.OP/DSP48E1_BODY.NORM_RND/SHIFT_RND/DSP output P is not pipelined. Pipelining DSP48 output will improve performance. Both multiplier/adder output can be pipelined.
WARNING: [Drc 23-20] Rule violation (DPOP-1) Output pipelining - DSP zed_i/correlation_accel_v1_0/inst/correlation_accel_v1_fadd_32ns_32ns_32_9_full_dsp_U4/correlation_accel_v1_ap_fadd_7_full_dsp_32_u/U0/i_synth/ADDSUB_OP.ADDSUB/SPEED_OP.DSP.OP/DSP48E1_BODY.ALIGN_ADD/DSP2/DSP output P is not pipelined. Pipelining DSP48 output will improve performance. Both multiplier/adder output can be pipelined.
WARNING: [Drc 23-20] Rule violation (DPOP-1) Output pipelining - DSP zed_i/correlation_accel_v1_0/inst/correlation_accel_v1_fadd_32ns_32ns_32_9_full_dsp_U4/correlation_accel_v1_ap_fadd_7_full_dsp_32_u/U0/i_synth/ADDSUB_OP.ADDSUB/SPEED_OP.DSP.OP/DSP48E1_BODY.NORM_RND/SHIFT_RND/DSP output P is not pipelined. Pipelining DSP48 output will improve performance. Both multiplier/adder output can be pipelined.
WARNING: [Drc 23-20] Rule violation (DPOP-1) Output pipelining - DSP zed_i/correlation_accel_v1_0/inst/correlation_accel_v1_faddfsub_32ns_32ns_32_9_full_dsp_U1/correlation_accel_v1_ap_faddfsub_7_full_dsp_32_u/U0/i_synth/ADDSUB_OP.ADDSUB/SPEED_OP.DSP.OP/DSP48E1_BODY.ALIGN_ADD/DSP2/DSP output P is not pipelined. Pipelining DSP48 output will improve performance. Both multiplier/adder output can be pipelined.
WARNING: [Drc 23-20] Rule violation (DPOP-1) Output pipelining - DSP zed_i/correlation_accel_v1_0/inst/correlation_accel_v1_faddfsub_32ns_32ns_32_9_full_dsp_U1/correlation_accel_v1_ap_faddfsub_7_full_dsp_32_u/U0/i_synth/ADDSUB_OP.ADDSUB/SPEED_OP.DSP.OP/DSP48E1_BODY.NORM_RND/SHIFT_RND/DSP output P is not pipelined. Pipelining DSP48 output will improve performance. Both multiplier/adder output can be pipelined.
WARNING: [Drc 23-20] Rule violation (DPOP-1) Output pipelining - DSP zed_i/correlation_accel_v1_0/inst/correlation_accel_v1_faddfsub_32ns_32ns_32_9_full_dsp_U2/correlation_accel_v1_ap_faddfsub_7_full_dsp_32_u/U0/i_synth/ADDSUB_OP.ADDSUB/SPEED_OP.DSP.OP/DSP48E1_BODY.ALIGN_ADD/DSP2/DSP output P is not pipelined. Pipelining DSP48 output will improve performance. Both multiplier/adder output can be pipelined.
WARNING: [Drc 23-20] Rule violation (DPOP-1) Output pipelining - DSP zed_i/correlation_accel_v1_0/inst/correlation_accel_v1_faddfsub_32ns_32ns_32_9_full_dsp_U2/correlation_accel_v1_ap_faddfsub_7_full_dsp_32_u/U0/i_synth/ADDSUB_OP.ADDSUB/SPEED_OP.DSP.OP/DSP48E1_BODY.NORM_RND/SHIFT_RND/DSP output P is not pipelined. Pipelining DSP48 output will improve performance. Both multiplier/adder output can be pipelined.
WARNING: [Drc 23-20] Rule violation (DPOP-1) Output pipelining - DSP zed_i/correlation_accel_v1_0/inst/correlation_accel_v1_flog_32ns_32ns_32_18_full_dsp_U14/correlation_accel_v1_ap_flog_16_full_dsp_32_u/U0/i_synth/LOG_OP.OP/rr/L_path/g_adders[0].add/dsp.one.dsp48e1_add/DSP output P is not pipelined. Pipelining DSP48 output will improve performance. Both multiplier/adder output can be pipelined.
WARNING: [Drc 23-20] Rule violation (DPOP-1) Output pipelining - DSP zed_i/correlation_accel_v1_0/inst/correlation_accel_v1_flog_32ns_32ns_32_18_full_dsp_U14/correlation_accel_v1_ap_flog_16_full_dsp_32_u/U0/i_synth/LOG_OP.OP/rr/L_path/g_adders[1].add/dsp.one.dsp48e1_add/DSP output P is not pipelined. Pipelining DSP48 output will improve performance. Both multiplier/adder output can be pipelined.
WARNING: [Drc 23-20] Rule violation (DPOP-1) Output pipelining - DSP zed_i/correlation_accel_v1_0/inst/correlation_accel_v1_flog_32ns_32ns_32_18_full_dsp_U14/correlation_accel_v1_ap_flog_16_full_dsp_32_u/U0/i_synth/LOG_OP.OP/rr/mul/gen_iter[1].rr_mult/bez_add/dsp.one.dsp48e1_add/DSP output P is not pipelined. Pipelining DSP48 output will improve performance. Both multiplier/adder output can be pipelined.
WARNING: [Drc 23-20] Rule violation (DPOP-1) Output pipelining - DSP zed_i/correlation_accel_v1_0/inst/correlation_accel_v1_flog_32ns_32ns_32_18_full_dsp_U14/correlation_accel_v1_ap_flog_16_full_dsp_32_u/U0/i_synth/LOG_OP.OP/rr/mul/gen_iter[1].rr_mult/zi_add_no_combined_adder.zi_add/dsp.one.dsp48e1_add/DSP output P is not pipelined. Pipelining DSP48 output will improve performance. Both multiplier/adder output can be pipelined.
WARNING: [Drc 23-20] Rule violation (DPOP-1) Output pipelining - DSP zed_i/correlation_accel_v1_0/inst/correlation_accel_v1_flog_32ns_32ns_32_18_full_dsp_U14/correlation_accel_v1_ap_flog_16_full_dsp_32_u/U0/i_synth/LOG_OP.OP/rr/mul/gen_iter[2].rr_mult/az_mult_no_combined_adder.az_mult/gDSP.gDSP_only.iDSP/inferred_dsp.reg_mult.m_reg_reg output P is not pipelined. Pipelining DSP48 output will improve performance. Both multiplier/adder output can be pipelined.
WARNING: [Drc 23-20] Rule violation (DPOP-1) Output pipelining - DSP zed_i/correlation_accel_v1_0/inst/correlation_accel_v1_flog_32ns_32ns_32_18_full_dsp_U14/correlation_accel_v1_ap_flog_16_full_dsp_32_u/U0/i_synth/LOG_OP.OP/rr/mul/gen_iter[2].rr_mult/bez_add/dsp.one.dsp48e1_add/DSP output P is not pipelined. Pipelining DSP48 output will improve performance. Both multiplier/adder output can be pipelined.
WARNING: [Drc 23-20] Rule violation (DPOP-1) Output pipelining - DSP zed_i/correlation_accel_v1_0/inst/correlation_accel_v1_flog_32ns_32ns_32_18_full_dsp_U14/correlation_accel_v1_ap_flog_16_full_dsp_32_u/U0/i_synth/LOG_OP.OP/rr/mul/gen_iter[2].rr_mult/zi_add_no_combined_adder.zi_add/dsp.one.dsp48e1_add/DSP output P is not pipelined. Pipelining DSP48 output will improve performance. Both multiplier/adder output can be pipelined.
WARNING: [Drc 23-20] Rule violation (DPOP-1) Output pipelining - DSP zed_i/correlation_accel_v1_0/inst/correlation_accel_v1_flog_32ns_32ns_32_18_full_dsp_U14/correlation_accel_v1_ap_flog_16_full_dsp_32_u/U0/i_synth/LOG_OP.OP/rr/mul/z1_mult/gDSP.gDSP_only.iDSP/inferred_dsp.reg_mult.m_reg_reg output P is not pipelined. Pipelining DSP48 output will improve performance. Both multiplier/adder output can be pipelined.
WARNING: [Drc 23-20] Rule violation (DPOP-1) Output pipelining - DSP zed_i/correlation_accel_v1_0/inst/correlation_accel_v1_flog_32ns_32ns_32_18_full_dsp_U14/correlation_accel_v1_ap_flog_16_full_dsp_32_u/U0/i_synth/LOG_OP.OP/taylor/gen_combiner_dsp48.addsub_comb/dsp.one.dsp48e1_add/DSP output P is not pipelined. Pipelining DSP48 output will improve performance. Both multiplier/adder output can be pipelined.
WARNING: [Drc 23-20] Rule violation (DPOP-1) Output pipelining - DSP zed_i/correlation_accel_v1_0/inst/correlation_accel_v1_flog_32ns_32ns_32_18_full_dsp_U14/correlation_accel_v1_ap_flog_16_full_dsp_32_u/U0/i_synth/LOG_OP.OP/taylor/gen_sum_addsub_dsp48.sum_addsub/dsp.one.dsp48e1_add/DSP output P is not pipelined. Pipelining DSP48 output will improve performance. Both multiplier/adder output can be pipelined.
WARNING: [Drc 23-20] Rule violation (DPOP-1) Output pipelining - DSP zed_i/correlation_accel_v1_0/inst/correlation_accel_v1_flog_32ns_32ns_32_18_full_dsp_U14/correlation_accel_v1_ap_flog_16_full_dsp_32_u/U0/i_synth/LOG_OP.OP/taylor/squarer/gDSP.gDSP_only.iDSP/inferred_dsp.reg_mult.m_reg_reg output P is not pipelined. Pipelining DSP48 output will improve performance. Both multiplier/adder output can be pipelined.
WARNING: [Drc 23-20] Rule violation (DPOP-1) Output pipelining - DSP zed_i/correlation_accel_v1_0/inst/correlation_accel_v1_flog_32ns_32ns_32_18_full_dsp_U14/correlation_accel_v1_ap_flog_16_full_dsp_32_u/U0/i_synth/LOG_OP.OP/taylor/z_plus_L_adder/dsp.one.dsp48e1_add/DSP output P is not pipelined. Pipelining DSP48 output will improve performance. Both multiplier/adder output can be pipelined.
WARNING: [Drc 23-20] Rule violation (DPOP-1) Output pipelining - DSP zed_i/correlation_accel_v1_0/inst/correlation_accel_v1_fmul_32ns_32ns_32_5_max_dsp_U5/correlation_accel_v1_ap_fmul_3_max_dsp_32_u/U0/i_synth/MULT.OP/MULT/DSP48E1_SPD_SGL_VARIANT.FIX_MULT/DSP1/DSP output P is not pipelined. Pipelining DSP48 output will improve performance. Both multiplier/adder output can be pipelined.
WARNING: [Drc 23-20] Rule violation (DPOP-1) Output pipelining - DSP zed_i/correlation_accel_v1_0/inst/correlation_accel_v1_fmul_32ns_32ns_32_5_max_dsp_U5/correlation_accel_v1_ap_fmul_3_max_dsp_32_u/U0/i_synth/MULT.OP/MULT/DSP48E1_SPD_SGL_VARIANT.FIX_MULT/DSP2/DSP output P is not pipelined. Pipelining DSP48 output will improve performance. Both multiplier/adder output can be pipelined.
WARNING: [Drc 23-20] Rule violation (DPOP-1) Output pipelining - DSP zed_i/correlation_accel_v1_0/inst/correlation_accel_v1_fmul_32ns_32ns_32_5_max_dsp_U5/correlation_accel_v1_ap_fmul_3_max_dsp_32_u/U0/i_synth/MULT.OP/R_AND_R/LAT_OPT.FULL.R_AND_R/DSP48E1_SGL_EXP_IP.OLD_ADD.ADD/DSP output P is not pipelined. Pipelining DSP48 output will improve performance. Both multiplier/adder output can be pipelined.
WARNING: [Drc 23-20] Rule violation (DPOP-1) Output pipelining - DSP zed_i/correlation_accel_v1_0/inst/correlation_accel_v1_fmul_32ns_32ns_32_5_max_dsp_U6/correlation_accel_v1_ap_fmul_3_max_dsp_32_u/U0/i_synth/MULT.OP/MULT/DSP48E1_SPD_SGL_VARIANT.FIX_MULT/DSP1/DSP output P is not pipelined. Pipelining DSP48 output will improve performance. Both multiplier/adder output can be pipelined.
WARNING: [Drc 23-20] Rule violation (DPOP-1) Output pipelining - DSP zed_i/correlation_accel_v1_0/inst/correlation_accel_v1_fmul_32ns_32ns_32_5_max_dsp_U6/correlation_accel_v1_ap_fmul_3_max_dsp_32_u/U0/i_synth/MULT.OP/MULT/DSP48E1_SPD_SGL_VARIANT.FIX_MULT/DSP2/DSP output P is not pipelined. Pipelining DSP48 output will improve performance. Both multiplier/adder output can be pipelined.
WARNING: [Drc 23-20] Rule violation (DPOP-1) Output pipelining - DSP zed_i/correlation_accel_v1_0/inst/correlation_accel_v1_fmul_32ns_32ns_32_5_max_dsp_U6/correlation_accel_v1_ap_fmul_3_max_dsp_32_u/U0/i_synth/MULT.OP/R_AND_R/LAT_OPT.FULL.R_AND_R/DSP48E1_SGL_EXP_IP.OLD_ADD.ADD/DSP output P is not pipelined. Pipelining DSP48 output will improve performance. Both multiplier/adder output can be pipelined.
WARNING: [Drc 23-20] Rule violation (DPOP-1) Output pipelining - DSP zed_i/correlation_accel_v1_0/inst/correlation_accel_v1_fmul_32ns_32ns_32_5_max_dsp_U7/correlation_accel_v1_ap_fmul_3_max_dsp_32_u/U0/i_synth/MULT.OP/MULT/DSP48E1_SPD_SGL_VARIANT.FIX_MULT/DSP1/DSP output P is not pipelined. Pipelining DSP48 output will improve performance. Both multiplier/adder output can be pipelined.
WARNING: [Drc 23-20] Rule violation (DPOP-1) Output pipelining - DSP zed_i/correlation_accel_v1_0/inst/correlation_accel_v1_fmul_32ns_32ns_32_5_max_dsp_U7/correlation_accel_v1_ap_fmul_3_max_dsp_32_u/U0/i_synth/MULT.OP/MULT/DSP48E1_SPD_SGL_VARIANT.FIX_MULT/DSP2/DSP output P is not pipelined. Pipelining DSP48 output will improve performance. Both multiplier/adder output can be pipelined.
WARNING: [Drc 23-20] Rule violation (DPOP-1) Output pipelining - DSP zed_i/correlation_accel_v1_0/inst/correlation_accel_v1_fmul_32ns_32ns_32_5_max_dsp_U7/correlation_accel_v1_ap_fmul_3_max_dsp_32_u/U0/i_synth/MULT.OP/R_AND_R/LAT_OPT.FULL.R_AND_R/DSP48E1_SGL_EXP_IP.OLD_ADD.ADD/DSP output P is not pipelined. Pipelining DSP48 output will improve performance. Both multiplier/adder output can be pipelined.
WARNING: [Drc 23-20] Rule violation (DPOP-1) Output pipelining - DSP zed_i/correlation_accel_v1_0/inst/correlation_accel_v1_fmul_32ns_32ns_32_5_max_dsp_U8/correlation_accel_v1_ap_fmul_3_max_dsp_32_u/U0/i_synth/MULT.OP/MULT/DSP48E1_SPD_SGL_VARIANT.FIX_MULT/DSP1/DSP output P is not pipelined. Pipelining DSP48 output will improve performance. Both multiplier/adder output can be pipelined.
WARNING: [Drc 23-20] Rule violation (DPOP-1) Output pipelining - DSP zed_i/correlation_accel_v1_0/inst/correlation_accel_v1_fmul_32ns_32ns_32_5_max_dsp_U8/correlation_accel_v1_ap_fmul_3_max_dsp_32_u/U0/i_synth/MULT.OP/MULT/DSP48E1_SPD_SGL_VARIANT.FIX_MULT/DSP2/DSP output P is not pipelined. Pipelining DSP48 output will improve performance. Both multiplier/adder output can be pipelined.
WARNING: [Drc 23-20] Rule violation (DPOP-1) Output pipelining - DSP zed_i/correlation_accel_v1_0/inst/correlation_accel_v1_fmul_32ns_32ns_32_5_max_dsp_U8/correlation_accel_v1_ap_fmul_3_max_dsp_32_u/U0/i_synth/MULT.OP/R_AND_R/LAT_OPT.FULL.R_AND_R/DSP48E1_SGL_EXP_IP.OLD_ADD.ADD/DSP output P is not pipelined. Pipelining DSP48 output will improve performance. Both multiplier/adder output can be pipelined.
INFO: [Drc 23-20] Rule violation (AVAL-4) enum_USE_DPORT_FALSE_enum_DREG_ADREG_0_connects_CED_CEAD_RSTD_GND - zed_i/correlation_accel_v1_0/inst/correlation_accel_v1_fadd_32ns_32ns_32_9_full_dsp_U3/correlation_accel_v1_ap_fadd_7_full_dsp_32_u/U0/i_synth/ADDSUB_OP.ADDSUB/SPEED_OP.DSP.OP/DSP48E1_BODY.ALIGN_ADD/DSP2/DSP: DSP48E1 is not using the D port (USE_DPORT = FALSE). For improved power characteristics, set DREG and ADREG to '1', tie CED, CEAD, and RSTD to logic '0'.
INFO: [Drc 23-20] Rule violation (AVAL-4) enum_USE_DPORT_FALSE_enum_DREG_ADREG_0_connects_CED_CEAD_RSTD_GND - zed_i/correlation_accel_v1_0/inst/correlation_accel_v1_fadd_32ns_32ns_32_9_full_dsp_U3/correlation_accel_v1_ap_fadd_7_full_dsp_32_u/U0/i_synth/ADDSUB_OP.ADDSUB/SPEED_OP.DSP.OP/DSP48E1_BODY.NORM_RND/SHIFT_RND/DSP: DSP48E1 is not using the D port (USE_DPORT = FALSE). For improved power characteristics, set DREG and ADREG to '1', tie CED, CEAD, and RSTD to logic '0'.
INFO: [Drc 23-20] Rule violation (AVAL-4) enum_USE_DPORT_FALSE_enum_DREG_ADREG_0_connects_CED_CEAD_RSTD_GND - zed_i/correlation_accel_v1_0/inst/correlation_accel_v1_fadd_32ns_32ns_32_9_full_dsp_U4/correlation_accel_v1_ap_fadd_7_full_dsp_32_u/U0/i_synth/ADDSUB_OP.ADDSUB/SPEED_OP.DSP.OP/DSP48E1_BODY.ALIGN_ADD/DSP2/DSP: DSP48E1 is not using the D port (USE_DPORT = FALSE). For improved power characteristics, set DREG and ADREG to '1', tie CED, CEAD, and RSTD to logic '0'.
INFO: [Drc 23-20] Rule violation (AVAL-4) enum_USE_DPORT_FALSE_enum_DREG_ADREG_0_connects_CED_CEAD_RSTD_GND - zed_i/correlation_accel_v1_0/inst/correlation_accel_v1_fadd_32ns_32ns_32_9_full_dsp_U4/correlation_accel_v1_ap_fadd_7_full_dsp_32_u/U0/i_synth/ADDSUB_OP.ADDSUB/SPEED_OP.DSP.OP/DSP48E1_BODY.NORM_RND/SHIFT_RND/DSP: DSP48E1 is not using the D port (USE_DPORT = FALSE). For improved power characteristics, set DREG and ADREG to '1', tie CED, CEAD, and RSTD to logic '0'.
INFO: [Drc 23-20] Rule violation (AVAL-4) enum_USE_DPORT_FALSE_enum_DREG_ADREG_0_connects_CED_CEAD_RSTD_GND - zed_i/correlation_accel_v1_0/inst/correlation_accel_v1_faddfsub_32ns_32ns_32_9_full_dsp_U1/correlation_accel_v1_ap_faddfsub_7_full_dsp_32_u/U0/i_synth/ADDSUB_OP.ADDSUB/SPEED_OP.DSP.OP/DSP48E1_BODY.ALIGN_ADD/DSP2/DSP: DSP48E1 is not using the D port (USE_DPORT = FALSE). For improved power characteristics, set DREG and ADREG to '1', tie CED, CEAD, and RSTD to logic '0'.
INFO: [Drc 23-20] Rule violation (AVAL-4) enum_USE_DPORT_FALSE_enum_DREG_ADREG_0_connects_CED_CEAD_RSTD_GND - zed_i/correlation_accel_v1_0/inst/correlation_accel_v1_faddfsub_32ns_32ns_32_9_full_dsp_U1/correlation_accel_v1_ap_faddfsub_7_full_dsp_32_u/U0/i_synth/ADDSUB_OP.ADDSUB/SPEED_OP.DSP.OP/DSP48E1_BODY.NORM_RND/SHIFT_RND/DSP: DSP48E1 is not using the D port (USE_DPORT = FALSE). For improved power characteristics, set DREG and ADREG to '1', tie CED, CEAD, and RSTD to logic '0'.
INFO: [Drc 23-20] Rule violation (AVAL-4) enum_USE_DPORT_FALSE_enum_DREG_ADREG_0_connects_CED_CEAD_RSTD_GND - zed_i/correlation_accel_v1_0/inst/correlation_accel_v1_faddfsub_32ns_32ns_32_9_full_dsp_U2/correlation_accel_v1_ap_faddfsub_7_full_dsp_32_u/U0/i_synth/ADDSUB_OP.ADDSUB/SPEED_OP.DSP.OP/DSP48E1_BODY.ALIGN_ADD/DSP2/DSP: DSP48E1 is not using the D port (USE_DPORT = FALSE). For improved power characteristics, set DREG and ADREG to '1', tie CED, CEAD, and RSTD to logic '0'.
INFO: [Drc 23-20] Rule violation (AVAL-4) enum_USE_DPORT_FALSE_enum_DREG_ADREG_0_connects_CED_CEAD_RSTD_GND - zed_i/correlation_accel_v1_0/inst/correlation_accel_v1_faddfsub_32ns_32ns_32_9_full_dsp_U2/correlation_accel_v1_ap_faddfsub_7_full_dsp_32_u/U0/i_synth/ADDSUB_OP.ADDSUB/SPEED_OP.DSP.OP/DSP48E1_BODY.NORM_RND/SHIFT_RND/DSP: DSP48E1 is not using the D port (USE_DPORT = FALSE). For improved power characteristics, set DREG and ADREG to '1', tie CED, CEAD, and RSTD to logic '0'.
INFO: [Drc 23-20] Rule violation (AVAL-4) enum_USE_DPORT_FALSE_enum_DREG_ADREG_0_connects_CED_CEAD_RSTD_GND - zed_i/correlation_accel_v1_0/inst/correlation_accel_v1_flog_32ns_32ns_32_18_full_dsp_U14/correlation_accel_v1_ap_flog_16_full_dsp_32_u/U0/i_synth/LOG_OP.OP/rr/L_path/g_adders[0].add/dsp.one.dsp48e1_add/DSP: DSP48E1 is not using the D port (USE_DPORT = FALSE). For improved power characteristics, set DREG and ADREG to '1', tie CED, CEAD, and RSTD to logic '0'.
INFO: [Drc 23-20] Rule violation (AVAL-4) enum_USE_DPORT_FALSE_enum_DREG_ADREG_0_connects_CED_CEAD_RSTD_GND - zed_i/correlation_accel_v1_0/inst/correlation_accel_v1_flog_32ns_32ns_32_18_full_dsp_U14/correlation_accel_v1_ap_flog_16_full_dsp_32_u/U0/i_synth/LOG_OP.OP/rr/L_path/g_adders[1].add/dsp.one.dsp48e1_add/DSP: DSP48E1 is not using the D port (USE_DPORT = FALSE). For improved power characteristics, set DREG and ADREG to '1', tie CED, CEAD, and RSTD to logic '0'.
INFO: [Drc 23-20] Rule violation (AVAL-4) enum_USE_DPORT_FALSE_enum_DREG_ADREG_0_connects_CED_CEAD_RSTD_GND - zed_i/correlation_accel_v1_0/inst/correlation_accel_v1_flog_32ns_32ns_32_18_full_dsp_U14/correlation_accel_v1_ap_flog_16_full_dsp_32_u/U0/i_synth/LOG_OP.OP/rr/mul/gen_iter[1].rr_mult/az_mult_no_combined_adder.az_mult/gDSP.gHYBRID.iHYBRID/one_fabric_mult.dsp_based.iDSP/use_prim.appDSP48[0].bppDSP48[0].use_dsp.use_dsp48e1.iDSP48E1: DSP48E1 is not using the D port (USE_DPORT = FALSE). For improved power characteristics, set DREG and ADREG to '1', tie CED, CEAD, and RSTD to logic '0'.
INFO: [Drc 23-20] Rule violation (AVAL-4) enum_USE_DPORT_FALSE_enum_DREG_ADREG_0_connects_CED_CEAD_RSTD_GND - zed_i/correlation_accel_v1_0/inst/correlation_accel_v1_flog_32ns_32ns_32_18_full_dsp_U14/correlation_accel_v1_ap_flog_16_full_dsp_32_u/U0/i_synth/LOG_OP.OP/rr/mul/gen_iter[1].rr_mult/bez_add/dsp.one.dsp48e1_add/DSP: DSP48E1 is not using the D port (USE_DPORT = FALSE). For improved power characteristics, set DREG and ADREG to '1', tie CED, CEAD, and RSTD to logic '0'.
INFO: [Drc 23-20] Rule violation (AVAL-4) enum_USE_DPORT_FALSE_enum_DREG_ADREG_0_connects_CED_CEAD_RSTD_GND - zed_i/correlation_accel_v1_0/inst/correlation_accel_v1_flog_32ns_32ns_32_18_full_dsp_U14/correlation_accel_v1_ap_flog_16_full_dsp_32_u/U0/i_synth/LOG_OP.OP/rr/mul/gen_iter[1].rr_mult/zi_add_no_combined_adder.zi_add/dsp.one.dsp48e1_add/DSP: DSP48E1 is not using the D port (USE_DPORT = FALSE). For improved power characteristics, set DREG and ADREG to '1', tie CED, CEAD, and RSTD to logic '0'.
INFO: [Drc 23-20] Rule violation (AVAL-4) enum_USE_DPORT_FALSE_enum_DREG_ADREG_0_connects_CED_CEAD_RSTD_GND - zed_i/correlation_accel_v1_0/inst/correlation_accel_v1_flog_32ns_32ns_32_18_full_dsp_U14/correlation_accel_v1_ap_flog_16_full_dsp_32_u/U0/i_synth/LOG_OP.OP/rr/mul/gen_iter[2].rr_mult/bez_add/dsp.one.dsp48e1_add/DSP: DSP48E1 is not using the D port (USE_DPORT = FALSE). For improved power characteristics, set DREG and ADREG to '1', tie CED, CEAD, and RSTD to logic '0'.
INFO: [Drc 23-20] Rule violation (AVAL-4) enum_USE_DPORT_FALSE_enum_DREG_ADREG_0_connects_CED_CEAD_RSTD_GND - zed_i/correlation_accel_v1_0/inst/correlation_accel_v1_flog_32ns_32ns_32_18_full_dsp_U14/correlation_accel_v1_ap_flog_16_full_dsp_32_u/U0/i_synth/LOG_OP.OP/rr/mul/gen_iter[2].rr_mult/zi_add_no_combined_adder.zi_add/dsp.one.dsp48e1_add/DSP: DSP48E1 is not using the D port (USE_DPORT = FALSE). For improved power characteristics, set DREG and ADREG to '1', tie CED, CEAD, and RSTD to logic '0'.
INFO: [Drc 23-20] Rule violation (AVAL-4) enum_USE_DPORT_FALSE_enum_DREG_ADREG_0_connects_CED_CEAD_RSTD_GND - zed_i/correlation_accel_v1_0/inst/correlation_accel_v1_flog_32ns_32ns_32_18_full_dsp_U14/correlation_accel_v1_ap_flog_16_full_dsp_32_u/U0/i_synth/LOG_OP.OP/taylor/gen_combiner_dsp48.addsub_comb/dsp.one.dsp48e1_add/DSP: DSP48E1 is not using the D port (USE_DPORT = FALSE). For improved power characteristics, set DREG and ADREG to '1', tie CED, CEAD, and RSTD to logic '0'.
INFO: [Drc 23-20] Rule violation (AVAL-4) enum_USE_DPORT_FALSE_enum_DREG_ADREG_0_connects_CED_CEAD_RSTD_GND - zed_i/correlation_accel_v1_0/inst/correlation_accel_v1_flog_32ns_32ns_32_18_full_dsp_U14/correlation_accel_v1_ap_flog_16_full_dsp_32_u/U0/i_synth/LOG_OP.OP/taylor/gen_sum_addsub_dsp48.sum_addsub/dsp.one.dsp48e1_add/DSP: DSP48E1 is not using the D port (USE_DPORT = FALSE). For improved power characteristics, set DREG and ADREG to '1', tie CED, CEAD, and RSTD to logic '0'.
INFO: [Drc 23-20] Rule violation (AVAL-4) enum_USE_DPORT_FALSE_enum_DREG_ADREG_0_connects_CED_CEAD_RSTD_GND - zed_i/correlation_accel_v1_0/inst/correlation_accel_v1_flog_32ns_32ns_32_18_full_dsp_U14/correlation_accel_v1_ap_flog_16_full_dsp_32_u/U0/i_synth/LOG_OP.OP/taylor/z_plus_L_adder/dsp.one.dsp48e1_add/DSP: DSP48E1 is not using the D port (USE_DPORT = FALSE). For improved power characteristics, set DREG and ADREG to '1', tie CED, CEAD, and RSTD to logic '0'.
INFO: [Drc 23-20] Rule violation (AVAL-4) enum_USE_DPORT_FALSE_enum_DREG_ADREG_0_connects_CED_CEAD_RSTD_GND - zed_i/correlation_accel_v1_0/inst/correlation_accel_v1_fmul_32ns_32ns_32_5_max_dsp_U5/correlation_accel_v1_ap_fmul_3_max_dsp_32_u/U0/i_synth/MULT.OP/MULT/DSP48E1_SPD_SGL_VARIANT.FIX_MULT/DSP1/DSP: DSP48E1 is not using the D port (USE_DPORT = FALSE). For improved power characteristics, set DREG and ADREG to '1', tie CED, CEAD, and RSTD to logic '0'.
INFO: [Drc 23-20] Rule violation (AVAL-4) enum_USE_DPORT_FALSE_enum_DREG_ADREG_0_connects_CED_CEAD_RSTD_GND - zed_i/correlation_accel_v1_0/inst/correlation_accel_v1_fmul_32ns_32ns_32_5_max_dsp_U5/correlation_accel_v1_ap_fmul_3_max_dsp_32_u/U0/i_synth/MULT.OP/MULT/DSP48E1_SPD_SGL_VARIANT.FIX_MULT/DSP2/DSP: DSP48E1 is not using the D port (USE_DPORT = FALSE). For improved power characteristics, set DREG and ADREG to '1', tie CED, CEAD, and RSTD to logic '0'.
INFO: [Drc 23-20] Rule violation (AVAL-4) enum_USE_DPORT_FALSE_enum_DREG_ADREG_0_connects_CED_CEAD_RSTD_GND - zed_i/correlation_accel_v1_0/inst/correlation_accel_v1_fmul_32ns_32ns_32_5_max_dsp_U5/correlation_accel_v1_ap_fmul_3_max_dsp_32_u/U0/i_synth/MULT.OP/R_AND_R/LAT_OPT.FULL.R_AND_R/DSP48E1_SGL_EXP_IP.OLD_ADD.ADD/DSP: DSP48E1 is not using the D port (USE_DPORT = FALSE). For improved power characteristics, set DREG and ADREG to '1', tie CED, CEAD, and RSTD to logic '0'.
INFO: [Drc 23-20] Rule violation (AVAL-4) enum_USE_DPORT_FALSE_enum_DREG_ADREG_0_connects_CED_CEAD_RSTD_GND - zed_i/correlation_accel_v1_0/inst/correlation_accel_v1_fmul_32ns_32ns_32_5_max_dsp_U6/correlation_accel_v1_ap_fmul_3_max_dsp_32_u/U0/i_synth/MULT.OP/MULT/DSP48E1_SPD_SGL_VARIANT.FIX_MULT/DSP1/DSP: DSP48E1 is not using the D port (USE_DPORT = FALSE). For improved power characteristics, set DREG and ADREG to '1', tie CED, CEAD, and RSTD to logic '0'.
INFO: [Drc 23-20] Rule violation (AVAL-4) enum_USE_DPORT_FALSE_enum_DREG_ADREG_0_connects_CED_CEAD_RSTD_GND - zed_i/correlation_accel_v1_0/inst/correlation_accel_v1_fmul_32ns_32ns_32_5_max_dsp_U6/correlation_accel_v1_ap_fmul_3_max_dsp_32_u/U0/i_synth/MULT.OP/MULT/DSP48E1_SPD_SGL_VARIANT.FIX_MULT/DSP2/DSP: DSP48E1 is not using the D port (USE_DPORT = FALSE). For improved power characteristics, set DREG and ADREG to '1', tie CED, CEAD, and RSTD to logic '0'.
INFO: [Drc 23-20] Rule violation (AVAL-4) enum_USE_DPORT_FALSE_enum_DREG_ADREG_0_connects_CED_CEAD_RSTD_GND - zed_i/correlation_accel_v1_0/inst/correlation_accel_v1_fmul_32ns_32ns_32_5_max_dsp_U6/correlation_accel_v1_ap_fmul_3_max_dsp_32_u/U0/i_synth/MULT.OP/R_AND_R/LAT_OPT.FULL.R_AND_R/DSP48E1_SGL_EXP_IP.OLD_ADD.ADD/DSP: DSP48E1 is not using the D port (USE_DPORT = FALSE). For improved power characteristics, set DREG and ADREG to '1', tie CED, CEAD, and RSTD to logic '0'.
INFO: [Drc 23-20] Rule violation (AVAL-4) enum_USE_DPORT_FALSE_enum_DREG_ADREG_0_connects_CED_CEAD_RSTD_GND - zed_i/correlation_accel_v1_0/inst/correlation_accel_v1_fmul_32ns_32ns_32_5_max_dsp_U7/correlation_accel_v1_ap_fmul_3_max_dsp_32_u/U0/i_synth/MULT.OP/MULT/DSP48E1_SPD_SGL_VARIANT.FIX_MULT/DSP1/DSP: DSP48E1 is not using the D port (USE_DPORT = FALSE). For improved power characteristics, set DREG and ADREG to '1', tie CED, CEAD, and RSTD to logic '0'.
INFO: [Drc 23-20] Rule violation (AVAL-4) enum_USE_DPORT_FALSE_enum_DREG_ADREG_0_connects_CED_CEAD_RSTD_GND - zed_i/correlation_accel_v1_0/inst/correlation_accel_v1_fmul_32ns_32ns_32_5_max_dsp_U7/correlation_accel_v1_ap_fmul_3_max_dsp_32_u/U0/i_synth/MULT.OP/MULT/DSP48E1_SPD_SGL_VARIANT.FIX_MULT/DSP2/DSP: DSP48E1 is not using the D port (USE_DPORT = FALSE). For improved power characteristics, set DREG and ADREG to '1', tie CED, CEAD, and RSTD to logic '0'.
INFO: [Drc 23-20] Rule violation (AVAL-4) enum_USE_DPORT_FALSE_enum_DREG_ADREG_0_connects_CED_CEAD_RSTD_GND - zed_i/correlation_accel_v1_0/inst/correlation_accel_v1_fmul_32ns_32ns_32_5_max_dsp_U7/correlation_accel_v1_ap_fmul_3_max_dsp_32_u/U0/i_synth/MULT.OP/R_AND_R/LAT_OPT.FULL.R_AND_R/DSP48E1_SGL_EXP_IP.OLD_ADD.ADD/DSP: DSP48E1 is not using the D port (USE_DPORT = FALSE). For improved power characteristics, set DREG and ADREG to '1', tie CED, CEAD, and RSTD to logic '0'.
INFO: [Drc 23-20] Rule violation (AVAL-4) enum_USE_DPORT_FALSE_enum_DREG_ADREG_0_connects_CED_CEAD_RSTD_GND - zed_i/correlation_accel_v1_0/inst/correlation_accel_v1_fmul_32ns_32ns_32_5_max_dsp_U8/correlation_accel_v1_ap_fmul_3_max_dsp_32_u/U0/i_synth/MULT.OP/MULT/DSP48E1_SPD_SGL_VARIANT.FIX_MULT/DSP1/DSP: DSP48E1 is not using the D port (USE_DPORT = FALSE). For improved power characteristics, set DREG and ADREG to '1', tie CED, CEAD, and RSTD to logic '0'.
INFO: [Drc 23-20] Rule violation (AVAL-4) enum_USE_DPORT_FALSE_enum_DREG_ADREG_0_connects_CED_CEAD_RSTD_GND - zed_i/correlation_accel_v1_0/inst/correlation_accel_v1_fmul_32ns_32ns_32_5_max_dsp_U8/correlation_accel_v1_ap_fmul_3_max_dsp_32_u/U0/i_synth/MULT.OP/MULT/DSP48E1_SPD_SGL_VARIANT.FIX_MULT/DSP2/DSP: DSP48E1 is not using the D port (USE_DPORT = FALSE). For improved power characteristics, set DREG and ADREG to '1', tie CED, CEAD, and RSTD to logic '0'.
INFO: [Drc 23-20] Rule violation (AVAL-4) enum_USE_DPORT_FALSE_enum_DREG_ADREG_0_connects_CED_CEAD_RSTD_GND - zed_i/correlation_accel_v1_0/inst/correlation_accel_v1_fmul_32ns_32ns_32_5_max_dsp_U8/correlation_accel_v1_ap_fmul_3_max_dsp_32_u/U0/i_synth/MULT.OP/R_AND_R/LAT_OPT.FULL.R_AND_R/DSP48E1_SGL_EXP_IP.OLD_ADD.ADD/DSP: DSP48E1 is not using the D port (USE_DPORT = FALSE). For improved power characteristics, set DREG and ADREG to '1', tie CED, CEAD, and RSTD to logic '0'.
INFO: [Drc 23-20] Rule violation (AVAL-5) enum_USE_MULT_NONE_enum_DREG_ADREG_0_connects_CED_CEAD_RSTD_GND - zed_i/correlation_accel_v1_0/inst/correlation_accel_v1_flog_32ns_32ns_32_18_full_dsp_U14/correlation_accel_v1_ap_flog_16_full_dsp_32_u/U0/i_synth/LOG_OP.OP/rr/L_path/g_adders[0].add/dsp.one.dsp48e1_add/DSP: DSP48E1 is not using the Multiplier (USE_MULT = NONE). For improved power characteristics, set DREG and ADREG to '1', tie CED, CEAD, and RSTD to logic '0'.
INFO: [Drc 23-20] Rule violation (AVAL-5) enum_USE_MULT_NONE_enum_DREG_ADREG_0_connects_CED_CEAD_RSTD_GND - zed_i/correlation_accel_v1_0/inst/correlation_accel_v1_flog_32ns_32ns_32_18_full_dsp_U14/correlation_accel_v1_ap_flog_16_full_dsp_32_u/U0/i_synth/LOG_OP.OP/rr/L_path/g_adders[1].add/dsp.one.dsp48e1_add/DSP: DSP48E1 is not using the Multiplier (USE_MULT = NONE). For improved power characteristics, set DREG and ADREG to '1', tie CED, CEAD, and RSTD to logic '0'.
INFO: [Drc 23-20] Rule violation (AVAL-5) enum_USE_MULT_NONE_enum_DREG_ADREG_0_connects_CED_CEAD_RSTD_GND - zed_i/correlation_accel_v1_0/inst/correlation_accel_v1_flog_32ns_32ns_32_18_full_dsp_U14/correlation_accel_v1_ap_flog_16_full_dsp_32_u/U0/i_synth/LOG_OP.OP/rr/mul/gen_iter[1].rr_mult/bez_add/dsp.one.dsp48e1_add/DSP: DSP48E1 is not using the Multiplier (USE_MULT = NONE). For improved power characteristics, set DREG and ADREG to '1', tie CED, CEAD, and RSTD to logic '0'.
INFO: [Drc 23-20] Rule violation (AVAL-5) enum_USE_MULT_NONE_enum_DREG_ADREG_0_connects_CED_CEAD_RSTD_GND - zed_i/correlation_accel_v1_0/inst/correlation_accel_v1_flog_32ns_32ns_32_18_full_dsp_U14/correlation_accel_v1_ap_flog_16_full_dsp_32_u/U0/i_synth/LOG_OP.OP/rr/mul/gen_iter[1].rr_mult/zi_add_no_combined_adder.zi_add/dsp.one.dsp48e1_add/DSP: DSP48E1 is not using the Multiplier (USE_MULT = NONE). For improved power characteristics, set DREG and ADREG to '1', tie CED, CEAD, and RSTD to logic '0'.
INFO: [Drc 23-20] Rule violation (AVAL-5) enum_USE_MULT_NONE_enum_DREG_ADREG_0_connects_CED_CEAD_RSTD_GND - zed_i/correlation_accel_v1_0/inst/correlation_accel_v1_flog_32ns_32ns_32_18_full_dsp_U14/correlation_accel_v1_ap_flog_16_full_dsp_32_u/U0/i_synth/LOG_OP.OP/rr/mul/gen_iter[2].rr_mult/bez_add/dsp.one.dsp48e1_add/DSP: DSP48E1 is not using the Multiplier (USE_MULT = NONE). For improved power characteristics, set DREG and ADREG to '1', tie CED, CEAD, and RSTD to logic '0'.
INFO: [Drc 23-20] Rule violation (AVAL-5) enum_USE_MULT_NONE_enum_DREG_ADREG_0_connects_CED_CEAD_RSTD_GND - zed_i/correlation_accel_v1_0/inst/correlation_accel_v1_flog_32ns_32ns_32_18_full_dsp_U14/correlation_accel_v1_ap_flog_16_full_dsp_32_u/U0/i_synth/LOG_OP.OP/rr/mul/gen_iter[2].rr_mult/zi_add_no_combined_adder.zi_add/dsp.one.dsp48e1_add/DSP: DSP48E1 is not using the Multiplier (USE_MULT = NONE). For improved power characteristics, set DREG and ADREG to '1', tie CED, CEAD, and RSTD to logic '0'.
INFO: [Drc 23-20] Rule violation (AVAL-5) enum_USE_MULT_NONE_enum_DREG_ADREG_0_connects_CED_CEAD_RSTD_GND - zed_i/correlation_accel_v1_0/inst/correlation_accel_v1_flog_32ns_32ns_32_18_full_dsp_U14/correlation_accel_v1_ap_flog_16_full_dsp_32_u/U0/i_synth/LOG_OP.OP/taylor/gen_combiner_dsp48.addsub_comb/dsp.one.dsp48e1_add/DSP: DSP48E1 is not using the Multiplier (USE_MULT = NONE). For improved power characteristics, set DREG and ADREG to '1', tie CED, CEAD, and RSTD to logic '0'.
INFO: [Drc 23-20] Rule violation (AVAL-5) enum_USE_MULT_NONE_enum_DREG_ADREG_0_connects_CED_CEAD_RSTD_GND - zed_i/correlation_accel_v1_0/inst/correlation_accel_v1_flog_32ns_32ns_32_18_full_dsp_U14/correlation_accel_v1_ap_flog_16_full_dsp_32_u/U0/i_synth/LOG_OP.OP/taylor/gen_sum_addsub_dsp48.sum_addsub/dsp.one.dsp48e1_add/DSP: DSP48E1 is not using the Multiplier (USE_MULT = NONE). For improved power characteristics, set DREG and ADREG to '1', tie CED, CEAD, and RSTD to logic '0'.
INFO: [Drc 23-20] Rule violation (AVAL-5) enum_USE_MULT_NONE_enum_DREG_ADREG_0_connects_CED_CEAD_RSTD_GND - zed_i/correlation_accel_v1_0/inst/correlation_accel_v1_flog_32ns_32ns_32_18_full_dsp_U14/correlation_accel_v1_ap_flog_16_full_dsp_32_u/U0/i_synth/LOG_OP.OP/taylor/z_plus_L_adder/dsp.one.dsp48e1_add/DSP: DSP48E1 is not using the Multiplier (USE_MULT = NONE). For improved power characteristics, set DREG and ADREG to '1', tie CED, CEAD, and RSTD to logic '0'.
INFO: [Drc 23-20] Rule violation (AVAL-5) enum_USE_MULT_NONE_enum_DREG_ADREG_0_connects_CED_CEAD_RSTD_GND - zed_i/correlation_accel_v1_0/inst/correlation_accel_v1_fmul_32ns_32ns_32_5_max_dsp_U5/correlation_accel_v1_ap_fmul_3_max_dsp_32_u/U0/i_synth/MULT.OP/R_AND_R/LAT_OPT.FULL.R_AND_R/DSP48E1_SGL_EXP_IP.OLD_ADD.ADD/DSP: DSP48E1 is not using the Multiplier (USE_MULT = NONE). For improved power characteristics, set DREG and ADREG to '1', tie CED, CEAD, and RSTD to logic '0'.
INFO: [Drc 23-20] Rule violation (AVAL-5) enum_USE_MULT_NONE_enum_DREG_ADREG_0_connects_CED_CEAD_RSTD_GND - zed_i/correlation_accel_v1_0/inst/correlation_accel_v1_fmul_32ns_32ns_32_5_max_dsp_U6/correlation_accel_v1_ap_fmul_3_max_dsp_32_u/U0/i_synth/MULT.OP/R_AND_R/LAT_OPT.FULL.R_AND_R/DSP48E1_SGL_EXP_IP.OLD_ADD.ADD/DSP: DSP48E1 is not using the Multiplier (USE_MULT = NONE). For improved power characteristics, set DREG and ADREG to '1', tie CED, CEAD, and RSTD to logic '0'.
INFO: [Drc 23-20] Rule violation (AVAL-5) enum_USE_MULT_NONE_enum_DREG_ADREG_0_connects_CED_CEAD_RSTD_GND - zed_i/correlation_accel_v1_0/inst/correlation_accel_v1_fmul_32ns_32ns_32_5_max_dsp_U7/correlation_accel_v1_ap_fmul_3_max_dsp_32_u/U0/i_synth/MULT.OP/R_AND_R/LAT_OPT.FULL.R_AND_R/DSP48E1_SGL_EXP_IP.OLD_ADD.ADD/DSP: DSP48E1 is not using the Multiplier (USE_MULT = NONE). For improved power characteristics, set DREG and ADREG to '1', tie CED, CEAD, and RSTD to logic '0'.
INFO: [Drc 23-20] Rule violation (AVAL-5) enum_USE_MULT_NONE_enum_DREG_ADREG_0_connects_CED_CEAD_RSTD_GND - zed_i/correlation_accel_v1_0/inst/correlation_accel_v1_fmul_32ns_32ns_32_5_max_dsp_U8/correlation_accel_v1_ap_fmul_3_max_dsp_32_u/U0/i_synth/MULT.OP/R_AND_R/LAT_OPT.FULL.R_AND_R/DSP48E1_SGL_EXP_IP.OLD_ADD.ADD/DSP: DSP48E1 is not using the Multiplier (USE_MULT = NONE). For improved power characteristics, set DREG and ADREG to '1', tie CED, CEAD, and RSTD to logic '0'.
INFO: [Drc 23-20] Rule violation (REQP-165) writefirst - Synchronous clocking for BRAM (zed_i/axi_interconnect_S_AXI_HP0/s00_couplers/auto_us_df/inst/gen_upsizer.gen_full_upsizer.axi_upsizer_inst/USE_READ.gen_pktfifo_r_upsizer.pktfifo_read_data_inst/gen_ramb[0].ramb_inst) in SDP mode with Write First mode may have address collisions if the same address appears on both read and write ports. It is suggested to simulate the design to determine if any possible address collisions could exist in the design.  If so it is suggested to evaluate ways to eliminate the collisions or you may change the write mode to Read First which may reduce some performance and consume more power however will delay the writing thus resolving any potential collisions.  See the FPGA Memory Resources User Guide for additional information.
INFO: [Drc 23-20] Rule violation (REQP-165) writefirst - Synchronous clocking for BRAM (zed_i/axi_interconnect_S_AXI_HP0/s00_couplers/auto_us_df/inst/gen_upsizer.gen_full_upsizer.axi_upsizer_inst/USE_READ.gen_pktfifo_r_upsizer.pktfifo_read_data_inst/gen_ramb[1].ramb_inst) in SDP mode with Write First mode may have address collisions if the same address appears on both read and write ports. It is suggested to simulate the design to determine if any possible address collisions could exist in the design.  If so it is suggested to evaluate ways to eliminate the collisions or you may change the write mode to Read First which may reduce some performance and consume more power however will delay the writing thus resolving any potential collisions.  See the FPGA Memory Resources User Guide for additional information.
INFO: [Drc 23-20] Rule violation (REQP-181) writefirst - Synchronous clocking for BRAM (zed_i/axi_interconnect_S_AXI_HP0/s00_couplers/auto_us_df/inst/gen_upsizer.gen_full_upsizer.axi_upsizer_inst/USE_WRITE.gen_pktfifo_w_upsizer.pktfifo_write_data_inst/w_buffer/inst_blk_mem_gen/gnativebmg.native_blk_mem_gen/valid.cstr/ramloop[0].ram.r/prim_noinit.ram/DEVICE_7SERIES.NO_BMM_INFO.SDP.WIDE_PRIM36_NO_ECC.ram) in SDP mode with Write First mode may have address collisions if the same address appears on both read and write ports. It is suggested to use Read First mode to avoid any conditions for address collision. See the FPGA Memory Resources User Guide for additional information.
INFO: [Vivado 12-3199] DRC finished with 0 Errors, 51 Warnings, 46 Advisories
INFO: [Vivado 12-3200] Please refer to the DRC report (report_drc) for more information.
Loading data files...
Loading site data...
Loading route data...
Processing options...
Creating bitmap...
Creating bitstream...
Writing bitstream ./zed_wrapper.bit...
INFO: [Vivado 12-1842] Bitgen Completed Successfully.
INFO: [Project 1-118] WebTalk data collection is enabled (User setting is ON. Install Setting is ON.).
INFO: [Common 17-186] '/home/trungnguyen/SDSoC/thesis/SDRelease/_sds/p0/ipi/zed.runs/impl_1/usage_statistics_webtalk.xml' has been successfully sent to Xilinx on Thu Oct 27 19:11:19 2016. For additional details about this file, please refer to the WebTalk help file at /opt/Xilinx/SDSoC/2014.4/Vivado/2014.4/doc/webtalk_introduction.html.
INFO: [Common 17-83] Releasing license: Implementation
write_bitstream: Time (s): cpu = 00:00:24 ; elapsed = 00:00:25 . Memory (MB): peak = 2507.578 ; gain = 262.121 ; free physical = 10025 ; free virtual = 20479
WARNING: [Vivado_Tcl 4-319] File zed_wrapper.mmi does not exist
bdTcl: /home/trungnguyen/SDSoC/thesis/SDRelease/_sds/p0/ipi/zed.runs/impl_1/.Xil/Vivado-26222-verratnix.zmk.uni-kl.de/HWH/zed_bd.tcl
INFO: [Common 17-206] Exiting Vivado at Thu Oct 27 19:11:19 2016...
